TpTrace Verbose: 0 : 10940, 1, 2024/04/24, 09:37:01.105, 5164614237948, vstest.console.dll, Version: 17.9.0-release-24072-02 Current process architecture: X64
TpTrace Verbose: 0 : 10940, 1, 2024/04/24, 09:37:01.110, 5164614280093, vstest.console.dll, Runtime location: C:\Program Files\dotnet\shared\Microsoft.NETCore.App\8.0.3
TpTrace Verbose: 0 : 10940, 1, 2024/04/24, 09:37:01.113, 5164614313994, vstest.console.dll, ArtifactProcessingPostProcessModeProcessorExecutor.Initialize: ArtifactProcessingMode.Collect
TpTrace Verbose: 0 : 10940, 1, 2024/04/24, 09:37:01.113, 5164614315949, vstest.console.dll, TestSessionCorrelationIdProcessorModeProcessorExecutor.Initialize: TestSessionCorrelationId '34568_bd49c9b7-57a2-470a-a41a-d3a58387aefc'
TpTrace Information: 0 : 10940, 1, 2024/04/24, 09:37:01.123, 5164614412932, vstest.console.dll, FilePatternParser: The given file C:\MyPersonalFiles\GensparkTraining\GitHub\Day10\ClinicAppointmentSolution\ClinicAppointmentBLTest\bin\Debug\net6.0\fine-code-coverage\build-output\ClinicAppointmentBLTest.dll is a full path.
TpTrace Verbose: 0 : 10940, 1, 2024/04/24, 09:37:01.132, 5164614508828, vstest.console.dll, TestPluginCache.DiscoverTestExtensions: finding test extensions in assemblies ends with: RuntimeProvider.dll TPluginInfo: Microsoft.VisualStudio.TestPlatform.Common.ExtensionFramework.Utilities.TestRuntimePluginInformation TExtension: Microsoft.VisualStudio.TestPlatform.ObjectModel.Host.ITestRuntimeProvider
TpTrace Verbose: 0 : 10940, 1, 2024/04/24, 09:37:01.133, 5164614513224, vstest.console.dll, TestPluginCache.GetExtensionPaths: Filtered extension paths: 
TpTrace Verbose: 0 : 10940, 1, 2024/04/24, 09:37:01.133, 5164614514265, vstest.console.dll, TestPluginCache.GetExtensionPaths: Added default extension paths: C:\Program Files\dotnet\sdk\8.0.202\Extensions\Microsoft.Diagnostics.NETCore.Client.dll
C:\Program Files\dotnet\sdk\8.0.202\Extensions\Microsoft.TestPlatform.Extensions.BlameDataCollector.dll
C:\Program Files\dotnet\sdk\8.0.202\Extensions\Microsoft.TestPlatform.Extensions.EventLogCollector.dll
C:\Program Files\dotnet\sdk\8.0.202\Extensions\Microsoft.TestPlatform.TestHostRuntimeProvider.dll
C:\Program Files\dotnet\sdk\8.0.202\Extensions\Microsoft.VisualStudio.TestPlatform.Extensions.Html.TestLogger.dll
C:\Program Files\dotnet\sdk\8.0.202\Extensions\Microsoft.VisualStudio.TestPlatform.Extensions.Trx.TestLogger.dll
TpTrace Verbose: 0 : 10940, 1, 2024/04/24, 09:37:01.133, 5164614514795, vstest.console.dll, TestPluginCache.GetExtensionPaths: Added unfilterableExtensionPaths: 
TpTrace Information: 0 : 10940, 1, 2024/04/24, 09:37:01.134, 5164614523448, vstest.console.dll, AssemblyResolver.ctor: Creating AssemblyResolver with searchDirectories C:\Program Files\dotnet\sdk\8.0.202\Extensions,C:\Program Files\dotnet\sdk\8.0.202
TpTrace Verbose: 0 : 10940, 1, 2024/04/24, 09:37:01.137, 5164614555767, vstest.console.dll, TestPluginCache.DiscoverTestExtensions: Discovering the extensions using extension path.
TpTrace Verbose: 0 : 10940, 1, 2024/04/24, 09:37:01.137, 5164614558453, vstest.console.dll, TestPluginCache.GetExtensionPaths: Filtered extension paths: 
TpTrace Verbose: 0 : 10940, 1, 2024/04/24, 09:37:01.137, 5164614559137, vstest.console.dll, TestPluginCache.GetExtensionPaths: Added default extension paths: C:\Program Files\dotnet\sdk\8.0.202\Extensions\Microsoft.Diagnostics.NETCore.Client.dll
C:\Program Files\dotnet\sdk\8.0.202\Extensions\Microsoft.TestPlatform.Extensions.BlameDataCollector.dll
C:\Program Files\dotnet\sdk\8.0.202\Extensions\Microsoft.TestPlatform.Extensions.EventLogCollector.dll
C:\Program Files\dotnet\sdk\8.0.202\Extensions\Microsoft.TestPlatform.TestHostRuntimeProvider.dll
C:\Program Files\dotnet\sdk\8.0.202\Extensions\Microsoft.VisualStudio.TestPlatform.Extensions.Html.TestLogger.dll
C:\Program Files\dotnet\sdk\8.0.202\Extensions\Microsoft.VisualStudio.TestPlatform.Extensions.Trx.TestLogger.dll
TpTrace Verbose: 0 : 10940, 1, 2024/04/24, 09:37:01.137, 5164614559555, vstest.console.dll, TestPluginCache.GetExtensionPaths: Added unfilterableExtensionPaths: 
TpTrace Verbose: 0 : 10940, 1, 2024/04/24, 09:37:01.138, 5164614560871, vstest.console.dll, TestPluginCache.DiscoverTestExtensions: Discovering the extensions using allExtensionPaths: C:\Program Files\dotnet\sdk\8.0.202\Extensions\Microsoft.Diagnostics.NETCore.Client.dll
C:\Program Files\dotnet\sdk\8.0.202\Extensions\Microsoft.TestPlatform.Extensions.BlameDataCollector.dll
C:\Program Files\dotnet\sdk\8.0.202\Extensions\Microsoft.TestPlatform.Extensions.EventLogCollector.dll
C:\Program Files\dotnet\sdk\8.0.202\Extensions\Microsoft.TestPlatform.TestHostRuntimeProvider.dll
C:\Program Files\dotnet\sdk\8.0.202\Extensions\Microsoft.VisualStudio.TestPlatform.Extensions.Html.TestLogger.dll
C:\Program Files\dotnet\sdk\8.0.202\Extensions\Microsoft.VisualStudio.TestPlatform.Extensions.Trx.TestLogger.dll
TpTrace Information: 0 : 10940, 1, 2024/04/24, 09:37:01.138, 5164614562268, vstest.console.dll, AssemblyResolver.AddSearchDirectories: Adding more searchDirectories C:\Program Files\dotnet\sdk\8.0.202\Extensions,C:\Program Files\dotnet\sdk\8.0.202
TpTrace Information: 0 : 10940, 1, 2024/04/24, 09:37:01.138, 5164614563008, vstest.console.dll, AssemblyResolver.AddSearchDirectories: Adding more searchDirectories C:\Program Files\dotnet\sdk\8.0.202\Extensions,C:\Program Files\dotnet\sdk\8.0.202
TpTrace Information: 0 : 10940, 1, 2024/04/24, 09:37:01.138, 5164614563355, vstest.console.dll, AssemblyResolver.AddSearchDirectories: Adding more searchDirectories C:\Program Files\dotnet\sdk\8.0.202\Extensions,C:\Program Files\dotnet\sdk\8.0.202
TpTrace Information: 0 : 10940, 1, 2024/04/24, 09:37:01.138, 5164614563681, vstest.console.dll, AssemblyResolver.AddSearchDirectories: Adding more searchDirectories C:\Program Files\dotnet\sdk\8.0.202\Extensions,C:\Program Files\dotnet\sdk\8.0.202
TpTrace Information: 0 : 10940, 1, 2024/04/24, 09:37:01.138, 5164614564003, vstest.console.dll, AssemblyResolver.AddSearchDirectories: Adding more searchDirectories C:\Program Files\dotnet\sdk\8.0.202\Extensions,C:\Program Files\dotnet\sdk\8.0.202
TpTrace Information: 0 : 10940, 1, 2024/04/24, 09:37:01.138, 5164614564453, vstest.console.dll, AssemblyResolver.AddSearchDirectories: Adding more searchDirectories C:\Program Files\dotnet\sdk\8.0.202\Extensions,C:\Program Files\dotnet\sdk\8.0.202
TpTrace Information: 0 : 10940, 1, 2024/04/24, 09:37:01.139, 5164614572167, vstest.console.dll, AssemblyResolver.OnResolve: Microsoft.Diagnostics.NETCore.Client: Resolving assembly.
TpTrace Information: 0 : 10940, 1, 2024/04/24, 09:37:01.139, 5164614573318, vstest.console.dll, AssemblyResolver.OnResolve: Microsoft.Diagnostics.NETCore.Client: Searching in: 'C:\Program Files\dotnet\sdk\8.0.202\Extensions'.
TpTrace Information: 0 : 10940, 1, 2024/04/24, 09:37:01.156, 5164614741838, vstest.console.dll, AssemblyResolver.OnResolve: Microsoft.Diagnostics.NETCore.Client: Loading assembly 'C:\Program Files\dotnet\sdk\8.0.202\Extensions\Microsoft.Diagnostics.NETCore.Client.dll'.
TpTrace Information: 0 : 10940, 1, 2024/04/24, 09:37:01.158, 5164614765564, vstest.console.dll, AssemblyResolver.OnResolve: Resolved assembly: Microsoft.Diagnostics.NETCore.Client, from path: C:\Program Files\dotnet\sdk\8.0.202\Extensions\Microsoft.Diagnostics.NETCore.Client.dll
TpTrace Verbose: 0 : 10940, 1, 2024/04/24, 09:37:01.163, 5164614813261, vstest.console.dll, MetadataReaderExtensionsHelper: Discovering extensions inside assembly 'Microsoft.Diagnostics.NETCore.Client, Version=0.2.9.2401, Culture=neutral, PublicKeyToken=31bf3856ad364e35' file path 'C:\Program Files\dotnet\sdk\8.0.202\Extensions\Microsoft.Diagnostics.NETCore.Client.dll'
TpTrace Information: 0 : 10940, 1, 2024/04/24, 09:37:01.167, 5164614858982, vstest.console.dll, AssemblyResolver.OnResolve: Microsoft.Bcl.AsyncInterfaces: Resolving assembly.
TpTrace Information: 0 : 10940, 1, 2024/04/24, 09:37:01.168, 5164614860087, vstest.console.dll, AssemblyResolver.OnResolve: Microsoft.Bcl.AsyncInterfaces: Searching in: 'C:\Program Files\dotnet\sdk\8.0.202\Extensions'.
TpTrace Information: 0 : 10940, 1, 2024/04/24, 09:37:01.168, 5164614860982, vstest.console.dll, AssemblyResolver.OnResolve: Microsoft.Bcl.AsyncInterfaces: Assembly path does not exist: 'C:\Program Files\dotnet\sdk\8.0.202\Extensions\Microsoft.Bcl.AsyncInterfaces.dll', returning.
TpTrace Information: 0 : 10940, 1, 2024/04/24, 09:37:01.168, 5164614861967, vstest.console.dll, AssemblyResolver.OnResolve: Microsoft.Bcl.AsyncInterfaces: Assembly path does not exist: 'C:\Program Files\dotnet\sdk\8.0.202\Extensions\Microsoft.Bcl.AsyncInterfaces.exe', returning.
TpTrace Information: 0 : 10940, 1, 2024/04/24, 09:37:01.168, 5164614862327, vstest.console.dll, AssemblyResolver.OnResolve: Microsoft.Bcl.AsyncInterfaces: Searching in: 'C:\Program Files\dotnet\sdk\8.0.202'.
TpTrace Information: 0 : 10940, 1, 2024/04/24, 09:37:01.168, 5164614862801, vstest.console.dll, AssemblyResolver.OnResolve: Microsoft.Bcl.AsyncInterfaces: Assembly path does not exist: 'C:\Program Files\dotnet\sdk\8.0.202\Microsoft.Bcl.AsyncInterfaces.dll', returning.
TpTrace Information: 0 : 10940, 1, 2024/04/24, 09:37:01.168, 5164614863370, vstest.console.dll, AssemblyResolver.OnResolve: Microsoft.Bcl.AsyncInterfaces: Assembly path does not exist: 'C:\Program Files\dotnet\sdk\8.0.202\Microsoft.Bcl.AsyncInterfaces.exe', returning.
TpTrace Information: 0 : 10940, 1, 2024/04/24, 09:37:01.168, 5164614863718, vstest.console.dll, AssemblyResolver.OnResolve: Microsoft.Bcl.AsyncInterfaces: Failed to load assembly.
TpTrace Verbose: 0 : 10940, 1, 2024/04/24, 09:37:01.168, 5164614864076, vstest.console.dll, CurrentDomainAssemblyResolve: Resolving assembly 'Microsoft.Bcl.AsyncInterfaces'.
TpTrace Information: 0 : 10940, 1, 2024/04/24, 09:37:01.168, 5164614864698, vstest.console.dll, AssemblyResolver.OnResolve: Microsoft.Bcl.AsyncInterfaces: Resolving assembly.
TpTrace Information: 0 : 10940, 1, 2024/04/24, 09:37:01.168, 5164614865096, vstest.console.dll, AssemblyResolver.OnResolve: Microsoft.Bcl.AsyncInterfaces: Resolved from cache.
TpTrace Verbose: 0 : 10940, 1, 2024/04/24, 09:37:01.168, 5164614865412, vstest.console.dll, CurrentDomainAssemblyResolve: Resolving assembly 'Microsoft.Bcl.AsyncInterfaces'.
TpTrace Verbose: 0 : 10940, 1, 2024/04/24, 09:37:01.168, 5164614865828, vstest.console.dll, CurrentDomainAssemblyResolve: Failed to resolve assembly 'Microsoft.Bcl.AsyncInterfaces'.
TpTrace Verbose: 0 : 10940, 1, 2024/04/24, 09:37:01.171, 5164614897377, vstest.console.dll, CurrentDomainAssemblyResolve: Failed to resolve assembly 'Microsoft.Bcl.AsyncInterfaces'.
TpTrace Warning: 0 : 10940, 1, 2024/04/24, 09:37:01.194, 5164615128391, vstest.console.dll, TestPluginDiscoverer: Failed to get types from assembly 'Microsoft.Diagnostics.NETCore.Client, Version=0.2.9.2401, Culture=neutral, PublicKeyToken=31bf3856ad364e35'. Error: System.Reflection.ReflectionTypeLoadException: Unable to load one or more of the requested types.
Could not load file or assembly 'Microsoft.Bcl.AsyncInterfaces, Version=6.0.0.0, Culture=neutral, PublicKeyToken=cc7b13ffcd2ddd51'. The system cannot find the file specified.
   at System.Reflection.RuntimeModule.GetTypes(RuntimeModule module)
   at System.Reflection.RuntimeModule.GetTypes()
   at Microsoft.VisualStudio.TestPlatform.Common.ExtensionFramework.TestPluginDiscoverer.GetTestExtensionsFromAssembly[TPluginInfo,TExtension](Assembly assembly, Dictionary`2 pluginInfos, String filePath) in /_/src/Microsoft.TestPlatform.Common/ExtensionFramework/TestPluginDiscoverer.cs:line 158
System.IO.FileNotFoundException: Could not load file or assembly 'Microsoft.Bcl.AsyncInterfaces, Version=6.0.0.0, Culture=neutral, PublicKeyToken=cc7b13ffcd2ddd51'. The system cannot find the file specified.
File name: 'Microsoft.Bcl.AsyncInterfaces, Version=6.0.0.0, Culture=neutral, PublicKeyToken=cc7b13ffcd2ddd51'
 ---> System.IO.FileNotFoundException: Could not load file or assembly 'Microsoft.Bcl.AsyncInterfaces, Culture=neutral, PublicKeyToken=null'. The system cannot find the file specified.
File name: 'Microsoft.Bcl.AsyncInterfaces, Culture=neutral, PublicKeyToken=null'
   at System.Reflection.RuntimeAssembly.InternalLoad(AssemblyName assemblyName, StackCrawlMark& stackMark, AssemblyLoadContext assemblyLoadContext, RuntimeAssembly requestingAssembly, Boolean throwOnFileNotFound)
   at System.Reflection.Assembly.Load(AssemblyName assemblyRef)
   at Microsoft.VisualStudio.TestPlatform.Common.ExtensionFramework.TestPluginCache.CurrentDomainAssemblyResolve(Object sender, AssemblyResolveEventArgs args) in /_/src/Microsoft.TestPlatform.Common/ExtensionFramework/TestPluginCache.cs:line 513
   at System.Runtime.Loader.AssemblyLoadContext.GetFirstResolvedAssemblyFromResolvingEvent(AssemblyName assemblyName)
   at System.Runtime.Loader.AssemblyLoadContext.ResolveUsingEvent(AssemblyName assemblyName)
   at System.Runtime.Loader.AssemblyLoadContext.ResolveUsingResolvingEvent(IntPtr gchManagedAssemblyLoadContext, AssemblyName assemblyName)
TpTrace Warning: 0 : 10940, 1, 2024/04/24, 09:37:01.195, 5164615133849, vstest.console.dll, LoaderExceptions: System.IO.FileNotFoundException: Could not load file or assembly 'Microsoft.Bcl.AsyncInterfaces, Version=6.0.0.0, Culture=neutral, PublicKeyToken=cc7b13ffcd2ddd51'. The system cannot find the file specified.
File name: 'Microsoft.Bcl.AsyncInterfaces, Version=6.0.0.0, Culture=neutral, PublicKeyToken=cc7b13ffcd2ddd51'
 ---> System.IO.FileNotFoundException: Could not load file or assembly 'Microsoft.Bcl.AsyncInterfaces, Culture=neutral, PublicKeyToken=null'. The system cannot find the file specified.
File name: 'Microsoft.Bcl.AsyncInterfaces, Culture=neutral, PublicKeyToken=null'
   at System.Reflection.RuntimeAssembly.InternalLoad(AssemblyName assemblyName, StackCrawlMark& stackMark, AssemblyLoadContext assemblyLoadContext, RuntimeAssembly requestingAssembly, Boolean throwOnFileNotFound)
   at System.Reflection.Assembly.Load(AssemblyName assemblyRef)
   at Microsoft.VisualStudio.TestPlatform.Common.ExtensionFramework.TestPluginCache.CurrentDomainAssemblyResolve(Object sender, AssemblyResolveEventArgs args) in /_/src/Microsoft.TestPlatform.Common/ExtensionFramework/TestPluginCache.cs:line 513
   at System.Runtime.Loader.AssemblyLoadContext.GetFirstResolvedAssemblyFromResolvingEvent(AssemblyName assemblyName)
   at System.Runtime.Loader.AssemblyLoadContext.ResolveUsingEvent(AssemblyName assemblyName)
   at System.Runtime.Loader.AssemblyLoadContext.ResolveUsingResolvingEvent(IntPtr gchManagedAssemblyLoadContext, AssemblyName assemblyName)
TpTrace Information: 0 : 10940, 1, 2024/04/24, 09:37:01.195, 5164615136082, vstest.console.dll, AssemblyResolver.OnResolve: Microsoft.TestPlatform.Extensions.BlameDataCollector: Resolving assembly.
TpTrace Information: 0 : 10940, 1, 2024/04/24, 09:37:01.195, 5164615136742, vstest.console.dll, AssemblyResolver.OnResolve: Microsoft.TestPlatform.Extensions.BlameDataCollector: Searching in: 'C:\Program Files\dotnet\sdk\8.0.202\Extensions'.
TpTrace Information: 0 : 10940, 1, 2024/04/24, 09:37:01.197, 5164615153976, vstest.console.dll, AssemblyResolver.OnResolve: Microsoft.TestPlatform.Extensions.BlameDataCollector: Loading assembly 'C:\Program Files\dotnet\sdk\8.0.202\Extensions\Microsoft.TestPlatform.Extensions.BlameDataCollector.dll'.
TpTrace Information: 0 : 10940, 1, 2024/04/24, 09:37:01.199, 5164615178977, vstest.console.dll, AssemblyResolver.OnResolve: Resolved assembly: Microsoft.TestPlatform.Extensions.BlameDataCollector, from path: C:\Program Files\dotnet\sdk\8.0.202\Extensions\Microsoft.TestPlatform.Extensions.BlameDataCollector.dll
TpTrace Verbose: 0 : 10940, 1, 2024/04/24, 09:37:01.200, 5164615183479, vstest.console.dll, MetadataReaderExtensionsHelper: Discovering extensions inside assembly 'Microsoft.TestPlatform.Extensions.BlameDataCollector, Version=15.0.0.0, Culture=neutral, PublicKeyToken=b03f5f7f11d50a3a' file path 'C:\Program Files\dotnet\sdk\8.0.202\Extensions\Microsoft.TestPlatform.Extensions.BlameDataCollector.dll'
TpTrace Information: 0 : 10940, 1, 2024/04/24, 09:37:01.203, 5164615214576, vstest.console.dll, AssemblyResolver.OnResolve: Microsoft.TestPlatform.Extensions.EventLogCollector: Resolving assembly.
TpTrace Information: 0 : 10940, 1, 2024/04/24, 09:37:01.203, 5164615216513, vstest.console.dll, AssemblyResolver.OnResolve: Microsoft.TestPlatform.Extensions.EventLogCollector: Searching in: 'C:\Program Files\dotnet\sdk\8.0.202\Extensions'.
TpTrace Information: 0 : 10940, 1, 2024/04/24, 09:37:01.205, 5164615230557, vstest.console.dll, AssemblyResolver.OnResolve: Microsoft.TestPlatform.Extensions.EventLogCollector: Loading assembly 'C:\Program Files\dotnet\sdk\8.0.202\Extensions\Microsoft.TestPlatform.Extensions.EventLogCollector.dll'.
TpTrace Information: 0 : 10940, 1, 2024/04/24, 09:37:01.206, 5164615245124, vstest.console.dll, AssemblyResolver.OnResolve: Resolved assembly: Microsoft.TestPlatform.Extensions.EventLogCollector, from path: C:\Program Files\dotnet\sdk\8.0.202\Extensions\Microsoft.TestPlatform.Extensions.EventLogCollector.dll
TpTrace Verbose: 0 : 10940, 1, 2024/04/24, 09:37:01.206, 5164615246444, vstest.console.dll, MetadataReaderExtensionsHelper: Discovering extensions inside assembly 'Microsoft.TestPlatform.Extensions.EventLogCollector, Version=15.0.0.0, Culture=neutral, PublicKeyToken=b03f5f7f11d50a3a' file path 'C:\Program Files\dotnet\sdk\8.0.202\Extensions\Microsoft.TestPlatform.Extensions.EventLogCollector.dll'
TpTrace Information: 0 : 10940, 1, 2024/04/24, 09:37:01.211, 5164615298002, vstest.console.dll, AssemblyResolver.OnResolve: Microsoft.TestPlatform.TestHostRuntimeProvider: Resolving assembly.
TpTrace Information: 0 : 10940, 1, 2024/04/24, 09:37:01.211, 5164615299027, vstest.console.dll, AssemblyResolver.OnResolve: Microsoft.TestPlatform.TestHostRuntimeProvider: Searching in: 'C:\Program Files\dotnet\sdk\8.0.202\Extensions'.
TpTrace Information: 0 : 10940, 1, 2024/04/24, 09:37:01.212, 5164615309243, vstest.console.dll, AssemblyResolver.OnResolve: Microsoft.TestPlatform.TestHostRuntimeProvider: Loading assembly 'C:\Program Files\dotnet\sdk\8.0.202\Extensions\Microsoft.TestPlatform.TestHostRuntimeProvider.dll'.
TpTrace Information: 0 : 10940, 1, 2024/04/24, 09:37:01.213, 5164615319012, vstest.console.dll, AssemblyResolver.OnResolve: Resolved assembly: Microsoft.TestPlatform.TestHostRuntimeProvider, from path: C:\Program Files\dotnet\sdk\8.0.202\Extensions\Microsoft.TestPlatform.TestHostRuntimeProvider.dll
TpTrace Verbose: 0 : 10940, 1, 2024/04/24, 09:37:01.214, 5164615319891, vstest.console.dll, MetadataReaderExtensionsHelper: Discovering extensions inside assembly 'Microsoft.TestPlatform.TestHostRuntimeProvider, Version=15.0.0.0, Culture=neutral, PublicKeyToken=b03f5f7f11d50a3a' file path 'C:\Program Files\dotnet\sdk\8.0.202\Extensions\Microsoft.TestPlatform.TestHostRuntimeProvider.dll'
TpTrace Information: 0 : 10940, 1, 2024/04/24, 09:37:01.215, 5164615339117, vstest.console.dll, GetTestExtensionFromType: Register extension with identifier data 'HostProvider://DefaultTestHost' and type 'Microsoft.VisualStudio.TestPlatform.CrossPlatEngine.Hosting.DefaultTestHostManager, Microsoft.TestPlatform.TestHostRuntimeProvider, Version=15.0.0.0, Culture=neutral, PublicKeyToken=b03f5f7f11d50a3a' inside file 'C:\Program Files\dotnet\sdk\8.0.202\Extensions\Microsoft.TestPlatform.TestHostRuntimeProvider.dll'
TpTrace Information: 0 : 10940, 1, 2024/04/24, 09:37:01.216, 5164615342175, vstest.console.dll, GetTestExtensionFromType: Register extension with identifier data 'HostProvider://DotnetTestHost' and type 'Microsoft.VisualStudio.TestPlatform.CrossPlatEngine.Hosting.DotnetTestHostManager, Microsoft.TestPlatform.TestHostRuntimeProvider, Version=15.0.0.0, Culture=neutral, PublicKeyToken=b03f5f7f11d50a3a' inside file 'C:\Program Files\dotnet\sdk\8.0.202\Extensions\Microsoft.TestPlatform.TestHostRuntimeProvider.dll'
TpTrace Information: 0 : 10940, 1, 2024/04/24, 09:37:01.216, 5164615343083, vstest.console.dll, AssemblyResolver.OnResolve: Microsoft.VisualStudio.TestPlatform.Extensions.Html.TestLogger: Resolving assembly.
TpTrace Information: 0 : 10940, 1, 2024/04/24, 09:37:01.216, 5164615343487, vstest.console.dll, AssemblyResolver.OnResolve: Microsoft.VisualStudio.TestPlatform.Extensions.Html.TestLogger: Searching in: 'C:\Program Files\dotnet\sdk\8.0.202\Extensions'.
TpTrace Information: 0 : 10940, 1, 2024/04/24, 09:37:01.217, 5164615356399, vstest.console.dll, AssemblyResolver.OnResolve: Microsoft.VisualStudio.TestPlatform.Extensions.Html.TestLogger: Loading assembly 'C:\Program Files\dotnet\sdk\8.0.202\Extensions\Microsoft.VisualStudio.TestPlatform.Extensions.Html.TestLogger.dll'.
TpTrace Information: 0 : 10940, 1, 2024/04/24, 09:37:01.218, 5164615364108, vstest.console.dll, AssemblyResolver.OnResolve: Resolved assembly: Microsoft.VisualStudio.TestPlatform.Extensions.Html.TestLogger, from path: C:\Program Files\dotnet\sdk\8.0.202\Extensions\Microsoft.VisualStudio.TestPlatform.Extensions.Html.TestLogger.dll
TpTrace Verbose: 0 : 10940, 1, 2024/04/24, 09:37:01.218, 5164615365084, vstest.console.dll, MetadataReaderExtensionsHelper: Discovering extensions inside assembly 'Microsoft.VisualStudio.TestPlatform.Extensions.Html.TestLogger, Version=15.0.0.0, Culture=neutral, PublicKeyToken=b03f5f7f11d50a3a' file path 'C:\Program Files\dotnet\sdk\8.0.202\Extensions\Microsoft.VisualStudio.TestPlatform.Extensions.Html.TestLogger.dll'
TpTrace Information: 0 : 10940, 1, 2024/04/24, 09:37:01.219, 5164615376806, vstest.console.dll, AssemblyResolver.OnResolve: Microsoft.VisualStudio.TestPlatform.Extensions.Trx.TestLogger: Resolving assembly.
TpTrace Information: 0 : 10940, 1, 2024/04/24, 09:37:01.219, 5164615377609, vstest.console.dll, AssemblyResolver.OnResolve: Microsoft.VisualStudio.TestPlatform.Extensions.Trx.TestLogger: Searching in: 'C:\Program Files\dotnet\sdk\8.0.202\Extensions'.
TpTrace Information: 0 : 10940, 1, 2024/04/24, 09:37:01.221, 5164615396796, vstest.console.dll, AssemblyResolver.OnResolve: Microsoft.VisualStudio.TestPlatform.Extensions.Trx.TestLogger: Loading assembly 'C:\Program Files\dotnet\sdk\8.0.202\Extensions\Microsoft.VisualStudio.TestPlatform.Extensions.Trx.TestLogger.dll'.
TpTrace Information: 0 : 10940, 1, 2024/04/24, 09:37:01.223, 5164615418473, vstest.console.dll, AssemblyResolver.OnResolve: Resolved assembly: Microsoft.VisualStudio.TestPlatform.Extensions.Trx.TestLogger, from path: C:\Program Files\dotnet\sdk\8.0.202\Extensions\Microsoft.VisualStudio.TestPlatform.Extensions.Trx.TestLogger.dll
TpTrace Verbose: 0 : 10940, 1, 2024/04/24, 09:37:01.224, 5164615419901, vstest.console.dll, MetadataReaderExtensionsHelper: Discovering extensions inside assembly 'Microsoft.VisualStudio.TestPlatform.Extensions.Trx.TestLogger, Version=15.0.0.0, Culture=neutral, PublicKeyToken=b03f5f7f11d50a3a' file path 'C:\Program Files\dotnet\sdk\8.0.202\Extensions\Microsoft.VisualStudio.TestPlatform.Extensions.Trx.TestLogger.dll'
TpTrace Verbose: 0 : 10940, 1, 2024/04/24, 09:37:01.225, 5164615437179, vstest.console.dll, TestPluginCache: Discovered the extensions using extension path ''.
TpTrace Verbose: 0 : 10940, 1, 2024/04/24, 09:37:01.225, 5164615439349, vstest.console.dll, TestPluginCache: Discoverers are ''.
TpTrace Verbose: 0 : 10940, 1, 2024/04/24, 09:37:01.225, 5164615439669, vstest.console.dll, TestPluginCache: Executors are ''.
TpTrace Verbose: 0 : 10940, 1, 2024/04/24, 09:37:01.226, 5164615440160, vstest.console.dll, TestPluginCache: Executors2 are ''.
TpTrace Verbose: 0 : 10940, 1, 2024/04/24, 09:37:01.226, 5164615440623, vstest.console.dll, TestPluginCache: Setting providers are ''.
TpTrace Verbose: 0 : 10940, 1, 2024/04/24, 09:37:01.226, 5164615441044, vstest.console.dll, TestPluginCache: Loggers are ''.
TpTrace Verbose: 0 : 10940, 1, 2024/04/24, 09:37:01.226, 5164615443356, vstest.console.dll, TestPluginCache: TestHosts are 'HostProvider://DefaultTestHost,HostProvider://DotnetTestHost'.
TpTrace Verbose: 0 : 10940, 1, 2024/04/24, 09:37:01.226, 5164615443796, vstest.console.dll, TestPluginCache: DataCollectors are ''.
TpTrace Information: 0 : 10940, 1, 2024/04/24, 09:37:01.256, 5164615746284, vstest.console.dll, RunTestsArgumentProcessor:Execute: Test run is starting.
TpTrace Verbose: 0 : 10940, 1, 2024/04/24, 09:37:01.256, 5164615747459, vstest.console.dll, RunTestsArgumentProcessor:Execute: Queuing Test run.
TpTrace Information: 0 : 10940, 1, 2024/04/24, 09:37:01.257, 5164615752629, vstest.console.dll, TestRequestManager.RunTests: run tests started.
TpTrace Information: 0 : 10940, 1, 2024/04/24, 09:37:01.259, 5164615770458, vstest.console.dll, AssemblyMetadataProvider.GetFrameworkName: Determined framework:'.NETCoreApp,Version=v6.0' for source: 'C:\MyPersonalFiles\GensparkTraining\GitHub\Day10\ClinicAppointmentSolution\ClinicAppointmentBLTest\bin\Debug\net6.0\fine-code-coverage\build-output\ClinicAppointmentBLTest.dll'
TpTrace Information: 0 : 10940, 1, 2024/04/24, 09:37:01.259, 5164615772503, vstest.console.dll, Determined framework for all sources: .NETCoreApp,Version=v6.0
TpTrace Verbose: 0 : 10940, 1, 2024/04/24, 09:37:01.259, 5164615775515, vstest.console.dll, TestRequestManager.UpdateRunSettingsIfRequired: Default architecture: X64 IsDefaultTargetArchitecture: True, Current process architecture: X64 OperatingSystem: Windows.
TpTrace Information: 0 : 10940, 1, 2024/04/24, 09:37:01.261, 5164615789846, vstest.console.dll, AssemblyMetadataProvider.GetArchitecture: Determined architecture:AnyCPU info for assembly: C:\MyPersonalFiles\GensparkTraining\GitHub\Day10\ClinicAppointmentSolution\ClinicAppointmentBLTest\bin\Debug\net6.0\fine-code-coverage\build-output\ClinicAppointmentBLTest.dll
TpTrace Information: 0 : 10940, 1, 2024/04/24, 09:37:01.261, 5164615790546, vstest.console.dll, Determined platform for source 'C:\MyPersonalFiles\GensparkTraining\GitHub\Day10\ClinicAppointmentSolution\ClinicAppointmentBLTest\bin\Debug\net6.0\fine-code-coverage\build-output\ClinicAppointmentBLTest.dll' was AnyCPU and it will use the default plaform X64.
TpTrace Information: 0 : 10940, 1, 2024/04/24, 09:37:01.261, 5164615790801, vstest.console.dll, None of the sources provided any runnable platform, using the default platform: X64
TpTrace Information: 0 : 10940, 1, 2024/04/24, 09:37:01.261, 5164615791648, vstest.console.dll, Platform was updated to 'X64'.
TpTrace Information: 0 : 10940, 1, 2024/04/24, 09:37:01.265, 5164615839450, vstest.console.dll, InferRunSettingsHelper.IsTestSettingsEnabled: Unable to navigate to RunSettings/MSTest. Current node: RunSettings
TpTrace Information: 0 : 10940, 1, 2024/04/24, 09:37:01.266, 5164615849507, vstest.console.dll, AssemblyResolver.OnResolve: Microsoft.VisualStudio.TestPlatform.Fakes: Resolving assembly.
TpTrace Information: 0 : 10940, 1, 2024/04/24, 09:37:01.267, 5164615850835, vstest.console.dll, AssemblyResolver.OnResolve: Microsoft.VisualStudio.TestPlatform.Fakes: Searching in: 'C:\Program Files\dotnet\sdk\8.0.202\Extensions'.
TpTrace Information: 0 : 10940, 1, 2024/04/24, 09:37:01.267, 5164615852902, vstest.console.dll, AssemblyResolver.OnResolve: Microsoft.VisualStudio.TestPlatform.Fakes: Assembly path does not exist: 'C:\Program Files\dotnet\sdk\8.0.202\Extensions\Microsoft.VisualStudio.TestPlatform.Fakes.dll', returning.
TpTrace Information: 0 : 10940, 1, 2024/04/24, 09:37:01.267, 5164615854109, vstest.console.dll, AssemblyResolver.OnResolve: Microsoft.VisualStudio.TestPlatform.Fakes: Assembly path does not exist: 'C:\Program Files\dotnet\sdk\8.0.202\Extensions\Microsoft.VisualStudio.TestPlatform.Fakes.exe', returning.
TpTrace Information: 0 : 10940, 1, 2024/04/24, 09:37:01.267, 5164615854569, vstest.console.dll, AssemblyResolver.OnResolve: Microsoft.VisualStudio.TestPlatform.Fakes: Searching in: 'C:\Program Files\dotnet\sdk\8.0.202'.
TpTrace Information: 0 : 10940, 1, 2024/04/24, 09:37:01.267, 5164615855455, vstest.console.dll, AssemblyResolver.OnResolve: Microsoft.VisualStudio.TestPlatform.Fakes: Assembly path does not exist: 'C:\Program Files\dotnet\sdk\8.0.202\Microsoft.VisualStudio.TestPlatform.Fakes.dll', returning.
TpTrace Information: 0 : 10940, 1, 2024/04/24, 09:37:01.267, 5164615856174, vstest.console.dll, AssemblyResolver.OnResolve: Microsoft.VisualStudio.TestPlatform.Fakes: Assembly path does not exist: 'C:\Program Files\dotnet\sdk\8.0.202\Microsoft.VisualStudio.TestPlatform.Fakes.exe', returning.
TpTrace Information: 0 : 10940, 1, 2024/04/24, 09:37:01.267, 5164615856599, vstest.console.dll, AssemblyResolver.OnResolve: Microsoft.VisualStudio.TestPlatform.Fakes: Failed to load assembly.
TpTrace Information: 0 : 10940, 1, 2024/04/24, 09:37:01.268, 5164615860964, vstest.console.dll, Failed to load assembly Microsoft.VisualStudio.TestPlatform.Fakes, Version=17.0.0.0, Culture=neutral. Reason:System.IO.FileNotFoundException: Could not load file or assembly 'Microsoft.VisualStudio.TestPlatform.Fakes, Version=17.0.0.0, Culture=neutral, PublicKeyToken=null'. The system cannot find the file specified.
File name: 'Microsoft.VisualStudio.TestPlatform.Fakes, Version=17.0.0.0, Culture=neutral, PublicKeyToken=null'
   at System.Reflection.RuntimeAssembly.InternalLoad(AssemblyName assemblyName, StackCrawlMark& stackMark, AssemblyLoadContext assemblyLoadContext, RuntimeAssembly requestingAssembly, Boolean throwOnFileNotFound)
   at System.Reflection.Assembly.Load(AssemblyName assemblyRef)
   at Microsoft.VisualStudio.TestPlatform.Common.Utilities.FakesUtilities.LoadTestPlatformAssembly() in /_/src/Microsoft.TestPlatform.Common/Utilities/FakesUtilities.cs:line 272
TpTrace Verbose: 0 : 10940, 1, 2024/04/24, 09:37:01.272, 5164615904724, vstest.console.dll, TestPluginCache.DiscoverTestExtensions: finding test extensions in assemblies ends with: TestLogger.dll TPluginInfo: Microsoft.VisualStudio.TestPlatform.Common.ExtensionFramework.Utilities.TestLoggerPluginInformation TExtension: Microsoft.VisualStudio.TestPlatform.ObjectModel.Client.ITestLogger
TpTrace Verbose: 0 : 10940, 1, 2024/04/24, 09:37:01.272, 5164615905918, vstest.console.dll, TestPluginCache.GetExtensionPaths: Filtered extension paths: 
TpTrace Verbose: 0 : 10940, 1, 2024/04/24, 09:37:01.272, 5164615906254, vstest.console.dll, TestPluginCache.GetExtensionPaths: Added default extension paths: C:\Program Files\dotnet\sdk\8.0.202\Extensions\Microsoft.Diagnostics.NETCore.Client.dll
C:\Program Files\dotnet\sdk\8.0.202\Extensions\Microsoft.TestPlatform.Extensions.BlameDataCollector.dll
C:\Program Files\dotnet\sdk\8.0.202\Extensions\Microsoft.TestPlatform.Extensions.EventLogCollector.dll
C:\Program Files\dotnet\sdk\8.0.202\Extensions\Microsoft.TestPlatform.TestHostRuntimeProvider.dll
C:\Program Files\dotnet\sdk\8.0.202\Extensions\Microsoft.VisualStudio.TestPlatform.Extensions.Html.TestLogger.dll
C:\Program Files\dotnet\sdk\8.0.202\Extensions\Microsoft.VisualStudio.TestPlatform.Extensions.Trx.TestLogger.dll
TpTrace Verbose: 0 : 10940, 1, 2024/04/24, 09:37:01.272, 5164615906506, vstest.console.dll, TestPluginCache.GetExtensionPaths: Added unfilterableExtensionPaths: 
TpTrace Information: 0 : 10940, 1, 2024/04/24, 09:37:01.272, 5164615907722, vstest.console.dll, AssemblyResolver.AddSearchDirectories: Adding more searchDirectories C:\Program Files\dotnet\sdk\8.0.202\Extensions,C:\Program Files\dotnet\sdk\8.0.202
TpTrace Verbose: 0 : 10940, 1, 2024/04/24, 09:37:01.272, 5164615908159, vstest.console.dll, TestPluginCache.DiscoverTestExtensions: Discovering the extensions using extension path.
TpTrace Verbose: 0 : 10940, 1, 2024/04/24, 09:37:01.272, 5164615908453, vstest.console.dll, TestPluginCache.GetExtensionPaths: Filtered extension paths: 
TpTrace Verbose: 0 : 10940, 1, 2024/04/24, 09:37:01.272, 5164615908774, vstest.console.dll, TestPluginCache.GetExtensionPaths: Added default extension paths: C:\Program Files\dotnet\sdk\8.0.202\Extensions\Microsoft.Diagnostics.NETCore.Client.dll
C:\Program Files\dotnet\sdk\8.0.202\Extensions\Microsoft.TestPlatform.Extensions.BlameDataCollector.dll
C:\Program Files\dotnet\sdk\8.0.202\Extensions\Microsoft.TestPlatform.Extensions.EventLogCollector.dll
C:\Program Files\dotnet\sdk\8.0.202\Extensions\Microsoft.TestPlatform.TestHostRuntimeProvider.dll
C:\Program Files\dotnet\sdk\8.0.202\Extensions\Microsoft.VisualStudio.TestPlatform.Extensions.Html.TestLogger.dll
C:\Program Files\dotnet\sdk\8.0.202\Extensions\Microsoft.VisualStudio.TestPlatform.Extensions.Trx.TestLogger.dll
TpTrace Verbose: 0 : 10940, 1, 2024/04/24, 09:37:01.272, 5164615909125, vstest.console.dll, TestPluginCache.GetExtensionPaths: Added unfilterableExtensionPaths: 
TpTrace Verbose: 0 : 10940, 1, 2024/04/24, 09:37:01.272, 5164615909546, vstest.console.dll, TestPluginCache.DiscoverTestExtensions: Discovering the extensions using allExtensionPaths: C:\Program Files\dotnet\sdk\8.0.202\Extensions\Microsoft.Diagnostics.NETCore.Client.dll
C:\Program Files\dotnet\sdk\8.0.202\Extensions\Microsoft.TestPlatform.Extensions.BlameDataCollector.dll
C:\Program Files\dotnet\sdk\8.0.202\Extensions\Microsoft.TestPlatform.Extensions.EventLogCollector.dll
C:\Program Files\dotnet\sdk\8.0.202\Extensions\Microsoft.TestPlatform.TestHostRuntimeProvider.dll
C:\Program Files\dotnet\sdk\8.0.202\Extensions\Microsoft.VisualStudio.TestPlatform.Extensions.Html.TestLogger.dll
C:\Program Files\dotnet\sdk\8.0.202\Extensions\Microsoft.VisualStudio.TestPlatform.Extensions.Trx.TestLogger.dll
TpTrace Information: 0 : 10940, 1, 2024/04/24, 09:37:01.273, 5164615910087, vstest.console.dll, AssemblyResolver.AddSearchDirectories: Adding more searchDirectories C:\Program Files\dotnet\sdk\8.0.202\Extensions,C:\Program Files\dotnet\sdk\8.0.202
TpTrace Information: 0 : 10940, 1, 2024/04/24, 09:37:01.273, 5164615910582, vstest.console.dll, AssemblyResolver.AddSearchDirectories: Adding more searchDirectories C:\Program Files\dotnet\sdk\8.0.202\Extensions,C:\Program Files\dotnet\sdk\8.0.202
TpTrace Information: 0 : 10940, 1, 2024/04/24, 09:37:01.273, 5164615910917, vstest.console.dll, AssemblyResolver.AddSearchDirectories: Adding more searchDirectories C:\Program Files\dotnet\sdk\8.0.202\Extensions,C:\Program Files\dotnet\sdk\8.0.202
TpTrace Information: 0 : 10940, 1, 2024/04/24, 09:37:01.273, 5164615911235, vstest.console.dll, AssemblyResolver.AddSearchDirectories: Adding more searchDirectories C:\Program Files\dotnet\sdk\8.0.202\Extensions,C:\Program Files\dotnet\sdk\8.0.202
TpTrace Information: 0 : 10940, 1, 2024/04/24, 09:37:01.273, 5164615911545, vstest.console.dll, AssemblyResolver.AddSearchDirectories: Adding more searchDirectories C:\Program Files\dotnet\sdk\8.0.202\Extensions,C:\Program Files\dotnet\sdk\8.0.202
TpTrace Information: 0 : 10940, 1, 2024/04/24, 09:37:01.273, 5164615911839, vstest.console.dll, AssemblyResolver.AddSearchDirectories: Adding more searchDirectories C:\Program Files\dotnet\sdk\8.0.202\Extensions,C:\Program Files\dotnet\sdk\8.0.202
TpTrace Verbose: 0 : 10940, 1, 2024/04/24, 09:37:01.273, 5164615912900, vstest.console.dll, MetadataReaderExtensionsHelper: Discovering extensions inside assembly 'Microsoft.Diagnostics.NETCore.Client, Version=0.2.9.2401, Culture=neutral, PublicKeyToken=31bf3856ad364e35' file path 'C:\Program Files\dotnet\sdk\8.0.202\Extensions\Microsoft.Diagnostics.NETCore.Client.dll'
TpTrace Information: 0 : 10940, 1, 2024/04/24, 09:37:01.274, 5164615921772, vstest.console.dll, AssemblyResolver.OnResolve: Microsoft.Bcl.AsyncInterfaces: Resolving assembly.
TpTrace Information: 0 : 10940, 1, 2024/04/24, 09:37:01.274, 5164615922617, vstest.console.dll, AssemblyResolver.OnResolve: Microsoft.Bcl.AsyncInterfaces: Resolved from cache.
TpTrace Verbose: 0 : 10940, 1, 2024/04/24, 09:37:01.274, 5164615922895, vstest.console.dll, CurrentDomainAssemblyResolve: Resolving assembly 'Microsoft.Bcl.AsyncInterfaces'.
TpTrace Information: 0 : 10940, 1, 2024/04/24, 09:37:01.274, 5164615923296, vstest.console.dll, AssemblyResolver.OnResolve: Microsoft.Bcl.AsyncInterfaces: Resolving assembly.
TpTrace Information: 0 : 10940, 1, 2024/04/24, 09:37:01.274, 5164615923662, vstest.console.dll, AssemblyResolver.OnResolve: Microsoft.Bcl.AsyncInterfaces: Resolved from cache.
TpTrace Verbose: 0 : 10940, 1, 2024/04/24, 09:37:01.274, 5164615923889, vstest.console.dll, CurrentDomainAssemblyResolve: Resolving assembly 'Microsoft.Bcl.AsyncInterfaces'.
TpTrace Verbose: 0 : 10940, 1, 2024/04/24, 09:37:01.274, 5164615924109, vstest.console.dll, CurrentDomainAssemblyResolve: Failed to resolve assembly 'Microsoft.Bcl.AsyncInterfaces'.
TpTrace Verbose: 0 : 10940, 1, 2024/04/24, 09:37:01.274, 5164615925379, vstest.console.dll, CurrentDomainAssemblyResolve: Failed to resolve assembly 'Microsoft.Bcl.AsyncInterfaces'.
TpTrace Warning: 0 : 10940, 1, 2024/04/24, 09:37:01.274, 5164615928625, vstest.console.dll, TestPluginDiscoverer: Failed to get types from assembly 'Microsoft.Diagnostics.NETCore.Client, Version=0.2.9.2401, Culture=neutral, PublicKeyToken=31bf3856ad364e35'. Error: System.Reflection.ReflectionTypeLoadException: Unable to load one or more of the requested types.
Could not load file or assembly 'Microsoft.Bcl.AsyncInterfaces, Version=6.0.0.0, Culture=neutral, PublicKeyToken=cc7b13ffcd2ddd51'. The system cannot find the file specified.
   at System.Reflection.RuntimeModule.GetTypes(RuntimeModule module)
   at System.Reflection.RuntimeModule.GetTypes()
   at Microsoft.VisualStudio.TestPlatform.Common.ExtensionFramework.TestPluginDiscoverer.GetTestExtensionsFromAssembly[TPluginInfo,TExtension](Assembly assembly, Dictionary`2 pluginInfos, String filePath) in /_/src/Microsoft.TestPlatform.Common/ExtensionFramework/TestPluginDiscoverer.cs:line 158
System.IO.FileNotFoundException: Could not load file or assembly 'Microsoft.Bcl.AsyncInterfaces, Version=6.0.0.0, Culture=neutral, PublicKeyToken=cc7b13ffcd2ddd51'. The system cannot find the file specified.
File name: 'Microsoft.Bcl.AsyncInterfaces, Version=6.0.0.0, Culture=neutral, PublicKeyToken=cc7b13ffcd2ddd51'
 ---> System.IO.FileNotFoundException: Could not load file or assembly 'Microsoft.Bcl.AsyncInterfaces, Culture=neutral, PublicKeyToken=null'. The system cannot find the file specified.
File name: 'Microsoft.Bcl.AsyncInterfaces, Culture=neutral, PublicKeyToken=null'
   at System.Reflection.RuntimeAssembly.InternalLoad(AssemblyName assemblyName, StackCrawlMark& stackMark, AssemblyLoadContext assemblyLoadContext, RuntimeAssembly requestingAssembly, Boolean throwOnFileNotFound)
   at System.Reflection.Assembly.Load(AssemblyName assemblyRef)
   at Microsoft.VisualStudio.TestPlatform.Common.ExtensionFramework.TestPluginCache.CurrentDomainAssemblyResolve(Object sender, AssemblyResolveEventArgs args) in /_/src/Microsoft.TestPlatform.Common/ExtensionFramework/TestPluginCache.cs:line 513
   at System.Runtime.Loader.AssemblyLoadContext.GetFirstResolvedAssemblyFromResolvingEvent(AssemblyName assemblyName)
   at System.Runtime.Loader.AssemblyLoadContext.ResolveUsingEvent(AssemblyName assemblyName)
   at System.Runtime.Loader.AssemblyLoadContext.ResolveUsingResolvingEvent(IntPtr gchManagedAssemblyLoadContext, AssemblyName assemblyName)
TpTrace Warning: 0 : 10940, 1, 2024/04/24, 09:37:01.275, 5164615930037, vstest.console.dll, LoaderExceptions: System.IO.FileNotFoundException: Could not load file or assembly 'Microsoft.Bcl.AsyncInterfaces, Version=6.0.0.0, Culture=neutral, PublicKeyToken=cc7b13ffcd2ddd51'. The system cannot find the file specified.
File name: 'Microsoft.Bcl.AsyncInterfaces, Version=6.0.0.0, Culture=neutral, PublicKeyToken=cc7b13ffcd2ddd51'
 ---> System.IO.FileNotFoundException: Could not load file or assembly 'Microsoft.Bcl.AsyncInterfaces, Culture=neutral, PublicKeyToken=null'. The system cannot find the file specified.
File name: 'Microsoft.Bcl.AsyncInterfaces, Culture=neutral, PublicKeyToken=null'
   at System.Reflection.RuntimeAssembly.InternalLoad(AssemblyName assemblyName, StackCrawlMark& stackMark, AssemblyLoadContext assemblyLoadContext, RuntimeAssembly requestingAssembly, Boolean throwOnFileNotFound)
   at System.Reflection.Assembly.Load(AssemblyName assemblyRef)
   at Microsoft.VisualStudio.TestPlatform.Common.ExtensionFramework.TestPluginCache.CurrentDomainAssemblyResolve(Object sender, AssemblyResolveEventArgs args) in /_/src/Microsoft.TestPlatform.Common/ExtensionFramework/TestPluginCache.cs:line 513
   at System.Runtime.Loader.AssemblyLoadContext.GetFirstResolvedAssemblyFromResolvingEvent(AssemblyName assemblyName)
   at System.Runtime.Loader.AssemblyLoadContext.ResolveUsingEvent(AssemblyName assemblyName)
   at System.Runtime.Loader.AssemblyLoadContext.ResolveUsingResolvingEvent(IntPtr gchManagedAssemblyLoadContext, AssemblyName assemblyName)
TpTrace Verbose: 0 : 10940, 1, 2024/04/24, 09:37:01.275, 5164615930940, vstest.console.dll, MetadataReaderExtensionsHelper: Discovering extensions inside assembly 'Microsoft.TestPlatform.Extensions.BlameDataCollector, Version=15.0.0.0, Culture=neutral, PublicKeyToken=b03f5f7f11d50a3a' file path 'C:\Program Files\dotnet\sdk\8.0.202\Extensions\Microsoft.TestPlatform.Extensions.BlameDataCollector.dll'
TpTrace Information: 0 : 10940, 1, 2024/04/24, 09:37:01.275, 5164615935237, vstest.console.dll, GetTestExtensionFromType: Register extension with identifier data 'logger://Microsoft/TestPlatform/Extensions/Blame/v1' and type 'Microsoft.TestPlatform.Extensions.BlameDataCollector.BlameLogger, Microsoft.TestPlatform.Extensions.BlameDataCollector, Version=15.0.0.0, Culture=neutral, PublicKeyToken=b03f5f7f11d50a3a' inside file 'C:\Program Files\dotnet\sdk\8.0.202\Extensions\Microsoft.TestPlatform.Extensions.BlameDataCollector.dll'
TpTrace Verbose: 0 : 10940, 1, 2024/04/24, 09:37:01.275, 5164615935919, vstest.console.dll, MetadataReaderExtensionsHelper: Discovering extensions inside assembly 'Microsoft.TestPlatform.Extensions.EventLogCollector, Version=15.0.0.0, Culture=neutral, PublicKeyToken=b03f5f7f11d50a3a' file path 'C:\Program Files\dotnet\sdk\8.0.202\Extensions\Microsoft.TestPlatform.Extensions.EventLogCollector.dll'
TpTrace Verbose: 0 : 10940, 1, 2024/04/24, 09:37:01.275, 5164615938266, vstest.console.dll, MetadataReaderExtensionsHelper: Discovering extensions inside assembly 'Microsoft.TestPlatform.TestHostRuntimeProvider, Version=15.0.0.0, Culture=neutral, PublicKeyToken=b03f5f7f11d50a3a' file path 'C:\Program Files\dotnet\sdk\8.0.202\Extensions\Microsoft.TestPlatform.TestHostRuntimeProvider.dll'
TpTrace Verbose: 0 : 10940, 1, 2024/04/24, 09:37:01.276, 5164615940764, vstest.console.dll, MetadataReaderExtensionsHelper: Discovering extensions inside assembly 'Microsoft.VisualStudio.TestPlatform.Extensions.Html.TestLogger, Version=15.0.0.0, Culture=neutral, PublicKeyToken=b03f5f7f11d50a3a' file path 'C:\Program Files\dotnet\sdk\8.0.202\Extensions\Microsoft.VisualStudio.TestPlatform.Extensions.Html.TestLogger.dll'
TpTrace Information: 0 : 10940, 1, 2024/04/24, 09:37:01.276, 5164615945256, vstest.console.dll, GetTestExtensionFromType: Register extension with identifier data 'logger://Microsoft/TestPlatform/HtmlLogger/v1' and type 'Microsoft.VisualStudio.TestPlatform.Extensions.HtmlLogger.HtmlLogger, Microsoft.VisualStudio.TestPlatform.Extensions.Html.TestLogger, Version=15.0.0.0, Culture=neutral, PublicKeyToken=b03f5f7f11d50a3a' inside file 'C:\Program Files\dotnet\sdk\8.0.202\Extensions\Microsoft.VisualStudio.TestPlatform.Extensions.Html.TestLogger.dll'
TpTrace Verbose: 0 : 10940, 1, 2024/04/24, 09:37:01.276, 5164615945848, vstest.console.dll, MetadataReaderExtensionsHelper: Discovering extensions inside assembly 'Microsoft.VisualStudio.TestPlatform.Extensions.Trx.TestLogger, Version=15.0.0.0, Culture=neutral, PublicKeyToken=b03f5f7f11d50a3a' file path 'C:\Program Files\dotnet\sdk\8.0.202\Extensions\Microsoft.VisualStudio.TestPlatform.Extensions.Trx.TestLogger.dll'
TpTrace Information: 0 : 10940, 1, 2024/04/24, 09:37:01.276, 5164615948696, vstest.console.dll, GetTestExtensionFromType: Register extension with identifier data 'logger://Microsoft/TestPlatform/TrxLogger/v1' and type 'Microsoft.VisualStudio.TestPlatform.Extensions.TrxLogger.TrxLogger, Microsoft.VisualStudio.TestPlatform.Extensions.Trx.TestLogger, Version=15.0.0.0, Culture=neutral, PublicKeyToken=b03f5f7f11d50a3a' inside file 'C:\Program Files\dotnet\sdk\8.0.202\Extensions\Microsoft.VisualStudio.TestPlatform.Extensions.Trx.TestLogger.dll'
TpTrace Verbose: 0 : 10940, 1, 2024/04/24, 09:37:01.276, 5164615949333, vstest.console.dll, TestPluginCache: Discovered the extensions using extension path ''.
TpTrace Verbose: 0 : 10940, 1, 2024/04/24, 09:37:01.276, 5164615949646, vstest.console.dll, TestPluginCache: Discoverers are ''.
TpTrace Verbose: 0 : 10940, 1, 2024/04/24, 09:37:01.277, 5164615949862, vstest.console.dll, TestPluginCache: Executors are ''.
TpTrace Verbose: 0 : 10940, 1, 2024/04/24, 09:37:01.277, 5164615950074, vstest.console.dll, TestPluginCache: Executors2 are ''.
TpTrace Verbose: 0 : 10940, 1, 2024/04/24, 09:37:01.277, 5164615950322, vstest.console.dll, TestPluginCache: Setting providers are ''.
TpTrace Verbose: 0 : 10940, 1, 2024/04/24, 09:37:01.277, 5164615951015, vstest.console.dll, TestPluginCache: Loggers are 'logger://Microsoft/TestPlatform/Extensions/Blame/v1,logger://Microsoft/TestPlatform/HtmlLogger/v1,logger://Microsoft/TestPlatform/TrxLogger/v1'.
TpTrace Verbose: 0 : 10940, 1, 2024/04/24, 09:37:01.277, 5164615951367, vstest.console.dll, TestPluginCache: TestHosts are 'HostProvider://DefaultTestHost,HostProvider://DotnetTestHost'.
TpTrace Verbose: 0 : 10940, 1, 2024/04/24, 09:37:01.277, 5164615951619, vstest.console.dll, TestPluginCache: DataCollectors are ''.
TpTrace Information: 0 : 10940, 1, 2024/04/24, 09:37:01.277, 5164615958907, vstest.console.dll, TestPluginManager.CreateTestExtension: Attempting to load test extension: Microsoft.TestPlatform.Extensions.BlameDataCollector.BlameLogger
TpTrace Verbose: 0 : 10940, 1, 2024/04/24, 09:37:01.289, 5164616079435, vstest.console.dll, TestEngine: Initializing Parallel Execution as MaxCpuCount is set to: 1
TpTrace Information: 0 : 10940, 1, 2024/04/24, 09:37:01.292, 5164616108482, vstest.console.dll, TestPluginManager.CreateTestExtension: Attempting to load test extension: Microsoft.VisualStudio.TestPlatform.CrossPlatEngine.Hosting.DefaultTestHostManager
TpTrace Information: 0 : 10940, 1, 2024/04/24, 09:37:01.294, 5164616119850, vstest.console.dll, TestPluginManager.CreateTestExtension: Attempting to load test extension: Microsoft.VisualStudio.TestPlatform.CrossPlatEngine.Hosting.DotnetTestHostManager
TpTrace Information: 0 : 10940, 1, 2024/04/24, 09:37:01.294, 5164616125699, vstest.console.dll, InferRunSettingsHelper.IsTestSettingsEnabled: Unable to navigate to RunSettings/MSTest. Current node: RunSettings
TpTrace Verbose: 0 : 10940, 1, 2024/04/24, 09:37:01.295, 5164616139205, vstest.console.dll, ParallelOperationManager.ClearSlots: Clearing all slots. Slots should accept more work: True
TpTrace Verbose: 0 : 10940, 1, 2024/04/24, 09:37:01.296, 5164616146193, vstest.console.dll, ParallelOperationManager.SetOccupiedSlotCount: Setting slot counts AvailableSlotCount = 1, OccupiedSlotCount = 0.
TpTrace Verbose: 0 : 10940, 1, 2024/04/24, 09:37:01.296, 5164616149419, vstest.console.dll, Occupied slots:

TpTrace Verbose: 0 : 10940, 1, 2024/04/24, 09:37:01.299, 5164616177021, vstest.console.dll, TestEngine.GetExecutionManager: Chosen execution manager 'Microsoft.VisualStudio.TestPlatform.CrossPlatEngine.Client.Parallel.ParallelProxyExecutionManager, Microsoft.TestPlatform.CrossPlatEngine, Version=15.0.0.0, Culture=neutral, PublicKeyToken=b03f5f7f11d50a3a' ParallelLevel '1'.
TpTrace Verbose: 0 : 10940, 1, 2024/04/24, 09:37:01.299, 5164616178510, vstest.console.dll, TestRunRequest.ExecuteAsync: Creating test run request.
TpTrace Verbose: 0 : 10940, 1, 2024/04/24, 09:37:01.300, 5164616180381, vstest.console.dll, TestRunRequest.ExecuteAsync: Starting.
TpTrace Information: 0 : 10940, 1, 2024/04/24, 09:37:01.301, 5164616190387, vstest.console.dll, TestRunRequest.ExecuteAsync: Starting run with settings:TestRunCriteria:
   KeepAlive=False,FrequencyOfRunStatsChangeEvent=10,RunStatsChangeEventTimeout=00:00:01.5000000,TestCaseFilter=,TestExecutorLauncher=
   Settingsxml=<RunSettings>
  <RunConfiguration>
    <ResultsDirectory>C:\MyPersonalFiles\GensparkTraining\GitHub\Day10\ClinicAppointmentSolution\ClinicAppointmentBLTest\bin\Debug\net6.0\fine-code-coverage\coverage-tool-output</ResultsDirectory>
    <TargetPlatform>X64</TargetPlatform>
    <TargetFrameworkVersion>.NETCoreApp,Version=v6.0</TargetFrameworkVersion>
    <DesignMode>False</DesignMode>
    <CollectSourceInformation>False</CollectSourceInformation>
  </RunConfiguration>
  <LoggerRunSettings>
    <Loggers>
      <Logger friendlyName="blame" enabled="True" />
      <Logger friendlyName="Console" uri="logger://microsoft/TestPlatform/ConsoleLogger/v1" assemblyQualifiedName="Microsoft.VisualStudio.TestPlatform.CommandLine.Internal.ConsoleLogger, vstest.console, Version=15.0.0.0, Culture=neutral, PublicKeyToken=b03f5f7f11d50a3a" codeBase="C:\Program Files\dotnet\sdk\8.0.202\vstest.console.dll" enabled="True" />
    </Loggers>
  </LoggerRunSettings>
  <DataCollectionRunSettings>
    <DataCollectors>
      <DataCollector friendlyName="blame" enabled="True">
        <Configuration>
          <ResultsDirectory>C:\MyPersonalFiles\GensparkTraining\GitHub\Day10\ClinicAppointmentSolution\ClinicAppointmentBLTest\bin\Debug\net6.0\fine-code-coverage\coverage-tool-output</ResultsDirectory>
        </Configuration>
      </DataCollector>
    </DataCollectors>
  </DataCollectionRunSettings>
</RunSettings>

TpTrace Verbose: 0 : 10940, 1, 2024/04/24, 09:37:01.301, 5164616191156, vstest.console.dll, TestRunRequest.ExecuteAsync: Wait for the first run request is over.
TpTrace Verbose: 0 : 10940, 1, 2024/04/24, 09:37:01.301, 5164616194069, vstest.console.dll, MulticastDelegateUtilities.SafeInvoke: TestRun.TestRunStart: Invoking callbacks was skipped because there are no subscribers.
TpTrace Verbose: 0 : 10940, 4, 2024/04/24, 09:37:01.301, 5164616195980, vstest.console.dll, MulticastDelegateUtilities.SafeInvoke: InternalTestLoggerEvents.SendTestRunStart: Invoking callback 1/1 for Microsoft.VisualStudio.TestPlatform.CommandLine.Internal.ConsoleLogger., took 0 ms.
TpTrace Verbose: 0 : 10940, 1, 2024/04/24, 09:37:01.302, 5164616202671, vstest.console.dll, ParallelProxyExecutionManager: Start execution. Total sources: 1
TpTrace Verbose: 0 : 10940, 1, 2024/04/24, 09:37:01.302, 5164616205611, vstest.console.dll, ParallelOperationManager.StartWork: Starting adding 1 workloads.
TpTrace Verbose: 0 : 10940, 1, 2024/04/24, 09:37:01.302, 5164616206192, vstest.console.dll, ParallelOperationManager.ClearSlots: Clearing all slots. Slots should accept more work: True
TpTrace Verbose: 0 : 10940, 1, 2024/04/24, 09:37:01.302, 5164616206769, vstest.console.dll, ParallelOperationManager.SetOccupiedSlotCount: Setting slot counts AvailableSlotCount = 1, OccupiedSlotCount = 0.
TpTrace Verbose: 0 : 10940, 1, 2024/04/24, 09:37:01.302, 5164616207125, vstest.console.dll, Occupied slots:

TpTrace Verbose: 0 : 10940, 1, 2024/04/24, 09:37:01.304, 5164616220013, vstest.console.dll, TestRequestSender is acting as server.
TpTrace Verbose: 0 : 10940, 1, 2024/04/24, 09:37:01.305, 5164616235309, vstest.console.dll, ParallelOperationManager.RunWorkInParallel: Adding 1 workload to slot, remaining workloads 0.
TpTrace Verbose: 0 : 10940, 1, 2024/04/24, 09:37:01.305, 5164616235971, vstest.console.dll, ParallelOperationManager.SetOccupiedSlotCount: Setting slot counts AvailableSlotCount = 0, OccupiedSlotCount = 1.
TpTrace Verbose: 0 : 10940, 1, 2024/04/24, 09:37:01.305, 5164616237062, vstest.console.dll, Occupied slots:
0: C:\MyPersonalFiles\GensparkTraining\GitHub\Day10\ClinicAppointmentSolution\ClinicAppointmentBLTest\bin\Debug\net6.0\fine-code-coverage\build-output\ClinicAppointmentBLTest.dll
TpTrace Verbose: 0 : 10940, 1, 2024/04/24, 09:37:01.306, 5164616249649, vstest.console.dll, ParallelOperationManager.RunWorkInParallel: Started host in slot number 0 for work (source): C:\MyPersonalFiles\GensparkTraining\GitHub\Day10\ClinicAppointmentSolution\ClinicAppointmentBLTest\bin\Debug\net6.0\fine-code-coverage\build-output\ClinicAppointmentBLTest.dll.
TpTrace Verbose: 0 : 10940, 1, 2024/04/24, 09:37:01.308, 5164616264142, vstest.console.dll, ParallelOperationManager.RunWorkInParallel: We started 1 work items, which is the max parallel level. Won't start more work.
TpTrace Verbose: 0 : 10940, 5, 2024/04/24, 09:37:01.308, 5164616264741, vstest.console.dll, ParallelProxyExecutionManager.StartTestRunOnConcurrentManager: Initializing uninitialized client. Started clients: 0
TpTrace Verbose: 0 : 10940, 1, 2024/04/24, 09:37:01.308, 5164616265472, vstest.console.dll, ParallelOperationManager.RunWorkInParallel: We started 1 work items in here, returning True.
TpTrace Information: 0 : 10940, 1, 2024/04/24, 09:37:01.308, 5164616266390, vstest.console.dll, TestRunRequest.ExecuteAsync: Started.
TpTrace Verbose: 0 : 10940, 5, 2024/04/24, 09:37:01.308, 5164616266914, vstest.console.dll, DataCollectionRequestSender.InitializeCommunication : Initialize communication. 
TpTrace Verbose: 0 : 10940, 1, 2024/04/24, 09:37:01.309, 5164616270905, vstest.console.dll, TestRunRequest.WaitForCompletion: Waiting with timeout -1.
TpTrace Information: 0 : 10940, 5, 2024/04/24, 09:37:01.316, 5164616344160, vstest.console.dll, Listening on Endpoint : 127.0.0.1:53426
TpTrace Verbose: 0 : 10940, 5, 2024/04/24, 09:37:01.322, 5164616399903, vstest.console.dll, DotnetDataCollectionLauncher: Adding  --runtimeconfig "C:\Program Files\dotnet\sdk\8.0.202\datacollector.runtimeconfig.json" in args
TpTrace Verbose: 0 : 10940, 5, 2024/04/24, 09:37:01.322, 5164616402956, vstest.console.dll, DotnetDataCollectionLauncher: Adding  --depsfile "C:\Program Files\dotnet\sdk\8.0.202\datacollector.deps.json" in args
TpTrace Verbose: 0 : 10940, 5, 2024/04/24, 09:37:01.322, 5164616409048, vstest.console.dll, DotnetDataCollectionLauncher: Full path of dotnet.exe is C:\Program Files\dotnet\dotnet.exe
TpTrace Information: 0 : 10940, 5, 2024/04/24, 09:37:01.329, 5164616478974, vstest.console.dll, ProxyDataCollectionManager.Initialize: Launched datacollector processId: 23376 port: 53426
TpTrace Information: 0 : 10940, 5, 2024/04/24, 09:37:01.330, 5164616480960, vstest.console.dll, ProxyDataCollectionManager.Initialize: waiting for connection with timeout: 90 seconds
TpTrace Verbose: 0 : 10940, 5, 2024/04/24, 09:37:01.330, 5164616481616, vstest.console.dll, DataCollectionRequestSender.WaitForRequestHandlerConnection : Waiting for connection with timeout: 90000
TpTrace Information: 0 : 10940, 7, 2024/04/24, 09:37:01.523, 5164618419644, vstest.console.dll, Using the buffer size of 16384 bytes
TpTrace Verbose: 0 : 10940, 5, 2024/04/24, 09:37:01.524, 5164618419890, vstest.console.dll, SocketCommunicationManager.WaitForClientConnection took: 193 ms, with 90000 ms timeout, and finished with True.
TpTrace Information: 0 : 10940, 7, 2024/04/24, 09:37:01.524, 5164618421537, vstest.console.dll, Accepted Client request and set the flag
TpTrace Verbose: 0 : 10940, 5, 2024/04/24, 09:37:01.524, 5164618423395, vstest.console.dll, ProxyDataCollectionManager.InvokeDataCollectionServiceAction: Starting.
TpTrace Information: 0 : 10940, 5, 2024/04/24, 09:37:01.524, 5164618424793, vstest.console.dll, ProxyDataCollectionManager.BeforeTestRunStart: Get environment variable and port for datacollector processId: 23376 port: 53426
TpTrace Verbose: 0 : 10940, 5, 2024/04/24, 09:37:01.524, 5164618426454, vstest.console.dll, DataCollectionRequestSender.SendBeforeTestRunStartAndGetResult: Send BeforeTestRunStart message with settingsXml <RunSettings><RunConfiguration><ResultsDirectory>C:\MyPersonalFiles\GensparkTraining\GitHub\Day10\ClinicAppointmentSolution\ClinicAppointmentBLTest\bin\Debug\net6.0\fine-code-coverage\coverage-tool-output</ResultsDirectory><TargetPlatform>X64</TargetPlatform><TargetFrameworkVersion>.NETCoreApp,Version=v6.0</TargetFrameworkVersion><DesignMode>False</DesignMode><CollectSourceInformation>False</CollectSourceInformation><TestAdaptersPaths>C:\Program Files\dotnet\sdk\8.0.202\Extensions</TestAdaptersPaths></RunConfiguration><LoggerRunSettings><Loggers><Logger friendlyName="blame" enabled="True" /><Logger friendlyName="Console" uri="logger://microsoft/TestPlatform/ConsoleLogger/v1" assemblyQualifiedName="Microsoft.VisualStudio.TestPlatform.CommandLine.Internal.ConsoleLogger, vstest.console, Version=15.0.0.0, Culture=neutral, PublicKeyToken=b03f5f7f11d50a3a" codeBase="C:\Program Files\dotnet\sdk\8.0.202\vstest.console.dll" enabled="True" /></Loggers></LoggerRunSettings><DataCollectionRunSettings><DataCollectors><DataCollector friendlyName="blame" enabled="True"><Configuration><ResultsDirectory>C:\MyPersonalFiles\GensparkTraining\GitHub\Day10\ClinicAppointmentSolution\ClinicAppointmentBLTest\bin\Debug\net6.0\fine-code-coverage\coverage-tool-output</ResultsDirectory></Configuration></DataCollector></DataCollectors></DataCollectionRunSettings></RunSettings> and sources System.Collections.Generic.List`1[System.String]: 
TpTrace Verbose: 0 : 10940, 5, 2024/04/24, 09:37:01.613, 5164619317723, vstest.console.dll, DataCollectionRequestSender.SendBeforeTestRunStartAndGetResult: Received message: (DataCollection.SendMessage) -> {"MessageType":"DataCollection.SendMessage","Payload":{"FriendlyName":null,"Uri":null,"TestCaseId":"00000000-0000-0000-0000-000000000000","Message":"Logging DataCollector Diagnostics in file: C:\\MyPersonalFiles\\GensparkTraining\\GitHub\\Day10\\ClinicAppointmentSolution\\ClinicAppointmentBLTest\\bin\\Debug\\net6.0\\fine-code-coverage\\coverage-tool-output\\diagnostics.datacollector.24-04-24_09-37-01_32154_5.log","Level":0}}
TpTrace Verbose: 0 : 10940, 5, 2024/04/24, 09:37:01.694, 5164620125458, vstest.console.dll, DataCollectionRequestSender.SendBeforeTestRunStartAndGetResult: Received message: (DataCollection.BeforeTestRunStartResult) -> {"MessageType":"DataCollection.BeforeTestRunStartResult","Payload":{"EnvironmentVariables":{},"DataCollectionEventsPort":53428}}
TpTrace Information: 0 : 10940, 5, 2024/04/24, 09:37:01.700, 5164620187478, vstest.console.dll, ProxyDataCollectionManager.BeforeTestRunStart: SendBeforeTestRunStartAndGetResult successful, env variable from datacollector:   and testhost port: 53428
TpTrace Information: 0 : 10940, 5, 2024/04/24, 09:37:01.700, 5164620188956, vstest.console.dll, ProxyDataCollectionManager.InvokeDataCollectionServiceAction: Completed.
TpTrace Verbose: 0 : 10940, 5, 2024/04/24, 09:37:01.700, 5164620189437, vstest.console.dll, ParallelProxyExecutionManager.StartTestRunOnConcurrentManager: Initializing test run. Started clients: 0
TpTrace Verbose: 0 : 10940, 5, 2024/04/24, 09:37:01.701, 5164620190321, vstest.console.dll, ProxyExecutionManager: Test host is always Lazy initialize.
TpTrace Verbose: 0 : 10940, 5, 2024/04/24, 09:37:01.701, 5164620192506, vstest.console.dll, TestRequestSender.InitializeCommunication: initialize communication. 
TpTrace Information: 0 : 10940, 5, 2024/04/24, 09:37:01.701, 5164620197425, vstest.console.dll, SocketServer.Start: Listening on endpoint : 127.0.0.1:53429
TpTrace Verbose: 0 : 10940, 5, 2024/04/24, 09:37:01.702, 5164620205220, vstest.console.dll, DotnetTestHostmanager.GetTestHostProcessStartInfo: Platform environment 'X64' target architecture 'X64' framework '.NETCoreApp,Version=v6.0' OS 'Windows'
TpTrace Verbose: 0 : 10940, 5, 2024/04/24, 09:37:01.703, 5164620214477, vstest.console.dll, DotnetTestHostmanager: Adding  --runtimeconfig "C:\MyPersonalFiles\GensparkTraining\GitHub\Day10\ClinicAppointmentSolution\ClinicAppointmentBLTest\bin\Debug\net6.0\fine-code-coverage\build-output\ClinicAppointmentBLTest.runtimeconfig.json" in args
TpTrace Verbose: 0 : 10940, 5, 2024/04/24, 09:37:01.703, 5164620216748, vstest.console.dll, DotnetTestHostmanager: Adding  --depsfile "C:\MyPersonalFiles\GensparkTraining\GitHub\Day10\ClinicAppointmentSolution\ClinicAppointmentBLTest\bin\Debug\net6.0\fine-code-coverage\build-output\ClinicAppointmentBLTest.deps.json" in args
TpTrace Verbose: 0 : 10940, 5, 2024/04/24, 09:37:01.704, 5164620220496, vstest.console.dll, DotnetTestHostmanager.IsWinOnArm: Current PROCESSOR_ARCHITECTURE from environment variable 'AMD64'
TpTrace Verbose: 0 : 10940, 5, 2024/04/24, 09:37:01.704, 5164620221323, vstest.console.dll, DotnetTestHostmanager.IsWinOnArm: Is Windows on ARM 'False'
TpTrace Verbose: 0 : 10940, 5, 2024/04/24, 09:37:01.704, 5164620222603, vstest.console.dll, DotnetTestHostManager: testhost.exe found at path: C:\MyPersonalFiles\GensparkTraining\GitHub\Day10\ClinicAppointmentSolution\ClinicAppointmentBLTest\bin\Debug\net6.0\fine-code-coverage\build-output\testhost.exe
TpTrace Verbose: 0 : 10940, 5, 2024/04/24, 09:37:01.704, 5164620223306, vstest.console.dll, DotnetTestHostmanager: Full path of host exe is C:\MyPersonalFiles\GensparkTraining\GitHub\Day10\ClinicAppointmentSolution\ClinicAppointmentBLTest\bin\Debug\net6.0\fine-code-coverage\build-output\testhost.exe
TpTrace Verbose: 0 : 10940, 5, 2024/04/24, 09:37:01.704, 5164620225204, vstest.console.dll, DotnetTestHostmanager.LaunchTestHostAsync: Found 'VSTEST_WINAPPHOST_DOTNET_ROOT' in env variables, value 'C:\Program Files\dotnet', forwarding to 'DOTNET_ROOT'
TpTrace Verbose: 0 : 10940, 5, 2024/04/24, 09:37:01.704, 5164620227506, vstest.console.dll, DotnetTestHostManager: Starting process 'C:\MyPersonalFiles\GensparkTraining\GitHub\Day10\ClinicAppointmentSolution\ClinicAppointmentBLTest\bin\Debug\net6.0\fine-code-coverage\build-output\testhost.exe' with command line ' --runtimeconfig "C:\MyPersonalFiles\GensparkTraining\GitHub\Day10\ClinicAppointmentSolution\ClinicAppointmentBLTest\bin\Debug\net6.0\fine-code-coverage\build-output\ClinicAppointmentBLTest.runtimeconfig.json" --depsfile "C:\MyPersonalFiles\GensparkTraining\GitHub\Day10\ClinicAppointmentSolution\ClinicAppointmentBLTest\bin\Debug\net6.0\fine-code-coverage\build-output\ClinicAppointmentBLTest.deps.json" --port 53429 --endpoint 127.0.0.1:053429 --role client --parentprocessid 10940 --diag "C:\MyPersonalFiles\GensparkTraining\GitHub\Day10\ClinicAppointmentSolution\ClinicAppointmentBLTest\bin\Debug\net6.0\fine-code-coverage\coverage-tool-output\diagnostics.host.24-04-24_09-37-01_70215_5.log" --tracelevel 4 --datacollectionport 53428 --telemetryoptedin false'
TpTrace Verbose: 0 : 10940, 5, 2024/04/24, 09:37:01.714, 5164620320109, vstest.console.dll, MulticastDelegateUtilities.SafeInvoke: HostProviderEvents.OnHostLaunched: Invoking callback 1/2 for Microsoft.VisualStudio.TestPlatform.CrossPlatEngine.Client.ProxyExecutionManagerWithDataCollection., took 1 ms.
TpTrace Verbose: 0 : 10940, 5, 2024/04/24, 09:37:01.714, 5164620325175, vstest.console.dll, Test Runtime launched
TpTrace Verbose: 0 : 10940, 5, 2024/04/24, 09:37:01.714, 5164620326300, vstest.console.dll, MulticastDelegateUtilities.SafeInvoke: HostProviderEvents.OnHostLaunched: Invoking callback 2/2 for Microsoft.VisualStudio.TestPlatform.CrossPlatEngine.Client.ProxyOperationManager., took 0 ms.
TpTrace Verbose: 0 : 10940, 5, 2024/04/24, 09:37:01.715, 5164620332736, vstest.console.dll, TestRequestSender.WaitForRequestHandlerConnection: waiting for connection with timeout: 90000.
TpTrace Verbose: 0 : 10940, 7, 2024/04/24, 09:37:01.962, 5164622803615, vstest.console.dll, MulticastDelegateUtilities.SafeInvoke: SocketServer: ClientConnected: Invoking callback 1/1 for Microsoft.VisualStudio.TestPlatform.CommunicationUtilities.TestRequestSender., took 0 ms.
TpTrace Verbose: 0 : 10940, 5, 2024/04/24, 09:37:01.962, 5164622803615, vstest.console.dll, TestRequestSender.WaitForRequestHandlerConnection: waiting took 247 ms, with timeout 90000 ms, and result 0, which is success.
TpTrace Verbose: 0 : 10940, 7, 2024/04/24, 09:37:01.962, 5164622804873, vstest.console.dll, SocketServer.OnClientConnected: Client connected for endPoint: 127.0.0.1:53429, starting MessageLoopAsync:
TpTrace Verbose: 0 : 10940, 7, 2024/04/24, 09:37:01.963, 5164622813150, vstest.console.dll, TcpClientExtensions.MessageLoopAsync: Polling on remoteEndPoint: 127.0.0.1:53430 localEndPoint: 127.0.0.1:53429 after 0 ms
TpTrace Verbose: 0 : 10940, 5, 2024/04/24, 09:37:01.963, 5164622819505, vstest.console.dll, TestRequestSender.CheckVersionWithTestHost: Sending check version message: {"MessageType":"ProtocolVersion","Payload":7}
TpTrace Verbose: 0 : 10940, 7, 2024/04/24, 09:37:02.132, 5164624503025, vstest.console.dll, TcpClientExtensions.MessageLoopAsync: NotifyDataAvailable remoteEndPoint: 127.0.0.1:53430 localEndPoint: 127.0.0.1:53429
TpTrace Verbose: 0 : 10940, 7, 2024/04/24, 09:37:02.132, 5164624506224, vstest.console.dll, TestRequestSender.CheckVersionWithTestHost: onMessageReceived received message: (ProtocolVersion) -> {"MessageType":"ProtocolVersion","Payload":7}
TpTrace Verbose: 0 : 10940, 7, 2024/04/24, 09:37:02.135, 5164624532891, vstest.console.dll, MulticastDelegateUtilities.SafeInvoke: LengthPrefixCommunicationChannel: MessageReceived: Invoking callback 1/1 for Microsoft.VisualStudio.TestPlatform.CommunicationUtilities.TestRequestSender+<>c__DisplayClass29_0., took 2 ms.
TpTrace Verbose: 0 : 10940, 7, 2024/04/24, 09:37:02.135, 5164624535039, vstest.console.dll, TcpClientExtensions.MessageLoopAsync: Polling on remoteEndPoint: 127.0.0.1:53430 localEndPoint: 127.0.0.1:53429 after 172 ms
TpTrace Verbose: 0 : 10940, 5, 2024/04/24, 09:37:02.135, 5164624534163, vstest.console.dll, TestPluginCache.GetExtensionPaths: Filtered extension paths: 
TpTrace Verbose: 0 : 10940, 5, 2024/04/24, 09:37:02.135, 5164624536793, vstest.console.dll, TestPluginCache.GetExtensionPaths: Added default extension paths: C:\Program Files\dotnet\sdk\8.0.202\Extensions\Microsoft.Diagnostics.NETCore.Client.dll
C:\Program Files\dotnet\sdk\8.0.202\Extensions\Microsoft.TestPlatform.Extensions.BlameDataCollector.dll
C:\Program Files\dotnet\sdk\8.0.202\Extensions\Microsoft.TestPlatform.Extensions.EventLogCollector.dll
C:\Program Files\dotnet\sdk\8.0.202\Extensions\Microsoft.TestPlatform.TestHostRuntimeProvider.dll
C:\Program Files\dotnet\sdk\8.0.202\Extensions\Microsoft.VisualStudio.TestPlatform.Extensions.Html.TestLogger.dll
C:\Program Files\dotnet\sdk\8.0.202\Extensions\Microsoft.VisualStudio.TestPlatform.Extensions.Trx.TestLogger.dll
TpTrace Verbose: 0 : 10940, 5, 2024/04/24, 09:37:02.135, 5164624537150, vstest.console.dll, TestPluginCache.GetExtensionPaths: Added unfilterableExtensionPaths: 
TpTrace Verbose: 0 : 10940, 5, 2024/04/24, 09:37:02.139, 5164624573526, vstest.console.dll, TestRequestSender.InitializeExecution: Sending initialize execution with message: {"Version":7,"MessageType":"TestExecution.Initialize","Payload":["C:\\MyPersonalFiles\\GensparkTraining\\GitHub\\Day10\\ClinicAppointmentSolution\\ClinicAppointmentBLTest\\bin\\Debug\\net6.0\\fine-code-coverage\\build-output\\NUnit3.TestAdapter.dll"]}
TpTrace Verbose: 0 : 10940, 5, 2024/04/24, 09:37:02.139, 5164624577133, vstest.console.dll, ParallelProxyExecutionManager.StartTestRunOnConcurrentManager: Execution starting. Started clients: 1
TpTrace Verbose: 0 : 10940, 5, 2024/04/24, 09:37:02.140, 5164624581398, vstest.console.dll, TestRunRequest:SendTestRunMessage: Starting.
TpTrace Verbose: 0 : 10940, 5, 2024/04/24, 09:37:02.140, 5164624584115, vstest.console.dll, MulticastDelegateUtilities.SafeInvoke: TestRun.LogMessages: Invoking callback 1/1 for Microsoft.VisualStudio.TestPlatform.CommandLine.TestRunResultAggregator., took 0 ms.
TpTrace Verbose: 0 : 10940, 7, 2024/04/24, 09:37:02.140, 5164624584439, vstest.console.dll, TcpClientExtensions.MessageLoopAsync: NotifyDataAvailable remoteEndPoint: 127.0.0.1:53430 localEndPoint: 127.0.0.1:53429
TpTrace Information: 0 : 10940, 5, 2024/04/24, 09:37:02.140, 5164624584689, vstest.console.dll, TestRunRequest:SendTestRunMessage: Completed.
TpTrace Verbose: 0 : 10940, 4, 2024/04/24, 09:37:02.140, 5164624586803, vstest.console.dll, MulticastDelegateUtilities.SafeInvoke: InternalTestLoggerEvents.SendTestRunMessage: Invoking callback 1/1 for Microsoft.VisualStudio.TestPlatform.CommandLine.Internal.ConsoleLogger., took 0 ms.
TpTrace Warning: 0 : 10940, 5, 2024/04/24, 09:37:02.141, 5164624592397, vstest.console.dll, InferRunSettingsHelper.MakeRunsettingsCompatible: Removing the following settings: TargetPlatform from RunSettings file. To use those settings please move to latest version of Microsoft.NET.Test.Sdk
TpTrace Verbose: 0 : 10940, 7, 2024/04/24, 09:37:02.142, 5164624604920, vstest.console.dll, TestRequestSender.OnExecutionMessageReceived: Received message: {"Version":7,"MessageType":"TestSession.Message","Payload":{"MessageLevel":0,"Message":"Logging TestHost Diagnostics in file: C:\\MyPersonalFiles\\GensparkTraining\\GitHub\\Day10\\ClinicAppointmentSolution\\ClinicAppointmentBLTest\\bin\\Debug\\net6.0\\fine-code-coverage\\coverage-tool-output\\diagnostics.host.24-04-24_09-37-01_70215_5.log"}}
TpTrace Verbose: 0 : 10940, 7, 2024/04/24, 09:37:02.145, 5164624635017, vstest.console.dll, TestRunRequest:SendTestRunMessage: Starting.
TpTrace Verbose: 0 : 10940, 7, 2024/04/24, 09:37:02.145, 5164624637245, vstest.console.dll, MulticastDelegateUtilities.SafeInvoke: TestRun.LogMessages: Invoking callback 1/1 for Microsoft.VisualStudio.TestPlatform.CommandLine.TestRunResultAggregator., took 0 ms.
TpTrace Verbose: 0 : 10940, 4, 2024/04/24, 09:37:02.145, 5164624637653, vstest.console.dll, MulticastDelegateUtilities.SafeInvoke: InternalTestLoggerEvents.SendTestRunMessage: Invoking callback 1/1 for Microsoft.VisualStudio.TestPlatform.CommandLine.Internal.ConsoleLogger., took 0 ms.
TpTrace Information: 0 : 10940, 7, 2024/04/24, 09:37:02.145, 5164624638227, vstest.console.dll, TestRunRequest:SendTestRunMessage: Completed.
TpTrace Verbose: 0 : 10940, 7, 2024/04/24, 09:37:02.146, 5164624639949, vstest.console.dll, MulticastDelegateUtilities.SafeInvoke: LengthPrefixCommunicationChannel: MessageReceived: Invoking callback 1/1 for Microsoft.VisualStudio.TestPlatform.CommunicationUtilities.TestRequestSender+<>c__DisplayClass34_0., took 3 ms.
TpTrace Verbose: 0 : 10940, 7, 2024/04/24, 09:37:02.146, 5164624640652, vstest.console.dll, TcpClientExtensions.MessageLoopAsync: Polling on remoteEndPoint: 127.0.0.1:53430 localEndPoint: 127.0.0.1:53429 after 10 ms
TpTrace Verbose: 0 : 10940, 5, 2024/04/24, 09:37:02.157, 5164624755102, vstest.console.dll, TestRequestSender.StartTestRun: Sending test run with message: {"Version":7,"MessageType":"TestExecution.StartWithSources","Payload":{"AdapterSourceMap":{"_none_":["C:\\MyPersonalFiles\\GensparkTraining\\GitHub\\Day10\\ClinicAppointmentSolution\\ClinicAppointmentBLTest\\bin\\Debug\\net6.0\\fine-code-coverage\\build-output\\ClinicAppointmentBLTest.dll"]},"RunSettings":"<RunSettings>\r\n  <RunConfiguration>\r\n    <ResultsDirectory>C:\\MyPersonalFiles\\GensparkTraining\\GitHub\\Day10\\ClinicAppointmentSolution\\ClinicAppointmentBLTest\\bin\\Debug\\net6.0\\fine-code-coverage\\coverage-tool-output</ResultsDirectory>\r\n    <TargetFrameworkVersion>.NETCoreApp,Version=v6.0</TargetFrameworkVersion>\r\n    <DesignMode>False</DesignMode>\r\n    <CollectSourceInformation>False</CollectSourceInformation>\r\n  </RunConfiguration>\r\n  <LoggerRunSettings>\r\n    <Loggers>\r\n      <Logger friendlyName=\"blame\" enabled=\"True\" />\r\n      <Logger friendlyName=\"Console\" uri=\"logger://microsoft/TestPlatform/ConsoleLogger/v1\" assemblyQualifiedName=\"Microsoft.VisualStudio.TestPlatform.CommandLine.Internal.ConsoleLogger, vstest.console, Version=15.0.0.0, Culture=neutral, PublicKeyToken=b03f5f7f11d50a3a\" codeBase=\"C:\\Program Files\\dotnet\\sdk\\8.0.202\\vstest.console.dll\" enabled=\"True\" />\r\n    </Loggers>\r\n  </LoggerRunSettings>\r\n  <DataCollectionRunSettings>\r\n    <DataCollectors>\r\n      <DataCollector friendlyName=\"blame\" enabled=\"True\">\r\n        <Configuration>\r\n          <ResultsDirectory>C:\\MyPersonalFiles\\GensparkTraining\\GitHub\\Day10\\ClinicAppointmentSolution\\ClinicAppointmentBLTest\\bin\\Debug\\net6.0\\fine-code-coverage\\coverage-tool-output</ResultsDirectory>\r\n        </Configuration>\r\n      </DataCollector>\r\n    </DataCollectors>\r\n  </DataCollectionRunSettings>\r\n</RunSettings>","TestExecutionContext":{"FrequencyOfRunStatsChangeEvent":10,"RunStatsChangeEventTimeout":"00:00:01.5000000","InIsolation":false,"KeepAlive":false,"AreTestCaseLevelEventsRequired":false,"IsDebug":false,"TestCaseFilter":null,"FilterOptions":null},"Package":null}}
TpTrace Verbose: 0 : 10940, 5, 2024/04/24, 09:37:02.157, 5164624758711, vstest.console.dll, ParallelProxyExecutionManager.StartTestRunOnConcurrentManager: Execution started. Started clients: 1
TpTrace Verbose: 0 : 10940, 7, 2024/04/24, 09:37:02.330, 5164626485753, vstest.console.dll, TcpClientExtensions.MessageLoopAsync: NotifyDataAvailable remoteEndPoint: 127.0.0.1:53430 localEndPoint: 127.0.0.1:53429
TpTrace Verbose: 0 : 10940, 7, 2024/04/24, 09:37:02.330, 5164626487696, vstest.console.dll, TestRequestSender.OnExecutionMessageReceived: Received message: {"Version":7,"MessageType":"TestSession.Message","Payload":{"MessageLevel":0,"Message":"NUnit Adapter 4.4.0.0: Test execution started"}}
TpTrace Verbose: 0 : 10940, 7, 2024/04/24, 09:37:02.330, 5164626489495, vstest.console.dll, TestRunRequest:SendTestRunMessage: Starting.
TpTrace Verbose: 0 : 10940, 7, 2024/04/24, 09:37:02.331, 5164626490237, vstest.console.dll, MulticastDelegateUtilities.SafeInvoke: TestRun.LogMessages: Invoking callback 1/1 for Microsoft.VisualStudio.TestPlatform.CommandLine.TestRunResultAggregator., took 0 ms.
TpTrace Information: 0 : 10940, 7, 2024/04/24, 09:37:02.331, 5164626490667, vstest.console.dll, TestRunRequest:SendTestRunMessage: Completed.
TpTrace Verbose: 0 : 10940, 4, 2024/04/24, 09:37:02.331, 5164626490867, vstest.console.dll, MulticastDelegateUtilities.SafeInvoke: InternalTestLoggerEvents.SendTestRunMessage: Invoking callback 1/1 for Microsoft.VisualStudio.TestPlatform.CommandLine.Internal.ConsoleLogger., took 0 ms.
TpTrace Verbose: 0 : 10940, 7, 2024/04/24, 09:37:02.331, 5164626491078, vstest.console.dll, MulticastDelegateUtilities.SafeInvoke: LengthPrefixCommunicationChannel: MessageReceived: Invoking callback 1/1 for Microsoft.VisualStudio.TestPlatform.CommunicationUtilities.TestRequestSender+<>c__DisplayClass34_0., took 0 ms.
TpTrace Verbose: 0 : 10940, 7, 2024/04/24, 09:37:02.331, 5164626491947, vstest.console.dll, TcpClientExtensions.MessageLoopAsync: Polling on remoteEndPoint: 127.0.0.1:53430 localEndPoint: 127.0.0.1:53429 after 185 ms
TpTrace Verbose: 0 : 10940, 7, 2024/04/24, 09:37:02.356, 5164626749077, vstest.console.dll, TcpClientExtensions.MessageLoopAsync: NotifyDataAvailable remoteEndPoint: 127.0.0.1:53430 localEndPoint: 127.0.0.1:53429
TpTrace Verbose: 0 : 10940, 7, 2024/04/24, 09:37:02.357, 5164626751453, vstest.console.dll, TestRequestSender.OnExecutionMessageReceived: Received message: {"Version":7,"MessageType":"TestSession.Message","Payload":{"MessageLevel":0,"Message":"Running all tests in C:\\MyPersonalFiles\\GensparkTraining\\GitHub\\Day10\\ClinicAppointmentSolution\\ClinicAppointmentBLTest\\bin\\Debug\\net6.0\\fine-code-coverage\\build-output\\ClinicAppointmentBLTest.dll"}}
TpTrace Verbose: 0 : 10940, 7, 2024/04/24, 09:37:02.357, 5164626753989, vstest.console.dll, TestRunRequest:SendTestRunMessage: Starting.
TpTrace Verbose: 0 : 10940, 7, 2024/04/24, 09:37:02.357, 5164626755049, vstest.console.dll, MulticastDelegateUtilities.SafeInvoke: TestRun.LogMessages: Invoking callback 1/1 for Microsoft.VisualStudio.TestPlatform.CommandLine.TestRunResultAggregator., took 0 ms.
TpTrace Information: 0 : 10940, 7, 2024/04/24, 09:37:02.357, 5164626755481, vstest.console.dll, TestRunRequest:SendTestRunMessage: Completed.
TpTrace Verbose: 0 : 10940, 4, 2024/04/24, 09:37:02.357, 5164626755753, vstest.console.dll, MulticastDelegateUtilities.SafeInvoke: InternalTestLoggerEvents.SendTestRunMessage: Invoking callback 1/1 for Microsoft.VisualStudio.TestPlatform.CommandLine.Internal.ConsoleLogger., took 0 ms.
TpTrace Verbose: 0 : 10940, 7, 2024/04/24, 09:37:02.357, 5164626755908, vstest.console.dll, MulticastDelegateUtilities.SafeInvoke: LengthPrefixCommunicationChannel: MessageReceived: Invoking callback 1/1 for Microsoft.VisualStudio.TestPlatform.CommunicationUtilities.TestRequestSender+<>c__DisplayClass34_0., took 0 ms.
TpTrace Verbose: 0 : 10940, 7, 2024/04/24, 09:37:02.357, 5164626757732, vstest.console.dll, TcpClientExtensions.MessageLoopAsync: Polling on remoteEndPoint: 127.0.0.1:53430 localEndPoint: 127.0.0.1:53429 after 26 ms
TpTrace Verbose: 0 : 10940, 7, 2024/04/24, 09:37:02.486, 5164628043655, vstest.console.dll, TcpClientExtensions.MessageLoopAsync: NotifyDataAvailable remoteEndPoint: 127.0.0.1:53430 localEndPoint: 127.0.0.1:53429
TpTrace Verbose: 0 : 10940, 7, 2024/04/24, 09:37:02.486, 5164628046965, vstest.console.dll, TestRequestSender.OnExecutionMessageReceived: Received message: {"Version":7,"MessageType":"TestSession.Message","Payload":{"MessageLevel":0,"Message":"   NUnit3TestExecutor discovered 25 of 25 NUnit test cases using Current Discovery mode, Non-Explicit run"}}
TpTrace Verbose: 0 : 10940, 7, 2024/04/24, 09:37:02.486, 5164628048344, vstest.console.dll, TestRunRequest:SendTestRunMessage: Starting.
TpTrace Verbose: 0 : 10940, 7, 2024/04/24, 09:37:02.486, 5164628048992, vstest.console.dll, MulticastDelegateUtilities.SafeInvoke: TestRun.LogMessages: Invoking callback 1/1 for Microsoft.VisualStudio.TestPlatform.CommandLine.TestRunResultAggregator., took 0 ms.
TpTrace Information: 0 : 10940, 7, 2024/04/24, 09:37:02.486, 5164628049386, vstest.console.dll, TestRunRequest:SendTestRunMessage: Completed.
TpTrace Verbose: 0 : 10940, 7, 2024/04/24, 09:37:02.487, 5164628049748, vstest.console.dll, MulticastDelegateUtilities.SafeInvoke: LengthPrefixCommunicationChannel: MessageReceived: Invoking callback 1/1 for Microsoft.VisualStudio.TestPlatform.CommunicationUtilities.TestRequestSender+<>c__DisplayClass34_0., took 0 ms.
TpTrace Verbose: 0 : 10940, 7, 2024/04/24, 09:37:02.487, 5164628050129, vstest.console.dll, TcpClientExtensions.MessageLoopAsync: Polling on remoteEndPoint: 127.0.0.1:53430 localEndPoint: 127.0.0.1:53429 after 129 ms
TpTrace Verbose: 0 : 10940, 4, 2024/04/24, 09:37:02.487, 5164628050165, vstest.console.dll, MulticastDelegateUtilities.SafeInvoke: InternalTestLoggerEvents.SendTestRunMessage: Invoking callback 1/1 for Microsoft.VisualStudio.TestPlatform.CommandLine.Internal.ConsoleLogger., took 0 ms.
TpTrace Verbose: 0 : 10940, 7, 2024/04/24, 09:37:02.624, 5164629429132, vstest.console.dll, TcpClientExtensions.MessageLoopAsync: NotifyDataAvailable remoteEndPoint: 127.0.0.1:53430 localEndPoint: 127.0.0.1:53429
TpTrace Verbose: 0 : 10940, 7, 2024/04/24, 09:37:02.625, 5164629432655, vstest.console.dll, TestRequestSender.OnExecutionMessageReceived: Received message: {"Version":7,"MessageType":"TestSession.Message","Payload":{"MessageLevel":1,"Message":"Employee class default constructor\r\n"}}
TpTrace Verbose: 0 : 10940, 7, 2024/04/24, 09:37:02.625, 5164629435488, vstest.console.dll, TestRunRequest:SendTestRunMessage: Starting.
TpTrace Verbose: 0 : 10940, 7, 2024/04/24, 09:37:02.625, 5164629436920, vstest.console.dll, MulticastDelegateUtilities.SafeInvoke: TestRun.LogMessages: Invoking callback 1/1 for Microsoft.VisualStudio.TestPlatform.CommandLine.TestRunResultAggregator., took 0 ms.
TpTrace Information: 0 : 10940, 7, 2024/04/24, 09:37:02.625, 5164629437669, vstest.console.dll, TestRunRequest:SendTestRunMessage: Completed.
TpTrace Verbose: 0 : 10940, 7, 2024/04/24, 09:37:02.625, 5164629438402, vstest.console.dll, MulticastDelegateUtilities.SafeInvoke: LengthPrefixCommunicationChannel: MessageReceived: Invoking callback 1/1 for Microsoft.VisualStudio.TestPlatform.CommunicationUtilities.TestRequestSender+<>c__DisplayClass34_0., took 0 ms.
TpTrace Verbose: 0 : 10940, 4, 2024/04/24, 09:37:02.625, 5164629438988, vstest.console.dll, MulticastDelegateUtilities.SafeInvoke: InternalTestLoggerEvents.SendTestRunMessage: Invoking callback 1/1 for Microsoft.VisualStudio.TestPlatform.CommandLine.Internal.ConsoleLogger., took 0 ms.
TpTrace Verbose: 0 : 10940, 7, 2024/04/24, 09:37:02.625, 5164629439294, vstest.console.dll, TcpClientExtensions.MessageLoopAsync: Polling on remoteEndPoint: 127.0.0.1:53430 localEndPoint: 127.0.0.1:53429 after 138 ms
TpTrace Verbose: 0 : 10940, 7, 2024/04/24, 09:37:02.647, 5164629650793, vstest.console.dll, TcpClientExtensions.MessageLoopAsync: NotifyDataAvailable remoteEndPoint: 127.0.0.1:53430 localEndPoint: 127.0.0.1:53429
TpTrace Verbose: 0 : 10940, 7, 2024/04/24, 09:37:02.647, 5164629654579, vstest.console.dll, TestRequestSender.OnExecutionMessageReceived: Received message: {"Version":7,"MessageType":"TestSession.Message","Payload":{"MessageLevel":1,"Message":"Employee class default constructor\r\nEmployee class default constructor\r\n"}}
TpTrace Verbose: 0 : 10940, 7, 2024/04/24, 09:37:02.647, 5164629657133, vstest.console.dll, TestRunRequest:SendTestRunMessage: Starting.
TpTrace Verbose: 0 : 10940, 7, 2024/04/24, 09:37:02.647, 5164629658486, vstest.console.dll, MulticastDelegateUtilities.SafeInvoke: TestRun.LogMessages: Invoking callback 1/1 for Microsoft.VisualStudio.TestPlatform.CommandLine.TestRunResultAggregator., took 0 ms.
TpTrace Information: 0 : 10940, 7, 2024/04/24, 09:37:02.647, 5164629659135, vstest.console.dll, TestRunRequest:SendTestRunMessage: Completed.
TpTrace Verbose: 0 : 10940, 7, 2024/04/24, 09:37:02.648, 5164629659812, vstest.console.dll, MulticastDelegateUtilities.SafeInvoke: LengthPrefixCommunicationChannel: MessageReceived: Invoking callback 1/1 for Microsoft.VisualStudio.TestPlatform.CommunicationUtilities.TestRequestSender+<>c__DisplayClass34_0., took 0 ms.
TpTrace Verbose: 0 : 10940, 4, 2024/04/24, 09:37:02.648, 5164629660024, vstest.console.dll, MulticastDelegateUtilities.SafeInvoke: InternalTestLoggerEvents.SendTestRunMessage: Invoking callback 1/1 for Microsoft.VisualStudio.TestPlatform.CommandLine.Internal.ConsoleLogger., took 0 ms.
TpTrace Verbose: 0 : 10940, 7, 2024/04/24, 09:37:02.648, 5164629660656, vstest.console.dll, TcpClientExtensions.MessageLoopAsync: Polling on remoteEndPoint: 127.0.0.1:53430 localEndPoint: 127.0.0.1:53429 after 21 ms
TpTrace Verbose: 0 : 10940, 7, 2024/04/24, 09:37:02.651, 5164629696264, vstest.console.dll, TcpClientExtensions.MessageLoopAsync: NotifyDataAvailable remoteEndPoint: 127.0.0.1:53430 localEndPoint: 127.0.0.1:53429
TpTrace Verbose: 0 : 10940, 7, 2024/04/24, 09:37:02.651, 5164629698059, vstest.console.dll, TestRequestSender.OnExecutionMessageReceived: Received message: {"Version":7,"MessageType":"TestSession.Message","Payload":{"MessageLevel":1,"Message":"Employee class default constructor\r\n"}}
TpTrace Verbose: 0 : 10940, 7, 2024/04/24, 09:37:02.651, 5164629699494, vstest.console.dll, TestRunRequest:SendTestRunMessage: Starting.
TpTrace Verbose: 0 : 10940, 7, 2024/04/24, 09:37:02.652, 5164629700283, vstest.console.dll, MulticastDelegateUtilities.SafeInvoke: TestRun.LogMessages: Invoking callback 1/1 for Microsoft.VisualStudio.TestPlatform.CommandLine.TestRunResultAggregator., took 0 ms.
TpTrace Information: 0 : 10940, 7, 2024/04/24, 09:37:02.652, 5164629700741, vstest.console.dll, TestRunRequest:SendTestRunMessage: Completed.
TpTrace Verbose: 0 : 10940, 7, 2024/04/24, 09:37:02.652, 5164629701182, vstest.console.dll, MulticastDelegateUtilities.SafeInvoke: LengthPrefixCommunicationChannel: MessageReceived: Invoking callback 1/1 for Microsoft.VisualStudio.TestPlatform.CommunicationUtilities.TestRequestSender+<>c__DisplayClass34_0., took 0 ms.
TpTrace Verbose: 0 : 10940, 7, 2024/04/24, 09:37:02.652, 5164629701641, vstest.console.dll, TcpClientExtensions.MessageLoopAsync: Polling on remoteEndPoint: 127.0.0.1:53430 localEndPoint: 127.0.0.1:53429 after 3 ms
TpTrace Verbose: 0 : 10940, 4, 2024/04/24, 09:37:02.652, 5164629701748, vstest.console.dll, MulticastDelegateUtilities.SafeInvoke: InternalTestLoggerEvents.SendTestRunMessage: Invoking callback 1/1 for Microsoft.VisualStudio.TestPlatform.CommandLine.Internal.ConsoleLogger., took 0 ms.
TpTrace Verbose: 0 : 10940, 7, 2024/04/24, 09:37:02.654, 5164629729084, vstest.console.dll, TcpClientExtensions.MessageLoopAsync: NotifyDataAvailable remoteEndPoint: 127.0.0.1:53430 localEndPoint: 127.0.0.1:53429
TpTrace Verbose: 0 : 10940, 7, 2024/04/24, 09:37:02.655, 5164629731058, vstest.console.dll, TestRequestSender.OnExecutionMessageReceived: Received message: {"Version":7,"MessageType":"TestSession.Message","Payload":{"MessageLevel":1,"Message":"Employee class default constructor\r\n"}}
TpTrace Verbose: 0 : 10940, 7, 2024/04/24, 09:37:02.655, 5164629732569, vstest.console.dll, TestRunRequest:SendTestRunMessage: Starting.
TpTrace Verbose: 0 : 10940, 7, 2024/04/24, 09:37:02.655, 5164629733722, vstest.console.dll, MulticastDelegateUtilities.SafeInvoke: TestRun.LogMessages: Invoking callback 1/1 for Microsoft.VisualStudio.TestPlatform.CommandLine.TestRunResultAggregator., took 0 ms.
TpTrace Information: 0 : 10940, 7, 2024/04/24, 09:37:02.655, 5164629734838, vstest.console.dll, TestRunRequest:SendTestRunMessage: Completed.
TpTrace Verbose: 0 : 10940, 7, 2024/04/24, 09:37:02.655, 5164629735503, vstest.console.dll, MulticastDelegateUtilities.SafeInvoke: LengthPrefixCommunicationChannel: MessageReceived: Invoking callback 1/1 for Microsoft.VisualStudio.TestPlatform.CommunicationUtilities.TestRequestSender+<>c__DisplayClass34_0., took 0 ms.
TpTrace Verbose: 0 : 10940, 4, 2024/04/24, 09:37:02.655, 5164629735368, vstest.console.dll, MulticastDelegateUtilities.SafeInvoke: InternalTestLoggerEvents.SendTestRunMessage: Invoking callback 1/1 for Microsoft.VisualStudio.TestPlatform.CommandLine.Internal.ConsoleLogger., took 0 ms.
TpTrace Verbose: 0 : 10940, 7, 2024/04/24, 09:37:02.655, 5164629736145, vstest.console.dll, TcpClientExtensions.MessageLoopAsync: Polling on remoteEndPoint: 127.0.0.1:53430 localEndPoint: 127.0.0.1:53429 after 3 ms
TpTrace Verbose: 0 : 10940, 7, 2024/04/24, 09:37:02.690, 5164630089484, vstest.console.dll, TcpClientExtensions.MessageLoopAsync: NotifyDataAvailable remoteEndPoint: 127.0.0.1:53430 localEndPoint: 127.0.0.1:53429
TpTrace Verbose: 0 : 10940, 7, 2024/04/24, 09:37:02.691, 5164630093340, vstest.console.dll, TestRequestSender.OnExecutionMessageReceived: Received message: {"Version":7,"MessageType":"TestExecution.StatsChange","Payload":{"NewTestResults":[{"TestCase":{"Id":"9e643169-afab-b8f3-a560-6252e5405db6","FullyQualifiedName":"ClinicAppointmentBLTest.AppointmentBLTest.AddAppointment","DisplayName":"AddAppointment","ExecutorUri":"executor://NUnit3TestExecutor","Source":"C:\\MyPersonalFiles\\GensparkTraining\\GitHub\\Day10\\ClinicAppointmentSolution\\ClinicAppointmentBLTest\\bin\\Debug\\net6.0\\fine-code-coverage\\build-output\\ClinicAppointmentBLTest.dll","CodeFilePath":null,"LineNumber":0,"Properties":[{"Key":{"Id":"NUnit.Seed","Label":"Seed","Category":"","Description":"","Attributes":0,"ValueType":"System.String"},"Value":"1584416073"}]},"Attachments":[],"Outcome":1,"ErrorMessage":null,"ErrorStackTrace":null,"DisplayName":"AddAppointment","Messages":[],"ComputerName":"4N8CBX3","Duration":"00:00:00.0127820","StartTime":"2024-04-24T04:07:02.5121753+00:00","EndTime":"2024-04-24T04:07:02.5249025+00:00","Properties":[{"Key":{"Id":"NUnit.Seed","Label":"Seed","Category":"","Description":"","Attributes":0,"ValueType":"System.String"},"Value":"1584416073"}]},{"TestCase":{"Id":"382e5543-1b75-792f-7e6f-b8beab688334","FullyQualifiedName":"ClinicAppointmentBLTest.AppointmentBLTest.GetAllAppointments","DisplayName":"GetAllAppointments","ExecutorUri":"executor://NUnit3TestExecutor","Source":"C:\\MyPersonalFiles\\GensparkTraining\\GitHub\\Day10\\ClinicAppointmentSolution\\ClinicAppointmentBLTest\\bin\\Debug\\net6.0\\fine-code-coverage\\build-output\\ClinicAppointmentBLTest.dll","CodeFilePath":null,"LineNumber":0,"Properties":[{"Key":{"Id":"NUnit.Seed","Label":"Seed","Category":"","Description":"","Attributes":0,"ValueType":"System.String"},"Value":"1193469721"}]},"Attachments":[],"Outcome":1,"ErrorMessage":null,"ErrorStackTrace":null,"DisplayName":"GetAllAppointments","Messages":[],"ComputerName":"4N8CBX3","Duration":"00:00:00.0008370","StartTime":"2024-04-24T04:07:02.5261503+00:00","EndTime":"2024-04-24T04:07:02.5269877+00:00","Properties":[{"Key":{"Id":"NUnit.Seed","Label":"Seed","Category":"","Description":"","Attributes":0,"ValueType":"System.String"},"Value":"1193469721"}]},{"TestCase":{"Id":"6e8a2575-9690-2c53-322e-75e4af1274b8","FullyQualifiedName":"ClinicAppointmentBLTest.AppointmentBLTest.GetAllAppointmentsFail","DisplayName":"GetAllAppointmentsFail","ExecutorUri":"executor://NUnit3TestExecutor","Source":"C:\\MyPersonalFiles\\GensparkTraining\\GitHub\\Day10\\ClinicAppointmentSolution\\ClinicAppointmentBLTest\\bin\\Debug\\net6.0\\fine-code-coverage\\build-output\\ClinicAppointmentBLTest.dll","CodeFilePath":null,"LineNumber":0,"Properties":[{"Key":{"Id":"NUnit.Seed","Label":"Seed","Category":"","Description":"","Attributes":0,"ValueType":"System.String"},"Value":"423424759"}]},"Attachments":[],"Outcome":1,"ErrorMessage":null,"ErrorStackTrace":null,"DisplayName":"GetAllAppointmentsFail","Messages":[],"ComputerName":"4N8CBX3","Duration":"00:00:00.0041200","StartTime":"2024-04-24T04:07:02.5270091+00:00","EndTime":"2024-04-24T04:07:02.5311283+00:00","Properties":[{"Key":{"Id":"NUnit.Seed","Label":"Seed","Category":"","Description":"","Attributes":0,"ValueType":"System.String"},"Value":"423424759"}]},{"TestCase":{"Id":"4509c91e-d4ba-6987-5c19-dfb7d6c08fb5","FullyQualifiedName":"ClinicAppointmentBLTest.AppointmentBLTest.GetAppointmentById","DisplayName":"GetAppointmentById","ExecutorUri":"executor://NUnit3TestExecutor","Source":"C:\\MyPersonalFiles\\GensparkTraining\\GitHub\\Day10\\ClinicAppointmentSolution\\ClinicAppointmentBLTest\\bin\\Debug\\net6.0\\fine-code-coverage\\build-output\\ClinicAppointmentBLTest.dll","CodeFilePath":null,"LineNumber":0,"Properties":[{"Key":{"Id":"NUnit.Seed","Label":"Seed","Category":"","Description":"","Attributes":0,"ValueType":"System.String"},"Value":"322705960"}]},"Attachments":[],"Outcome":1,"ErrorMessage":null,"ErrorStackTrace":null,"DisplayName":"GetAppointmentById","Messages":[],"ComputerName":"4N8CBX3","Duration":"00:00:00.0029500","StartTime":"2024-04-24T04:07:02.531149+00:00","EndTime":"2024-04-24T04:07:02.5340989+00:00","Properties":[{"Key":{"Id":"NUnit.Seed","Label":"Seed","Category":"","Description":"","Attributes":0,"ValueType":"System.String"},"Value":"322705960"}]},{"TestCase":{"Id":"35e96573-4220-6c6a-21c4-7e9c243e805d","FullyQualifiedName":"ClinicAppointmentBLTest.AppointmentBLTest.GetAppointmentByIdFail","DisplayName":"GetAppointmentByIdFail","ExecutorUri":"executor://NUnit3TestExecutor","Source":"C:\\MyPersonalFiles\\GensparkTraining\\GitHub\\Day10\\ClinicAppointmentSolution\\ClinicAppointmentBLTest\\bin\\Debug\\net6.0\\fine-code-coverage\\build-output\\ClinicAppointmentBLTest.dll","CodeFilePath":null,"LineNumber":0,"Properties":[{"Key":{"Id":"NUnit.Seed","Label":"Seed","Category":"","Description":"","Attributes":0,"ValueType":"System.String"},"Value":"345560529"}]},"Attachments":[],"Outcome":1,"ErrorMessage":null,"ErrorStackTrace":null,"DisplayName":"GetAppointmentByIdFail","Messages":[],"ComputerName":"4N8CBX3","Duration":"00:00:00.0005190","StartTime":"2024-04-24T04:07:02.5341351+00:00","EndTime":"2024-04-24T04:07:02.534654+00:00","Properties":[{"Key":{"Id":"NUnit.Seed","Label":"Seed","Category":"","Description":"","Attributes":0,"ValueType":"System.String"},"Value":"345560529"}]},{"TestCase":{"Id":"567145cd-b1d9-45c3-1118-fa83bbb89972","FullyQualifiedName":"ClinicAppointmentBLTest.Test.AddPatient","DisplayName":"AddPatient","ExecutorUri":"executor://NUnit3TestExecutor","Source":"C:\\MyPersonalFiles\\GensparkTraining\\GitHub\\Day10\\ClinicAppointmentSolution\\ClinicAppointmentBLTest\\bin\\Debug\\net6.0\\fine-code-coverage\\build-output\\ClinicAppointmentBLTest.dll","CodeFilePath":null,"LineNumber":0,"Properties":[{"Key":{"Id":"NUnit.Seed","Label":"Seed","Category":"","Description":"","Attributes":0,"ValueType":"System.String"},"Value":"1644342069"}]},"Attachments":[],"Outcome":1,"ErrorMessage":null,"ErrorStackTrace":null,"DisplayName":"AddPatient","Messages":[{"Category":"StdOutMsgs","Text":"Employee class default constructor\r\n"}],"ComputerName":"4N8CBX3","Duration":"00:00:00.0017190","StartTime":"2024-04-24T04:07:02.5378894+00:00","EndTime":"2024-04-24T04:07:02.539608+00:00","Properties":[{"Key":{"Id":"NUnit.Seed","Label":"Seed","Category":"","Description":"","Attributes":0,"ValueType":"System.String"},"Value":"1644342069"}]},{"TestCase":{"Id":"e7fbee6c-dd5d-7baf-cda9-aceac53d3e92","FullyQualifiedName":"ClinicAppointmentBLTest.Test.AddPatientFailTest","DisplayName":"AddPatientFailTest","ExecutorUri":"executor://NUnit3TestExecutor","Source":"C:\\MyPersonalFiles\\GensparkTraining\\GitHub\\Day10\\ClinicAppointmentSolution\\ClinicAppointmentBLTest\\bin\\Debug\\net6.0\\fine-code-coverage\\build-output\\ClinicAppointmentBLTest.dll","CodeFilePath":null,"LineNumber":0,"Properties":[{"Key":{"Id":"NUnit.Seed","Label":"Seed","Category":"","Description":"","Attributes":0,"ValueType":"System.String"},"Value":"971563759"}]},"Attachments":[],"Outcome":1,"ErrorMessage":null,"ErrorStackTrace":null,"DisplayName":"AddPatientFailTest","Messages":[{"Category":"StdOutMsgs","Text":"Employee class default constructor\r\nEmployee class default constructor\r\n"}],"ComputerName":"4N8CBX3","Duration":"00:00:00.0008210","StartTime":"2024-04-24T04:07:02.5397357+00:00","EndTime":"2024-04-24T04:07:02.5405565+00:00","Properties":[{"Key":{"Id":"NUnit.Seed","Label":"Seed","Category":"","Description":"","Attributes":0,"ValueType":"System.String"},"Value":"971563759"}]},{"TestCase":{"Id":"7589f92e-ba06-ef7d-f5a8-e6d95fe279e1","FullyQualifiedName":"ClinicAppointmentBLTest.Test.ChangePatientName","DisplayName":"ChangePatientName","ExecutorUri":"executor://NUnit3TestExecutor","Source":"C:\\MyPersonalFiles\\GensparkTraining\\GitHub\\Day10\\ClinicAppointmentSolution\\ClinicAppointmentBLTest\\bin\\Debug\\net6.0\\fine-code-coverage\\build-output\\ClinicAppointmentBLTest.dll","CodeFilePath":null,"LineNumber":0,"Properties":[{"Key":{"Id":"NUnit.Seed","Label":"Seed","Category":"","Description":"","Attributes":0,"ValueType":"System.String"},"Value":"86147299"}]},"Attachments":[],"Outcome":1,"ErrorMessage":null,"ErrorStackTrace":null,"DisplayName":"ChangePatientName","Messages":[{"Category":"StdOutMsgs","Text":"Employee class default constructor\r\n"}],"ComputerName":"4N8CBX3","Duration":"00:00:00.0009260","StartTime":"2024-04-24T04:07:02.5405746+00:00","EndTime":"2024-04-24T04:07:02.5415007+00:00","Properties":[{"Key":{"Id":"NUnit.Seed","Label":"Seed","Category":"","Description":"","Attributes":0,"ValueType":"System.String"},"Value":"86147299"}]},{"TestCase":{"Id":"c2b44288-b037-9d3b-97aa-a8414da9f3e0","FullyQualifiedName":"ClinicAppointmentBLTest.Test.ChangePatientNameFail","DisplayName":"ChangePatientNameFail","ExecutorUri":"executor://NUnit3TestExecutor","Source":"C:\\MyPersonalFiles\\GensparkTraining\\GitHub\\Day10\\ClinicAppointmentSolution\\ClinicAppointmentBLTest\\bin\\Debug\\net6.0\\fine-code-coverage\\build-output\\ClinicAppointmentBLTest.dll","CodeFilePath":null,"LineNumber":0,"Properties":[{"Key":{"Id":"NUnit.Seed","Label":"Seed","Category":"","Description":"","Attributes":0,"ValueType":"System.String"},"Value":"1016240168"}]},"Attachments":[],"Outcome":1,"ErrorMessage":null,"ErrorStackTrace":null,"DisplayName":"ChangePatientNameFail","Messages":[{"Category":"StdOutMsgs","Text":"Employee class default constructor\r\n"}],"ComputerName":"4N8CBX3","Duration":"00:00:00.0003790","StartTime":"2024-04-24T04:07:02.5415147+00:00","EndTime":"2024-04-24T04:07:02.5418931+00:00","Properties":[{"Key":{"Id":"NUnit.Seed","Label":"Seed","Category":"","Description":"","Attributes":0,"ValueType":"System.String"},"Value":"1016240168"}]}],"TestRunStatistics":{"ExecutedTests":9,"Stats":{"Passed":9}},"ActiveTests":[{"Id":"4a3555a0-b677-9a9e-07a8-47df10b37cd3","FullyQualifiedName":"ClinicAppointmentBLTest.Test.GetAllPatients","DisplayName":"GetAllPatients","ExecutorUri":"executor://NUnit3TestExecutor","Source":"C:\\MyPersonalFiles\\GensparkTraining\\GitHub\\Day10\\ClinicAppointmentSolution\\ClinicAppointmentBLTest\\bin\\Debug\\net6.0\\fine-code-coverage\\build-output\\ClinicAppointmentBLTest.dll","CodeFilePath":null,"LineNumber":0,"Properties":[{"Key":{"Id":"NUnit.Seed","Label":"Seed","Category":"","Description":"","Attributes":0,"ValueType":"System.String"},"Value":"221077121"}]}]}}
TpTrace Verbose: 0 : 10940, 7, 2024/04/24, 09:37:02.719, 5164630373416, vstest.console.dll, TestRunRequest:SendTestRunStatsChange: Starting.
TpTrace Verbose: 0 : 10940, 7, 2024/04/24, 09:37:02.719, 5164630375959, vstest.console.dll, InProgress is GetAllPatients
TpTrace Verbose: 0 : 10940, 7, 2024/04/24, 09:37:02.721, 5164630396056, vstest.console.dll, MulticastDelegateUtilities.SafeInvoke: TestRun.RunStatsChanged: Invoking callbacks was skipped because there are no subscribers.
TpTrace Information: 0 : 10940, 7, 2024/04/24, 09:37:02.721, 5164630397236, vstest.console.dll, TestRunRequest:SendTestRunStatsChange: Completed.
TpTrace Verbose: 0 : 10940, 7, 2024/04/24, 09:37:02.721, 5164630397793, vstest.console.dll, MulticastDelegateUtilities.SafeInvoke: LengthPrefixCommunicationChannel: MessageReceived: Invoking callback 1/1 for Microsoft.VisualStudio.TestPlatform.CommunicationUtilities.TestRequestSender+<>c__DisplayClass34_0., took 30 ms.
TpTrace Verbose: 0 : 10940, 7, 2024/04/24, 09:37:02.721, 5164630398406, vstest.console.dll, TcpClientExtensions.MessageLoopAsync: Polling on remoteEndPoint: 127.0.0.1:53430 localEndPoint: 127.0.0.1:53429 after 66 ms
TpTrace Verbose: 0 : 10940, 7, 2024/04/24, 09:37:02.721, 5164630399151, vstest.console.dll, TcpClientExtensions.MessageLoopAsync: NotifyDataAvailable remoteEndPoint: 127.0.0.1:53430 localEndPoint: 127.0.0.1:53429
TpTrace Verbose: 0 : 10940, 7, 2024/04/24, 09:37:02.722, 5164630400396, vstest.console.dll, TestRequestSender.OnExecutionMessageReceived: Received message: {"Version":7,"MessageType":"TestSession.Message","Payload":{"MessageLevel":1,"Message":"Employee class default constructor\r\n"}}
TpTrace Verbose: 0 : 10940, 7, 2024/04/24, 09:37:02.722, 5164630402382, vstest.console.dll, TestRunRequest:SendTestRunMessage: Starting.
TpTrace Verbose: 0 : 10940, 7, 2024/04/24, 09:37:02.722, 5164630403485, vstest.console.dll, MulticastDelegateUtilities.SafeInvoke: TestRun.LogMessages: Invoking callback 1/1 for Microsoft.VisualStudio.TestPlatform.CommandLine.TestRunResultAggregator., took 0 ms.
TpTrace Information: 0 : 10940, 7, 2024/04/24, 09:37:02.722, 5164630404080, vstest.console.dll, TestRunRequest:SendTestRunMessage: Completed.
TpTrace Verbose: 0 : 10940, 7, 2024/04/24, 09:37:02.722, 5164630405029, vstest.console.dll, MulticastDelegateUtilities.SafeInvoke: LengthPrefixCommunicationChannel: MessageReceived: Invoking callback 1/1 for Microsoft.VisualStudio.TestPlatform.CommunicationUtilities.TestRequestSender+<>c__DisplayClass34_0., took 0 ms.
TpTrace Verbose: 0 : 10940, 7, 2024/04/24, 09:37:02.722, 5164630406154, vstest.console.dll, TcpClientExtensions.MessageLoopAsync: Polling on remoteEndPoint: 127.0.0.1:53430 localEndPoint: 127.0.0.1:53429 after 0 ms
TpTrace Verbose: 0 : 10940, 7, 2024/04/24, 09:37:02.722, 5164630406719, vstest.console.dll, TcpClientExtensions.MessageLoopAsync: NotifyDataAvailable remoteEndPoint: 127.0.0.1:53430 localEndPoint: 127.0.0.1:53429
TpTrace Verbose: 0 : 10940, 7, 2024/04/24, 09:37:02.723, 5164630410639, vstest.console.dll, TestRequestSender.OnExecutionMessageReceived: Received message: {"Version":7,"MessageType":"TestSession.Message","Payload":{"MessageLevel":1,"Message":"Employee class default constructor\r\n"}}
TpTrace Verbose: 0 : 10940, 7, 2024/04/24, 09:37:02.723, 5164630413148, vstest.console.dll, TestRunRequest:SendTestRunMessage: Starting.
TpTrace Verbose: 0 : 10940, 7, 2024/04/24, 09:37:02.723, 5164630414263, vstest.console.dll, MulticastDelegateUtilities.SafeInvoke: TestRun.LogMessages: Invoking callback 1/1 for Microsoft.VisualStudio.TestPlatform.CommandLine.TestRunResultAggregator., took 0 ms.
TpTrace Information: 0 : 10940, 7, 2024/04/24, 09:37:02.723, 5164630414775, vstest.console.dll, TestRunRequest:SendTestRunMessage: Completed.
TpTrace Verbose: 0 : 10940, 7, 2024/04/24, 09:37:02.723, 5164630415332, vstest.console.dll, MulticastDelegateUtilities.SafeInvoke: LengthPrefixCommunicationChannel: MessageReceived: Invoking callback 1/1 for Microsoft.VisualStudio.TestPlatform.CommunicationUtilities.TestRequestSender+<>c__DisplayClass34_0., took 0 ms.
TpTrace Verbose: 0 : 10940, 7, 2024/04/24, 09:37:02.723, 5164630415946, vstest.console.dll, TcpClientExtensions.MessageLoopAsync: Polling on remoteEndPoint: 127.0.0.1:53430 localEndPoint: 127.0.0.1:53429 after 0 ms
TpTrace Verbose: 0 : 10940, 7, 2024/04/24, 09:37:02.723, 5164630416641, vstest.console.dll, TcpClientExtensions.MessageLoopAsync: NotifyDataAvailable remoteEndPoint: 127.0.0.1:53430 localEndPoint: 127.0.0.1:53429
TpTrace Verbose: 0 : 10940, 7, 2024/04/24, 09:37:02.723, 5164630417643, vstest.console.dll, TestRequestSender.OnExecutionMessageReceived: Received message: {"Version":7,"MessageType":"TestSession.Message","Payload":{"MessageLevel":1,"Message":"Employee class default constructor\r\n"}}
TpTrace Verbose: 0 : 10940, 7, 2024/04/24, 09:37:02.723, 5164630419026, vstest.console.dll, TestRunRequest:SendTestRunMessage: Starting.
TpTrace Verbose: 0 : 10940, 7, 2024/04/24, 09:37:02.724, 5164630419819, vstest.console.dll, MulticastDelegateUtilities.SafeInvoke: TestRun.LogMessages: Invoking callback 1/1 for Microsoft.VisualStudio.TestPlatform.CommandLine.TestRunResultAggregator., took 0 ms.
TpTrace Information: 0 : 10940, 7, 2024/04/24, 09:37:02.724, 5164630420282, vstest.console.dll, TestRunRequest:SendTestRunMessage: Completed.
TpTrace Verbose: 0 : 10940, 7, 2024/04/24, 09:37:02.724, 5164630421250, vstest.console.dll, MulticastDelegateUtilities.SafeInvoke: LengthPrefixCommunicationChannel: MessageReceived: Invoking callback 1/1 for Microsoft.VisualStudio.TestPlatform.CommunicationUtilities.TestRequestSender+<>c__DisplayClass34_0., took 0 ms.
TpTrace Verbose: 0 : 10940, 7, 2024/04/24, 09:37:02.724, 5164630421927, vstest.console.dll, TcpClientExtensions.MessageLoopAsync: Polling on remoteEndPoint: 127.0.0.1:53430 localEndPoint: 127.0.0.1:53429 after 0 ms
TpTrace Verbose: 0 : 10940, 7, 2024/04/24, 09:37:02.724, 5164630422822, vstest.console.dll, TcpClientExtensions.MessageLoopAsync: NotifyDataAvailable remoteEndPoint: 127.0.0.1:53430 localEndPoint: 127.0.0.1:53429
TpTrace Verbose: 0 : 10940, 7, 2024/04/24, 09:37:02.724, 5164630423685, vstest.console.dll, TestRequestSender.OnExecutionMessageReceived: Received message: {"Version":7,"MessageType":"TestSession.Message","Payload":{"MessageLevel":1,"Message":"Employee class default constructor\r\n"}}
TpTrace Verbose: 0 : 10940, 7, 2024/04/24, 09:37:02.724, 5164630424770, vstest.console.dll, TestRunRequest:SendTestRunMessage: Starting.
TpTrace Verbose: 0 : 10940, 7, 2024/04/24, 09:37:02.724, 5164630425584, vstest.console.dll, MulticastDelegateUtilities.SafeInvoke: TestRun.LogMessages: Invoking callback 1/1 for Microsoft.VisualStudio.TestPlatform.CommandLine.TestRunResultAggregator., took 0 ms.
TpTrace Information: 0 : 10940, 7, 2024/04/24, 09:37:02.724, 5164630426119, vstest.console.dll, TestRunRequest:SendTestRunMessage: Completed.
TpTrace Verbose: 0 : 10940, 7, 2024/04/24, 09:37:02.724, 5164630426673, vstest.console.dll, MulticastDelegateUtilities.SafeInvoke: LengthPrefixCommunicationChannel: MessageReceived: Invoking callback 1/1 for Microsoft.VisualStudio.TestPlatform.CommunicationUtilities.TestRequestSender+<>c__DisplayClass34_0., took 0 ms.
TpTrace Verbose: 0 : 10940, 7, 2024/04/24, 09:37:02.724, 5164630427262, vstest.console.dll, TcpClientExtensions.MessageLoopAsync: Polling on remoteEndPoint: 127.0.0.1:53430 localEndPoint: 127.0.0.1:53429 after 0 ms
TpTrace Verbose: 0 : 10940, 7, 2024/04/24, 09:37:02.724, 5164630427955, vstest.console.dll, TcpClientExtensions.MessageLoopAsync: NotifyDataAvailable remoteEndPoint: 127.0.0.1:53430 localEndPoint: 127.0.0.1:53429
TpTrace Verbose: 0 : 10940, 7, 2024/04/24, 09:37:02.724, 5164630429034, vstest.console.dll, TestRequestSender.OnExecutionMessageReceived: Received message: {"Version":7,"MessageType":"TestSession.Message","Payload":{"MessageLevel":1,"Message":"Employee class default constructor\r\n"}}
TpTrace Verbose: 0 : 10940, 7, 2024/04/24, 09:37:02.725, 5164630430321, vstest.console.dll, TestRunRequest:SendTestRunMessage: Starting.
TpTrace Verbose: 0 : 10940, 7, 2024/04/24, 09:37:02.725, 5164630431389, vstest.console.dll, MulticastDelegateUtilities.SafeInvoke: TestRun.LogMessages: Invoking callback 1/1 for Microsoft.VisualStudio.TestPlatform.CommandLine.TestRunResultAggregator., took 0 ms.
TpTrace Information: 0 : 10940, 7, 2024/04/24, 09:37:02.725, 5164630432209, vstest.console.dll, TestRunRequest:SendTestRunMessage: Completed.
TpTrace Verbose: 0 : 10940, 4, 2024/04/24, 09:37:02.725, 5164630432521, vstest.console.dll, MulticastDelegateUtilities.SafeInvoke: InternalTestLoggerEvents.SendTestResult: Invoking callback 1/1 for Microsoft.VisualStudio.TestPlatform.CommandLine.Internal.ConsoleLogger., took 3 ms.
TpTrace Verbose: 0 : 10940, 7, 2024/04/24, 09:37:02.725, 5164630432876, vstest.console.dll, MulticastDelegateUtilities.SafeInvoke: LengthPrefixCommunicationChannel: MessageReceived: Invoking callback 1/1 for Microsoft.VisualStudio.TestPlatform.CommunicationUtilities.TestRequestSender+<>c__DisplayClass34_0., took 0 ms.
TpTrace Verbose: 0 : 10940, 7, 2024/04/24, 09:37:02.725, 5164630434208, vstest.console.dll, TcpClientExtensions.MessageLoopAsync: Polling on remoteEndPoint: 127.0.0.1:53430 localEndPoint: 127.0.0.1:53429 after 0 ms
TpTrace Verbose: 0 : 10940, 7, 2024/04/24, 09:37:02.725, 5164630434955, vstest.console.dll, TcpClientExtensions.MessageLoopAsync: NotifyDataAvailable remoteEndPoint: 127.0.0.1:53430 localEndPoint: 127.0.0.1:53429
TpTrace Verbose: 0 : 10940, 7, 2024/04/24, 09:37:02.725, 5164630435929, vstest.console.dll, TestRequestSender.OnExecutionMessageReceived: Received message: {"Version":7,"MessageType":"TestSession.Message","Payload":{"MessageLevel":1,"Message":"Employee class default constructor\r\nEmployee class default constructor\r\n"}}
TpTrace Verbose: 0 : 10940, 7, 2024/04/24, 09:37:02.725, 5164630437070, vstest.console.dll, TestRunRequest:SendTestRunMessage: Starting.
TpTrace Verbose: 0 : 10940, 7, 2024/04/24, 09:37:02.725, 5164630437837, vstest.console.dll, MulticastDelegateUtilities.SafeInvoke: TestRun.LogMessages: Invoking callback 1/1 for Microsoft.VisualStudio.TestPlatform.CommandLine.TestRunResultAggregator., took 0 ms.
TpTrace Verbose: 0 : 10940, 4, 2024/04/24, 09:37:02.725, 5164630438041, vstest.console.dll, MulticastDelegateUtilities.SafeInvoke: InternalTestLoggerEvents.SendTestResult: Invoking callback 1/1 for Microsoft.VisualStudio.TestPlatform.CommandLine.Internal.ConsoleLogger., took 0 ms.
TpTrace Information: 0 : 10940, 7, 2024/04/24, 09:37:02.725, 5164630438356, vstest.console.dll, TestRunRequest:SendTestRunMessage: Completed.
TpTrace Verbose: 0 : 10940, 4, 2024/04/24, 09:37:02.725, 5164630439479, vstest.console.dll, MulticastDelegateUtilities.SafeInvoke: InternalTestLoggerEvents.SendTestResult: Invoking callback 1/1 for Microsoft.VisualStudio.TestPlatform.CommandLine.Internal.ConsoleLogger., took 0 ms.
TpTrace Verbose: 0 : 10940, 7, 2024/04/24, 09:37:02.725, 5164630439707, vstest.console.dll, MulticastDelegateUtilities.SafeInvoke: LengthPrefixCommunicationChannel: MessageReceived: Invoking callback 1/1 for Microsoft.VisualStudio.TestPlatform.CommunicationUtilities.TestRequestSender+<>c__DisplayClass34_0., took 0 ms.
TpTrace Verbose: 0 : 10940, 4, 2024/04/24, 09:37:02.726, 5164630440211, vstest.console.dll, MulticastDelegateUtilities.SafeInvoke: InternalTestLoggerEvents.SendTestResult: Invoking callback 1/1 for Microsoft.VisualStudio.TestPlatform.CommandLine.Internal.ConsoleLogger., took 0 ms.
TpTrace Verbose: 0 : 10940, 7, 2024/04/24, 09:37:02.726, 5164630440772, vstest.console.dll, TcpClientExtensions.MessageLoopAsync: Polling on remoteEndPoint: 127.0.0.1:53430 localEndPoint: 127.0.0.1:53429 after 0 ms
TpTrace Verbose: 0 : 10940, 4, 2024/04/24, 09:37:02.726, 5164630440907, vstest.console.dll, MulticastDelegateUtilities.SafeInvoke: InternalTestLoggerEvents.SendTestResult: Invoking callback 1/1 for Microsoft.VisualStudio.TestPlatform.CommandLine.Internal.ConsoleLogger., took 0 ms.
TpTrace Verbose: 0 : 10940, 4, 2024/04/24, 09:37:02.726, 5164630441679, vstest.console.dll, MulticastDelegateUtilities.SafeInvoke: InternalTestLoggerEvents.SendTestResult: Invoking callback 1/1 for Microsoft.VisualStudio.TestPlatform.CommandLine.Internal.ConsoleLogger., took 0 ms.
TpTrace Verbose: 0 : 10940, 4, 2024/04/24, 09:37:02.726, 5164630442164, vstest.console.dll, MulticastDelegateUtilities.SafeInvoke: InternalTestLoggerEvents.SendTestResult: Invoking callback 1/1 for Microsoft.VisualStudio.TestPlatform.CommandLine.Internal.ConsoleLogger., took 0 ms.
TpTrace Verbose: 0 : 10940, 4, 2024/04/24, 09:37:02.726, 5164630442665, vstest.console.dll, MulticastDelegateUtilities.SafeInvoke: InternalTestLoggerEvents.SendTestResult: Invoking callback 1/1 for Microsoft.VisualStudio.TestPlatform.CommandLine.Internal.ConsoleLogger., took 0 ms.
TpTrace Verbose: 0 : 10940, 4, 2024/04/24, 09:37:02.726, 5164630443166, vstest.console.dll, MulticastDelegateUtilities.SafeInvoke: InternalTestLoggerEvents.SendTestResult: Invoking callback 1/1 for Microsoft.VisualStudio.TestPlatform.CommandLine.Internal.ConsoleLogger., took 0 ms.
TpTrace Verbose: 0 : 10940, 4, 2024/04/24, 09:37:02.726, 5164630444233, vstest.console.dll, MulticastDelegateUtilities.SafeInvoke: InternalTestLoggerEvents.SendTestRunMessage: Invoking callback 1/1 for Microsoft.VisualStudio.TestPlatform.CommandLine.Internal.ConsoleLogger., took 0 ms.
TpTrace Verbose: 0 : 10940, 4, 2024/04/24, 09:37:02.726, 5164630444890, vstest.console.dll, MulticastDelegateUtilities.SafeInvoke: InternalTestLoggerEvents.SendTestRunMessage: Invoking callback 1/1 for Microsoft.VisualStudio.TestPlatform.CommandLine.Internal.ConsoleLogger., took 0 ms.
TpTrace Verbose: 0 : 10940, 4, 2024/04/24, 09:37:02.726, 5164630446231, vstest.console.dll, MulticastDelegateUtilities.SafeInvoke: InternalTestLoggerEvents.SendTestRunMessage: Invoking callback 1/1 for Microsoft.VisualStudio.TestPlatform.CommandLine.Internal.ConsoleLogger., took 0 ms.
TpTrace Verbose: 0 : 10940, 4, 2024/04/24, 09:37:02.726, 5164630447882, vstest.console.dll, MulticastDelegateUtilities.SafeInvoke: InternalTestLoggerEvents.SendTestRunMessage: Invoking callback 1/1 for Microsoft.VisualStudio.TestPlatform.CommandLine.Internal.ConsoleLogger., took 0 ms.
TpTrace Verbose: 0 : 10940, 4, 2024/04/24, 09:37:02.726, 5164630449560, vstest.console.dll, MulticastDelegateUtilities.SafeInvoke: InternalTestLoggerEvents.SendTestRunMessage: Invoking callback 1/1 for Microsoft.VisualStudio.TestPlatform.CommandLine.Internal.ConsoleLogger., took 0 ms.
TpTrace Verbose: 0 : 10940, 7, 2024/04/24, 09:37:02.727, 5164630450222, vstest.console.dll, TcpClientExtensions.MessageLoopAsync: NotifyDataAvailable remoteEndPoint: 127.0.0.1:53430 localEndPoint: 127.0.0.1:53429
TpTrace Verbose: 0 : 10940, 4, 2024/04/24, 09:37:02.727, 5164630450672, vstest.console.dll, MulticastDelegateUtilities.SafeInvoke: InternalTestLoggerEvents.SendTestRunMessage: Invoking callback 1/1 for Microsoft.VisualStudio.TestPlatform.CommandLine.Internal.ConsoleLogger., took 0 ms.
TpTrace Verbose: 0 : 10940, 7, 2024/04/24, 09:37:02.727, 5164630451837, vstest.console.dll, TestRequestSender.OnExecutionMessageReceived: Received message: {"Version":7,"MessageType":"TestSession.Message","Payload":{"MessageLevel":1,"Message":"Employee class default constructor\r\n"}}
TpTrace Verbose: 0 : 10940, 7, 2024/04/24, 09:37:02.727, 5164630454660, vstest.console.dll, TestRunRequest:SendTestRunMessage: Starting.
TpTrace Verbose: 0 : 10940, 7, 2024/04/24, 09:37:02.727, 5164630455624, vstest.console.dll, MulticastDelegateUtilities.SafeInvoke: TestRun.LogMessages: Invoking callback 1/1 for Microsoft.VisualStudio.TestPlatform.CommandLine.TestRunResultAggregator., took 0 ms.
TpTrace Information: 0 : 10940, 7, 2024/04/24, 09:37:02.727, 5164630456156, vstest.console.dll, TestRunRequest:SendTestRunMessage: Completed.
TpTrace Verbose: 0 : 10940, 4, 2024/04/24, 09:37:02.727, 5164630456262, vstest.console.dll, MulticastDelegateUtilities.SafeInvoke: InternalTestLoggerEvents.SendTestRunMessage: Invoking callback 1/1 for Microsoft.VisualStudio.TestPlatform.CommandLine.Internal.ConsoleLogger., took 0 ms.
TpTrace Verbose: 0 : 10940, 7, 2024/04/24, 09:37:02.727, 5164630456716, vstest.console.dll, MulticastDelegateUtilities.SafeInvoke: LengthPrefixCommunicationChannel: MessageReceived: Invoking callback 1/1 for Microsoft.VisualStudio.TestPlatform.CommunicationUtilities.TestRequestSender+<>c__DisplayClass34_0., took 0 ms.
TpTrace Verbose: 0 : 10940, 7, 2024/04/24, 09:37:02.727, 5164630457911, vstest.console.dll, TcpClientExtensions.MessageLoopAsync: Polling on remoteEndPoint: 127.0.0.1:53430 localEndPoint: 127.0.0.1:53429 after 1 ms
TpTrace Verbose: 0 : 10940, 7, 2024/04/24, 09:37:02.731, 5164630491855, vstest.console.dll, TcpClientExtensions.MessageLoopAsync: NotifyDataAvailable remoteEndPoint: 127.0.0.1:53430 localEndPoint: 127.0.0.1:53429
TpTrace Verbose: 0 : 10940, 7, 2024/04/24, 09:37:02.731, 5164630495340, vstest.console.dll, TestRequestSender.OnExecutionMessageReceived: Received message: {"Version":7,"MessageType":"TestExecution.StatsChange","Payload":{"NewTestResults":[{"TestCase":{"Id":"4a3555a0-b677-9a9e-07a8-47df10b37cd3","FullyQualifiedName":"ClinicAppointmentBLTest.Test.GetAllPatients","DisplayName":"GetAllPatients","ExecutorUri":"executor://NUnit3TestExecutor","Source":"C:\\MyPersonalFiles\\GensparkTraining\\GitHub\\Day10\\ClinicAppointmentSolution\\ClinicAppointmentBLTest\\bin\\Debug\\net6.0\\fine-code-coverage\\build-output\\ClinicAppointmentBLTest.dll","CodeFilePath":null,"LineNumber":0,"Properties":[{"Key":{"Id":"NUnit.Seed","Label":"Seed","Category":"","Description":"","Attributes":0,"ValueType":"System.String"},"Value":"221077121"}]},"Attachments":[],"Outcome":1,"ErrorMessage":null,"ErrorStackTrace":null,"DisplayName":"GetAllPatients","Messages":[{"Category":"StdOutMsgs","Text":"Employee class default constructor\r\n"}],"ComputerName":"4N8CBX3","Duration":"00:00:00.0002700","StartTime":"2024-04-24T04:07:02.5419046+00:00","EndTime":"2024-04-24T04:07:02.5421743+00:00","Properties":[{"Key":{"Id":"NUnit.Seed","Label":"Seed","Category":"","Description":"","Attributes":0,"ValueType":"System.String"},"Value":"221077121"}]},{"TestCase":{"Id":"8ebd319a-b387-905f-971d-7a02d8a4ce37","FullyQualifiedName":"ClinicAppointmentBLTest.Test.GetAllPatientsFail","DisplayName":"GetAllPatientsFail","ExecutorUri":"executor://NUnit3TestExecutor","Source":"C:\\MyPersonalFiles\\GensparkTraining\\GitHub\\Day10\\ClinicAppointmentSolution\\ClinicAppointmentBLTest\\bin\\Debug\\net6.0\\fine-code-coverage\\build-output\\ClinicAppointmentBLTest.dll","CodeFilePath":null,"LineNumber":0,"Properties":[{"Key":{"Id":"NUnit.Seed","Label":"Seed","Category":"","Description":"","Attributes":0,"ValueType":"System.String"},"Value":"1615930784"}]},"Attachments":[],"Outcome":1,"ErrorMessage":null,"ErrorStackTrace":null,"DisplayName":"GetAllPatientsFail","Messages":[],"ComputerName":"4N8CBX3","Duration":"00:00:00.0002080","StartTime":"2024-04-24T04:07:02.5421851+00:00","EndTime":"2024-04-24T04:07:02.5423928+00:00","Properties":[{"Key":{"Id":"NUnit.Seed","Label":"Seed","Category":"","Description":"","Attributes":0,"ValueType":"System.String"},"Value":"1615930784"}]},{"TestCase":{"Id":"4bc99360-bec8-c232-256b-d745d081b0b5","FullyQualifiedName":"ClinicAppointmentBLTest.Test.GetPatientById","DisplayName":"GetPatientById","ExecutorUri":"executor://NUnit3TestExecutor","Source":"C:\\MyPersonalFiles\\GensparkTraining\\GitHub\\Day10\\ClinicAppointmentSolution\\ClinicAppointmentBLTest\\bin\\Debug\\net6.0\\fine-code-coverage\\build-output\\ClinicAppointmentBLTest.dll","CodeFilePath":null,"LineNumber":0,"Properties":[{"Key":{"Id":"NUnit.Seed","Label":"Seed","Category":"","Description":"","Attributes":0,"ValueType":"System.String"},"Value":"107225663"}]},"Attachments":[],"Outcome":1,"ErrorMessage":null,"ErrorStackTrace":null,"DisplayName":"GetPatientById","Messages":[{"Category":"StdOutMsgs","Text":"Employee class default constructor\r\n"}],"ComputerName":"4N8CBX3","Duration":"00:00:00.0002880","StartTime":"2024-04-24T04:07:02.5424038+00:00","EndTime":"2024-04-24T04:07:02.5426915+00:00","Properties":[{"Key":{"Id":"NUnit.Seed","Label":"Seed","Category":"","Description":"","Attributes":0,"ValueType":"System.String"},"Value":"107225663"}]},{"TestCase":{"Id":"a72dbede-547a-a069-c880-6d197d92f455","FullyQualifiedName":"ClinicAppointmentBLTest.Test.GetPatientByIdFail","DisplayName":"GetPatientByIdFail","ExecutorUri":"executor://NUnit3TestExecutor","Source":"C:\\MyPersonalFiles\\GensparkTraining\\GitHub\\Day10\\ClinicAppointmentSolution\\ClinicAppointmentBLTest\\bin\\Debug\\net6.0\\fine-code-coverage\\build-output\\ClinicAppointmentBLTest.dll","CodeFilePath":null,"LineNumber":0,"Properties":[{"Key":{"Id":"NUnit.Seed","Label":"Seed","Category":"","Description":"","Attributes":0,"ValueType":"System.String"},"Value":"169713715"}]},"Attachments":[],"Outcome":1,"ErrorMessage":null,"ErrorStackTrace":null,"DisplayName":"GetPatientByIdFail","Messages":[],"ComputerName":"4N8CBX3","Duration":"00:00:00.0003100","StartTime":"2024-04-24T04:07:02.5427052+00:00","EndTime":"2024-04-24T04:07:02.5430154+00:00","Properties":[{"Key":{"Id":"NUnit.Seed","Label":"Seed","Category":"","Description":"","Attributes":0,"ValueType":"System.String"},"Value":"169713715"}]},{"TestCase":{"Id":"2d7c29f3-3362-789b-99e6-1e767e0d6c7e","FullyQualifiedName":"ClinicAppointmentBLTest.Test.GetPatientByName","DisplayName":"GetPatientByName","ExecutorUri":"executor://NUnit3TestExecutor","Source":"C:\\MyPersonalFiles\\GensparkTraining\\GitHub\\Day10\\ClinicAppointmentSolution\\ClinicAppointmentBLTest\\bin\\Debug\\net6.0\\fine-code-coverage\\build-output\\ClinicAppointmentBLTest.dll","CodeFilePath":null,"LineNumber":0,"Properties":[{"Key":{"Id":"NUnit.Seed","Label":"Seed","Category":"","Description":"","Attributes":0,"ValueType":"System.String"},"Value":"1704348012"}]},"Attachments":[],"Outcome":1,"ErrorMessage":null,"ErrorStackTrace":null,"DisplayName":"GetPatientByName","Messages":[{"Category":"StdOutMsgs","Text":"Employee class default constructor\r\n"}],"ComputerName":"4N8CBX3","Duration":"00:00:00.0001290","StartTime":"2024-04-24T04:07:02.5430342+00:00","EndTime":"2024-04-24T04:07:02.543163+00:00","Properties":[{"Key":{"Id":"NUnit.Seed","Label":"Seed","Category":"","Description":"","Attributes":0,"ValueType":"System.String"},"Value":"1704348012"}]},{"TestCase":{"Id":"121475d5-c1f4-5ced-21a7-01361ef9d662","FullyQualifiedName":"ClinicAppointmentBLTest.Test.GetPatientByNameFail","DisplayName":"GetPatientByNameFail","ExecutorUri":"executor://NUnit3TestExecutor","Source":"C:\\MyPersonalFiles\\GensparkTraining\\GitHub\\Day10\\ClinicAppointmentSolution\\ClinicAppointmentBLTest\\bin\\Debug\\net6.0\\fine-code-coverage\\build-output\\ClinicAppointmentBLTest.dll","CodeFilePath":null,"LineNumber":0,"Properties":[{"Key":{"Id":"NUnit.Seed","Label":"Seed","Category":"","Description":"","Attributes":0,"ValueType":"System.String"},"Value":"1504914370"}]},"Attachments":[],"Outcome":1,"ErrorMessage":null,"ErrorStackTrace":null,"DisplayName":"GetPatientByNameFail","Messages":[{"Category":"StdOutMsgs","Text":"Employee class default constructor\r\n"}],"ComputerName":"4N8CBX3","Duration":"00:00:00.0004150","StartTime":"2024-04-24T04:07:02.5431732+00:00","EndTime":"2024-04-24T04:07:02.5435879+00:00","Properties":[{"Key":{"Id":"NUnit.Seed","Label":"Seed","Category":"","Description":"","Attributes":0,"ValueType":"System.String"},"Value":"1504914370"}]},{"TestCase":{"Id":"2048a04b-5fcd-fbe8-00b4-469b2a5ad3a7","FullyQualifiedName":"ClinicAppointmentBLTest.Tests.AddDoctor","DisplayName":"AddDoctor","ExecutorUri":"executor://NUnit3TestExecutor","Source":"C:\\MyPersonalFiles\\GensparkTraining\\GitHub\\Day10\\ClinicAppointmentSolution\\ClinicAppointmentBLTest\\bin\\Debug\\net6.0\\fine-code-coverage\\build-output\\ClinicAppointmentBLTest.dll","CodeFilePath":null,"LineNumber":0,"Properties":[{"Key":{"Id":"NUnit.Seed","Label":"Seed","Category":"","Description":"","Attributes":0,"ValueType":"System.String"},"Value":"1113884311"}]},"Attachments":[],"Outcome":1,"ErrorMessage":null,"ErrorStackTrace":null,"DisplayName":"AddDoctor","Messages":[{"Category":"StdOutMsgs","Text":"Employee class default constructor\r\n"}],"ComputerName":"4N8CBX3","Duration":"00:00:00.0007919","StartTime":"2024-04-24T04:07:02.5437682+00:00","EndTime":"2024-04-24T04:07:02.5445597+00:00","Properties":[{"Key":{"Id":"NUnit.Seed","Label":"Seed","Category":"","Description":"","Attributes":0,"ValueType":"System.String"},"Value":"1113884311"}]},{"TestCase":{"Id":"e291016e-042b-5750-770f-bbdb928af4c3","FullyQualifiedName":"ClinicAppointmentBLTest.Tests.AddDoctorFailTest","DisplayName":"AddDoctorFailTest","ExecutorUri":"executor://NUnit3TestExecutor","Source":"C:\\MyPersonalFiles\\GensparkTraining\\GitHub\\Day10\\ClinicAppointmentSolution\\ClinicAppointmentBLTest\\bin\\Debug\\net6.0\\fine-code-coverage\\build-output\\ClinicAppointmentBLTest.dll","CodeFilePath":null,"LineNumber":0,"Properties":[{"Key":{"Id":"NUnit.Seed","Label":"Seed","Category":"","Description":"","Attributes":0,"ValueType":"System.String"},"Value":"274029118"}]},"Attachments":[],"Outcome":1,"ErrorMessage":null,"ErrorStackTrace":null,"DisplayName":"AddDoctorFailTest","Messages":[{"Category":"StdOutMsgs","Text":"Employee class default constructor\r\nEmployee class default constructor\r\n"}],"ComputerName":"4N8CBX3","Duration":"00:00:00.0005580","StartTime":"2024-04-24T04:07:02.5445721+00:00","EndTime":"2024-04-24T04:07:02.5451294+00:00","Properties":[{"Key":{"Id":"NUnit.Seed","Label":"Seed","Category":"","Description":"","Attributes":0,"ValueType":"System.String"},"Value":"274029118"}]},{"TestCase":{"Id":"cee57e05-6370-dc8b-afd2-cd2bc36171f8","FullyQualifiedName":"ClinicAppointmentBLTest.Tests.ChangeDoctorName","DisplayName":"ChangeDoctorName","ExecutorUri":"executor://NUnit3TestExecutor","Source":"C:\\MyPersonalFiles\\GensparkTraining\\GitHub\\Day10\\ClinicAppointmentSolution\\ClinicAppointmentBLTest\\bin\\Debug\\net6.0\\fine-code-coverage\\build-output\\ClinicAppointmentBLTest.dll","CodeFilePath":null,"LineNumber":0,"Properties":[{"Key":{"Id":"NUnit.Seed","Label":"Seed","Category":"","Description":"","Attributes":0,"ValueType":"System.String"},"Value":"942252614"}]},"Attachments":[],"Outcome":1,"ErrorMessage":null,"ErrorStackTrace":null,"DisplayName":"ChangeDoctorName","Messages":[{"Category":"StdOutMsgs","Text":"Employee class default constructor\r\n"}],"ComputerName":"4N8CBX3","Duration":"00:00:00.0009090","StartTime":"2024-04-24T04:07:02.5451424+00:00","EndTime":"2024-04-24T04:07:02.5460511+00:00","Properties":[{"Key":{"Id":"NUnit.Seed","Label":"Seed","Category":"","Description":"","Attributes":0,"ValueType":"System.String"},"Value":"942252614"}]}],"TestRunStatistics":{"ExecutedTests":18,"Stats":{"Passed":18}},"ActiveTests":[{"Id":"bdbed19b-f6ec-92f8-6e28-2c837e9d7fc0","FullyQualifiedName":"ClinicAppointmentBLTest.Tests.ChangeDoctorNameFail","DisplayName":"ChangeDoctorNameFail","ExecutorUri":"executor://NUnit3TestExecutor","Source":"C:\\MyPersonalFiles\\GensparkTraining\\GitHub\\Day10\\ClinicAppointmentSolution\\ClinicAppointmentBLTest\\bin\\Debug\\net6.0\\fine-code-coverage\\build-output\\ClinicAppointmentBLTest.dll","CodeFilePath":null,"LineNumber":0,"Properties":[{"Key":{"Id":"NUnit.Seed","Label":"Seed","Category":"","Description":"","Attributes":0,"ValueType":"System.String"},"Value":"1102740393"}]}]}}
TpTrace Verbose: 0 : 10940, 7, 2024/04/24, 09:37:02.734, 5164630522834, vstest.console.dll, TestRunRequest:SendTestRunStatsChange: Starting.
TpTrace Verbose: 0 : 10940, 7, 2024/04/24, 09:37:02.734, 5164630524359, vstest.console.dll, InProgress is ChangeDoctorNameFail
TpTrace Verbose: 0 : 10940, 7, 2024/04/24, 09:37:02.734, 5164630526038, vstest.console.dll, MulticastDelegateUtilities.SafeInvoke: TestRun.RunStatsChanged: Invoking callbacks was skipped because there are no subscribers.
TpTrace Information: 0 : 10940, 7, 2024/04/24, 09:37:02.734, 5164630526577, vstest.console.dll, TestRunRequest:SendTestRunStatsChange: Completed.
TpTrace Verbose: 0 : 10940, 4, 2024/04/24, 09:37:02.734, 5164630526891, vstest.console.dll, MulticastDelegateUtilities.SafeInvoke: InternalTestLoggerEvents.SendTestResult: Invoking callback 1/1 for Microsoft.VisualStudio.TestPlatform.CommandLine.Internal.ConsoleLogger., took 0 ms.
TpTrace Verbose: 0 : 10940, 7, 2024/04/24, 09:37:02.734, 5164630527064, vstest.console.dll, MulticastDelegateUtilities.SafeInvoke: LengthPrefixCommunicationChannel: MessageReceived: Invoking callback 1/1 for Microsoft.VisualStudio.TestPlatform.CommunicationUtilities.TestRequestSender+<>c__DisplayClass34_0., took 3 ms.
TpTrace Verbose: 0 : 10940, 4, 2024/04/24, 09:37:02.734, 5164630527925, vstest.console.dll, MulticastDelegateUtilities.SafeInvoke: InternalTestLoggerEvents.SendTestResult: Invoking callback 1/1 for Microsoft.VisualStudio.TestPlatform.CommandLine.Internal.ConsoleLogger., took 0 ms.
TpTrace Verbose: 0 : 10940, 7, 2024/04/24, 09:37:02.734, 5164630528452, vstest.console.dll, TcpClientExtensions.MessageLoopAsync: Polling on remoteEndPoint: 127.0.0.1:53430 localEndPoint: 127.0.0.1:53429 after 6 ms
TpTrace Verbose: 0 : 10940, 4, 2024/04/24, 09:37:02.734, 5164630529005, vstest.console.dll, MulticastDelegateUtilities.SafeInvoke: InternalTestLoggerEvents.SendTestResult: Invoking callback 1/1 for Microsoft.VisualStudio.TestPlatform.CommandLine.Internal.ConsoleLogger., took 0 ms.
TpTrace Verbose: 0 : 10940, 7, 2024/04/24, 09:37:02.734, 5164630529520, vstest.console.dll, TcpClientExtensions.MessageLoopAsync: NotifyDataAvailable remoteEndPoint: 127.0.0.1:53430 localEndPoint: 127.0.0.1:53429
TpTrace Verbose: 0 : 10940, 4, 2024/04/24, 09:37:02.735, 5164630530902, vstest.console.dll, MulticastDelegateUtilities.SafeInvoke: InternalTestLoggerEvents.SendTestResult: Invoking callback 1/1 for Microsoft.VisualStudio.TestPlatform.CommandLine.Internal.ConsoleLogger., took 0 ms.
TpTrace Verbose: 0 : 10940, 7, 2024/04/24, 09:37:02.735, 5164630531483, vstest.console.dll, TestRequestSender.OnExecutionMessageReceived: Received message: {"Version":7,"MessageType":"TestSession.Message","Payload":{"MessageLevel":1,"Message":"Employee class default constructor\r\n"}}
TpTrace Verbose: 0 : 10940, 4, 2024/04/24, 09:37:02.735, 5164630531748, vstest.console.dll, MulticastDelegateUtilities.SafeInvoke: InternalTestLoggerEvents.SendTestResult: Invoking callback 1/1 for Microsoft.VisualStudio.TestPlatform.CommandLine.Internal.ConsoleLogger., took 0 ms.
TpTrace Verbose: 0 : 10940, 4, 2024/04/24, 09:37:02.735, 5164630532431, vstest.console.dll, MulticastDelegateUtilities.SafeInvoke: InternalTestLoggerEvents.SendTestResult: Invoking callback 1/1 for Microsoft.VisualStudio.TestPlatform.CommandLine.Internal.ConsoleLogger., took 0 ms.
TpTrace Verbose: 0 : 10940, 7, 2024/04/24, 09:37:02.735, 5164630533646, vstest.console.dll, TestRunRequest:SendTestRunMessage: Starting.
TpTrace Verbose: 0 : 10940, 7, 2024/04/24, 09:37:02.735, 5164630534675, vstest.console.dll, MulticastDelegateUtilities.SafeInvoke: TestRun.LogMessages: Invoking callback 1/1 for Microsoft.VisualStudio.TestPlatform.CommandLine.TestRunResultAggregator., took 0 ms.
TpTrace Information: 0 : 10940, 7, 2024/04/24, 09:37:02.735, 5164630534998, vstest.console.dll, TestRunRequest:SendTestRunMessage: Completed.
TpTrace Verbose: 0 : 10940, 7, 2024/04/24, 09:37:02.735, 5164630535282, vstest.console.dll, MulticastDelegateUtilities.SafeInvoke: LengthPrefixCommunicationChannel: MessageReceived: Invoking callback 1/1 for Microsoft.VisualStudio.TestPlatform.CommunicationUtilities.TestRequestSender+<>c__DisplayClass34_0., took 0 ms.
TpTrace Verbose: 0 : 10940, 7, 2024/04/24, 09:37:02.735, 5164630535582, vstest.console.dll, TcpClientExtensions.MessageLoopAsync: Polling on remoteEndPoint: 127.0.0.1:53430 localEndPoint: 127.0.0.1:53429 after 0 ms
TpTrace Verbose: 0 : 10940, 4, 2024/04/24, 09:37:02.736, 5164630548052, vstest.console.dll, MulticastDelegateUtilities.SafeInvoke: InternalTestLoggerEvents.SendTestResult: Invoking callback 1/1 for Microsoft.VisualStudio.TestPlatform.CommandLine.Internal.ConsoleLogger., took 1 ms.
TpTrace Verbose: 0 : 10940, 7, 2024/04/24, 09:37:02.736, 5164630549087, vstest.console.dll, TcpClientExtensions.MessageLoopAsync: NotifyDataAvailable remoteEndPoint: 127.0.0.1:53430 localEndPoint: 127.0.0.1:53429
TpTrace Verbose: 0 : 10940, 4, 2024/04/24, 09:37:02.737, 5164630549822, vstest.console.dll, MulticastDelegateUtilities.SafeInvoke: InternalTestLoggerEvents.SendTestResult: Invoking callback 1/1 for Microsoft.VisualStudio.TestPlatform.CommandLine.Internal.ConsoleLogger., took 0 ms.
TpTrace Verbose: 0 : 10940, 4, 2024/04/24, 09:37:02.737, 5164630550591, vstest.console.dll, MulticastDelegateUtilities.SafeInvoke: InternalTestLoggerEvents.SendTestResult: Invoking callback 1/1 for Microsoft.VisualStudio.TestPlatform.CommandLine.Internal.ConsoleLogger., took 0 ms.
TpTrace Verbose: 0 : 10940, 7, 2024/04/24, 09:37:02.737, 5164630550622, vstest.console.dll, TestRequestSender.OnExecutionMessageReceived: Received message: {"Version":7,"MessageType":"TestSession.Message","Payload":{"MessageLevel":1,"Message":"Employee class default constructor\r\n"}}
TpTrace Verbose: 0 : 10940, 4, 2024/04/24, 09:37:02.737, 5164630551993, vstest.console.dll, MulticastDelegateUtilities.SafeInvoke: InternalTestLoggerEvents.SendTestRunMessage: Invoking callback 1/1 for Microsoft.VisualStudio.TestPlatform.CommandLine.Internal.ConsoleLogger., took 0 ms.
TpTrace Verbose: 0 : 10940, 7, 2024/04/24, 09:37:02.737, 5164630552351, vstest.console.dll, TestRunRequest:SendTestRunMessage: Starting.
TpTrace Verbose: 0 : 10940, 7, 2024/04/24, 09:37:02.737, 5164630553259, vstest.console.dll, MulticastDelegateUtilities.SafeInvoke: TestRun.LogMessages: Invoking callback 1/1 for Microsoft.VisualStudio.TestPlatform.CommandLine.TestRunResultAggregator., took 0 ms.
TpTrace Verbose: 0 : 10940, 4, 2024/04/24, 09:37:02.737, 5164630553789, vstest.console.dll, MulticastDelegateUtilities.SafeInvoke: InternalTestLoggerEvents.SendTestRunMessage: Invoking callback 1/1 for Microsoft.VisualStudio.TestPlatform.CommandLine.Internal.ConsoleLogger., took 0 ms.
TpTrace Information: 0 : 10940, 7, 2024/04/24, 09:37:02.737, 5164630554672, vstest.console.dll, TestRunRequest:SendTestRunMessage: Completed.
TpTrace Verbose: 0 : 10940, 7, 2024/04/24, 09:37:02.737, 5164630555690, vstest.console.dll, MulticastDelegateUtilities.SafeInvoke: LengthPrefixCommunicationChannel: MessageReceived: Invoking callback 1/1 for Microsoft.VisualStudio.TestPlatform.CommunicationUtilities.TestRequestSender+<>c__DisplayClass34_0., took 0 ms.
TpTrace Verbose: 0 : 10940, 7, 2024/04/24, 09:37:02.737, 5164630556054, vstest.console.dll, TcpClientExtensions.MessageLoopAsync: Polling on remoteEndPoint: 127.0.0.1:53430 localEndPoint: 127.0.0.1:53429 after 1 ms
TpTrace Verbose: 0 : 10940, 7, 2024/04/24, 09:37:02.742, 5164630607277, vstest.console.dll, TcpClientExtensions.MessageLoopAsync: NotifyDataAvailable remoteEndPoint: 127.0.0.1:53430 localEndPoint: 127.0.0.1:53429
TpTrace Verbose: 0 : 10940, 7, 2024/04/24, 09:37:02.742, 5164630608667, vstest.console.dll, TestRequestSender.OnExecutionMessageReceived: Received message: {"Version":7,"MessageType":"TestSession.Message","Payload":{"MessageLevel":1,"Message":"Employee class default constructor\r\n"}}
TpTrace Verbose: 0 : 10940, 7, 2024/04/24, 09:37:02.742, 5164630609682, vstest.console.dll, TestRunRequest:SendTestRunMessage: Starting.
TpTrace Verbose: 0 : 10940, 7, 2024/04/24, 09:37:02.743, 5164630610174, vstest.console.dll, MulticastDelegateUtilities.SafeInvoke: TestRun.LogMessages: Invoking callback 1/1 for Microsoft.VisualStudio.TestPlatform.CommandLine.TestRunResultAggregator., took 0 ms.
TpTrace Information: 0 : 10940, 7, 2024/04/24, 09:37:02.743, 5164630610449, vstest.console.dll, TestRunRequest:SendTestRunMessage: Completed.
TpTrace Verbose: 0 : 10940, 7, 2024/04/24, 09:37:02.743, 5164630610716, vstest.console.dll, MulticastDelegateUtilities.SafeInvoke: LengthPrefixCommunicationChannel: MessageReceived: Invoking callback 1/1 for Microsoft.VisualStudio.TestPlatform.CommunicationUtilities.TestRequestSender+<>c__DisplayClass34_0., took 0 ms.
TpTrace Verbose: 0 : 10940, 7, 2024/04/24, 09:37:02.743, 5164630610994, vstest.console.dll, TcpClientExtensions.MessageLoopAsync: Polling on remoteEndPoint: 127.0.0.1:53430 localEndPoint: 127.0.0.1:53429 after 5 ms
TpTrace Verbose: 0 : 10940, 4, 2024/04/24, 09:37:02.743, 5164630611328, vstest.console.dll, MulticastDelegateUtilities.SafeInvoke: InternalTestLoggerEvents.SendTestRunMessage: Invoking callback 1/1 for Microsoft.VisualStudio.TestPlatform.CommandLine.Internal.ConsoleLogger., took 0 ms.
TpTrace Verbose: 0 : 10940, 7, 2024/04/24, 09:37:02.747, 5164630659572, vstest.console.dll, TcpClientExtensions.MessageLoopAsync: NotifyDataAvailable remoteEndPoint: 127.0.0.1:53430 localEndPoint: 127.0.0.1:53429
TpTrace Verbose: 0 : 10940, 7, 2024/04/24, 09:37:02.748, 5164630661073, vstest.console.dll, TestRequestSender.OnExecutionMessageReceived: Received message: {"Version":7,"MessageType":"TestSession.Message","Payload":{"MessageLevel":1,"Message":"Employee class default constructor\r\n"}}
TpTrace Verbose: 0 : 10940, 7, 2024/04/24, 09:37:02.748, 5164630662510, vstest.console.dll, TestRunRequest:SendTestRunMessage: Starting.
TpTrace Verbose: 0 : 10940, 7, 2024/04/24, 09:37:02.748, 5164630663539, vstest.console.dll, MulticastDelegateUtilities.SafeInvoke: TestRun.LogMessages: Invoking callback 1/1 for Microsoft.VisualStudio.TestPlatform.CommandLine.TestRunResultAggregator., took 0 ms.
TpTrace Information: 0 : 10940, 7, 2024/04/24, 09:37:02.748, 5164630663924, vstest.console.dll, TestRunRequest:SendTestRunMessage: Completed.
TpTrace Verbose: 0 : 10940, 7, 2024/04/24, 09:37:02.748, 5164630664203, vstest.console.dll, MulticastDelegateUtilities.SafeInvoke: LengthPrefixCommunicationChannel: MessageReceived: Invoking callback 1/1 for Microsoft.VisualStudio.TestPlatform.CommunicationUtilities.TestRequestSender+<>c__DisplayClass34_0., took 0 ms.
TpTrace Verbose: 0 : 10940, 7, 2024/04/24, 09:37:02.748, 5164630664525, vstest.console.dll, TcpClientExtensions.MessageLoopAsync: Polling on remoteEndPoint: 127.0.0.1:53430 localEndPoint: 127.0.0.1:53429 after 5 ms
TpTrace Verbose: 0 : 10940, 4, 2024/04/24, 09:37:02.748, 5164630665060, vstest.console.dll, MulticastDelegateUtilities.SafeInvoke: InternalTestLoggerEvents.SendTestRunMessage: Invoking callback 1/1 for Microsoft.VisualStudio.TestPlatform.CommandLine.Internal.ConsoleLogger., took 0 ms.
TpTrace Verbose: 0 : 10940, 7, 2024/04/24, 09:37:02.756, 5164630747115, vstest.console.dll, TcpClientExtensions.MessageLoopAsync: NotifyDataAvailable remoteEndPoint: 127.0.0.1:53430 localEndPoint: 127.0.0.1:53429
TpTrace Verbose: 0 : 10940, 7, 2024/04/24, 09:37:02.756, 5164630749736, vstest.console.dll, TestRequestSender.OnExecutionMessageReceived: Received message: {"Version":7,"MessageType":"TestSession.Message","Payload":{"MessageLevel":1,"Message":"Employee class default constructor\r\n"}}
TpTrace Verbose: 0 : 10940, 7, 2024/04/24, 09:37:02.757, 5164630751852, vstest.console.dll, TestRunRequest:SendTestRunMessage: Starting.
TpTrace Verbose: 0 : 10940, 7, 2024/04/24, 09:37:02.757, 5164630752987, vstest.console.dll, MulticastDelegateUtilities.SafeInvoke: TestRun.LogMessages: Invoking callback 1/1 for Microsoft.VisualStudio.TestPlatform.CommandLine.TestRunResultAggregator., took 0 ms.
TpTrace Information: 0 : 10940, 7, 2024/04/24, 09:37:02.757, 5164630753629, vstest.console.dll, TestRunRequest:SendTestRunMessage: Completed.
TpTrace Verbose: 0 : 10940, 7, 2024/04/24, 09:37:02.757, 5164630754150, vstest.console.dll, MulticastDelegateUtilities.SafeInvoke: LengthPrefixCommunicationChannel: MessageReceived: Invoking callback 1/1 for Microsoft.VisualStudio.TestPlatform.CommunicationUtilities.TestRequestSender+<>c__DisplayClass34_0., took 0 ms.
TpTrace Verbose: 0 : 10940, 4, 2024/04/24, 09:37:02.757, 5164630754182, vstest.console.dll, MulticastDelegateUtilities.SafeInvoke: InternalTestLoggerEvents.SendTestRunMessage: Invoking callback 1/1 for Microsoft.VisualStudio.TestPlatform.CommandLine.Internal.ConsoleLogger., took 0 ms.
TpTrace Verbose: 0 : 10940, 7, 2024/04/24, 09:37:02.757, 5164630754725, vstest.console.dll, TcpClientExtensions.MessageLoopAsync: Polling on remoteEndPoint: 127.0.0.1:53430 localEndPoint: 127.0.0.1:53429 after 8 ms
TpTrace Verbose: 0 : 10940, 7, 2024/04/24, 09:37:02.765, 5164630830197, vstest.console.dll, TcpClientExtensions.MessageLoopAsync: NotifyDataAvailable remoteEndPoint: 127.0.0.1:53430 localEndPoint: 127.0.0.1:53429
TpTrace Verbose: 0 : 10940, 7, 2024/04/24, 09:37:02.765, 5164630832072, vstest.console.dll, TestRequestSender.OnExecutionMessageReceived: Received message: {"Version":7,"MessageType":"TestSession.Message","Payload":{"MessageLevel":0,"Message":"NUnit Adapter 4.4.0.0: Test execution complete"}}
TpTrace Verbose: 0 : 10940, 7, 2024/04/24, 09:37:02.765, 5164630833359, vstest.console.dll, TestRunRequest:SendTestRunMessage: Starting.
TpTrace Verbose: 0 : 10940, 7, 2024/04/24, 09:37:02.765, 5164630833974, vstest.console.dll, MulticastDelegateUtilities.SafeInvoke: TestRun.LogMessages: Invoking callback 1/1 for Microsoft.VisualStudio.TestPlatform.CommandLine.TestRunResultAggregator., took 0 ms.
TpTrace Information: 0 : 10940, 7, 2024/04/24, 09:37:02.765, 5164630834326, vstest.console.dll, TestRunRequest:SendTestRunMessage: Completed.
TpTrace Verbose: 0 : 10940, 4, 2024/04/24, 09:37:02.765, 5164630834471, vstest.console.dll, MulticastDelegateUtilities.SafeInvoke: InternalTestLoggerEvents.SendTestRunMessage: Invoking callback 1/1 for Microsoft.VisualStudio.TestPlatform.CommandLine.Internal.ConsoleLogger., took 0 ms.
TpTrace Verbose: 0 : 10940, 7, 2024/04/24, 09:37:02.765, 5164630836022, vstest.console.dll, MulticastDelegateUtilities.SafeInvoke: LengthPrefixCommunicationChannel: MessageReceived: Invoking callback 1/1 for Microsoft.VisualStudio.TestPlatform.CommunicationUtilities.TestRequestSender+<>c__DisplayClass34_0., took 0 ms.
TpTrace Verbose: 0 : 10940, 7, 2024/04/24, 09:37:02.765, 5164630836765, vstest.console.dll, TcpClientExtensions.MessageLoopAsync: Polling on remoteEndPoint: 127.0.0.1:53430 localEndPoint: 127.0.0.1:53429 after 8 ms
TpTrace Verbose: 0 : 10940, 7, 2024/04/24, 09:37:02.784, 5164631027655, vstest.console.dll, TcpClientExtensions.MessageLoopAsync: NotifyDataAvailable remoteEndPoint: 127.0.0.1:53430 localEndPoint: 127.0.0.1:53429
TpTrace Verbose: 0 : 10940, 7, 2024/04/24, 09:37:02.785, 5164631032195, vstest.console.dll, TestRequestSender.OnExecutionMessageReceived: Received message: {"Version":7,"MessageType":"TestExecution.Completed","Payload":{"TestRunCompleteArgs":{"TestRunStatistics":{"ExecutedTests":25,"Stats":{"Passed":25}},"IsCanceled":false,"IsAborted":false,"Error":null,"AttachmentSets":[],"InvokedDataCollectors":[],"ElapsedTimeInRunningTests":"00:00:00.4624101","Metrics":{},"DiscoveredExtensions":{"TestDiscoverers":["NUnit.VisualStudio.TestAdapter.NUnit3TestDiscoverer, NUnit3.TestAdapter, Version=4.4.0.0, Culture=neutral, PublicKeyToken=4cb40d35494691ac"],"TestExecutors":["executor://NUnit3TestExecutor"],"TestExecutors2":[],"TestSettingsProviders":[]}},"LastRunTests":{"NewTestResults":[{"TestCase":{"Id":"bdbed19b-f6ec-92f8-6e28-2c837e9d7fc0","FullyQualifiedName":"ClinicAppointmentBLTest.Tests.ChangeDoctorNameFail","DisplayName":"ChangeDoctorNameFail","ExecutorUri":"executor://NUnit3TestExecutor","Source":"C:\\MyPersonalFiles\\GensparkTraining\\GitHub\\Day10\\ClinicAppointmentSolution\\ClinicAppointmentBLTest\\bin\\Debug\\net6.0\\fine-code-coverage\\build-output\\ClinicAppointmentBLTest.dll","CodeFilePath":null,"LineNumber":0,"Properties":[{"Key":{"Id":"NUnit.Seed","Label":"Seed","Category":"","Description":"","Attributes":0,"ValueType":"System.String"},"Value":"1102740393"}]},"Attachments":[],"Outcome":1,"ErrorMessage":null,"ErrorStackTrace":null,"DisplayName":"ChangeDoctorNameFail","Messages":[{"Category":"StdOutMsgs","Text":"Employee class default constructor\r\n"}],"ComputerName":"4N8CBX3","Duration":"00:00:00.0050120","StartTime":"2024-04-24T04:07:02.546064+00:00","EndTime":"2024-04-24T04:07:02.5510748+00:00","Properties":[{"Key":{"Id":"NUnit.Seed","Label":"Seed","Category":"","Description":"","Attributes":0,"ValueType":"System.String"},"Value":"1102740393"}]},{"TestCase":{"Id":"dc0b704e-8221-184e-5add-766dab82059a","FullyQualifiedName":"ClinicAppointmentBLTest.Tests.GetAllDoctors","DisplayName":"GetAllDoctors","ExecutorUri":"executor://NUnit3TestExecutor","Source":"C:\\MyPersonalFiles\\GensparkTraining\\GitHub\\Day10\\ClinicAppointmentSolution\\ClinicAppointmentBLTest\\bin\\Debug\\net6.0\\fine-code-coverage\\build-output\\ClinicAppointmentBLTest.dll","CodeFilePath":null,"LineNumber":0,"Properties":[{"Key":{"Id":"NUnit.Seed","Label":"Seed","Category":"","Description":"","Attributes":0,"ValueType":"System.String"},"Value":"1187452391"}]},"Attachments":[],"Outcome":1,"ErrorMessage":null,"ErrorStackTrace":null,"DisplayName":"GetAllDoctors","Messages":[{"Category":"StdOutMsgs","Text":"Employee class default constructor\r\n"}],"ComputerName":"4N8CBX3","Duration":"00:00:00.0005720","StartTime":"2024-04-24T04:07:02.5511028+00:00","EndTime":"2024-04-24T04:07:02.5516748+00:00","Properties":[{"Key":{"Id":"NUnit.Seed","Label":"Seed","Category":"","Description":"","Attributes":0,"ValueType":"System.String"},"Value":"1187452391"}]},{"TestCase":{"Id":"7e218c69-c613-4031-6a6c-4e3a33d6b436","FullyQualifiedName":"ClinicAppointmentBLTest.Tests.GetAllDoctorsFail","DisplayName":"GetAllDoctorsFail","ExecutorUri":"executor://NUnit3TestExecutor","Source":"C:\\MyPersonalFiles\\GensparkTraining\\GitHub\\Day10\\ClinicAppointmentSolution\\ClinicAppointmentBLTest\\bin\\Debug\\net6.0\\fine-code-coverage\\build-output\\ClinicAppointmentBLTest.dll","CodeFilePath":null,"LineNumber":0,"Properties":[{"Key":{"Id":"NUnit.Seed","Label":"Seed","Category":"","Description":"","Attributes":0,"ValueType":"System.String"},"Value":"1004776544"}]},"Attachments":[],"Outcome":1,"ErrorMessage":null,"ErrorStackTrace":null,"DisplayName":"GetAllDoctorsFail","Messages":[],"ComputerName":"4N8CBX3","Duration":"00:00:00.0002840","StartTime":"2024-04-24T04:07:02.5516901+00:00","EndTime":"2024-04-24T04:07:02.5519742+00:00","Properties":[{"Key":{"Id":"NUnit.Seed","Label":"Seed","Category":"","Description":"","Attributes":0,"ValueType":"System.String"},"Value":"1004776544"}]},{"TestCase":{"Id":"0cc77484-8bae-4232-d3b5-3b16a4cc997a","FullyQualifiedName":"ClinicAppointmentBLTest.Tests.GetDoctorById","DisplayName":"GetDoctorById","ExecutorUri":"executor://NUnit3TestExecutor","Source":"C:\\MyPersonalFiles\\GensparkTraining\\GitHub\\Day10\\ClinicAppointmentSolution\\ClinicAppointmentBLTest\\bin\\Debug\\net6.0\\fine-code-coverage\\build-output\\ClinicAppointmentBLTest.dll","CodeFilePath":null,"LineNumber":0,"Properties":[{"Key":{"Id":"NUnit.Seed","Label":"Seed","Category":"","Description":"","Attributes":0,"ValueType":"System.String"},"Value":"2102345530"}]},"Attachments":[],"Outcome":1,"ErrorMessage":null,"ErrorStackTrace":null,"DisplayName":"GetDoctorById","Messages":[{"Category":"StdOutMsgs","Text":"Employee class default constructor\r\n"}],"ComputerName":"4N8CBX3","Duration":"00:00:00.0003360","StartTime":"2024-04-24T04:07:02.5519858+00:00","EndTime":"2024-04-24T04:07:02.5523221+00:00","Properties":[{"Key":{"Id":"NUnit.Seed","Label":"Seed","Category":"","Description":"","Attributes":0,"ValueType":"System.String"},"Value":"2102345530"}]},{"TestCase":{"Id":"15f72953-5c4e-08b0-f5a3-3aca7a2e32ac","FullyQualifiedName":"ClinicAppointmentBLTest.Tests.GetDoctorByIdFail","DisplayName":"GetDoctorByIdFail","ExecutorUri":"executor://NUnit3TestExecutor","Source":"C:\\MyPersonalFiles\\GensparkTraining\\GitHub\\Day10\\ClinicAppointmentSolution\\ClinicAppointmentBLTest\\bin\\Debug\\net6.0\\fine-code-coverage\\build-output\\ClinicAppointmentBLTest.dll","CodeFilePath":null,"LineNumber":0,"Properties":[{"Key":{"Id":"NUnit.Seed","Label":"Seed","Category":"","Description":"","Attributes":0,"ValueType":"System.String"},"Value":"1369714142"}]},"Attachments":[],"Outcome":1,"ErrorMessage":null,"ErrorStackTrace":null,"DisplayName":"GetDoctorByIdFail","Messages":[],"ComputerName":"4N8CBX3","Duration":"00:00:00.0002470","StartTime":"2024-04-24T04:07:02.5523329+00:00","EndTime":"2024-04-24T04:07:02.5525803+00:00","Properties":[{"Key":{"Id":"NUnit.Seed","Label":"Seed","Category":"","Description":"","Attributes":0,"ValueType":"System.String"},"Value":"1369714142"}]},{"TestCase":{"Id":"42618d83-a8c8-d88c-9c96-8292f830a108","FullyQualifiedName":"ClinicAppointmentBLTest.Tests.GetDoctorByName","DisplayName":"GetDoctorByName","ExecutorUri":"executor://NUnit3TestExecutor","Source":"C:\\MyPersonalFiles\\GensparkTraining\\GitHub\\Day10\\ClinicAppointmentSolution\\ClinicAppointmentBLTest\\bin\\Debug\\net6.0\\fine-code-coverage\\build-output\\ClinicAppointmentBLTest.dll","CodeFilePath":null,"LineNumber":0,"Properties":[{"Key":{"Id":"NUnit.Seed","Label":"Seed","Category":"","Description":"","Attributes":0,"ValueType":"System.String"},"Value":"2033871762"}]},"Attachments":[],"Outcome":1,"ErrorMessage":null,"ErrorStackTrace":null,"DisplayName":"GetDoctorByName","Messages":[{"Category":"StdOutMsgs","Text":"Employee class default constructor\r\n"}],"ComputerName":"4N8CBX3","Duration":"00:00:00.0001370","StartTime":"2024-04-24T04:07:02.5525917+00:00","EndTime":"2024-04-24T04:07:02.5527288+00:00","Properties":[{"Key":{"Id":"NUnit.Seed","Label":"Seed","Category":"","Description":"","Attributes":0,"ValueType":"System.String"},"Value":"2033871762"}]},{"TestCase":{"Id":"4444cfab-7823-ef82-b5fe-290f0451b1c7","FullyQualifiedName":"ClinicAppointmentBLTest.Tests.GetDoctorByNameFail","DisplayName":"GetDoctorByNameFail","ExecutorUri":"executor://NUnit3TestExecutor","Source":"C:\\MyPersonalFiles\\GensparkTraining\\GitHub\\Day10\\ClinicAppointmentSolution\\ClinicAppointmentBLTest\\bin\\Debug\\net6.0\\fine-code-coverage\\build-output\\ClinicAppointmentBLTest.dll","CodeFilePath":null,"LineNumber":0,"Properties":[{"Key":{"Id":"NUnit.Seed","Label":"Seed","Category":"","Description":"","Attributes":0,"ValueType":"System.String"},"Value":"239701781"}]},"Attachments":[],"Outcome":1,"ErrorMessage":null,"ErrorStackTrace":null,"DisplayName":"GetDoctorByNameFail","Messages":[{"Category":"StdOutMsgs","Text":"Employee class default constructor\r\n"}],"ComputerName":"4N8CBX3","Duration":"00:00:00.0003990","StartTime":"2024-04-24T04:07:02.5527398+00:00","EndTime":"2024-04-24T04:07:02.5531386+00:00","Properties":[{"Key":{"Id":"NUnit.Seed","Label":"Seed","Category":"","Description":"","Attributes":0,"ValueType":"System.String"},"Value":"239701781"}]}],"TestRunStatistics":{"ExecutedTests":25,"Stats":{"Passed":25}},"ActiveTests":[]},"RunAttachments":[],"ExecutorUris":["executor://nunit3testexecutor/"]}}
TpTrace Verbose: 0 : 10940, 7, 2024/04/24, 09:37:02.785, 5164631034242, vstest.console.dll, TestRequestSender.EndSession: Sending end session.
TpTrace Verbose: 0 : 10940, 7, 2024/04/24, 09:37:02.785, 5164631036397, vstest.console.dll, ProxyOperationManager.Close: waiting for test host to exit for 100 ms
TpTrace Verbose: 0 : 10940, 12, 2024/04/24, 09:37:02.832, 5164631507168, vstest.console.dll, TestHostManagerCallbacks.ctor: Experimental forwarding output is disabled.
TpTrace Warning: 0 : 10940, 12, 2024/04/24, 09:37:02.833, 5164631510037, vstest.console.dll, TestHostManagerCallbacks.ErrorReceivedCallback Test host standard error line: 
TpTrace Verbose: 0 : 10940, 12, 2024/04/24, 09:37:02.849, 5164631670193, vstest.console.dll, TestHostProvider.ExitCallBack: Host exited starting callback.
TpTrace Information: 0 : 10940, 12, 2024/04/24, 09:37:02.849, 5164631675208, vstest.console.dll, TestHostManagerCallbacks.ExitCallBack: Testhost processId: 35340 exited with exitcode: 0 error: ''
TpTrace Verbose: 0 : 10940, 12, 2024/04/24, 09:37:02.849, 5164631676477, vstest.console.dll, DotnetTestHostManager.OnHostExited: invoking OnHostExited callback
TpTrace Verbose: 0 : 10940, 12, 2024/04/24, 09:37:02.849, 5164631679118, vstest.console.dll, CrossPlatEngine.TestHostManagerHostExited: calling on client process exit callback.
TpTrace Information: 0 : 10940, 12, 2024/04/24, 09:37:02.850, 5164631680761, vstest.console.dll, TestRequestSender.OnClientProcessExit: Test host process exited. Standard error: 
TpTrace Information: 0 : 10940, 12, 2024/04/24, 09:37:02.850, 5164631682057, vstest.console.dll, SocketServer.Stop: Stop server endPoint: 127.0.0.1:53429
TpTrace Information: 0 : 10940, 7, 2024/04/24, 09:37:02.850, 5164631682210, vstest.console.dll, SocketServer.Stop: Stop server endPoint: 127.0.0.1:53429
TpTrace Information: 0 : 10940, 12, 2024/04/24, 09:37:02.850, 5164631683644, vstest.console.dll, SocketServer.Stop: Cancellation requested. Stopping message loop.
TpTrace Information: 0 : 10940, 7, 2024/04/24, 09:37:02.850, 5164631685624, vstest.console.dll, SocketServer.Stop: Cancellation requested. Stopping message loop.
TpTrace Information: 0 : 10940, 7, 2024/04/24, 09:37:02.850, 5164631688277, vstest.console.dll, Closing the connection
TpTrace Verbose: 0 : 10940, 12, 2024/04/24, 09:37:02.850, 5164631689099, vstest.console.dll, MulticastDelegateUtilities.SafeInvoke: HostProviderEvents.OnHostExited: Invoking callback 1/1 for Microsoft.VisualStudio.TestPlatform.CrossPlatEngine.Client.ProxyOperationManager., took 1 ms.
TpTrace Verbose: 0 : 10940, 7, 2024/04/24, 09:37:02.851, 5164631693480, vstest.console.dll, ProxyDataCollectionManager.InvokeDataCollectionServiceAction: Starting.
TpTrace Information: 0 : 10940, 7, 2024/04/24, 09:37:02.851, 5164631694815, vstest.console.dll, ProxyDataCollectionManager.AfterTestRunEnd: Get attachment set and invoked data collectors processId: 23376 port: 53426
TpTrace Verbose: 0 : 10940, 7, 2024/04/24, 09:37:02.851, 5164631695974, vstest.console.dll, DataCollectionRequestSender.SendAfterTestRunStartAndGetResult: Send AfterTestRunEnd message with isCancelled: False
TpTrace Verbose: 0 : 10940, 7, 2024/04/24, 09:37:02.866, 5164631842071, vstest.console.dll, DataCollectionRequestSender.SendAfterTestRunStartAndGetResult: Received message: (DataCollection.AfterTestRunEndResult) -> {"MessageType":"DataCollection.AfterTestRunEndResult","Payload":{"AttachmentSets":[],"InvokedDataCollectors":[{"Uri":"datacollector://Microsoft/TestPlatform/Extensions/Blame/v1","FriendlyName":"Blame","AssemblyQualifiedName":"Microsoft.TestPlatform.Extensions.BlameDataCollector.BlameCollector, Microsoft.TestPlatform.Extensions.BlameDataCollector, Version=15.0.0.0, Culture=neutral, PublicKeyToken=b03f5f7f11d50a3a","FilePath":"C:\\Program Files\\dotnet\\sdk\\8.0.202\\Extensions\\Microsoft.TestPlatform.Extensions.BlameDataCollector.dll","HasAttachmentProcessor":false}],"Metrics":{}}}
TpTrace Information: 0 : 10940, 7, 2024/04/24, 09:37:02.875, 5164631935063, vstest.console.dll, ProxyDataCollectionManager.InvokeDataCollectionServiceAction: Completed.
TpTrace Warning: 0 : 10940, 10, 2024/04/24, 09:37:02.894, 5164632120422, vstest.console.dll, DataCollectionLauncher.ErrorReceivedCallback datacollector standard error line: 
TpTrace Information: 0 : 10940, 10, 2024/04/24, 09:37:02.906, 5164632247284, vstest.console.dll, DataCollectionLauncher.ExitCallBack: Data collector exited with exitcode: 0 error: ''
TpTrace Verbose: 0 : 10940, 7, 2024/04/24, 09:37:02.942, 5164632607468, vstest.console.dll, TestRunRequest:SendTestRunStatsChange: Starting.
TpTrace Verbose: 0 : 10940, 7, 2024/04/24, 09:37:02.942, 5164632609448, vstest.console.dll, MulticastDelegateUtilities.SafeInvoke: TestRun.RunStatsChanged: Invoking callbacks was skipped because there are no subscribers.
TpTrace Information: 0 : 10940, 7, 2024/04/24, 09:37:02.943, 5164632609893, vstest.console.dll, TestRunRequest:SendTestRunStatsChange: Completed.
TpTrace Verbose: 0 : 10940, 4, 2024/04/24, 09:37:02.943, 5164632610627, vstest.console.dll, MulticastDelegateUtilities.SafeInvoke: InternalTestLoggerEvents.SendTestResult: Invoking callback 1/1 for Microsoft.VisualStudio.TestPlatform.CommandLine.Internal.ConsoleLogger., took 0 ms.
TpTrace Verbose: 0 : 10940, 4, 2024/04/24, 09:37:02.943, 5164632611660, vstest.console.dll, MulticastDelegateUtilities.SafeInvoke: InternalTestLoggerEvents.SendTestResult: Invoking callback 1/1 for Microsoft.VisualStudio.TestPlatform.CommandLine.Internal.ConsoleLogger., took 0 ms.
TpTrace Verbose: 0 : 10940, 4, 2024/04/24, 09:37:02.943, 5164632612082, vstest.console.dll, MulticastDelegateUtilities.SafeInvoke: InternalTestLoggerEvents.SendTestResult: Invoking callback 1/1 for Microsoft.VisualStudio.TestPlatform.CommandLine.Internal.ConsoleLogger., took 0 ms.
TpTrace Verbose: 0 : 10940, 4, 2024/04/24, 09:37:02.943, 5164632612452, vstest.console.dll, MulticastDelegateUtilities.SafeInvoke: InternalTestLoggerEvents.SendTestResult: Invoking callback 1/1 for Microsoft.VisualStudio.TestPlatform.CommandLine.Internal.ConsoleLogger., took 0 ms.
TpTrace Verbose: 0 : 10940, 4, 2024/04/24, 09:37:02.943, 5164632612852, vstest.console.dll, MulticastDelegateUtilities.SafeInvoke: InternalTestLoggerEvents.SendTestResult: Invoking callback 1/1 for Microsoft.VisualStudio.TestPlatform.CommandLine.Internal.ConsoleLogger., took 0 ms.
TpTrace Verbose: 0 : 10940, 4, 2024/04/24, 09:37:02.943, 5164632613244, vstest.console.dll, MulticastDelegateUtilities.SafeInvoke: InternalTestLoggerEvents.SendTestResult: Invoking callback 1/1 for Microsoft.VisualStudio.TestPlatform.CommandLine.Internal.ConsoleLogger., took 0 ms.
TpTrace Verbose: 0 : 10940, 4, 2024/04/24, 09:37:02.943, 5164632613684, vstest.console.dll, MulticastDelegateUtilities.SafeInvoke: InternalTestLoggerEvents.SendTestResult: Invoking callback 1/1 for Microsoft.VisualStudio.TestPlatform.CommandLine.Internal.ConsoleLogger., took 0 ms.
TpTrace Verbose: 0 : 10940, 7, 2024/04/24, 09:37:02.943, 5164632613244, vstest.console.dll, ParallelProxyExecutionManager: HandlePartialRunComplete: Total workloads = 1, Total started clients = 1 Total completed clients = 1, Run complete = True, Run canceled: False.
TpTrace Verbose: 0 : 10940, 7, 2024/04/24, 09:37:02.943, 5164632615215, vstest.console.dll, ParallelProxyExecutionManager: HandlePartialRunComplete: All runs completed stopping all managers.
TpTrace Verbose: 0 : 10940, 7, 2024/04/24, 09:37:02.943, 5164632616104, vstest.console.dll, ParallelOperationManager.StopAllManagers: Stopping all managers.
TpTrace Verbose: 0 : 10940, 7, 2024/04/24, 09:37:02.943, 5164632617531, vstest.console.dll, ParallelOperationManager.ClearSlots: Clearing all slots. Slots should accept more work: False
TpTrace Verbose: 0 : 10940, 7, 2024/04/24, 09:37:02.943, 5164632618381, vstest.console.dll, ParallelOperationManager.SetOccupiedSlotCount: Setting slot counts AvailableSlotCount = 1, OccupiedSlotCount = 0.
TpTrace Verbose: 0 : 10940, 7, 2024/04/24, 09:37:02.943, 5164632619705, vstest.console.dll, Occupied slots:

TpTrace Verbose: 0 : 10940, 4, 2024/04/24, 09:37:02.958, 5164632766665, vstest.console.dll, MulticastDelegateUtilities.SafeInvoke: InternalTestLoggerEvents.SendTestRunComplete: Invoking callback 1/2 for Microsoft.TestPlatform.Extensions.BlameDataCollector.BlameLogger., took 0 ms.
TpTrace Verbose: 0 : 10940, 4, 2024/04/24, 09:37:02.966, 5164632847797, vstest.console.dll, MulticastDelegateUtilities.SafeInvoke: InternalTestLoggerEvents.SendTestRunComplete: Invoking callback 2/2 for Microsoft.VisualStudio.TestPlatform.CommandLine.Internal.ConsoleLogger., took 7 ms.
TpTrace Verbose: 0 : 10940, 7, 2024/04/24, 09:37:02.967, 5164632855923, vstest.console.dll, TestRunRequest:TestRunComplete: Starting. IsAborted:False IsCanceled:False.
TpTrace Verbose: 0 : 10940, 7, 2024/04/24, 09:37:02.967, 5164632859682, vstest.console.dll, ParallelOperationManager.DoActionOnAllManagers: Calling an action on all managers.
TpTrace Verbose: 0 : 10940, 7, 2024/04/24, 09:37:02.970, 5164632888472, vstest.console.dll, TestLoggerManager.HandleTestRunComplete: Ignoring as the object is disposed.
TpTrace Verbose: 0 : 10940, 7, 2024/04/24, 09:37:02.971, 5164632894324, vstest.console.dll, MulticastDelegateUtilities.SafeInvoke: TestRun.TestRunComplete: Invoking callback 1/2 for Microsoft.VisualStudio.TestPlatform.CommandLine.TestRunResultAggregator., took 0 ms.
TpTrace Verbose: 0 : 10940, 7, 2024/04/24, 09:37:02.971, 5164632897736, vstest.console.dll, MulticastDelegateUtilities.SafeInvoke: TestRun.TestRunComplete: Invoking callback 2/2 for Microsoft.VisualStudio.TestPlatform.CommandLine.Processors.RunTestsArgumentExecutor+TestRunRequestEventsRegistrar., took 0 ms.
TpTrace Information: 0 : 10940, 7, 2024/04/24, 09:37:02.972, 5164632900269, vstest.console.dll, TestRunRequest:TestRunComplete: Completed.
TpTrace Verbose: 0 : 10940, 1, 2024/04/24, 09:37:02.972, 5164632901368, vstest.console.dll, TestRunRequest.Dispose: Starting.
TpTrace Verbose: 0 : 10940, 7, 2024/04/24, 09:37:02.972, 5164632901563, vstest.console.dll, TestRequestSender.SetOperationComplete: Setting operation complete.
TpTrace Information: 0 : 10940, 1, 2024/04/24, 09:37:02.972, 5164632903627, vstest.console.dll, TestRunRequest.Dispose: Completed.
TpTrace Information: 0 : 10940, 7, 2024/04/24, 09:37:02.972, 5164632904900, vstest.console.dll, SocketServer.Stop: Stop server endPoint: 127.0.0.1:53429
TpTrace Information: 0 : 10940, 1, 2024/04/24, 09:37:02.972, 5164632906136, vstest.console.dll, TestRequestManager.RunTests: run tests completed.
TpTrace Information: 0 : 10940, 7, 2024/04/24, 09:37:02.972, 5164632907568, vstest.console.dll, SocketServer.Stop: Cancellation requested. Stopping message loop.
TpTrace Information: 0 : 10940, 1, 2024/04/24, 09:37:02.972, 5164632908136, vstest.console.dll, RunTestsArgumentProcessor:Execute: Test run is completed.
TpTrace Verbose: 0 : 10940, 7, 2024/04/24, 09:37:02.972, 5164632909241, vstest.console.dll, MulticastDelegateUtilities.SafeInvoke: LengthPrefixCommunicationChannel: MessageReceived: Invoking callback 1/1 for Microsoft.VisualStudio.TestPlatform.CommunicationUtilities.TestRequestSender+<>c__DisplayClass34_0., took 187 ms.
TpTrace Information: 0 : 10940, 7, 2024/04/24, 09:37:02.973, 5164632911861, vstest.console.dll, SocketServer.PrivateStop: Stopping server endPoint: 127.0.0.1:53429 error: 
TpTrace Verbose: 0 : 10940, 1, 2024/04/24, 09:37:02.973, 5164632913603, vstest.console.dll, Executor.Execute: Exiting with exit code of 0
TpTrace Verbose: 0 : 10940, 7, 2024/04/24, 09:37:02.974, 5164632921683, vstest.console.dll, LengthPrefixCommunicationChannel.Dispose: Dispose reader and writer.
