TpTrace Verbose: 0 : 28508, 1, 2024/04/23, 18:53:46.628, 4634599120067, vstest.console.dll, Version: 17.9.0-release-24072-02 Current process architecture: X64
TpTrace Verbose: 0 : 28508, 1, 2024/04/23, 18:53:46.633, 4634599163403, vstest.console.dll, Runtime location: C:\Program Files\dotnet\shared\Microsoft.NETCore.App\8.0.3
TpTrace Verbose: 0 : 28508, 1, 2024/04/23, 18:53:46.639, 4634599224042, vstest.console.dll, ArtifactProcessingPostProcessModeProcessorExecutor.Initialize: ArtifactProcessingMode.Collect
TpTrace Verbose: 0 : 28508, 1, 2024/04/23, 18:53:46.639, 4634599226229, vstest.console.dll, TestSessionCorrelationIdProcessorModeProcessorExecutor.Initialize: TestSessionCorrelationId '18736_0617f34f-0da7-44c5-a9de-3ba4c9b5fde3'
TpTrace Information: 0 : 28508, 1, 2024/04/23, 18:53:46.647, 4634599309417, vstest.console.dll, FilePatternParser: The given file C:\MyPersonalFiles\GensparkTraining\GitHub\Day10\EmployeeRequestTrackerSolution\RequestTrackerTest\bin\Debug\net6.0\fine-code-coverage\build-output\RequestTrackerTest.dll is a full path.
TpTrace Verbose: 0 : 28508, 1, 2024/04/23, 18:53:46.656, 4634599398465, vstest.console.dll, TestPluginCache.DiscoverTestExtensions: finding test extensions in assemblies ends with: RuntimeProvider.dll TPluginInfo: Microsoft.VisualStudio.TestPlatform.Common.ExtensionFramework.Utilities.TestRuntimePluginInformation TExtension: Microsoft.VisualStudio.TestPlatform.ObjectModel.Host.ITestRuntimeProvider
TpTrace Verbose: 0 : 28508, 1, 2024/04/23, 18:53:46.656, 4634599402013, vstest.console.dll, TestPluginCache.GetExtensionPaths: Filtered extension paths: 
TpTrace Verbose: 0 : 28508, 1, 2024/04/23, 18:53:46.656, 4634599402746, vstest.console.dll, TestPluginCache.GetExtensionPaths: Added default extension paths: C:\Program Files\dotnet\sdk\8.0.202\Extensions\Microsoft.Diagnostics.NETCore.Client.dll
C:\Program Files\dotnet\sdk\8.0.202\Extensions\Microsoft.TestPlatform.Extensions.BlameDataCollector.dll
C:\Program Files\dotnet\sdk\8.0.202\Extensions\Microsoft.TestPlatform.Extensions.EventLogCollector.dll
C:\Program Files\dotnet\sdk\8.0.202\Extensions\Microsoft.TestPlatform.TestHostRuntimeProvider.dll
C:\Program Files\dotnet\sdk\8.0.202\Extensions\Microsoft.VisualStudio.TestPlatform.Extensions.Html.TestLogger.dll
C:\Program Files\dotnet\sdk\8.0.202\Extensions\Microsoft.VisualStudio.TestPlatform.Extensions.Trx.TestLogger.dll
TpTrace Verbose: 0 : 28508, 1, 2024/04/23, 18:53:46.656, 4634599403135, vstest.console.dll, TestPluginCache.GetExtensionPaths: Added unfilterableExtensionPaths: 
TpTrace Information: 0 : 28508, 1, 2024/04/23, 18:53:46.657, 4634599407942, vstest.console.dll, AssemblyResolver.ctor: Creating AssemblyResolver with searchDirectories C:\Program Files\dotnet\sdk\8.0.202\Extensions,C:\Program Files\dotnet\sdk\8.0.202
TpTrace Verbose: 0 : 28508, 1, 2024/04/23, 18:53:46.659, 4634599431173, vstest.console.dll, TestPluginCache.DiscoverTestExtensions: Discovering the extensions using extension path.
TpTrace Verbose: 0 : 28508, 1, 2024/04/23, 18:53:46.659, 4634599433004, vstest.console.dll, TestPluginCache.GetExtensionPaths: Filtered extension paths: 
TpTrace Verbose: 0 : 28508, 1, 2024/04/23, 18:53:46.660, 4634599433426, vstest.console.dll, TestPluginCache.GetExtensionPaths: Added default extension paths: C:\Program Files\dotnet\sdk\8.0.202\Extensions\Microsoft.Diagnostics.NETCore.Client.dll
C:\Program Files\dotnet\sdk\8.0.202\Extensions\Microsoft.TestPlatform.Extensions.BlameDataCollector.dll
C:\Program Files\dotnet\sdk\8.0.202\Extensions\Microsoft.TestPlatform.Extensions.EventLogCollector.dll
C:\Program Files\dotnet\sdk\8.0.202\Extensions\Microsoft.TestPlatform.TestHostRuntimeProvider.dll
C:\Program Files\dotnet\sdk\8.0.202\Extensions\Microsoft.VisualStudio.TestPlatform.Extensions.Html.TestLogger.dll
C:\Program Files\dotnet\sdk\8.0.202\Extensions\Microsoft.VisualStudio.TestPlatform.Extensions.Trx.TestLogger.dll
TpTrace Verbose: 0 : 28508, 1, 2024/04/23, 18:53:46.660, 4634599433789, vstest.console.dll, TestPluginCache.GetExtensionPaths: Added unfilterableExtensionPaths: 
TpTrace Verbose: 0 : 28508, 1, 2024/04/23, 18:53:46.660, 4634599434943, vstest.console.dll, TestPluginCache.DiscoverTestExtensions: Discovering the extensions using allExtensionPaths: C:\Program Files\dotnet\sdk\8.0.202\Extensions\Microsoft.Diagnostics.NETCore.Client.dll
C:\Program Files\dotnet\sdk\8.0.202\Extensions\Microsoft.TestPlatform.Extensions.BlameDataCollector.dll
C:\Program Files\dotnet\sdk\8.0.202\Extensions\Microsoft.TestPlatform.Extensions.EventLogCollector.dll
C:\Program Files\dotnet\sdk\8.0.202\Extensions\Microsoft.TestPlatform.TestHostRuntimeProvider.dll
C:\Program Files\dotnet\sdk\8.0.202\Extensions\Microsoft.VisualStudio.TestPlatform.Extensions.Html.TestLogger.dll
C:\Program Files\dotnet\sdk\8.0.202\Extensions\Microsoft.VisualStudio.TestPlatform.Extensions.Trx.TestLogger.dll
TpTrace Information: 0 : 28508, 1, 2024/04/23, 18:53:46.660, 4634599436062, vstest.console.dll, AssemblyResolver.AddSearchDirectories: Adding more searchDirectories C:\Program Files\dotnet\sdk\8.0.202\Extensions,C:\Program Files\dotnet\sdk\8.0.202
TpTrace Information: 0 : 28508, 1, 2024/04/23, 18:53:46.660, 4634599436530, vstest.console.dll, AssemblyResolver.AddSearchDirectories: Adding more searchDirectories C:\Program Files\dotnet\sdk\8.0.202\Extensions,C:\Program Files\dotnet\sdk\8.0.202
TpTrace Information: 0 : 28508, 1, 2024/04/23, 18:53:46.660, 4634599436824, vstest.console.dll, AssemblyResolver.AddSearchDirectories: Adding more searchDirectories C:\Program Files\dotnet\sdk\8.0.202\Extensions,C:\Program Files\dotnet\sdk\8.0.202
TpTrace Information: 0 : 28508, 1, 2024/04/23, 18:53:46.660, 4634599437152, vstest.console.dll, AssemblyResolver.AddSearchDirectories: Adding more searchDirectories C:\Program Files\dotnet\sdk\8.0.202\Extensions,C:\Program Files\dotnet\sdk\8.0.202
TpTrace Information: 0 : 28508, 1, 2024/04/23, 18:53:46.660, 4634599437429, vstest.console.dll, AssemblyResolver.AddSearchDirectories: Adding more searchDirectories C:\Program Files\dotnet\sdk\8.0.202\Extensions,C:\Program Files\dotnet\sdk\8.0.202
TpTrace Information: 0 : 28508, 1, 2024/04/23, 18:53:46.660, 4634599437729, vstest.console.dll, AssemblyResolver.AddSearchDirectories: Adding more searchDirectories C:\Program Files\dotnet\sdk\8.0.202\Extensions,C:\Program Files\dotnet\sdk\8.0.202
TpTrace Information: 0 : 28508, 1, 2024/04/23, 18:53:46.660, 4634599442419, vstest.console.dll, AssemblyResolver.OnResolve: Microsoft.Diagnostics.NETCore.Client: Resolving assembly.
TpTrace Information: 0 : 28508, 1, 2024/04/23, 18:53:46.660, 4634599443249, vstest.console.dll, AssemblyResolver.OnResolve: Microsoft.Diagnostics.NETCore.Client: Searching in: 'C:\Program Files\dotnet\sdk\8.0.202\Extensions'.
TpTrace Information: 0 : 28508, 1, 2024/04/23, 18:53:46.669, 4634599525047, vstest.console.dll, AssemblyResolver.OnResolve: Microsoft.Diagnostics.NETCore.Client: Loading assembly 'C:\Program Files\dotnet\sdk\8.0.202\Extensions\Microsoft.Diagnostics.NETCore.Client.dll'.
TpTrace Information: 0 : 28508, 1, 2024/04/23, 18:53:46.670, 4634599540847, vstest.console.dll, AssemblyResolver.OnResolve: Resolved assembly: Microsoft.Diagnostics.NETCore.Client, from path: C:\Program Files\dotnet\sdk\8.0.202\Extensions\Microsoft.Diagnostics.NETCore.Client.dll
TpTrace Verbose: 0 : 28508, 1, 2024/04/23, 18:53:46.674, 4634599580027, vstest.console.dll, MetadataReaderExtensionsHelper: Discovering extensions inside assembly 'Microsoft.Diagnostics.NETCore.Client, Version=0.2.9.2401, Culture=neutral, PublicKeyToken=31bf3856ad364e35' file path 'C:\Program Files\dotnet\sdk\8.0.202\Extensions\Microsoft.Diagnostics.NETCore.Client.dll'
TpTrace Information: 0 : 28508, 1, 2024/04/23, 18:53:46.680, 4634599634265, vstest.console.dll, AssemblyResolver.OnResolve: Microsoft.Bcl.AsyncInterfaces: Resolving assembly.
TpTrace Information: 0 : 28508, 1, 2024/04/23, 18:53:46.680, 4634599635643, vstest.console.dll, AssemblyResolver.OnResolve: Microsoft.Bcl.AsyncInterfaces: Searching in: 'C:\Program Files\dotnet\sdk\8.0.202\Extensions'.
TpTrace Information: 0 : 28508, 1, 2024/04/23, 18:53:46.680, 4634599636744, vstest.console.dll, AssemblyResolver.OnResolve: Microsoft.Bcl.AsyncInterfaces: Assembly path does not exist: 'C:\Program Files\dotnet\sdk\8.0.202\Extensions\Microsoft.Bcl.AsyncInterfaces.dll', returning.
TpTrace Information: 0 : 28508, 1, 2024/04/23, 18:53:46.680, 4634599637943, vstest.console.dll, AssemblyResolver.OnResolve: Microsoft.Bcl.AsyncInterfaces: Assembly path does not exist: 'C:\Program Files\dotnet\sdk\8.0.202\Extensions\Microsoft.Bcl.AsyncInterfaces.exe', returning.
TpTrace Information: 0 : 28508, 1, 2024/04/23, 18:53:46.680, 4634599638401, vstest.console.dll, AssemblyResolver.OnResolve: Microsoft.Bcl.AsyncInterfaces: Searching in: 'C:\Program Files\dotnet\sdk\8.0.202'.
TpTrace Information: 0 : 28508, 1, 2024/04/23, 18:53:46.680, 4634599639131, vstest.console.dll, AssemblyResolver.OnResolve: Microsoft.Bcl.AsyncInterfaces: Assembly path does not exist: 'C:\Program Files\dotnet\sdk\8.0.202\Microsoft.Bcl.AsyncInterfaces.dll', returning.
TpTrace Information: 0 : 28508, 1, 2024/04/23, 18:53:46.680, 4634599639892, vstest.console.dll, AssemblyResolver.OnResolve: Microsoft.Bcl.AsyncInterfaces: Assembly path does not exist: 'C:\Program Files\dotnet\sdk\8.0.202\Microsoft.Bcl.AsyncInterfaces.exe', returning.
TpTrace Information: 0 : 28508, 1, 2024/04/23, 18:53:46.680, 4634599640234, vstest.console.dll, AssemblyResolver.OnResolve: Microsoft.Bcl.AsyncInterfaces: Failed to load assembly.
TpTrace Verbose: 0 : 28508, 1, 2024/04/23, 18:53:46.680, 4634599640691, vstest.console.dll, CurrentDomainAssemblyResolve: Resolving assembly 'Microsoft.Bcl.AsyncInterfaces'.
TpTrace Information: 0 : 28508, 1, 2024/04/23, 18:53:46.680, 4634599641471, vstest.console.dll, AssemblyResolver.OnResolve: Microsoft.Bcl.AsyncInterfaces: Resolving assembly.
TpTrace Information: 0 : 28508, 1, 2024/04/23, 18:53:46.680, 4634599641996, vstest.console.dll, AssemblyResolver.OnResolve: Microsoft.Bcl.AsyncInterfaces: Resolved from cache.
TpTrace Verbose: 0 : 28508, 1, 2024/04/23, 18:53:46.680, 4634599642415, vstest.console.dll, CurrentDomainAssemblyResolve: Resolving assembly 'Microsoft.Bcl.AsyncInterfaces'.
TpTrace Verbose: 0 : 28508, 1, 2024/04/23, 18:53:46.680, 4634599642821, vstest.console.dll, CurrentDomainAssemblyResolve: Failed to resolve assembly 'Microsoft.Bcl.AsyncInterfaces'.
TpTrace Verbose: 0 : 28508, 1, 2024/04/23, 18:53:46.684, 4634599679101, vstest.console.dll, CurrentDomainAssemblyResolve: Failed to resolve assembly 'Microsoft.Bcl.AsyncInterfaces'.
TpTrace Warning: 0 : 28508, 1, 2024/04/23, 18:53:46.704, 4634599875976, vstest.console.dll, TestPluginDiscoverer: Failed to get types from assembly 'Microsoft.Diagnostics.NETCore.Client, Version=0.2.9.2401, Culture=neutral, PublicKeyToken=31bf3856ad364e35'. Error: System.Reflection.ReflectionTypeLoadException: Unable to load one or more of the requested types.
Could not load file or assembly 'Microsoft.Bcl.AsyncInterfaces, Version=6.0.0.0, Culture=neutral, PublicKeyToken=cc7b13ffcd2ddd51'. The system cannot find the file specified.
   at System.Reflection.RuntimeModule.GetTypes(RuntimeModule module)
   at System.Reflection.RuntimeModule.GetTypes()
   at Microsoft.VisualStudio.TestPlatform.Common.ExtensionFramework.TestPluginDiscoverer.GetTestExtensionsFromAssembly[TPluginInfo,TExtension](Assembly assembly, Dictionary`2 pluginInfos, String filePath) in /_/src/Microsoft.TestPlatform.Common/ExtensionFramework/TestPluginDiscoverer.cs:line 158
System.IO.FileNotFoundException: Could not load file or assembly 'Microsoft.Bcl.AsyncInterfaces, Version=6.0.0.0, Culture=neutral, PublicKeyToken=cc7b13ffcd2ddd51'. The system cannot find the file specified.
File name: 'Microsoft.Bcl.AsyncInterfaces, Version=6.0.0.0, Culture=neutral, PublicKeyToken=cc7b13ffcd2ddd51'
 ---> System.IO.FileNotFoundException: Could not load file or assembly 'Microsoft.Bcl.AsyncInterfaces, Culture=neutral, PublicKeyToken=null'. The system cannot find the file specified.
File name: 'Microsoft.Bcl.AsyncInterfaces, Culture=neutral, PublicKeyToken=null'
   at System.Reflection.RuntimeAssembly.InternalLoad(AssemblyName assemblyName, StackCrawlMark& stackMark, AssemblyLoadContext assemblyLoadContext, RuntimeAssembly requestingAssembly, Boolean throwOnFileNotFound)
   at System.Reflection.Assembly.Load(AssemblyName assemblyRef)
   at Microsoft.VisualStudio.TestPlatform.Common.ExtensionFramework.TestPluginCache.CurrentDomainAssemblyResolve(Object sender, AssemblyResolveEventArgs args) in /_/src/Microsoft.TestPlatform.Common/ExtensionFramework/TestPluginCache.cs:line 513
   at System.Runtime.Loader.AssemblyLoadContext.GetFirstResolvedAssemblyFromResolvingEvent(AssemblyName assemblyName)
   at System.Runtime.Loader.AssemblyLoadContext.ResolveUsingEvent(AssemblyName assemblyName)
   at System.Runtime.Loader.AssemblyLoadContext.ResolveUsingResolvingEvent(IntPtr gchManagedAssemblyLoadContext, AssemblyName assemblyName)
TpTrace Warning: 0 : 28508, 1, 2024/04/23, 18:53:46.704, 4634599879412, vstest.console.dll, LoaderExceptions: System.IO.FileNotFoundException: Could not load file or assembly 'Microsoft.Bcl.AsyncInterfaces, Version=6.0.0.0, Culture=neutral, PublicKeyToken=cc7b13ffcd2ddd51'. The system cannot find the file specified.
File name: 'Microsoft.Bcl.AsyncInterfaces, Version=6.0.0.0, Culture=neutral, PublicKeyToken=cc7b13ffcd2ddd51'
 ---> System.IO.FileNotFoundException: Could not load file or assembly 'Microsoft.Bcl.AsyncInterfaces, Culture=neutral, PublicKeyToken=null'. The system cannot find the file specified.
File name: 'Microsoft.Bcl.AsyncInterfaces, Culture=neutral, PublicKeyToken=null'
   at System.Reflection.RuntimeAssembly.InternalLoad(AssemblyName assemblyName, StackCrawlMark& stackMark, AssemblyLoadContext assemblyLoadContext, RuntimeAssembly requestingAssembly, Boolean throwOnFileNotFound)
   at System.Reflection.Assembly.Load(AssemblyName assemblyRef)
   at Microsoft.VisualStudio.TestPlatform.Common.ExtensionFramework.TestPluginCache.CurrentDomainAssemblyResolve(Object sender, AssemblyResolveEventArgs args) in /_/src/Microsoft.TestPlatform.Common/ExtensionFramework/TestPluginCache.cs:line 513
   at System.Runtime.Loader.AssemblyLoadContext.GetFirstResolvedAssemblyFromResolvingEvent(AssemblyName assemblyName)
   at System.Runtime.Loader.AssemblyLoadContext.ResolveUsingEvent(AssemblyName assemblyName)
   at System.Runtime.Loader.AssemblyLoadContext.ResolveUsingResolvingEvent(IntPtr gchManagedAssemblyLoadContext, AssemblyName assemblyName)
TpTrace Information: 0 : 28508, 1, 2024/04/23, 18:53:46.704, 4634599880837, vstest.console.dll, AssemblyResolver.OnResolve: Microsoft.TestPlatform.Extensions.BlameDataCollector: Resolving assembly.
TpTrace Information: 0 : 28508, 1, 2024/04/23, 18:53:46.704, 4634599881273, vstest.console.dll, AssemblyResolver.OnResolve: Microsoft.TestPlatform.Extensions.BlameDataCollector: Searching in: 'C:\Program Files\dotnet\sdk\8.0.202\Extensions'.
TpTrace Information: 0 : 28508, 1, 2024/04/23, 18:53:46.705, 4634599884535, vstest.console.dll, AssemblyResolver.OnResolve: Microsoft.TestPlatform.Extensions.BlameDataCollector: Loading assembly 'C:\Program Files\dotnet\sdk\8.0.202\Extensions\Microsoft.TestPlatform.Extensions.BlameDataCollector.dll'.
TpTrace Information: 0 : 28508, 1, 2024/04/23, 18:53:46.705, 4634599890203, vstest.console.dll, AssemblyResolver.OnResolve: Resolved assembly: Microsoft.TestPlatform.Extensions.BlameDataCollector, from path: C:\Program Files\dotnet\sdk\8.0.202\Extensions\Microsoft.TestPlatform.Extensions.BlameDataCollector.dll
TpTrace Verbose: 0 : 28508, 1, 2024/04/23, 18:53:46.705, 4634599891181, vstest.console.dll, MetadataReaderExtensionsHelper: Discovering extensions inside assembly 'Microsoft.TestPlatform.Extensions.BlameDataCollector, Version=15.0.0.0, Culture=neutral, PublicKeyToken=b03f5f7f11d50a3a' file path 'C:\Program Files\dotnet\sdk\8.0.202\Extensions\Microsoft.TestPlatform.Extensions.BlameDataCollector.dll'
TpTrace Information: 0 : 28508, 1, 2024/04/23, 18:53:46.707, 4634599903508, vstest.console.dll, AssemblyResolver.OnResolve: Microsoft.TestPlatform.Extensions.EventLogCollector: Resolving assembly.
TpTrace Information: 0 : 28508, 1, 2024/04/23, 18:53:46.707, 4634599904079, vstest.console.dll, AssemblyResolver.OnResolve: Microsoft.TestPlatform.Extensions.EventLogCollector: Searching in: 'C:\Program Files\dotnet\sdk\8.0.202\Extensions'.
TpTrace Information: 0 : 28508, 1, 2024/04/23, 18:53:46.707, 4634599906956, vstest.console.dll, AssemblyResolver.OnResolve: Microsoft.TestPlatform.Extensions.EventLogCollector: Loading assembly 'C:\Program Files\dotnet\sdk\8.0.202\Extensions\Microsoft.TestPlatform.Extensions.EventLogCollector.dll'.
TpTrace Information: 0 : 28508, 1, 2024/04/23, 18:53:46.707, 4634599912095, vstest.console.dll, AssemblyResolver.OnResolve: Resolved assembly: Microsoft.TestPlatform.Extensions.EventLogCollector, from path: C:\Program Files\dotnet\sdk\8.0.202\Extensions\Microsoft.TestPlatform.Extensions.EventLogCollector.dll
TpTrace Verbose: 0 : 28508, 1, 2024/04/23, 18:53:46.707, 4634599912932, vstest.console.dll, MetadataReaderExtensionsHelper: Discovering extensions inside assembly 'Microsoft.TestPlatform.Extensions.EventLogCollector, Version=15.0.0.0, Culture=neutral, PublicKeyToken=b03f5f7f11d50a3a' file path 'C:\Program Files\dotnet\sdk\8.0.202\Extensions\Microsoft.TestPlatform.Extensions.EventLogCollector.dll'
TpTrace Information: 0 : 28508, 1, 2024/04/23, 18:53:46.710, 4634599936911, vstest.console.dll, AssemblyResolver.OnResolve: Microsoft.TestPlatform.TestHostRuntimeProvider: Resolving assembly.
TpTrace Information: 0 : 28508, 1, 2024/04/23, 18:53:46.710, 4634599937719, vstest.console.dll, AssemblyResolver.OnResolve: Microsoft.TestPlatform.TestHostRuntimeProvider: Searching in: 'C:\Program Files\dotnet\sdk\8.0.202\Extensions'.
TpTrace Information: 0 : 28508, 1, 2024/04/23, 18:53:46.710, 4634599943078, vstest.console.dll, AssemblyResolver.OnResolve: Microsoft.TestPlatform.TestHostRuntimeProvider: Loading assembly 'C:\Program Files\dotnet\sdk\8.0.202\Extensions\Microsoft.TestPlatform.TestHostRuntimeProvider.dll'.
TpTrace Information: 0 : 28508, 1, 2024/04/23, 18:53:46.712, 4634599955283, vstest.console.dll, AssemblyResolver.OnResolve: Resolved assembly: Microsoft.TestPlatform.TestHostRuntimeProvider, from path: C:\Program Files\dotnet\sdk\8.0.202\Extensions\Microsoft.TestPlatform.TestHostRuntimeProvider.dll
TpTrace Verbose: 0 : 28508, 1, 2024/04/23, 18:53:46.712, 4634599956363, vstest.console.dll, MetadataReaderExtensionsHelper: Discovering extensions inside assembly 'Microsoft.TestPlatform.TestHostRuntimeProvider, Version=15.0.0.0, Culture=neutral, PublicKeyToken=b03f5f7f11d50a3a' file path 'C:\Program Files\dotnet\sdk\8.0.202\Extensions\Microsoft.TestPlatform.TestHostRuntimeProvider.dll'
TpTrace Information: 0 : 28508, 1, 2024/04/23, 18:53:46.713, 4634599972711, vstest.console.dll, GetTestExtensionFromType: Register extension with identifier data 'HostProvider://DefaultTestHost' and type 'Microsoft.VisualStudio.TestPlatform.CrossPlatEngine.Hosting.DefaultTestHostManager, Microsoft.TestPlatform.TestHostRuntimeProvider, Version=15.0.0.0, Culture=neutral, PublicKeyToken=b03f5f7f11d50a3a' inside file 'C:\Program Files\dotnet\sdk\8.0.202\Extensions\Microsoft.TestPlatform.TestHostRuntimeProvider.dll'
TpTrace Information: 0 : 28508, 1, 2024/04/23, 18:53:46.714, 4634599975469, vstest.console.dll, GetTestExtensionFromType: Register extension with identifier data 'HostProvider://DotnetTestHost' and type 'Microsoft.VisualStudio.TestPlatform.CrossPlatEngine.Hosting.DotnetTestHostManager, Microsoft.TestPlatform.TestHostRuntimeProvider, Version=15.0.0.0, Culture=neutral, PublicKeyToken=b03f5f7f11d50a3a' inside file 'C:\Program Files\dotnet\sdk\8.0.202\Extensions\Microsoft.TestPlatform.TestHostRuntimeProvider.dll'
TpTrace Information: 0 : 28508, 1, 2024/04/23, 18:53:46.714, 4634599976296, vstest.console.dll, AssemblyResolver.OnResolve: Microsoft.VisualStudio.TestPlatform.Extensions.Html.TestLogger: Resolving assembly.
TpTrace Information: 0 : 28508, 1, 2024/04/23, 18:53:46.714, 4634599976707, vstest.console.dll, AssemblyResolver.OnResolve: Microsoft.VisualStudio.TestPlatform.Extensions.Html.TestLogger: Searching in: 'C:\Program Files\dotnet\sdk\8.0.202\Extensions'.
TpTrace Information: 0 : 28508, 1, 2024/04/23, 18:53:46.714, 4634599981274, vstest.console.dll, AssemblyResolver.OnResolve: Microsoft.VisualStudio.TestPlatform.Extensions.Html.TestLogger: Loading assembly 'C:\Program Files\dotnet\sdk\8.0.202\Extensions\Microsoft.VisualStudio.TestPlatform.Extensions.Html.TestLogger.dll'.
TpTrace Information: 0 : 28508, 1, 2024/04/23, 18:53:46.715, 4634599990561, vstest.console.dll, AssemblyResolver.OnResolve: Resolved assembly: Microsoft.VisualStudio.TestPlatform.Extensions.Html.TestLogger, from path: C:\Program Files\dotnet\sdk\8.0.202\Extensions\Microsoft.VisualStudio.TestPlatform.Extensions.Html.TestLogger.dll
TpTrace Verbose: 0 : 28508, 1, 2024/04/23, 18:53:46.715, 4634599991597, vstest.console.dll, MetadataReaderExtensionsHelper: Discovering extensions inside assembly 'Microsoft.VisualStudio.TestPlatform.Extensions.Html.TestLogger, Version=15.0.0.0, Culture=neutral, PublicKeyToken=b03f5f7f11d50a3a' file path 'C:\Program Files\dotnet\sdk\8.0.202\Extensions\Microsoft.VisualStudio.TestPlatform.Extensions.Html.TestLogger.dll'
TpTrace Information: 0 : 28508, 1, 2024/04/23, 18:53:46.716, 4634600000408, vstest.console.dll, AssemblyResolver.OnResolve: Microsoft.VisualStudio.TestPlatform.Extensions.Trx.TestLogger: Resolving assembly.
TpTrace Information: 0 : 28508, 1, 2024/04/23, 18:53:46.716, 4634600001110, vstest.console.dll, AssemblyResolver.OnResolve: Microsoft.VisualStudio.TestPlatform.Extensions.Trx.TestLogger: Searching in: 'C:\Program Files\dotnet\sdk\8.0.202\Extensions'.
TpTrace Information: 0 : 28508, 1, 2024/04/23, 18:53:46.717, 4634600008925, vstest.console.dll, AssemblyResolver.OnResolve: Microsoft.VisualStudio.TestPlatform.Extensions.Trx.TestLogger: Loading assembly 'C:\Program Files\dotnet\sdk\8.0.202\Extensions\Microsoft.VisualStudio.TestPlatform.Extensions.Trx.TestLogger.dll'.
TpTrace Information: 0 : 28508, 1, 2024/04/23, 18:53:46.719, 4634600028771, vstest.console.dll, AssemblyResolver.OnResolve: Resolved assembly: Microsoft.VisualStudio.TestPlatform.Extensions.Trx.TestLogger, from path: C:\Program Files\dotnet\sdk\8.0.202\Extensions\Microsoft.VisualStudio.TestPlatform.Extensions.Trx.TestLogger.dll
TpTrace Verbose: 0 : 28508, 1, 2024/04/23, 18:53:46.719, 4634600029951, vstest.console.dll, MetadataReaderExtensionsHelper: Discovering extensions inside assembly 'Microsoft.VisualStudio.TestPlatform.Extensions.Trx.TestLogger, Version=15.0.0.0, Culture=neutral, PublicKeyToken=b03f5f7f11d50a3a' file path 'C:\Program Files\dotnet\sdk\8.0.202\Extensions\Microsoft.VisualStudio.TestPlatform.Extensions.Trx.TestLogger.dll'
TpTrace Verbose: 0 : 28508, 1, 2024/04/23, 18:53:46.721, 4634600045658, vstest.console.dll, TestPluginCache: Discovered the extensions using extension path ''.
TpTrace Verbose: 0 : 28508, 1, 2024/04/23, 18:53:46.721, 4634600046685, vstest.console.dll, TestPluginCache: Discoverers are ''.
TpTrace Verbose: 0 : 28508, 1, 2024/04/23, 18:53:46.721, 4634600046934, vstest.console.dll, TestPluginCache: Executors are ''.
TpTrace Verbose: 0 : 28508, 1, 2024/04/23, 18:53:46.721, 4634600047154, vstest.console.dll, TestPluginCache: Executors2 are ''.
TpTrace Verbose: 0 : 28508, 1, 2024/04/23, 18:53:46.721, 4634600047371, vstest.console.dll, TestPluginCache: Setting providers are ''.
TpTrace Verbose: 0 : 28508, 1, 2024/04/23, 18:53:46.721, 4634600047755, vstest.console.dll, TestPluginCache: Loggers are ''.
TpTrace Verbose: 0 : 28508, 1, 2024/04/23, 18:53:46.721, 4634600049166, vstest.console.dll, TestPluginCache: TestHosts are 'HostProvider://DefaultTestHost,HostProvider://DotnetTestHost'.
TpTrace Verbose: 0 : 28508, 1, 2024/04/23, 18:53:46.721, 4634600049508, vstest.console.dll, TestPluginCache: DataCollectors are ''.
TpTrace Information: 0 : 28508, 1, 2024/04/23, 18:53:46.737, 4634600204319, vstest.console.dll, RunTestsArgumentProcessor:Execute: Test run is starting.
TpTrace Verbose: 0 : 28508, 1, 2024/04/23, 18:53:46.737, 4634600206052, vstest.console.dll, RunTestsArgumentProcessor:Execute: Queuing Test run.
TpTrace Information: 0 : 28508, 1, 2024/04/23, 18:53:46.737, 4634600211643, vstest.console.dll, TestRequestManager.RunTests: run tests started.
TpTrace Information: 0 : 28508, 1, 2024/04/23, 18:53:46.738, 4634600222672, vstest.console.dll, AssemblyMetadataProvider.GetFrameworkName: Determined framework:'.NETCoreApp,Version=v6.0' for source: 'C:\MyPersonalFiles\GensparkTraining\GitHub\Day10\EmployeeRequestTrackerSolution\RequestTrackerTest\bin\Debug\net6.0\fine-code-coverage\build-output\RequestTrackerTest.dll'
TpTrace Information: 0 : 28508, 1, 2024/04/23, 18:53:46.739, 4634600224122, vstest.console.dll, Determined framework for all sources: .NETCoreApp,Version=v6.0
TpTrace Verbose: 0 : 28508, 1, 2024/04/23, 18:53:46.739, 4634600226846, vstest.console.dll, TestRequestManager.UpdateRunSettingsIfRequired: Default architecture: X64 IsDefaultTargetArchitecture: True, Current process architecture: X64 OperatingSystem: Windows.
TpTrace Information: 0 : 28508, 1, 2024/04/23, 18:53:46.740, 4634600240917, vstest.console.dll, AssemblyMetadataProvider.GetArchitecture: Determined architecture:AnyCPU info for assembly: C:\MyPersonalFiles\GensparkTraining\GitHub\Day10\EmployeeRequestTrackerSolution\RequestTrackerTest\bin\Debug\net6.0\fine-code-coverage\build-output\RequestTrackerTest.dll
TpTrace Information: 0 : 28508, 1, 2024/04/23, 18:53:46.740, 4634600241472, vstest.console.dll, Determined platform for source 'C:\MyPersonalFiles\GensparkTraining\GitHub\Day10\EmployeeRequestTrackerSolution\RequestTrackerTest\bin\Debug\net6.0\fine-code-coverage\build-output\RequestTrackerTest.dll' was AnyCPU and it will use the default plaform X64.
TpTrace Information: 0 : 28508, 1, 2024/04/23, 18:53:46.740, 4634600241722, vstest.console.dll, None of the sources provided any runnable platform, using the default platform: X64
TpTrace Information: 0 : 28508, 1, 2024/04/23, 18:53:46.740, 4634600242547, vstest.console.dll, Platform was updated to 'X64'.
TpTrace Information: 0 : 28508, 1, 2024/04/23, 18:53:46.746, 4634600293481, vstest.console.dll, InferRunSettingsHelper.IsTestSettingsEnabled: Unable to navigate to RunSettings/MSTest. Current node: RunSettings
TpTrace Information: 0 : 28508, 1, 2024/04/23, 18:53:46.746, 4634600301265, vstest.console.dll, AssemblyResolver.OnResolve: Microsoft.VisualStudio.TestPlatform.Fakes: Resolving assembly.
TpTrace Information: 0 : 28508, 1, 2024/04/23, 18:53:46.746, 4634600301966, vstest.console.dll, AssemblyResolver.OnResolve: Microsoft.VisualStudio.TestPlatform.Fakes: Searching in: 'C:\Program Files\dotnet\sdk\8.0.202\Extensions'.
TpTrace Information: 0 : 28508, 1, 2024/04/23, 18:53:46.746, 4634600302998, vstest.console.dll, AssemblyResolver.OnResolve: Microsoft.VisualStudio.TestPlatform.Fakes: Assembly path does not exist: 'C:\Program Files\dotnet\sdk\8.0.202\Extensions\Microsoft.VisualStudio.TestPlatform.Fakes.dll', returning.
TpTrace Information: 0 : 28508, 1, 2024/04/23, 18:53:46.747, 4634600303535, vstest.console.dll, AssemblyResolver.OnResolve: Microsoft.VisualStudio.TestPlatform.Fakes: Assembly path does not exist: 'C:\Program Files\dotnet\sdk\8.0.202\Extensions\Microsoft.VisualStudio.TestPlatform.Fakes.exe', returning.
TpTrace Information: 0 : 28508, 1, 2024/04/23, 18:53:46.747, 4634600303788, vstest.console.dll, AssemblyResolver.OnResolve: Microsoft.VisualStudio.TestPlatform.Fakes: Searching in: 'C:\Program Files\dotnet\sdk\8.0.202'.
TpTrace Information: 0 : 28508, 1, 2024/04/23, 18:53:46.747, 4634600304265, vstest.console.dll, AssemblyResolver.OnResolve: Microsoft.VisualStudio.TestPlatform.Fakes: Assembly path does not exist: 'C:\Program Files\dotnet\sdk\8.0.202\Microsoft.VisualStudio.TestPlatform.Fakes.dll', returning.
TpTrace Information: 0 : 28508, 1, 2024/04/23, 18:53:46.747, 4634600304749, vstest.console.dll, AssemblyResolver.OnResolve: Microsoft.VisualStudio.TestPlatform.Fakes: Assembly path does not exist: 'C:\Program Files\dotnet\sdk\8.0.202\Microsoft.VisualStudio.TestPlatform.Fakes.exe', returning.
TpTrace Information: 0 : 28508, 1, 2024/04/23, 18:53:46.747, 4634600305007, vstest.console.dll, AssemblyResolver.OnResolve: Microsoft.VisualStudio.TestPlatform.Fakes: Failed to load assembly.
TpTrace Information: 0 : 28508, 1, 2024/04/23, 18:53:46.747, 4634600307476, vstest.console.dll, Failed to load assembly Microsoft.VisualStudio.TestPlatform.Fakes, Version=17.0.0.0, Culture=neutral. Reason:System.IO.FileNotFoundException: Could not load file or assembly 'Microsoft.VisualStudio.TestPlatform.Fakes, Version=17.0.0.0, Culture=neutral, PublicKeyToken=null'. The system cannot find the file specified.
File name: 'Microsoft.VisualStudio.TestPlatform.Fakes, Version=17.0.0.0, Culture=neutral, PublicKeyToken=null'
   at System.Reflection.RuntimeAssembly.InternalLoad(AssemblyName assemblyName, StackCrawlMark& stackMark, AssemblyLoadContext assemblyLoadContext, RuntimeAssembly requestingAssembly, Boolean throwOnFileNotFound)
   at System.Reflection.Assembly.Load(AssemblyName assemblyRef)
   at Microsoft.VisualStudio.TestPlatform.Common.Utilities.FakesUtilities.LoadTestPlatformAssembly() in /_/src/Microsoft.TestPlatform.Common/Utilities/FakesUtilities.cs:line 272
TpTrace Verbose: 0 : 28508, 1, 2024/04/23, 18:53:46.751, 4634600350028, vstest.console.dll, TestPluginCache.DiscoverTestExtensions: finding test extensions in assemblies ends with: TestLogger.dll TPluginInfo: Microsoft.VisualStudio.TestPlatform.Common.ExtensionFramework.Utilities.TestLoggerPluginInformation TExtension: Microsoft.VisualStudio.TestPlatform.ObjectModel.Client.ITestLogger
TpTrace Verbose: 0 : 28508, 1, 2024/04/23, 18:53:46.751, 4634600351330, vstest.console.dll, TestPluginCache.GetExtensionPaths: Filtered extension paths: 
TpTrace Verbose: 0 : 28508, 1, 2024/04/23, 18:53:46.751, 4634600351638, vstest.console.dll, TestPluginCache.GetExtensionPaths: Added default extension paths: C:\Program Files\dotnet\sdk\8.0.202\Extensions\Microsoft.Diagnostics.NETCore.Client.dll
C:\Program Files\dotnet\sdk\8.0.202\Extensions\Microsoft.TestPlatform.Extensions.BlameDataCollector.dll
C:\Program Files\dotnet\sdk\8.0.202\Extensions\Microsoft.TestPlatform.Extensions.EventLogCollector.dll
C:\Program Files\dotnet\sdk\8.0.202\Extensions\Microsoft.TestPlatform.TestHostRuntimeProvider.dll
C:\Program Files\dotnet\sdk\8.0.202\Extensions\Microsoft.VisualStudio.TestPlatform.Extensions.Html.TestLogger.dll
C:\Program Files\dotnet\sdk\8.0.202\Extensions\Microsoft.VisualStudio.TestPlatform.Extensions.Trx.TestLogger.dll
TpTrace Verbose: 0 : 28508, 1, 2024/04/23, 18:53:46.751, 4634600351890, vstest.console.dll, TestPluginCache.GetExtensionPaths: Added unfilterableExtensionPaths: 
TpTrace Information: 0 : 28508, 1, 2024/04/23, 18:53:46.752, 4634600353378, vstest.console.dll, AssemblyResolver.AddSearchDirectories: Adding more searchDirectories C:\Program Files\dotnet\sdk\8.0.202\Extensions,C:\Program Files\dotnet\sdk\8.0.202
TpTrace Verbose: 0 : 28508, 1, 2024/04/23, 18:53:46.752, 4634600353784, vstest.console.dll, TestPluginCache.DiscoverTestExtensions: Discovering the extensions using extension path.
TpTrace Verbose: 0 : 28508, 1, 2024/04/23, 18:53:46.752, 4634600354199, vstest.console.dll, TestPluginCache.GetExtensionPaths: Filtered extension paths: 
TpTrace Verbose: 0 : 28508, 1, 2024/04/23, 18:53:46.752, 4634600354487, vstest.console.dll, TestPluginCache.GetExtensionPaths: Added default extension paths: C:\Program Files\dotnet\sdk\8.0.202\Extensions\Microsoft.Diagnostics.NETCore.Client.dll
C:\Program Files\dotnet\sdk\8.0.202\Extensions\Microsoft.TestPlatform.Extensions.BlameDataCollector.dll
C:\Program Files\dotnet\sdk\8.0.202\Extensions\Microsoft.TestPlatform.Extensions.EventLogCollector.dll
C:\Program Files\dotnet\sdk\8.0.202\Extensions\Microsoft.TestPlatform.TestHostRuntimeProvider.dll
C:\Program Files\dotnet\sdk\8.0.202\Extensions\Microsoft.VisualStudio.TestPlatform.Extensions.Html.TestLogger.dll
C:\Program Files\dotnet\sdk\8.0.202\Extensions\Microsoft.VisualStudio.TestPlatform.Extensions.Trx.TestLogger.dll
TpTrace Verbose: 0 : 28508, 1, 2024/04/23, 18:53:46.752, 4634600354735, vstest.console.dll, TestPluginCache.GetExtensionPaths: Added unfilterableExtensionPaths: 
TpTrace Verbose: 0 : 28508, 1, 2024/04/23, 18:53:46.752, 4634600355564, vstest.console.dll, TestPluginCache.DiscoverTestExtensions: Discovering the extensions using allExtensionPaths: C:\Program Files\dotnet\sdk\8.0.202\Extensions\Microsoft.Diagnostics.NETCore.Client.dll
C:\Program Files\dotnet\sdk\8.0.202\Extensions\Microsoft.TestPlatform.Extensions.BlameDataCollector.dll
C:\Program Files\dotnet\sdk\8.0.202\Extensions\Microsoft.TestPlatform.Extensions.EventLogCollector.dll
C:\Program Files\dotnet\sdk\8.0.202\Extensions\Microsoft.TestPlatform.TestHostRuntimeProvider.dll
C:\Program Files\dotnet\sdk\8.0.202\Extensions\Microsoft.VisualStudio.TestPlatform.Extensions.Html.TestLogger.dll
C:\Program Files\dotnet\sdk\8.0.202\Extensions\Microsoft.VisualStudio.TestPlatform.Extensions.Trx.TestLogger.dll
TpTrace Information: 0 : 28508, 1, 2024/04/23, 18:53:46.752, 4634600356107, vstest.console.dll, AssemblyResolver.AddSearchDirectories: Adding more searchDirectories C:\Program Files\dotnet\sdk\8.0.202\Extensions,C:\Program Files\dotnet\sdk\8.0.202
TpTrace Information: 0 : 28508, 1, 2024/04/23, 18:53:46.752, 4634600356432, vstest.console.dll, AssemblyResolver.AddSearchDirectories: Adding more searchDirectories C:\Program Files\dotnet\sdk\8.0.202\Extensions,C:\Program Files\dotnet\sdk\8.0.202
TpTrace Information: 0 : 28508, 1, 2024/04/23, 18:53:46.752, 4634600356681, vstest.console.dll, AssemblyResolver.AddSearchDirectories: Adding more searchDirectories C:\Program Files\dotnet\sdk\8.0.202\Extensions,C:\Program Files\dotnet\sdk\8.0.202
TpTrace Information: 0 : 28508, 1, 2024/04/23, 18:53:46.752, 4634600356917, vstest.console.dll, AssemblyResolver.AddSearchDirectories: Adding more searchDirectories C:\Program Files\dotnet\sdk\8.0.202\Extensions,C:\Program Files\dotnet\sdk\8.0.202
TpTrace Information: 0 : 28508, 1, 2024/04/23, 18:53:46.752, 4634600357154, vstest.console.dll, AssemblyResolver.AddSearchDirectories: Adding more searchDirectories C:\Program Files\dotnet\sdk\8.0.202\Extensions,C:\Program Files\dotnet\sdk\8.0.202
TpTrace Information: 0 : 28508, 1, 2024/04/23, 18:53:46.752, 4634600357420, vstest.console.dll, AssemblyResolver.AddSearchDirectories: Adding more searchDirectories C:\Program Files\dotnet\sdk\8.0.202\Extensions,C:\Program Files\dotnet\sdk\8.0.202
TpTrace Verbose: 0 : 28508, 1, 2024/04/23, 18:53:46.752, 4634600358496, vstest.console.dll, MetadataReaderExtensionsHelper: Discovering extensions inside assembly 'Microsoft.Diagnostics.NETCore.Client, Version=0.2.9.2401, Culture=neutral, PublicKeyToken=31bf3856ad364e35' file path 'C:\Program Files\dotnet\sdk\8.0.202\Extensions\Microsoft.Diagnostics.NETCore.Client.dll'
TpTrace Information: 0 : 28508, 1, 2024/04/23, 18:53:46.753, 4634600365493, vstest.console.dll, AssemblyResolver.OnResolve: Microsoft.Bcl.AsyncInterfaces: Resolving assembly.
TpTrace Information: 0 : 28508, 1, 2024/04/23, 18:53:46.753, 4634600366159, vstest.console.dll, AssemblyResolver.OnResolve: Microsoft.Bcl.AsyncInterfaces: Resolved from cache.
TpTrace Verbose: 0 : 28508, 1, 2024/04/23, 18:53:46.753, 4634600366485, vstest.console.dll, CurrentDomainAssemblyResolve: Resolving assembly 'Microsoft.Bcl.AsyncInterfaces'.
TpTrace Information: 0 : 28508, 1, 2024/04/23, 18:53:46.753, 4634600366914, vstest.console.dll, AssemblyResolver.OnResolve: Microsoft.Bcl.AsyncInterfaces: Resolving assembly.
TpTrace Information: 0 : 28508, 1, 2024/04/23, 18:53:46.753, 4634600367227, vstest.console.dll, AssemblyResolver.OnResolve: Microsoft.Bcl.AsyncInterfaces: Resolved from cache.
TpTrace Verbose: 0 : 28508, 1, 2024/04/23, 18:53:46.753, 4634600367521, vstest.console.dll, CurrentDomainAssemblyResolve: Resolving assembly 'Microsoft.Bcl.AsyncInterfaces'.
TpTrace Verbose: 0 : 28508, 1, 2024/04/23, 18:53:46.753, 4634600367807, vstest.console.dll, CurrentDomainAssemblyResolve: Failed to resolve assembly 'Microsoft.Bcl.AsyncInterfaces'.
TpTrace Verbose: 0 : 28508, 1, 2024/04/23, 18:53:46.753, 4634600369179, vstest.console.dll, CurrentDomainAssemblyResolve: Failed to resolve assembly 'Microsoft.Bcl.AsyncInterfaces'.
TpTrace Warning: 0 : 28508, 1, 2024/04/23, 18:53:46.754, 4634600374867, vstest.console.dll, TestPluginDiscoverer: Failed to get types from assembly 'Microsoft.Diagnostics.NETCore.Client, Version=0.2.9.2401, Culture=neutral, PublicKeyToken=31bf3856ad364e35'. Error: System.Reflection.ReflectionTypeLoadException: Unable to load one or more of the requested types.
Could not load file or assembly 'Microsoft.Bcl.AsyncInterfaces, Version=6.0.0.0, Culture=neutral, PublicKeyToken=cc7b13ffcd2ddd51'. The system cannot find the file specified.
   at System.Reflection.RuntimeModule.GetTypes(RuntimeModule module)
   at System.Reflection.RuntimeModule.GetTypes()
   at Microsoft.VisualStudio.TestPlatform.Common.ExtensionFramework.TestPluginDiscoverer.GetTestExtensionsFromAssembly[TPluginInfo,TExtension](Assembly assembly, Dictionary`2 pluginInfos, String filePath) in /_/src/Microsoft.TestPlatform.Common/ExtensionFramework/TestPluginDiscoverer.cs:line 158
System.IO.FileNotFoundException: Could not load file or assembly 'Microsoft.Bcl.AsyncInterfaces, Version=6.0.0.0, Culture=neutral, PublicKeyToken=cc7b13ffcd2ddd51'. The system cannot find the file specified.
File name: 'Microsoft.Bcl.AsyncInterfaces, Version=6.0.0.0, Culture=neutral, PublicKeyToken=cc7b13ffcd2ddd51'
 ---> System.IO.FileNotFoundException: Could not load file or assembly 'Microsoft.Bcl.AsyncInterfaces, Culture=neutral, PublicKeyToken=null'. The system cannot find the file specified.
File name: 'Microsoft.Bcl.AsyncInterfaces, Culture=neutral, PublicKeyToken=null'
   at System.Reflection.RuntimeAssembly.InternalLoad(AssemblyName assemblyName, StackCrawlMark& stackMark, AssemblyLoadContext assemblyLoadContext, RuntimeAssembly requestingAssembly, Boolean throwOnFileNotFound)
   at System.Reflection.Assembly.Load(AssemblyName assemblyRef)
   at Microsoft.VisualStudio.TestPlatform.Common.ExtensionFramework.TestPluginCache.CurrentDomainAssemblyResolve(Object sender, AssemblyResolveEventArgs args) in /_/src/Microsoft.TestPlatform.Common/ExtensionFramework/TestPluginCache.cs:line 513
   at System.Runtime.Loader.AssemblyLoadContext.GetFirstResolvedAssemblyFromResolvingEvent(AssemblyName assemblyName)
   at System.Runtime.Loader.AssemblyLoadContext.ResolveUsingEvent(AssemblyName assemblyName)
   at System.Runtime.Loader.AssemblyLoadContext.ResolveUsingResolvingEvent(IntPtr gchManagedAssemblyLoadContext, AssemblyName assemblyName)
TpTrace Warning: 0 : 28508, 1, 2024/04/23, 18:53:46.754, 4634600376419, vstest.console.dll, LoaderExceptions: System.IO.FileNotFoundException: Could not load file or assembly 'Microsoft.Bcl.AsyncInterfaces, Version=6.0.0.0, Culture=neutral, PublicKeyToken=cc7b13ffcd2ddd51'. The system cannot find the file specified.
File name: 'Microsoft.Bcl.AsyncInterfaces, Version=6.0.0.0, Culture=neutral, PublicKeyToken=cc7b13ffcd2ddd51'
 ---> System.IO.FileNotFoundException: Could not load file or assembly 'Microsoft.Bcl.AsyncInterfaces, Culture=neutral, PublicKeyToken=null'. The system cannot find the file specified.
File name: 'Microsoft.Bcl.AsyncInterfaces, Culture=neutral, PublicKeyToken=null'
   at System.Reflection.RuntimeAssembly.InternalLoad(AssemblyName assemblyName, StackCrawlMark& stackMark, AssemblyLoadContext assemblyLoadContext, RuntimeAssembly requestingAssembly, Boolean throwOnFileNotFound)
   at System.Reflection.Assembly.Load(AssemblyName assemblyRef)
   at Microsoft.VisualStudio.TestPlatform.Common.ExtensionFramework.TestPluginCache.CurrentDomainAssemblyResolve(Object sender, AssemblyResolveEventArgs args) in /_/src/Microsoft.TestPlatform.Common/ExtensionFramework/TestPluginCache.cs:line 513
   at System.Runtime.Loader.AssemblyLoadContext.GetFirstResolvedAssemblyFromResolvingEvent(AssemblyName assemblyName)
   at System.Runtime.Loader.AssemblyLoadContext.ResolveUsingEvent(AssemblyName assemblyName)
   at System.Runtime.Loader.AssemblyLoadContext.ResolveUsingResolvingEvent(IntPtr gchManagedAssemblyLoadContext, AssemblyName assemblyName)
TpTrace Verbose: 0 : 28508, 1, 2024/04/23, 18:53:46.754, 4634600377129, vstest.console.dll, MetadataReaderExtensionsHelper: Discovering extensions inside assembly 'Microsoft.TestPlatform.Extensions.BlameDataCollector, Version=15.0.0.0, Culture=neutral, PublicKeyToken=b03f5f7f11d50a3a' file path 'C:\Program Files\dotnet\sdk\8.0.202\Extensions\Microsoft.TestPlatform.Extensions.BlameDataCollector.dll'
TpTrace Information: 0 : 28508, 1, 2024/04/23, 18:53:46.754, 4634600381401, vstest.console.dll, GetTestExtensionFromType: Register extension with identifier data 'logger://Microsoft/TestPlatform/Extensions/Blame/v1' and type 'Microsoft.TestPlatform.Extensions.BlameDataCollector.BlameLogger, Microsoft.TestPlatform.Extensions.BlameDataCollector, Version=15.0.0.0, Culture=neutral, PublicKeyToken=b03f5f7f11d50a3a' inside file 'C:\Program Files\dotnet\sdk\8.0.202\Extensions\Microsoft.TestPlatform.Extensions.BlameDataCollector.dll'
TpTrace Verbose: 0 : 28508, 1, 2024/04/23, 18:53:46.754, 4634600382045, vstest.console.dll, MetadataReaderExtensionsHelper: Discovering extensions inside assembly 'Microsoft.TestPlatform.Extensions.EventLogCollector, Version=15.0.0.0, Culture=neutral, PublicKeyToken=b03f5f7f11d50a3a' file path 'C:\Program Files\dotnet\sdk\8.0.202\Extensions\Microsoft.TestPlatform.Extensions.EventLogCollector.dll'
TpTrace Verbose: 0 : 28508, 1, 2024/04/23, 18:53:46.755, 4634600384891, vstest.console.dll, MetadataReaderExtensionsHelper: Discovering extensions inside assembly 'Microsoft.TestPlatform.TestHostRuntimeProvider, Version=15.0.0.0, Culture=neutral, PublicKeyToken=b03f5f7f11d50a3a' file path 'C:\Program Files\dotnet\sdk\8.0.202\Extensions\Microsoft.TestPlatform.TestHostRuntimeProvider.dll'
TpTrace Verbose: 0 : 28508, 1, 2024/04/23, 18:53:46.755, 4634600387333, vstest.console.dll, MetadataReaderExtensionsHelper: Discovering extensions inside assembly 'Microsoft.VisualStudio.TestPlatform.Extensions.Html.TestLogger, Version=15.0.0.0, Culture=neutral, PublicKeyToken=b03f5f7f11d50a3a' file path 'C:\Program Files\dotnet\sdk\8.0.202\Extensions\Microsoft.VisualStudio.TestPlatform.Extensions.Html.TestLogger.dll'
TpTrace Information: 0 : 28508, 1, 2024/04/23, 18:53:46.755, 4634600391875, vstest.console.dll, GetTestExtensionFromType: Register extension with identifier data 'logger://Microsoft/TestPlatform/HtmlLogger/v1' and type 'Microsoft.VisualStudio.TestPlatform.Extensions.HtmlLogger.HtmlLogger, Microsoft.VisualStudio.TestPlatform.Extensions.Html.TestLogger, Version=15.0.0.0, Culture=neutral, PublicKeyToken=b03f5f7f11d50a3a' inside file 'C:\Program Files\dotnet\sdk\8.0.202\Extensions\Microsoft.VisualStudio.TestPlatform.Extensions.Html.TestLogger.dll'
TpTrace Verbose: 0 : 28508, 1, 2024/04/23, 18:53:46.755, 4634600392443, vstest.console.dll, MetadataReaderExtensionsHelper: Discovering extensions inside assembly 'Microsoft.VisualStudio.TestPlatform.Extensions.Trx.TestLogger, Version=15.0.0.0, Culture=neutral, PublicKeyToken=b03f5f7f11d50a3a' file path 'C:\Program Files\dotnet\sdk\8.0.202\Extensions\Microsoft.VisualStudio.TestPlatform.Extensions.Trx.TestLogger.dll'
TpTrace Information: 0 : 28508, 1, 2024/04/23, 18:53:46.756, 4634600395265, vstest.console.dll, GetTestExtensionFromType: Register extension with identifier data 'logger://Microsoft/TestPlatform/TrxLogger/v1' and type 'Microsoft.VisualStudio.TestPlatform.Extensions.TrxLogger.TrxLogger, Microsoft.VisualStudio.TestPlatform.Extensions.Trx.TestLogger, Version=15.0.0.0, Culture=neutral, PublicKeyToken=b03f5f7f11d50a3a' inside file 'C:\Program Files\dotnet\sdk\8.0.202\Extensions\Microsoft.VisualStudio.TestPlatform.Extensions.Trx.TestLogger.dll'
TpTrace Verbose: 0 : 28508, 1, 2024/04/23, 18:53:46.756, 4634600395841, vstest.console.dll, TestPluginCache: Discovered the extensions using extension path ''.
TpTrace Verbose: 0 : 28508, 1, 2024/04/23, 18:53:46.756, 4634600396170, vstest.console.dll, TestPluginCache: Discoverers are ''.
TpTrace Verbose: 0 : 28508, 1, 2024/04/23, 18:53:46.756, 4634600396392, vstest.console.dll, TestPluginCache: Executors are ''.
TpTrace Verbose: 0 : 28508, 1, 2024/04/23, 18:53:46.756, 4634600396605, vstest.console.dll, TestPluginCache: Executors2 are ''.
TpTrace Verbose: 0 : 28508, 1, 2024/04/23, 18:53:46.756, 4634600396849, vstest.console.dll, TestPluginCache: Setting providers are ''.
TpTrace Verbose: 0 : 28508, 1, 2024/04/23, 18:53:46.756, 4634600397531, vstest.console.dll, TestPluginCache: Loggers are 'logger://Microsoft/TestPlatform/Extensions/Blame/v1,logger://Microsoft/TestPlatform/HtmlLogger/v1,logger://Microsoft/TestPlatform/TrxLogger/v1'.
TpTrace Verbose: 0 : 28508, 1, 2024/04/23, 18:53:46.756, 4634600397887, vstest.console.dll, TestPluginCache: TestHosts are 'HostProvider://DefaultTestHost,HostProvider://DotnetTestHost'.
TpTrace Verbose: 0 : 28508, 1, 2024/04/23, 18:53:46.756, 4634600398278, vstest.console.dll, TestPluginCache: DataCollectors are ''.
TpTrace Information: 0 : 28508, 1, 2024/04/23, 18:53:46.757, 4634600405522, vstest.console.dll, TestPluginManager.CreateTestExtension: Attempting to load test extension: Microsoft.TestPlatform.Extensions.BlameDataCollector.BlameLogger
TpTrace Verbose: 0 : 28508, 1, 2024/04/23, 18:53:46.767, 4634600508498, vstest.console.dll, TestEngine: Initializing Parallel Execution as MaxCpuCount is set to: 1
TpTrace Information: 0 : 28508, 1, 2024/04/23, 18:53:46.770, 4634600536501, vstest.console.dll, TestPluginManager.CreateTestExtension: Attempting to load test extension: Microsoft.VisualStudio.TestPlatform.CrossPlatEngine.Hosting.DefaultTestHostManager
TpTrace Information: 0 : 28508, 1, 2024/04/23, 18:53:46.771, 4634600547575, vstest.console.dll, TestPluginManager.CreateTestExtension: Attempting to load test extension: Microsoft.VisualStudio.TestPlatform.CrossPlatEngine.Hosting.DotnetTestHostManager
TpTrace Information: 0 : 28508, 1, 2024/04/23, 18:53:46.771, 4634600552502, vstest.console.dll, InferRunSettingsHelper.IsTestSettingsEnabled: Unable to navigate to RunSettings/MSTest. Current node: RunSettings
TpTrace Verbose: 0 : 28508, 1, 2024/04/23, 18:53:46.772, 4634600562690, vstest.console.dll, ParallelOperationManager.ClearSlots: Clearing all slots. Slots should accept more work: True
TpTrace Verbose: 0 : 28508, 1, 2024/04/23, 18:53:46.773, 4634600567913, vstest.console.dll, ParallelOperationManager.SetOccupiedSlotCount: Setting slot counts AvailableSlotCount = 1, OccupiedSlotCount = 0.
TpTrace Verbose: 0 : 28508, 1, 2024/04/23, 18:53:46.773, 4634600570212, vstest.console.dll, Occupied slots:

TpTrace Verbose: 0 : 28508, 1, 2024/04/23, 18:53:46.776, 4634600595459, vstest.console.dll, TestEngine.GetExecutionManager: Chosen execution manager 'Microsoft.VisualStudio.TestPlatform.CrossPlatEngine.Client.Parallel.ParallelProxyExecutionManager, Microsoft.TestPlatform.CrossPlatEngine, Version=15.0.0.0, Culture=neutral, PublicKeyToken=b03f5f7f11d50a3a' ParallelLevel '1'.
TpTrace Verbose: 0 : 28508, 1, 2024/04/23, 18:53:46.776, 4634600596614, vstest.console.dll, TestRunRequest.ExecuteAsync: Creating test run request.
TpTrace Verbose: 0 : 28508, 1, 2024/04/23, 18:53:46.776, 4634600598361, vstest.console.dll, TestRunRequest.ExecuteAsync: Starting.
TpTrace Information: 0 : 28508, 1, 2024/04/23, 18:53:46.777, 4634600607955, vstest.console.dll, TestRunRequest.ExecuteAsync: Starting run with settings:TestRunCriteria:
   KeepAlive=False,FrequencyOfRunStatsChangeEvent=10,RunStatsChangeEventTimeout=00:00:01.5000000,TestCaseFilter=,TestExecutorLauncher=
   Settingsxml=<RunSettings>
  <RunConfiguration>
    <ResultsDirectory>C:\MyPersonalFiles\GensparkTraining\GitHub\Day10\EmployeeRequestTrackerSolution\RequestTrackerTest\bin\Debug\net6.0\fine-code-coverage\coverage-tool-output</ResultsDirectory>
    <TargetPlatform>X64</TargetPlatform>
    <TargetFrameworkVersion>.NETCoreApp,Version=v6.0</TargetFrameworkVersion>
    <DesignMode>False</DesignMode>
    <CollectSourceInformation>False</CollectSourceInformation>
  </RunConfiguration>
  <LoggerRunSettings>
    <Loggers>
      <Logger friendlyName="blame" enabled="True" />
      <Logger friendlyName="Console" uri="logger://microsoft/TestPlatform/ConsoleLogger/v1" assemblyQualifiedName="Microsoft.VisualStudio.TestPlatform.CommandLine.Internal.ConsoleLogger, vstest.console, Version=15.0.0.0, Culture=neutral, PublicKeyToken=b03f5f7f11d50a3a" codeBase="C:\Program Files\dotnet\sdk\8.0.202\vstest.console.dll" enabled="True" />
    </Loggers>
  </LoggerRunSettings>
  <DataCollectionRunSettings>
    <DataCollectors>
      <DataCollector friendlyName="blame" enabled="True">
        <Configuration>
          <ResultsDirectory>C:\MyPersonalFiles\GensparkTraining\GitHub\Day10\EmployeeRequestTrackerSolution\RequestTrackerTest\bin\Debug\net6.0\fine-code-coverage\coverage-tool-output</ResultsDirectory>
        </Configuration>
      </DataCollector>
    </DataCollectors>
  </DataCollectionRunSettings>
</RunSettings>

TpTrace Verbose: 0 : 28508, 1, 2024/04/23, 18:53:46.777, 4634600608605, vstest.console.dll, TestRunRequest.ExecuteAsync: Wait for the first run request is over.
TpTrace Verbose: 0 : 28508, 1, 2024/04/23, 18:53:46.777, 4634600611272, vstest.console.dll, MulticastDelegateUtilities.SafeInvoke: TestRun.TestRunStart: Invoking callbacks was skipped because there are no subscribers.
TpTrace Verbose: 0 : 28508, 4, 2024/04/23, 18:53:46.777, 4634600613257, vstest.console.dll, MulticastDelegateUtilities.SafeInvoke: InternalTestLoggerEvents.SendTestRunStart: Invoking callback 1/1 for Microsoft.VisualStudio.TestPlatform.CommandLine.Internal.ConsoleLogger., took 0 ms.
TpTrace Verbose: 0 : 28508, 1, 2024/04/23, 18:53:46.778, 4634600619641, vstest.console.dll, ParallelProxyExecutionManager: Start execution. Total sources: 1
TpTrace Verbose: 0 : 28508, 1, 2024/04/23, 18:53:46.778, 4634600622524, vstest.console.dll, ParallelOperationManager.StartWork: Starting adding 1 workloads.
TpTrace Verbose: 0 : 28508, 1, 2024/04/23, 18:53:46.778, 4634600623176, vstest.console.dll, ParallelOperationManager.ClearSlots: Clearing all slots. Slots should accept more work: True
TpTrace Verbose: 0 : 28508, 1, 2024/04/23, 18:53:46.779, 4634600623728, vstest.console.dll, ParallelOperationManager.SetOccupiedSlotCount: Setting slot counts AvailableSlotCount = 1, OccupiedSlotCount = 0.
TpTrace Verbose: 0 : 28508, 1, 2024/04/23, 18:53:46.779, 4634600624035, vstest.console.dll, Occupied slots:

TpTrace Verbose: 0 : 28508, 1, 2024/04/23, 18:53:46.780, 4634600637891, vstest.console.dll, TestRequestSender is acting as server.
TpTrace Verbose: 0 : 28508, 1, 2024/04/23, 18:53:46.782, 4634600655869, vstest.console.dll, ParallelOperationManager.RunWorkInParallel: Adding 1 workload to slot, remaining workloads 0.
TpTrace Verbose: 0 : 28508, 1, 2024/04/23, 18:53:46.782, 4634600657510, vstest.console.dll, ParallelOperationManager.SetOccupiedSlotCount: Setting slot counts AvailableSlotCount = 0, OccupiedSlotCount = 1.
TpTrace Verbose: 0 : 28508, 1, 2024/04/23, 18:53:46.782, 4634600658958, vstest.console.dll, Occupied slots:
0: C:\MyPersonalFiles\GensparkTraining\GitHub\Day10\EmployeeRequestTrackerSolution\RequestTrackerTest\bin\Debug\net6.0\fine-code-coverage\build-output\RequestTrackerTest.dll
TpTrace Verbose: 0 : 28508, 1, 2024/04/23, 18:53:46.784, 4634600674261, vstest.console.dll, ParallelOperationManager.RunWorkInParallel: Started host in slot number 0 for work (source): C:\MyPersonalFiles\GensparkTraining\GitHub\Day10\EmployeeRequestTrackerSolution\RequestTrackerTest\bin\Debug\net6.0\fine-code-coverage\build-output\RequestTrackerTest.dll.
TpTrace Verbose: 0 : 28508, 1, 2024/04/23, 18:53:46.785, 4634600686137, vstest.console.dll, ParallelOperationManager.RunWorkInParallel: We started 1 work items, which is the max parallel level. Won't start more work.
TpTrace Verbose: 0 : 28508, 1, 2024/04/23, 18:53:46.785, 4634600687410, vstest.console.dll, ParallelOperationManager.RunWorkInParallel: We started 1 work items in here, returning True.
TpTrace Information: 0 : 28508, 1, 2024/04/23, 18:53:46.785, 4634600687950, vstest.console.dll, TestRunRequest.ExecuteAsync: Started.
TpTrace Verbose: 0 : 28508, 5, 2024/04/23, 18:53:46.785, 4634600687928, vstest.console.dll, ParallelProxyExecutionManager.StartTestRunOnConcurrentManager: Initializing uninitialized client. Started clients: 0
TpTrace Verbose: 0 : 28508, 5, 2024/04/23, 18:53:46.785, 4634600689751, vstest.console.dll, DataCollectionRequestSender.InitializeCommunication : Initialize communication. 
TpTrace Verbose: 0 : 28508, 1, 2024/04/23, 18:53:46.786, 4634600693634, vstest.console.dll, TestRunRequest.WaitForCompletion: Waiting with timeout -1.
TpTrace Information: 0 : 28508, 5, 2024/04/23, 18:53:46.792, 4634600762972, vstest.console.dll, Listening on Endpoint : 127.0.0.1:49766
TpTrace Verbose: 0 : 28508, 5, 2024/04/23, 18:53:46.797, 4634600813191, vstest.console.dll, DotnetDataCollectionLauncher: Adding  --runtimeconfig "C:\Program Files\dotnet\sdk\8.0.202\datacollector.runtimeconfig.json" in args
TpTrace Verbose: 0 : 28508, 5, 2024/04/23, 18:53:46.798, 4634600814871, vstest.console.dll, DotnetDataCollectionLauncher: Adding  --depsfile "C:\Program Files\dotnet\sdk\8.0.202\datacollector.deps.json" in args
TpTrace Verbose: 0 : 28508, 5, 2024/04/23, 18:53:46.798, 4634600820950, vstest.console.dll, DotnetDataCollectionLauncher: Full path of dotnet.exe is C:\Program Files\dotnet\dotnet.exe
TpTrace Information: 0 : 28508, 5, 2024/04/23, 18:53:46.806, 4634600896282, vstest.console.dll, ProxyDataCollectionManager.Initialize: Launched datacollector processId: 34080 port: 49766
TpTrace Information: 0 : 28508, 5, 2024/04/23, 18:53:46.806, 4634600897970, vstest.console.dll, ProxyDataCollectionManager.Initialize: waiting for connection with timeout: 90 seconds
TpTrace Verbose: 0 : 28508, 5, 2024/04/23, 18:53:46.806, 4634600898631, vstest.console.dll, DataCollectionRequestSender.WaitForRequestHandlerConnection : Waiting for connection with timeout: 90000
TpTrace Verbose: 0 : 28508, 5, 2024/04/23, 18:53:47.002, 4634602859677, vstest.console.dll, SocketCommunicationManager.WaitForClientConnection took: 196 ms, with 90000 ms timeout, and finished with True.
TpTrace Information: 0 : 28508, 7, 2024/04/23, 18:53:47.002, 4634602859576, vstest.console.dll, Using the buffer size of 16384 bytes
TpTrace Verbose: 0 : 28508, 5, 2024/04/23, 18:53:47.002, 4634602862562, vstest.console.dll, ProxyDataCollectionManager.InvokeDataCollectionServiceAction: Starting.
TpTrace Information: 0 : 28508, 7, 2024/04/23, 18:53:47.002, 4634602862895, vstest.console.dll, Accepted Client request and set the flag
TpTrace Information: 0 : 28508, 5, 2024/04/23, 18:53:47.003, 4634602864050, vstest.console.dll, ProxyDataCollectionManager.BeforeTestRunStart: Get environment variable and port for datacollector processId: 34080 port: 49766
TpTrace Verbose: 0 : 28508, 5, 2024/04/23, 18:53:47.003, 4634602868329, vstest.console.dll, DataCollectionRequestSender.SendBeforeTestRunStartAndGetResult: Send BeforeTestRunStart message with settingsXml <RunSettings><RunConfiguration><ResultsDirectory>C:\MyPersonalFiles\GensparkTraining\GitHub\Day10\EmployeeRequestTrackerSolution\RequestTrackerTest\bin\Debug\net6.0\fine-code-coverage\coverage-tool-output</ResultsDirectory><TargetPlatform>X64</TargetPlatform><TargetFrameworkVersion>.NETCoreApp,Version=v6.0</TargetFrameworkVersion><DesignMode>False</DesignMode><CollectSourceInformation>False</CollectSourceInformation><TestAdaptersPaths>C:\Program Files\dotnet\sdk\8.0.202\Extensions</TestAdaptersPaths></RunConfiguration><LoggerRunSettings><Loggers><Logger friendlyName="blame" enabled="True" /><Logger friendlyName="Console" uri="logger://microsoft/TestPlatform/ConsoleLogger/v1" assemblyQualifiedName="Microsoft.VisualStudio.TestPlatform.CommandLine.Internal.ConsoleLogger, vstest.console, Version=15.0.0.0, Culture=neutral, PublicKeyToken=b03f5f7f11d50a3a" codeBase="C:\Program Files\dotnet\sdk\8.0.202\vstest.console.dll" enabled="True" /></Loggers></LoggerRunSettings><DataCollectionRunSettings><DataCollectors><DataCollector friendlyName="blame" enabled="True"><Configuration><ResultsDirectory>C:\MyPersonalFiles\GensparkTraining\GitHub\Day10\EmployeeRequestTrackerSolution\RequestTrackerTest\bin\Debug\net6.0\fine-code-coverage\coverage-tool-output</ResultsDirectory></Configuration></DataCollector></DataCollectors></DataCollectionRunSettings></RunSettings> and sources System.Collections.Generic.List`1[System.String]: 
TpTrace Verbose: 0 : 28508, 5, 2024/04/23, 18:53:47.063, 4634603471599, vstest.console.dll, DataCollectionRequestSender.SendBeforeTestRunStartAndGetResult: Received message: (DataCollection.SendMessage) -> {"MessageType":"DataCollection.SendMessage","Payload":{"FriendlyName":null,"Uri":null,"TestCaseId":"00000000-0000-0000-0000-000000000000","Message":"Logging DataCollector Diagnostics in file: C:\\MyPersonalFiles\\GensparkTraining\\GitHub\\Day10\\EmployeeRequestTrackerSolution\\RequestTrackerTest\\bin\\Debug\\net6.0\\fine-code-coverage\\coverage-tool-output\\diagnostics.datacollector.24-04-23_18-53-46_79767_5.log","Level":0}}
TpTrace Verbose: 0 : 28508, 5, 2024/04/23, 18:53:47.177, 4634604609301, vstest.console.dll, DataCollectionRequestSender.SendBeforeTestRunStartAndGetResult: Received message: (DataCollection.BeforeTestRunStartResult) -> {"MessageType":"DataCollection.BeforeTestRunStartResult","Payload":{"EnvironmentVariables":{},"DataCollectionEventsPort":49768}}
TpTrace Information: 0 : 28508, 5, 2024/04/23, 18:53:47.182, 4634604657806, vstest.console.dll, ProxyDataCollectionManager.BeforeTestRunStart: SendBeforeTestRunStartAndGetResult successful, env variable from datacollector:   and testhost port: 49768
TpTrace Information: 0 : 28508, 5, 2024/04/23, 18:53:47.182, 4634604659678, vstest.console.dll, ProxyDataCollectionManager.InvokeDataCollectionServiceAction: Completed.
TpTrace Verbose: 0 : 28508, 5, 2024/04/23, 18:53:47.182, 4634604660224, vstest.console.dll, ParallelProxyExecutionManager.StartTestRunOnConcurrentManager: Initializing test run. Started clients: 0
TpTrace Verbose: 0 : 28508, 5, 2024/04/23, 18:53:47.182, 4634604661259, vstest.console.dll, ProxyExecutionManager: Test host is always Lazy initialize.
TpTrace Verbose: 0 : 28508, 5, 2024/04/23, 18:53:47.183, 4634604664002, vstest.console.dll, TestRequestSender.InitializeCommunication: initialize communication. 
TpTrace Information: 0 : 28508, 5, 2024/04/23, 18:53:47.183, 4634604670233, vstest.console.dll, SocketServer.Start: Listening on endpoint : 127.0.0.1:49769
TpTrace Verbose: 0 : 28508, 5, 2024/04/23, 18:53:47.184, 4634604679980, vstest.console.dll, DotnetTestHostmanager.GetTestHostProcessStartInfo: Platform environment 'X64' target architecture 'X64' framework '.NETCoreApp,Version=v6.0' OS 'Windows'
TpTrace Verbose: 0 : 28508, 5, 2024/04/23, 18:53:47.184, 4634604682962, vstest.console.dll, DotnetTestHostmanager: Adding  --runtimeconfig "C:\MyPersonalFiles\GensparkTraining\GitHub\Day10\EmployeeRequestTrackerSolution\RequestTrackerTest\bin\Debug\net6.0\fine-code-coverage\build-output\RequestTrackerTest.runtimeconfig.json" in args
TpTrace Verbose: 0 : 28508, 5, 2024/04/23, 18:53:47.185, 4634604684544, vstest.console.dll, DotnetTestHostmanager: Adding  --depsfile "C:\MyPersonalFiles\GensparkTraining\GitHub\Day10\EmployeeRequestTrackerSolution\RequestTrackerTest\bin\Debug\net6.0\fine-code-coverage\build-output\RequestTrackerTest.deps.json" in args
TpTrace Verbose: 0 : 28508, 5, 2024/04/23, 18:53:47.185, 4634604688127, vstest.console.dll, DotnetTestHostmanager.IsWinOnArm: Current PROCESSOR_ARCHITECTURE from environment variable 'AMD64'
TpTrace Verbose: 0 : 28508, 5, 2024/04/23, 18:53:47.185, 4634604688899, vstest.console.dll, DotnetTestHostmanager.IsWinOnArm: Is Windows on ARM 'False'
TpTrace Verbose: 0 : 28508, 5, 2024/04/23, 18:53:47.185, 4634604690134, vstest.console.dll, DotnetTestHostManager: testhost.exe found at path: C:\MyPersonalFiles\GensparkTraining\GitHub\Day10\EmployeeRequestTrackerSolution\RequestTrackerTest\bin\Debug\net6.0\fine-code-coverage\build-output\testhost.exe
TpTrace Verbose: 0 : 28508, 5, 2024/04/23, 18:53:47.185, 4634604691090, vstest.console.dll, DotnetTestHostmanager: Full path of host exe is C:\MyPersonalFiles\GensparkTraining\GitHub\Day10\EmployeeRequestTrackerSolution\RequestTrackerTest\bin\Debug\net6.0\fine-code-coverage\build-output\testhost.exe
TpTrace Verbose: 0 : 28508, 5, 2024/04/23, 18:53:47.185, 4634604692635, vstest.console.dll, DotnetTestHostmanager.LaunchTestHostAsync: Found 'VSTEST_WINAPPHOST_DOTNET_ROOT' in env variables, value 'C:\Program Files\dotnet', forwarding to 'DOTNET_ROOT'
TpTrace Verbose: 0 : 28508, 5, 2024/04/23, 18:53:47.186, 4634604694472, vstest.console.dll, DotnetTestHostManager: Starting process 'C:\MyPersonalFiles\GensparkTraining\GitHub\Day10\EmployeeRequestTrackerSolution\RequestTrackerTest\bin\Debug\net6.0\fine-code-coverage\build-output\testhost.exe' with command line ' --runtimeconfig "C:\MyPersonalFiles\GensparkTraining\GitHub\Day10\EmployeeRequestTrackerSolution\RequestTrackerTest\bin\Debug\net6.0\fine-code-coverage\build-output\RequestTrackerTest.runtimeconfig.json" --depsfile "C:\MyPersonalFiles\GensparkTraining\GitHub\Day10\EmployeeRequestTrackerSolution\RequestTrackerTest\bin\Debug\net6.0\fine-code-coverage\build-output\RequestTrackerTest.deps.json" --port 49769 --endpoint 127.0.0.1:049769 --role client --parentprocessid 28508 --diag "C:\MyPersonalFiles\GensparkTraining\GitHub\Day10\EmployeeRequestTrackerSolution\RequestTrackerTest\bin\Debug\net6.0\fine-code-coverage\coverage-tool-output\diagnostics.host.24-04-23_18-53-47_18418_5.log" --tracelevel 4 --datacollectionport 49768 --telemetryoptedin false'
TpTrace Verbose: 0 : 28508, 5, 2024/04/23, 18:53:47.198, 4634604816516, vstest.console.dll, MulticastDelegateUtilities.SafeInvoke: HostProviderEvents.OnHostLaunched: Invoking callback 1/2 for Microsoft.VisualStudio.TestPlatform.CrossPlatEngine.Client.ProxyExecutionManagerWithDataCollection., took 1 ms.
TpTrace Verbose: 0 : 28508, 5, 2024/04/23, 18:53:47.198, 4634604822413, vstest.console.dll, Test Runtime launched
TpTrace Verbose: 0 : 28508, 5, 2024/04/23, 18:53:47.199, 4634604824125, vstest.console.dll, MulticastDelegateUtilities.SafeInvoke: HostProviderEvents.OnHostLaunched: Invoking callback 2/2 for Microsoft.VisualStudio.TestPlatform.CrossPlatEngine.Client.ProxyOperationManager., took 0 ms.
TpTrace Verbose: 0 : 28508, 5, 2024/04/23, 18:53:47.199, 4634604827195, vstest.console.dll, TestRequestSender.WaitForRequestHandlerConnection: waiting for connection with timeout: 90000.
TpTrace Verbose: 0 : 28508, 5, 2024/04/23, 18:53:47.535, 4634608190604, vstest.console.dll, TestRequestSender.WaitForRequestHandlerConnection: waiting took 336 ms, with timeout 90000 ms, and result 0, which is success.
TpTrace Verbose: 0 : 28508, 7, 2024/04/23, 18:53:47.535, 4634608190604, vstest.console.dll, MulticastDelegateUtilities.SafeInvoke: SocketServer: ClientConnected: Invoking callback 1/1 for Microsoft.VisualStudio.TestPlatform.CommunicationUtilities.TestRequestSender., took 0 ms.
TpTrace Verbose: 0 : 28508, 7, 2024/04/23, 18:53:47.536, 4634608193534, vstest.console.dll, SocketServer.OnClientConnected: Client connected for endPoint: 127.0.0.1:49769, starting MessageLoopAsync:
TpTrace Verbose: 0 : 28508, 13, 2024/04/23, 18:53:47.537, 4634608204454, vstest.console.dll, TcpClientExtensions.MessageLoopAsync: Polling on remoteEndPoint: 127.0.0.1:49770 localEndPoint: 127.0.0.1:49769 after 0 ms
TpTrace Verbose: 0 : 28508, 5, 2024/04/23, 18:53:47.537, 4634608209404, vstest.console.dll, TestRequestSender.CheckVersionWithTestHost: Sending check version message: {"MessageType":"ProtocolVersion","Payload":7}
TpTrace Verbose: 0 : 28508, 13, 2024/04/23, 18:53:47.701, 4634609847066, vstest.console.dll, TcpClientExtensions.MessageLoopAsync: NotifyDataAvailable remoteEndPoint: 127.0.0.1:49770 localEndPoint: 127.0.0.1:49769
TpTrace Verbose: 0 : 28508, 13, 2024/04/23, 18:53:47.701, 4634609851964, vstest.console.dll, TestRequestSender.CheckVersionWithTestHost: onMessageReceived received message: (ProtocolVersion) -> {"MessageType":"ProtocolVersion","Payload":7}
TpTrace Verbose: 0 : 28508, 13, 2024/04/23, 18:53:47.703, 4634609865964, vstest.console.dll, MulticastDelegateUtilities.SafeInvoke: LengthPrefixCommunicationChannel: MessageReceived: Invoking callback 1/1 for Microsoft.VisualStudio.TestPlatform.CommunicationUtilities.TestRequestSender+<>c__DisplayClass29_0., took 1 ms.
TpTrace Verbose: 0 : 28508, 5, 2024/04/23, 18:53:47.703, 4634609867048, vstest.console.dll, TestPluginCache.GetExtensionPaths: Filtered extension paths: 
TpTrace Verbose: 0 : 28508, 13, 2024/04/23, 18:53:47.703, 4634609867420, vstest.console.dll, TcpClientExtensions.MessageLoopAsync: Polling on remoteEndPoint: 127.0.0.1:49770 localEndPoint: 127.0.0.1:49769 after 166 ms
TpTrace Verbose: 0 : 28508, 5, 2024/04/23, 18:53:47.703, 4634609868061, vstest.console.dll, TestPluginCache.GetExtensionPaths: Added default extension paths: C:\Program Files\dotnet\sdk\8.0.202\Extensions\Microsoft.Diagnostics.NETCore.Client.dll
C:\Program Files\dotnet\sdk\8.0.202\Extensions\Microsoft.TestPlatform.Extensions.BlameDataCollector.dll
C:\Program Files\dotnet\sdk\8.0.202\Extensions\Microsoft.TestPlatform.Extensions.EventLogCollector.dll
C:\Program Files\dotnet\sdk\8.0.202\Extensions\Microsoft.TestPlatform.TestHostRuntimeProvider.dll
C:\Program Files\dotnet\sdk\8.0.202\Extensions\Microsoft.VisualStudio.TestPlatform.Extensions.Html.TestLogger.dll
C:\Program Files\dotnet\sdk\8.0.202\Extensions\Microsoft.VisualStudio.TestPlatform.Extensions.Trx.TestLogger.dll
TpTrace Verbose: 0 : 28508, 5, 2024/04/23, 18:53:47.703, 4634609868785, vstest.console.dll, TestPluginCache.GetExtensionPaths: Added unfilterableExtensionPaths: 
TpTrace Verbose: 0 : 28508, 5, 2024/04/23, 18:53:47.708, 4634609915273, vstest.console.dll, TestRequestSender.InitializeExecution: Sending initialize execution with message: {"Version":7,"MessageType":"TestExecution.Initialize","Payload":["C:\\MyPersonalFiles\\GensparkTraining\\GitHub\\Day10\\EmployeeRequestTrackerSolution\\RequestTrackerTest\\bin\\Debug\\net6.0\\fine-code-coverage\\build-output\\NUnit3.TestAdapter.dll"]}
TpTrace Verbose: 0 : 28508, 5, 2024/04/23, 18:53:47.708, 4634609921020, vstest.console.dll, ParallelProxyExecutionManager.StartTestRunOnConcurrentManager: Execution starting. Started clients: 1
TpTrace Verbose: 0 : 28508, 13, 2024/04/23, 18:53:47.708, 4634609923053, vstest.console.dll, TcpClientExtensions.MessageLoopAsync: NotifyDataAvailable remoteEndPoint: 127.0.0.1:49770 localEndPoint: 127.0.0.1:49769
TpTrace Verbose: 0 : 28508, 5, 2024/04/23, 18:53:47.709, 4634609926780, vstest.console.dll, TestRunRequest:SendTestRunMessage: Starting.
TpTrace Verbose: 0 : 28508, 5, 2024/04/23, 18:53:47.709, 4634609929679, vstest.console.dll, MulticastDelegateUtilities.SafeInvoke: TestRun.LogMessages: Invoking callback 1/1 for Microsoft.VisualStudio.TestPlatform.CommandLine.TestRunResultAggregator., took 0 ms.
TpTrace Information: 0 : 28508, 5, 2024/04/23, 18:53:47.709, 4634609930231, vstest.console.dll, TestRunRequest:SendTestRunMessage: Completed.
TpTrace Verbose: 0 : 28508, 4, 2024/04/23, 18:53:47.710, 4634609934224, vstest.console.dll, MulticastDelegateUtilities.SafeInvoke: InternalTestLoggerEvents.SendTestRunMessage: Invoking callback 1/1 for Microsoft.VisualStudio.TestPlatform.CommandLine.Internal.ConsoleLogger., took 0 ms.
TpTrace Warning: 0 : 28508, 5, 2024/04/23, 18:53:47.710, 4634609939160, vstest.console.dll, InferRunSettingsHelper.MakeRunsettingsCompatible: Removing the following settings: TargetPlatform from RunSettings file. To use those settings please move to latest version of Microsoft.NET.Test.Sdk
TpTrace Verbose: 0 : 28508, 13, 2024/04/23, 18:53:47.713, 4634609966157, vstest.console.dll, TestRequestSender.OnExecutionMessageReceived: Received message: {"Version":7,"MessageType":"TestSession.Message","Payload":{"MessageLevel":0,"Message":"Logging TestHost Diagnostics in file: C:\\MyPersonalFiles\\GensparkTraining\\GitHub\\Day10\\EmployeeRequestTrackerSolution\\RequestTrackerTest\\bin\\Debug\\net6.0\\fine-code-coverage\\coverage-tool-output\\diagnostics.host.24-04-23_18-53-47_18418_5.log"}}
TpTrace Verbose: 0 : 28508, 13, 2024/04/23, 18:53:47.718, 4634610013885, vstest.console.dll, TestRunRequest:SendTestRunMessage: Starting.
TpTrace Verbose: 0 : 28508, 13, 2024/04/23, 18:53:47.718, 4634610016515, vstest.console.dll, MulticastDelegateUtilities.SafeInvoke: TestRun.LogMessages: Invoking callback 1/1 for Microsoft.VisualStudio.TestPlatform.CommandLine.TestRunResultAggregator., took 0 ms.
TpTrace Verbose: 0 : 28508, 4, 2024/04/23, 18:53:47.718, 4634610016708, vstest.console.dll, MulticastDelegateUtilities.SafeInvoke: InternalTestLoggerEvents.SendTestRunMessage: Invoking callback 1/1 for Microsoft.VisualStudio.TestPlatform.CommandLine.Internal.ConsoleLogger., took 0 ms.
TpTrace Information: 0 : 28508, 13, 2024/04/23, 18:53:47.718, 4634610017309, vstest.console.dll, TestRunRequest:SendTestRunMessage: Completed.
TpTrace Verbose: 0 : 28508, 13, 2024/04/23, 18:53:47.718, 4634610019094, vstest.console.dll, MulticastDelegateUtilities.SafeInvoke: LengthPrefixCommunicationChannel: MessageReceived: Invoking callback 1/1 for Microsoft.VisualStudio.TestPlatform.CommunicationUtilities.TestRequestSender+<>c__DisplayClass34_0., took 6 ms.
TpTrace Verbose: 0 : 28508, 13, 2024/04/23, 18:53:47.718, 4634610019762, vstest.console.dll, TcpClientExtensions.MessageLoopAsync: Polling on remoteEndPoint: 127.0.0.1:49770 localEndPoint: 127.0.0.1:49769 after 15 ms
TpTrace Verbose: 0 : 28508, 5, 2024/04/23, 18:53:47.731, 4634610146700, vstest.console.dll, TestRequestSender.StartTestRun: Sending test run with message: {"Version":7,"MessageType":"TestExecution.StartWithSources","Payload":{"AdapterSourceMap":{"_none_":["C:\\MyPersonalFiles\\GensparkTraining\\GitHub\\Day10\\EmployeeRequestTrackerSolution\\RequestTrackerTest\\bin\\Debug\\net6.0\\fine-code-coverage\\build-output\\RequestTrackerTest.dll"]},"RunSettings":"<RunSettings>\r\n  <RunConfiguration>\r\n    <ResultsDirectory>C:\\MyPersonalFiles\\GensparkTraining\\GitHub\\Day10\\EmployeeRequestTrackerSolution\\RequestTrackerTest\\bin\\Debug\\net6.0\\fine-code-coverage\\coverage-tool-output</ResultsDirectory>\r\n    <TargetFrameworkVersion>.NETCoreApp,Version=v6.0</TargetFrameworkVersion>\r\n    <DesignMode>False</DesignMode>\r\n    <CollectSourceInformation>False</CollectSourceInformation>\r\n  </RunConfiguration>\r\n  <LoggerRunSettings>\r\n    <Loggers>\r\n      <Logger friendlyName=\"blame\" enabled=\"True\" />\r\n      <Logger friendlyName=\"Console\" uri=\"logger://microsoft/TestPlatform/ConsoleLogger/v1\" assemblyQualifiedName=\"Microsoft.VisualStudio.TestPlatform.CommandLine.Internal.ConsoleLogger, vstest.console, Version=15.0.0.0, Culture=neutral, PublicKeyToken=b03f5f7f11d50a3a\" codeBase=\"C:\\Program Files\\dotnet\\sdk\\8.0.202\\vstest.console.dll\" enabled=\"True\" />\r\n    </Loggers>\r\n  </LoggerRunSettings>\r\n  <DataCollectionRunSettings>\r\n    <DataCollectors>\r\n      <DataCollector friendlyName=\"blame\" enabled=\"True\">\r\n        <Configuration>\r\n          <ResultsDirectory>C:\\MyPersonalFiles\\GensparkTraining\\GitHub\\Day10\\EmployeeRequestTrackerSolution\\RequestTrackerTest\\bin\\Debug\\net6.0\\fine-code-coverage\\coverage-tool-output</ResultsDirectory>\r\n        </Configuration>\r\n      </DataCollector>\r\n    </DataCollectors>\r\n  </DataCollectionRunSettings>\r\n</RunSettings>","TestExecutionContext":{"FrequencyOfRunStatsChangeEvent":10,"RunStatsChangeEventTimeout":"00:00:01.5000000","InIsolation":false,"KeepAlive":false,"AreTestCaseLevelEventsRequired":false,"IsDebug":false,"TestCaseFilter":null,"FilterOptions":null},"Package":null}}
TpTrace Verbose: 0 : 28508, 5, 2024/04/23, 18:53:47.731, 4634610150696, vstest.console.dll, ParallelProxyExecutionManager.StartTestRunOnConcurrentManager: Execution started. Started clients: 1
TpTrace Verbose: 0 : 28508, 13, 2024/04/23, 18:53:47.924, 4634612083033, vstest.console.dll, TcpClientExtensions.MessageLoopAsync: NotifyDataAvailable remoteEndPoint: 127.0.0.1:49770 localEndPoint: 127.0.0.1:49769
TpTrace Verbose: 0 : 28508, 13, 2024/04/23, 18:53:47.925, 4634612085010, vstest.console.dll, TestRequestSender.OnExecutionMessageReceived: Received message: {"Version":7,"MessageType":"TestSession.Message","Payload":{"MessageLevel":0,"Message":"NUnit Adapter 4.4.0.0: Test execution started"}}
TpTrace Verbose: 0 : 28508, 13, 2024/04/23, 18:53:47.925, 4634612087035, vstest.console.dll, TestRunRequest:SendTestRunMessage: Starting.
TpTrace Verbose: 0 : 28508, 13, 2024/04/23, 18:53:47.925, 4634612087787, vstest.console.dll, MulticastDelegateUtilities.SafeInvoke: TestRun.LogMessages: Invoking callback 1/1 for Microsoft.VisualStudio.TestPlatform.CommandLine.TestRunResultAggregator., took 0 ms.
TpTrace Information: 0 : 28508, 13, 2024/04/23, 18:53:47.925, 4634612088212, vstest.console.dll, TestRunRequest:SendTestRunMessage: Completed.
TpTrace Verbose: 0 : 28508, 4, 2024/04/23, 18:53:47.925, 4634612088305, vstest.console.dll, MulticastDelegateUtilities.SafeInvoke: InternalTestLoggerEvents.SendTestRunMessage: Invoking callback 1/1 for Microsoft.VisualStudio.TestPlatform.CommandLine.Internal.ConsoleLogger., took 0 ms.
TpTrace Verbose: 0 : 28508, 13, 2024/04/23, 18:53:47.925, 4634612088670, vstest.console.dll, MulticastDelegateUtilities.SafeInvoke: LengthPrefixCommunicationChannel: MessageReceived: Invoking callback 1/1 for Microsoft.VisualStudio.TestPlatform.CommunicationUtilities.TestRequestSender+<>c__DisplayClass34_0., took 0 ms.
TpTrace Verbose: 0 : 28508, 13, 2024/04/23, 18:53:47.925, 4634612089910, vstest.console.dll, TcpClientExtensions.MessageLoopAsync: Polling on remoteEndPoint: 127.0.0.1:49770 localEndPoint: 127.0.0.1:49769 after 206 ms
TpTrace Verbose: 0 : 28508, 13, 2024/04/23, 18:53:47.953, 4634612370551, vstest.console.dll, TcpClientExtensions.MessageLoopAsync: NotifyDataAvailable remoteEndPoint: 127.0.0.1:49770 localEndPoint: 127.0.0.1:49769
TpTrace Verbose: 0 : 28508, 13, 2024/04/23, 18:53:47.953, 4634612372705, vstest.console.dll, TestRequestSender.OnExecutionMessageReceived: Received message: {"Version":7,"MessageType":"TestSession.Message","Payload":{"MessageLevel":0,"Message":"Running all tests in C:\\MyPersonalFiles\\GensparkTraining\\GitHub\\Day10\\EmployeeRequestTrackerSolution\\RequestTrackerTest\\bin\\Debug\\net6.0\\fine-code-coverage\\build-output\\RequestTrackerTest.dll"}}
TpTrace Verbose: 0 : 28508, 13, 2024/04/23, 18:53:47.954, 4634612374120, vstest.console.dll, TestRunRequest:SendTestRunMessage: Starting.
TpTrace Verbose: 0 : 28508, 13, 2024/04/23, 18:53:47.954, 4634612374766, vstest.console.dll, MulticastDelegateUtilities.SafeInvoke: TestRun.LogMessages: Invoking callback 1/1 for Microsoft.VisualStudio.TestPlatform.CommandLine.TestRunResultAggregator., took 0 ms.
TpTrace Verbose: 0 : 28508, 4, 2024/04/23, 18:53:47.954, 4634612374975, vstest.console.dll, MulticastDelegateUtilities.SafeInvoke: InternalTestLoggerEvents.SendTestRunMessage: Invoking callback 1/1 for Microsoft.VisualStudio.TestPlatform.CommandLine.Internal.ConsoleLogger., took 0 ms.
TpTrace Information: 0 : 28508, 13, 2024/04/23, 18:53:47.954, 4634612375174, vstest.console.dll, TestRunRequest:SendTestRunMessage: Completed.
TpTrace Verbose: 0 : 28508, 13, 2024/04/23, 18:53:47.954, 4634612377192, vstest.console.dll, MulticastDelegateUtilities.SafeInvoke: LengthPrefixCommunicationChannel: MessageReceived: Invoking callback 1/1 for Microsoft.VisualStudio.TestPlatform.CommunicationUtilities.TestRequestSender+<>c__DisplayClass34_0., took 0 ms.
TpTrace Verbose: 0 : 28508, 13, 2024/04/23, 18:53:47.954, 4634612378250, vstest.console.dll, TcpClientExtensions.MessageLoopAsync: Polling on remoteEndPoint: 127.0.0.1:49770 localEndPoint: 127.0.0.1:49769 after 28 ms
TpTrace Verbose: 0 : 28508, 13, 2024/04/23, 18:53:48.143, 4634614270244, vstest.console.dll, TcpClientExtensions.MessageLoopAsync: NotifyDataAvailable remoteEndPoint: 127.0.0.1:49770 localEndPoint: 127.0.0.1:49769
TpTrace Verbose: 0 : 28508, 13, 2024/04/23, 18:53:48.143, 4634614272362, vstest.console.dll, TestRequestSender.OnExecutionMessageReceived: Received message: {"Version":7,"MessageType":"TestSession.Message","Payload":{"MessageLevel":0,"Message":"   NUnit3TestExecutor discovered 6 of 6 NUnit test cases using Current Discovery mode, Non-Explicit run"}}
TpTrace Verbose: 0 : 28508, 13, 2024/04/23, 18:53:48.144, 4634614273723, vstest.console.dll, TestRunRequest:SendTestRunMessage: Starting.
TpTrace Verbose: 0 : 28508, 13, 2024/04/23, 18:53:48.144, 4634614274352, vstest.console.dll, MulticastDelegateUtilities.SafeInvoke: TestRun.LogMessages: Invoking callback 1/1 for Microsoft.VisualStudio.TestPlatform.CommandLine.TestRunResultAggregator., took 0 ms.
TpTrace Information: 0 : 28508, 13, 2024/04/23, 18:53:48.144, 4634614274775, vstest.console.dll, TestRunRequest:SendTestRunMessage: Completed.
TpTrace Verbose: 0 : 28508, 4, 2024/04/23, 18:53:48.144, 4634614275000, vstest.console.dll, MulticastDelegateUtilities.SafeInvoke: InternalTestLoggerEvents.SendTestRunMessage: Invoking callback 1/1 for Microsoft.VisualStudio.TestPlatform.CommandLine.Internal.ConsoleLogger., took 0 ms.
TpTrace Verbose: 0 : 28508, 13, 2024/04/23, 18:53:48.144, 4634614275178, vstest.console.dll, MulticastDelegateUtilities.SafeInvoke: LengthPrefixCommunicationChannel: MessageReceived: Invoking callback 1/1 for Microsoft.VisualStudio.TestPlatform.CommunicationUtilities.TestRequestSender+<>c__DisplayClass34_0., took 0 ms.
TpTrace Verbose: 0 : 28508, 13, 2024/04/23, 18:53:48.144, 4634614276631, vstest.console.dll, TcpClientExtensions.MessageLoopAsync: Polling on remoteEndPoint: 127.0.0.1:49770 localEndPoint: 127.0.0.1:49769 after 189 ms
TpTrace Verbose: 0 : 28508, 13, 2024/04/23, 18:53:48.292, 4634615758925, vstest.console.dll, TcpClientExtensions.MessageLoopAsync: NotifyDataAvailable remoteEndPoint: 127.0.0.1:49770 localEndPoint: 127.0.0.1:49769
TpTrace Verbose: 0 : 28508, 13, 2024/04/23, 18:53:48.292, 4634615761113, vstest.console.dll, TestRequestSender.OnExecutionMessageReceived: Received message: {"Version":7,"MessageType":"TestSession.Message","Payload":{"MessageLevel":0,"Message":"NUnit Adapter 4.4.0.0: Test execution complete"}}
TpTrace Verbose: 0 : 28508, 13, 2024/04/23, 18:53:48.292, 4634615762710, vstest.console.dll, TestRunRequest:SendTestRunMessage: Starting.
TpTrace Verbose: 0 : 28508, 13, 2024/04/23, 18:53:48.292, 4634615763271, vstest.console.dll, MulticastDelegateUtilities.SafeInvoke: TestRun.LogMessages: Invoking callback 1/1 for Microsoft.VisualStudio.TestPlatform.CommandLine.TestRunResultAggregator., took 0 ms.
TpTrace Information: 0 : 28508, 13, 2024/04/23, 18:53:48.293, 4634615763553, vstest.console.dll, TestRunRequest:SendTestRunMessage: Completed.
TpTrace Verbose: 0 : 28508, 13, 2024/04/23, 18:53:48.293, 4634615763821, vstest.console.dll, MulticastDelegateUtilities.SafeInvoke: LengthPrefixCommunicationChannel: MessageReceived: Invoking callback 1/1 for Microsoft.VisualStudio.TestPlatform.CommunicationUtilities.TestRequestSender+<>c__DisplayClass34_0., took 0 ms.
TpTrace Verbose: 0 : 28508, 4, 2024/04/23, 18:53:48.293, 4634615763732, vstest.console.dll, MulticastDelegateUtilities.SafeInvoke: InternalTestLoggerEvents.SendTestRunMessage: Invoking callback 1/1 for Microsoft.VisualStudio.TestPlatform.CommandLine.Internal.ConsoleLogger., took 0 ms.
TpTrace Verbose: 0 : 28508, 13, 2024/04/23, 18:53:48.293, 4634615764185, vstest.console.dll, TcpClientExtensions.MessageLoopAsync: Polling on remoteEndPoint: 127.0.0.1:49770 localEndPoint: 127.0.0.1:49769 after 148 ms
TpTrace Verbose: 0 : 28508, 13, 2024/04/23, 18:53:48.330, 4634616142961, vstest.console.dll, TcpClientExtensions.MessageLoopAsync: NotifyDataAvailable remoteEndPoint: 127.0.0.1:49770 localEndPoint: 127.0.0.1:49769
TpTrace Verbose: 0 : 28508, 13, 2024/04/23, 18:53:48.331, 4634616146398, vstest.console.dll, TestRequestSender.OnExecutionMessageReceived: Received message: {"Version":7,"MessageType":"TestExecution.Completed","Payload":{"TestRunCompleteArgs":{"TestRunStatistics":{"ExecutedTests":6,"Stats":{"Passed":6}},"IsCanceled":false,"IsAborted":false,"Error":null,"AttachmentSets":[],"InvokedDataCollectors":[],"ElapsedTimeInRunningTests":"00:00:00.4055017","Metrics":{},"DiscoveredExtensions":{"TestDiscoverers":["NUnit.VisualStudio.TestAdapter.NUnit3TestDiscoverer, NUnit3.TestAdapter, Version=4.4.0.0, Culture=neutral, PublicKeyToken=4cb40d35494691ac"],"TestExecutors":["executor://NUnit3TestExecutor"],"TestExecutors2":[],"TestSettingsProviders":[]}},"LastRunTests":{"NewTestResults":[{"TestCase":{"Id":"db07ca25-72e7-600f-85c7-c3857187d675","FullyQualifiedName":"RequestTrackerTest.Tests.AddFailTest","DisplayName":"AddFailTest","ExecutorUri":"executor://NUnit3TestExecutor","Source":"C:\\MyPersonalFiles\\GensparkTraining\\GitHub\\Day10\\EmployeeRequestTrackerSolution\\RequestTrackerTest\\bin\\Debug\\net6.0\\fine-code-coverage\\build-output\\RequestTrackerTest.dll","CodeFilePath":null,"LineNumber":0,"Properties":[{"Key":{"Id":"NUnit.Seed","Label":"Seed","Category":"","Description":"","Attributes":0,"ValueType":"System.String"},"Value":"1679424799"}]},"Attachments":[],"Outcome":1,"ErrorMessage":null,"ErrorStackTrace":null,"DisplayName":"AddFailTest","Messages":[],"ComputerName":"4N8CBX3","Duration":"00:00:00.0108470","StartTime":"2024-04-23T13:23:48.177406+00:00","EndTime":"2024-04-23T13:23:48.1881968+00:00","Properties":[{"Key":{"Id":"NUnit.Seed","Label":"Seed","Category":"","Description":"","Attributes":0,"ValueType":"System.String"},"Value":"1679424799"}]},{"TestCase":{"Id":"b750c79b-2e39-4ebf-fcaf-8c8366ef68f7","FullyQualifiedName":"RequestTrackerTest.Tests.GetAll","DisplayName":"GetAll","ExecutorUri":"executor://NUnit3TestExecutor","Source":"C:\\MyPersonalFiles\\GensparkTraining\\GitHub\\Day10\\EmployeeRequestTrackerSolution\\RequestTrackerTest\\bin\\Debug\\net6.0\\fine-code-coverage\\build-output\\RequestTrackerTest.dll","CodeFilePath":null,"LineNumber":0,"Properties":[{"Key":{"Id":"NUnit.Seed","Label":"Seed","Category":"","Description":"","Attributes":0,"ValueType":"System.String"},"Value":"1389981132"}]},"Attachments":[],"Outcome":1,"ErrorMessage":null,"ErrorStackTrace":null,"DisplayName":"GetAll","Messages":[],"ComputerName":"4N8CBX3","Duration":"00:00:00.0062580","StartTime":"2024-04-23T13:23:48.1893764+00:00","EndTime":"2024-04-23T13:23:48.1956336+00:00","Properties":[{"Key":{"Id":"NUnit.Seed","Label":"Seed","Category":"","Description":"","Attributes":0,"ValueType":"System.String"},"Value":"1389981132"}]},{"TestCase":{"Id":"5f706bc2-69ec-c76b-4726-221e2f3c38a2","FullyQualifiedName":"RequestTrackerTest.Tests.GetPassTest(1,\"Hr\",101)","DisplayName":"GetPassTest(1,\"Hr\",101)","ExecutorUri":"executor://NUnit3TestExecutor","Source":"C:\\MyPersonalFiles\\GensparkTraining\\GitHub\\Day10\\EmployeeRequestTrackerSolution\\RequestTrackerTest\\bin\\Debug\\net6.0\\fine-code-coverage\\build-output\\RequestTrackerTest.dll","CodeFilePath":null,"LineNumber":0,"Properties":[{"Key":{"Id":"NUnit.Seed","Label":"Seed","Category":"","Description":"","Attributes":0,"ValueType":"System.String"},"Value":"644546210"}]},"Attachments":[],"Outcome":1,"ErrorMessage":null,"ErrorStackTrace":null,"DisplayName":"GetPassTest(1,\"Hr\",101)","Messages":[],"ComputerName":"4N8CBX3","Duration":"00:00:00.0032550","StartTime":"2024-04-23T13:23:48.1957246+00:00","EndTime":"2024-04-23T13:23:48.1989788+00:00","Properties":[{"Key":{"Id":"NUnit.Seed","Label":"Seed","Category":"","Description":"","Attributes":0,"ValueType":"System.String"},"Value":"644546210"}]},{"TestCase":{"Id":"a90e824f-0852-44df-9332-5bce2f469853","FullyQualifiedName":"RequestTrackerTest.Tests.GetPassTest(1,\"Admin\",102)","DisplayName":"GetPassTest(1,\"Admin\",102)","ExecutorUri":"executor://NUnit3TestExecutor","Source":"C:\\MyPersonalFiles\\GensparkTraining\\GitHub\\Day10\\EmployeeRequestTrackerSolution\\RequestTrackerTest\\bin\\Debug\\net6.0\\fine-code-coverage\\build-output\\RequestTrackerTest.dll","CodeFilePath":null,"LineNumber":0,"Properties":[{"Key":{"Id":"NUnit.Seed","Label":"Seed","Category":"","Description":"","Attributes":0,"ValueType":"System.String"},"Value":"1222721106"}]},"Attachments":[],"Outcome":1,"ErrorMessage":null,"ErrorStackTrace":null,"DisplayName":"GetPassTest(1,\"Admin\",102)","Messages":[],"ComputerName":"4N8CBX3","Duration":"00:00:00.0001110","StartTime":"2024-04-23T13:23:48.1990161+00:00","EndTime":"2024-04-23T13:23:48.1991275+00:00","Properties":[{"Key":{"Id":"NUnit.Seed","Label":"Seed","Category":"","Description":"","Attributes":0,"ValueType":"System.String"},"Value":"1222721106"}]},{"TestCase":{"Id":"4eaa31ba-00c8-1b24-14b5-6e7517c3abd2","FullyQualifiedName":"RequestTrackerTest.Tests.Test1","DisplayName":"Test1","ExecutorUri":"executor://NUnit3TestExecutor","Source":"C:\\MyPersonalFiles\\GensparkTraining\\GitHub\\Day10\\EmployeeRequestTrackerSolution\\RequestTrackerTest\\bin\\Debug\\net6.0\\fine-code-coverage\\build-output\\RequestTrackerTest.dll","CodeFilePath":null,"LineNumber":0,"Properties":[{"Key":{"Id":"NUnit.Seed","Label":"Seed","Category":"","Description":"","Attributes":0,"ValueType":"System.String"},"Value":"2114810795"}]},"Attachments":[],"Outcome":1,"ErrorMessage":null,"ErrorStackTrace":null,"DisplayName":"Test1","Messages":[],"ComputerName":"4N8CBX3","Duration":"00:00:00.0003200","StartTime":"2024-04-23T13:23:48.2009578+00:00","EndTime":"2024-04-23T13:23:48.2012776+00:00","Properties":[{"Key":{"Id":"NUnit.Seed","Label":"Seed","Category":"","Description":"","Attributes":0,"ValueType":"System.String"},"Value":"2114810795"}]},{"TestCase":{"Id":"a9a8bb89-11d6-9d34-1c06-47fc220e1b63","FullyQualifiedName":"RequestTrackerTest.Tests.UpdateDepartmentName","DisplayName":"UpdateDepartmentName","ExecutorUri":"executor://NUnit3TestExecutor","Source":"C:\\MyPersonalFiles\\GensparkTraining\\GitHub\\Day10\\EmployeeRequestTrackerSolution\\RequestTrackerTest\\bin\\Debug\\net6.0\\fine-code-coverage\\build-output\\RequestTrackerTest.dll","CodeFilePath":null,"LineNumber":0,"Properties":[{"Key":{"Id":"NUnit.Seed","Label":"Seed","Category":"","Description":"","Attributes":0,"ValueType":"System.String"},"Value":"848597349"}]},"Attachments":[],"Outcome":1,"ErrorMessage":null,"ErrorStackTrace":null,"DisplayName":"UpdateDepartmentName","Messages":[],"ComputerName":"4N8CBX3","Duration":"00:00:00.0002670","StartTime":"2024-04-23T13:23:48.2012912+00:00","EndTime":"2024-04-23T13:23:48.2015576+00:00","Properties":[{"Key":{"Id":"NUnit.Seed","Label":"Seed","Category":"","Description":"","Attributes":0,"ValueType":"System.String"},"Value":"848597349"}]}],"TestRunStatistics":{"ExecutedTests":6,"Stats":{"Passed":6}},"ActiveTests":[]},"RunAttachments":[],"ExecutorUris":["executor://nunit3testexecutor/"]}}
TpTrace Verbose: 0 : 28508, 13, 2024/04/23, 18:53:48.331, 4634616148034, vstest.console.dll, TestRequestSender.EndSession: Sending end session.
TpTrace Verbose: 0 : 28508, 13, 2024/04/23, 18:53:48.331, 4634616150723, vstest.console.dll, ProxyOperationManager.Close: waiting for test host to exit for 100 ms
TpTrace Verbose: 0 : 28508, 11, 2024/04/23, 18:53:48.371, 4634616545825, vstest.console.dll, TestHostManagerCallbacks.ctor: Experimental forwarding output is disabled.
TpTrace Warning: 0 : 28508, 11, 2024/04/23, 18:53:48.371, 4634616547867, vstest.console.dll, TestHostManagerCallbacks.ErrorReceivedCallback Test host standard error line: 
TpTrace Verbose: 0 : 28508, 11, 2024/04/23, 18:53:48.382, 4634616658982, vstest.console.dll, TestHostProvider.ExitCallBack: Host exited starting callback.
TpTrace Information: 0 : 28508, 11, 2024/04/23, 18:53:48.383, 4634616663696, vstest.console.dll, TestHostManagerCallbacks.ExitCallBack: Testhost processId: 3700 exited with exitcode: 0 error: ''
TpTrace Verbose: 0 : 28508, 11, 2024/04/23, 18:53:48.383, 4634616665032, vstest.console.dll, DotnetTestHostManager.OnHostExited: invoking OnHostExited callback
TpTrace Verbose: 0 : 28508, 11, 2024/04/23, 18:53:48.383, 4634616666345, vstest.console.dll, CrossPlatEngine.TestHostManagerHostExited: calling on client process exit callback.
TpTrace Information: 0 : 28508, 11, 2024/04/23, 18:53:48.383, 4634616668251, vstest.console.dll, TestRequestSender.OnClientProcessExit: Test host process exited. Standard error: 
TpTrace Information: 0 : 28508, 11, 2024/04/23, 18:53:48.383, 4634616670082, vstest.console.dll, SocketServer.Stop: Stop server endPoint: 127.0.0.1:49769
TpTrace Information: 0 : 28508, 13, 2024/04/23, 18:53:48.383, 4634616670414, vstest.console.dll, SocketServer.Stop: Stop server endPoint: 127.0.0.1:49769
TpTrace Information: 0 : 28508, 13, 2024/04/23, 18:53:48.383, 4634616672383, vstest.console.dll, SocketServer.Stop: Cancellation requested. Stopping message loop.
TpTrace Information: 0 : 28508, 11, 2024/04/23, 18:53:48.383, 4634616670828, vstest.console.dll, SocketServer.Stop: Cancellation requested. Stopping message loop.
TpTrace Verbose: 0 : 28508, 11, 2024/04/23, 18:53:48.384, 4634616674186, vstest.console.dll, MulticastDelegateUtilities.SafeInvoke: HostProviderEvents.OnHostExited: Invoking callback 1/1 for Microsoft.VisualStudio.TestPlatform.CrossPlatEngine.Client.ProxyOperationManager., took 0 ms.
TpTrace Information: 0 : 28508, 13, 2024/04/23, 18:53:48.384, 4634616674386, vstest.console.dll, Closing the connection
TpTrace Verbose: 0 : 28508, 13, 2024/04/23, 18:53:48.384, 4634616679422, vstest.console.dll, ProxyDataCollectionManager.InvokeDataCollectionServiceAction: Starting.
TpTrace Information: 0 : 28508, 13, 2024/04/23, 18:53:48.384, 4634616680306, vstest.console.dll, ProxyDataCollectionManager.AfterTestRunEnd: Get attachment set and invoked data collectors processId: 34080 port: 49766
TpTrace Verbose: 0 : 28508, 13, 2024/04/23, 18:53:48.384, 4634616680998, vstest.console.dll, DataCollectionRequestSender.SendAfterTestRunStartAndGetResult: Send AfterTestRunEnd message with isCancelled: False
TpTrace Verbose: 0 : 28508, 13, 2024/04/23, 18:53:48.406, 4634616902145, vstest.console.dll, DataCollectionRequestSender.SendAfterTestRunStartAndGetResult: Received message: (DataCollection.AfterTestRunEndResult) -> {"MessageType":"DataCollection.AfterTestRunEndResult","Payload":{"AttachmentSets":[],"InvokedDataCollectors":[{"Uri":"datacollector://Microsoft/TestPlatform/Extensions/Blame/v1","FriendlyName":"Blame","AssemblyQualifiedName":"Microsoft.TestPlatform.Extensions.BlameDataCollector.BlameCollector, Microsoft.TestPlatform.Extensions.BlameDataCollector, Version=15.0.0.0, Culture=neutral, PublicKeyToken=b03f5f7f11d50a3a","FilePath":"C:\\Program Files\\dotnet\\sdk\\8.0.202\\Extensions\\Microsoft.TestPlatform.Extensions.BlameDataCollector.dll","HasAttachmentProcessor":false}],"Metrics":{}}}
TpTrace Information: 0 : 28508, 13, 2024/04/23, 18:53:48.423, 4634617070743, vstest.console.dll, ProxyDataCollectionManager.InvokeDataCollectionServiceAction: Completed.
TpTrace Warning: 0 : 28508, 10, 2024/04/23, 18:53:48.433, 4634617172316, vstest.console.dll, DataCollectionLauncher.ErrorReceivedCallback datacollector standard error line: 
TpTrace Information: 0 : 28508, 10, 2024/04/23, 18:53:48.448, 4634617317058, vstest.console.dll, DataCollectionLauncher.ExitCallBack: Data collector exited with exitcode: 0 error: ''
TpTrace Verbose: 0 : 28508, 13, 2024/04/23, 18:53:48.523, 4634618064017, vstest.console.dll, TestRunRequest:SendTestRunStatsChange: Starting.
TpTrace Verbose: 0 : 28508, 13, 2024/04/23, 18:53:48.523, 4634618068168, vstest.console.dll, MulticastDelegateUtilities.SafeInvoke: TestRun.RunStatsChanged: Invoking callbacks was skipped because there are no subscribers.
TpTrace Information: 0 : 28508, 13, 2024/04/23, 18:53:48.523, 4634618069061, vstest.console.dll, TestRunRequest:SendTestRunStatsChange: Completed.
TpTrace Verbose: 0 : 28508, 13, 2024/04/23, 18:53:48.524, 4634618073944, vstest.console.dll, ParallelProxyExecutionManager: HandlePartialRunComplete: Total workloads = 1, Total started clients = 1 Total completed clients = 1, Run complete = True, Run canceled: False.
TpTrace Verbose: 0 : 28508, 13, 2024/04/23, 18:53:48.524, 4634618074793, vstest.console.dll, ParallelProxyExecutionManager: HandlePartialRunComplete: All runs completed stopping all managers.
TpTrace Verbose: 0 : 28508, 13, 2024/04/23, 18:53:48.524, 4634618075547, vstest.console.dll, ParallelOperationManager.StopAllManagers: Stopping all managers.
TpTrace Verbose: 0 : 28508, 13, 2024/04/23, 18:53:48.524, 4634618076271, vstest.console.dll, ParallelOperationManager.ClearSlots: Clearing all slots. Slots should accept more work: False
TpTrace Verbose: 0 : 28508, 13, 2024/04/23, 18:53:48.524, 4634618077063, vstest.console.dll, ParallelOperationManager.SetOccupiedSlotCount: Setting slot counts AvailableSlotCount = 1, OccupiedSlotCount = 0.
TpTrace Verbose: 0 : 28508, 13, 2024/04/23, 18:53:48.524, 4634618077987, vstest.console.dll, Occupied slots:

TpTrace Verbose: 0 : 28508, 4, 2024/04/23, 18:53:48.526, 4634618093335, vstest.console.dll, MulticastDelegateUtilities.SafeInvoke: InternalTestLoggerEvents.SendTestResult: Invoking callback 1/1 for Microsoft.VisualStudio.TestPlatform.CommandLine.Internal.ConsoleLogger., took 2 ms.
TpTrace Verbose: 0 : 28508, 4, 2024/04/23, 18:53:48.526, 4634618100263, vstest.console.dll, MulticastDelegateUtilities.SafeInvoke: InternalTestLoggerEvents.SendTestResult: Invoking callback 1/1 for Microsoft.VisualStudio.TestPlatform.CommandLine.Internal.ConsoleLogger., took 0 ms.
TpTrace Verbose: 0 : 28508, 4, 2024/04/23, 18:53:48.526, 4634618101862, vstest.console.dll, MulticastDelegateUtilities.SafeInvoke: InternalTestLoggerEvents.SendTestResult: Invoking callback 1/1 for Microsoft.VisualStudio.TestPlatform.CommandLine.Internal.ConsoleLogger., took 0 ms.
TpTrace Verbose: 0 : 28508, 4, 2024/04/23, 18:53:48.526, 4634618102739, vstest.console.dll, MulticastDelegateUtilities.SafeInvoke: InternalTestLoggerEvents.SendTestResult: Invoking callback 1/1 for Microsoft.VisualStudio.TestPlatform.CommandLine.Internal.ConsoleLogger., took 0 ms.
TpTrace Verbose: 0 : 28508, 4, 2024/04/23, 18:53:48.527, 4634618103543, vstest.console.dll, MulticastDelegateUtilities.SafeInvoke: InternalTestLoggerEvents.SendTestResult: Invoking callback 1/1 for Microsoft.VisualStudio.TestPlatform.CommandLine.Internal.ConsoleLogger., took 0 ms.
TpTrace Verbose: 0 : 28508, 4, 2024/04/23, 18:53:48.527, 4634618104331, vstest.console.dll, MulticastDelegateUtilities.SafeInvoke: InternalTestLoggerEvents.SendTestResult: Invoking callback 1/1 for Microsoft.VisualStudio.TestPlatform.CommandLine.Internal.ConsoleLogger., took 0 ms.
TpTrace Verbose: 0 : 28508, 4, 2024/04/23, 18:53:48.541, 4634618248815, vstest.console.dll, MulticastDelegateUtilities.SafeInvoke: InternalTestLoggerEvents.SendTestRunComplete: Invoking callback 1/2 for Microsoft.TestPlatform.Extensions.BlameDataCollector.BlameLogger., took 0 ms.
TpTrace Verbose: 0 : 28508, 4, 2024/04/23, 18:53:48.553, 4634618364335, vstest.console.dll, MulticastDelegateUtilities.SafeInvoke: InternalTestLoggerEvents.SendTestRunComplete: Invoking callback 2/2 for Microsoft.VisualStudio.TestPlatform.CommandLine.Internal.ConsoleLogger., took 11 ms.
TpTrace Verbose: 0 : 28508, 13, 2024/04/23, 18:53:48.553, 4634618371554, vstest.console.dll, TestRunRequest:TestRunComplete: Starting. IsAborted:False IsCanceled:False.
TpTrace Verbose: 0 : 28508, 13, 2024/04/23, 18:53:48.554, 4634618375319, vstest.console.dll, ParallelOperationManager.DoActionOnAllManagers: Calling an action on all managers.
TpTrace Verbose: 0 : 28508, 13, 2024/04/23, 18:53:48.555, 4634618393225, vstest.console.dll, TestLoggerManager.HandleTestRunComplete: Ignoring as the object is disposed.
TpTrace Verbose: 0 : 28508, 13, 2024/04/23, 18:53:48.556, 4634618396949, vstest.console.dll, MulticastDelegateUtilities.SafeInvoke: TestRun.TestRunComplete: Invoking callback 1/2 for Microsoft.VisualStudio.TestPlatform.CommandLine.TestRunResultAggregator., took 0 ms.
TpTrace Verbose: 0 : 28508, 13, 2024/04/23, 18:53:48.556, 4634618398878, vstest.console.dll, MulticastDelegateUtilities.SafeInvoke: TestRun.TestRunComplete: Invoking callback 2/2 for Microsoft.VisualStudio.TestPlatform.CommandLine.Processors.RunTestsArgumentExecutor+TestRunRequestEventsRegistrar., took 0 ms.
TpTrace Information: 0 : 28508, 13, 2024/04/23, 18:53:48.556, 4634618400525, vstest.console.dll, TestRunRequest:TestRunComplete: Completed.
TpTrace Verbose: 0 : 28508, 13, 2024/04/23, 18:53:48.556, 4634618401215, vstest.console.dll, TestRequestSender.SetOperationComplete: Setting operation complete.
TpTrace Verbose: 0 : 28508, 1, 2024/04/23, 18:53:48.556, 4634618401261, vstest.console.dll, TestRunRequest.Dispose: Starting.
TpTrace Information: 0 : 28508, 13, 2024/04/23, 18:53:48.556, 4634618401836, vstest.console.dll, SocketServer.Stop: Stop server endPoint: 127.0.0.1:49769
TpTrace Information: 0 : 28508, 13, 2024/04/23, 18:53:48.557, 4634618404177, vstest.console.dll, SocketServer.Stop: Cancellation requested. Stopping message loop.
TpTrace Verbose: 0 : 28508, 13, 2024/04/23, 18:53:48.557, 4634618405204, vstest.console.dll, MulticastDelegateUtilities.SafeInvoke: LengthPrefixCommunicationChannel: MessageReceived: Invoking callback 1/1 for Microsoft.VisualStudio.TestPlatform.CommunicationUtilities.TestRequestSender+<>c__DisplayClass34_0., took 225 ms.
TpTrace Information: 0 : 28508, 1, 2024/04/23, 18:53:48.556, 4634618403187, vstest.console.dll, TestRunRequest.Dispose: Completed.
TpTrace Information: 0 : 28508, 13, 2024/04/23, 18:53:48.557, 4634618406247, vstest.console.dll, SocketServer.PrivateStop: Stopping server endPoint: 127.0.0.1:49769 error: 
TpTrace Information: 0 : 28508, 1, 2024/04/23, 18:53:48.557, 4634618407747, vstest.console.dll, TestRequestManager.RunTests: run tests completed.
TpTrace Information: 0 : 28508, 1, 2024/04/23, 18:53:48.557, 4634618410629, vstest.console.dll, RunTestsArgumentProcessor:Execute: Test run is completed.
TpTrace Verbose: 0 : 28508, 13, 2024/04/23, 18:53:48.558, 4634618415325, vstest.console.dll, LengthPrefixCommunicationChannel.Dispose: Dispose reader and writer.
TpTrace Verbose: 0 : 28508, 1, 2024/04/23, 18:53:48.558, 4634618417048, vstest.console.dll, Executor.Execute: Exiting with exit code of 0
TpTrace Information: 0 : 28508, 13, 2024/04/23, 18:53:48.558, 4634618417697, vstest.console.dll, SocketServer.Stop: Raise disconnected event endPoint: 127.0.0.1:49769 error: 
TpTrace Verbose: 0 : 28508, 13, 2024/04/23, 18:53:48.558, 4634618421746, vstest.console.dll, TestRequestSender: OnTestRunAbort: Operation is already complete. Skip error message.
TpTrace Verbose: 0 : 28508, 13, 2024/04/23, 18:53:48.558, 4634618423292, vstest.console.dll, MulticastDelegateUtilities.SafeInvoke: SocketServer: ClientDisconnected: Invoking callback 1/1 for Microsoft.VisualStudio.TestPlatform.CommunicationUtilities.TestRequestSender., took 0 ms.
TpTrace Verbose: 0 : 28508, 13, 2024/04/23, 18:53:48.559, 4634618424256, vstest.console.dll, TcpClientExtensions.MessageLoopAsync: exiting MessageLoopAsync remoteEndPoint: 127.0.0.1:49770 localEndPoint: 127.0.0.1:49769
