<?xml version="1.0" encoding="utf-8"?>
<!DOCTYPE coverage SYSTEM "http://cobertura.sourceforge.net/xml/coverage-04.dtd">
<coverage line-rate="0.763401109057301" branch-rate="0.702702702702703" lines-covered="413" lines-valid="541" branches-covered="52" branches-valid="74" complexity="146" version="0" timestamp="1713951423">
  <sources>
    <source>C:\</source>
  </sources>
  <packages>
    <package name="ClinicAppointmentBLLibrary" line-rate="0.848684210526316" branch-rate="0.805555555555556" complexity="45">
      <classes>
        <class name="ClinicAppointmentBLLibrary.AppointmentBL" filename="C:\MyPersonalFiles\GensparkTraining\GitHub\Day10\ClinicAppointmentSolution\ClinicAppointmentBLLibrary\AppointmentBL.cs" line-rate="0.638888888888889" branch-rate="0.625" complexity="9">
          <methods>
            <method name="GetAllAppointments" signature="()" line-rate="1" branch-rate="1" complexity="2">
              <lines>
                <line number="20" hits="2" branch="false" />
                <line number="23" hits="2" branch="false" />
                <line number="25" hits="2" branch="true" condition-coverage="100% (2/2)" />
                <line number="26" hits="1" branch="false" />
                <line number="27" hits="1" branch="false" />
                <line number="30" hits="1" branch="false" />
                <line number="31" hits="1" branch="false" />
              </lines>
            </method>
            <method name="GetAppointmentById" signature="(...)" line-rate="1" branch-rate="1" complexity="2">
              <lines>
                <line number="34" hits="2" branch="false" />
                <line number="37" hits="2" branch="false" />
                <line number="39" hits="2" branch="true" condition-coverage="100% (2/2)" />
                <line number="40" hits="1" branch="false" />
                <line number="41" hits="1" branch="false" />
                <line number="45" hits="1" branch="false" />
                <line number="46" hits="1" branch="false" />
              </lines>
            </method>
            <method name="RequestAppointment" signature="(...)" line-rate="0.857142857142857" branch-rate="0.5" complexity="2">
              <lines>
                <line number="49" hits="3" branch="false" />
                <line number="50" hits="3" branch="false" />
                <line number="52" hits="3" branch="true" condition-coverage="50% (1/2)" />
                <line number="53" hits="3" branch="false" />
                <line number="54" hits="3" branch="false" />
                <line number="57" hits="0" branch="false" />
                <line number="58" hits="3" branch="false" />
              </lines>
            </method>
            <method name="UpdateAppointment" signature="(...)" line-rate="0" branch-rate="0" complexity="2">
              <lines>
                <line number="61" hits="0" branch="false" />
                <line number="62" hits="0" branch="false" />
                <line number="64" hits="0" branch="false" />
                <line number="65" hits="0" branch="false" />
                <line number="66" hits="0" branch="false" />
                <line number="67" hits="0" branch="false" />
                <line number="69" hits="0" branch="false" />
                <line number="71" hits="0" branch="true" condition-coverage="0% (0/2)" />
                <line number="72" hits="0" branch="false" />
                <line number="73" hits="0" branch="false" />
                <line number="75" hits="0" branch="false" />
                <line number="77" hits="0" branch="false" />
              </lines>
            </method>
            <method name=".ctor" signature="(...)" line-rate="1" branch-rate="1" complexity="1">
              <lines>
                <line number="15" hits="10" branch="false" />
                <line number="16" hits="5" branch="false" />
                <line number="17" hits="5" branch="false" />
              </lines>
            </method>
          </methods>
          <lines>
            <line number="15" hits="10" branch="false" />
            <line number="16" hits="5" branch="false" />
            <line number="17" hits="5" branch="false" />
            <line number="20" hits="2" branch="false" />
            <line number="23" hits="2" branch="false" />
            <line number="25" hits="2" branch="true" condition-coverage="100% (2/2)" />
            <line number="26" hits="1" branch="false" />
            <line number="27" hits="1" branch="false" />
            <line number="30" hits="1" branch="false" />
            <line number="31" hits="1" branch="false" />
            <line number="34" hits="2" branch="false" />
            <line number="37" hits="2" branch="false" />
            <line number="39" hits="2" branch="true" condition-coverage="100% (2/2)" />
            <line number="40" hits="1" branch="false" />
            <line number="41" hits="1" branch="false" />
            <line number="45" hits="1" branch="false" />
            <line number="46" hits="1" branch="false" />
            <line number="49" hits="3" branch="false" />
            <line number="50" hits="3" branch="false" />
            <line number="52" hits="3" branch="true" condition-coverage="50% (1/2)" />
            <line number="53" hits="3" branch="false" />
            <line number="54" hits="3" branch="false" />
            <line number="57" hits="0" branch="false" />
            <line number="58" hits="3" branch="false" />
            <line number="61" hits="0" branch="false" />
            <line number="62" hits="0" branch="false" />
            <line number="64" hits="0" branch="false" />
            <line number="65" hits="0" branch="false" />
            <line number="66" hits="0" branch="false" />
            <line number="67" hits="0" branch="false" />
            <line number="69" hits="0" branch="false" />
            <line number="71" hits="0" branch="true" condition-coverage="0% (0/2)" />
            <line number="72" hits="0" branch="false" />
            <line number="73" hits="0" branch="false" />
            <line number="75" hits="0" branch="false" />
            <line number="77" hits="0" branch="false" />
          </lines>
        </class>
        <class name="ClinicAppointmentBLLibrary.DoctorBL" filename="C:\MyPersonalFiles\GensparkTraining\GitHub\Day10\ClinicAppointmentSolution\ClinicAppointmentBLLibrary\DoctorBL.cs" line-rate="0.9" branch-rate="0.857142857142857" complexity="15">
          <methods>
            <method name="AddDoctor" signature="(...)" line-rate="1" branch-rate="1" complexity="2">
              <lines>
                <line number="14" hits="9" branch="false" />
                <line number="15" hits="9" branch="false" />
                <line number="17" hits="9" branch="true" condition-coverage="100% (2/2)" />
                <line number="18" hits="8" branch="false" />
                <line number="19" hits="8" branch="false" />
                <line number="22" hits="1" branch="false" />
                <line number="24" hits="8" branch="false" />
              </lines>
            </method>
            <method name="GetAllDoctors" signature="()" line-rate="1" branch-rate="1" complexity="2">
              <lines>
                <line number="27" hits="2" branch="false" />
                <line number="30" hits="2" branch="false" />
                <line number="32" hits="2" branch="true" condition-coverage="100% (2/2)" />
                <line number="33" hits="1" branch="false" />
                <line number="34" hits="1" branch="false" />
                <line number="37" hits="1" branch="false" />
                <line number="38" hits="1" branch="false" />
              </lines>
            </method>
            <method name="GetDoctorByName" signature="(...)" line-rate="1" branch-rate="1" complexity="4">
              <lines>
                <line number="41" hits="4" branch="false" />
                <line number="42" hits="4" branch="false" />
                <line number="44" hits="18" branch="true" condition-coverage="100% (2/2)" />
                <line number="45" hits="4" branch="false" />
                <line number="46" hits="4" branch="true" condition-coverage="100% (2/2)" />
                <line number="47" hits="2" branch="false" />
                <line number="48" hits="2" branch="false" />
                <line number="51" hits="2" branch="false" />
                <line number="53" hits="2" branch="false" />
                <line number="54" hits="2" branch="false" />
              </lines>
            </method>
            <method name="GetDoctorById" signature="(...)" line-rate="1" branch-rate="1" complexity="2">
              <lines>
                <line number="57" hits="2" branch="false" />
                <line number="60" hits="2" branch="false" />
                <line number="62" hits="2" branch="true" condition-coverage="100% (2/2)" />
                <line number="63" hits="1" branch="false" />
                <line number="64" hits="1" branch="false" />
                <line number="68" hits="1" branch="false" />
                <line number="69" hits="1" branch="false" />
              </lines>
            </method>
            <method name="ChangeDoctorName" signature="(...)" line-rate="0.6875" branch-rate="0.5" complexity="4">
              <lines>
                <line number="73" hits="2" branch="false" />
                <line number="75" hits="2" branch="true" condition-coverage="50% (1/2)" />
                <line number="76" hits="0" branch="false" />
                <line number="77" hits="0" branch="false" />
                <line number="78" hits="0" branch="false" />
                <line number="79" hits="0" branch="false" />
                <line number="82" hits="2" branch="false" />
                <line number="83" hits="2" branch="false" />
                <line number="84" hits="1" branch="false" />
                <line number="85" hits="1" branch="false" />
                <line number="87" hits="1" branch="false" />
                <line number="89" hits="1" branch="true" condition-coverage="50% (1/2)" />
                <line number="90" hits="1" branch="false" />
                <line number="91" hits="1" branch="false" />
                <line number="95" hits="0" branch="false" />
                <line number="96" hits="1" branch="false" />
              </lines>
            </method>
            <method name=".ctor" signature="(...)" line-rate="1" branch-rate="1" complexity="1">
              <lines>
                <line number="10" hits="20" branch="false" />
                <line number="11" hits="10" branch="false" />
                <line number="12" hits="10" branch="false" />
              </lines>
            </method>
          </methods>
          <lines>
            <line number="10" hits="20" branch="false" />
            <line number="11" hits="10" branch="false" />
            <line number="12" hits="10" branch="false" />
            <line number="14" hits="9" branch="false" />
            <line number="15" hits="9" branch="false" />
            <line number="17" hits="9" branch="true" condition-coverage="100% (2/2)" />
            <line number="18" hits="8" branch="false" />
            <line number="19" hits="8" branch="false" />
            <line number="22" hits="1" branch="false" />
            <line number="24" hits="8" branch="false" />
            <line number="27" hits="2" branch="false" />
            <line number="30" hits="2" branch="false" />
            <line number="32" hits="2" branch="true" condition-coverage="100% (2/2)" />
            <line number="33" hits="1" branch="false" />
            <line number="34" hits="1" branch="false" />
            <line number="37" hits="1" branch="false" />
            <line number="38" hits="1" branch="false" />
            <line number="41" hits="4" branch="false" />
            <line number="42" hits="4" branch="false" />
            <line number="44" hits="18" branch="true" condition-coverage="100% (2/2)" />
            <line number="45" hits="4" branch="false" />
            <line number="46" hits="4" branch="true" condition-coverage="100% (2/2)" />
            <line number="47" hits="2" branch="false" />
            <line number="48" hits="2" branch="false" />
            <line number="51" hits="2" branch="false" />
            <line number="53" hits="2" branch="false" />
            <line number="54" hits="2" branch="false" />
            <line number="57" hits="2" branch="false" />
            <line number="60" hits="2" branch="false" />
            <line number="62" hits="2" branch="true" condition-coverage="100% (2/2)" />
            <line number="63" hits="1" branch="false" />
            <line number="64" hits="1" branch="false" />
            <line number="68" hits="1" branch="false" />
            <line number="69" hits="1" branch="false" />
            <line number="73" hits="2" branch="false" />
            <line number="75" hits="2" branch="true" condition-coverage="50% (1/2)" />
            <line number="76" hits="0" branch="false" />
            <line number="77" hits="0" branch="false" />
            <line number="78" hits="0" branch="false" />
            <line number="79" hits="0" branch="false" />
            <line number="82" hits="2" branch="false" />
            <line number="83" hits="2" branch="false" />
            <line number="84" hits="1" branch="false" />
            <line number="85" hits="1" branch="false" />
            <line number="87" hits="1" branch="false" />
            <line number="89" hits="1" branch="true" condition-coverage="50% (1/2)" />
            <line number="90" hits="1" branch="false" />
            <line number="91" hits="1" branch="false" />
            <line number="95" hits="0" branch="false" />
            <line number="96" hits="1" branch="false" />
          </lines>
        </class>
        <class name="ClinicAppointmentBLLibrary.PatientBL" filename="C:\MyPersonalFiles\GensparkTraining\GitHub\Day10\ClinicAppointmentSolution\ClinicAppointmentBLLibrary\PatientBL.cs" line-rate="0.901960784313726" branch-rate="0.857142857142857" complexity="15">
          <methods>
            <method name="AddPatient" signature="(...)" line-rate="1" branch-rate="1" complexity="2">
              <lines>
                <line number="20" hits="9" branch="false" />
                <line number="21" hits="9" branch="false" />
                <line number="23" hits="9" branch="true" condition-coverage="100% (2/2)" />
                <line number="24" hits="8" branch="false" />
                <line number="25" hits="8" branch="false" />
                <line number="28" hits="1" branch="false" />
                <line number="30" hits="8" branch="false" />
              </lines>
            </method>
            <method name="GetAllPatients" signature="()" line-rate="1" branch-rate="1" complexity="2">
              <lines>
                <line number="33" hits="2" branch="false" />
                <line number="36" hits="2" branch="false" />
                <line number="38" hits="2" branch="true" condition-coverage="100% (2/2)" />
                <line number="39" hits="1" branch="false" />
                <line number="40" hits="1" branch="false" />
                <line number="43" hits="1" branch="false" />
                <line number="44" hits="1" branch="false" />
              </lines>
            </method>
            <method name="GetPatientByName" signature="(...)" line-rate="1" branch-rate="1" complexity="4">
              <lines>
                <line number="47" hits="4" branch="false" />
                <line number="48" hits="4" branch="false" />
                <line number="50" hits="18" branch="true" condition-coverage="100% (2/2)" />
                <line number="51" hits="4" branch="false" />
                <line number="52" hits="4" branch="true" condition-coverage="100% (2/2)" />
                <line number="53" hits="2" branch="false" />
                <line number="54" hits="2" branch="false" />
                <line number="57" hits="2" branch="false" />
                <line number="59" hits="2" branch="false" />
                <line number="60" hits="2" branch="false" />
              </lines>
            </method>
            <method name="GetPatientById" signature="(...)" line-rate="1" branch-rate="1" complexity="2">
              <lines>
                <line number="63" hits="2" branch="false" />
                <line number="66" hits="2" branch="false" />
                <line number="68" hits="2" branch="true" condition-coverage="100% (2/2)" />
                <line number="69" hits="1" branch="false" />
                <line number="70" hits="1" branch="false" />
                <line number="74" hits="1" branch="false" />
                <line number="75" hits="1" branch="false" />
              </lines>
            </method>
            <method name="ChangePatientName" signature="(...)" line-rate="0.6875" branch-rate="0.5" complexity="4">
              <lines>
                <line number="79" hits="2" branch="false" />
                <line number="81" hits="2" branch="true" condition-coverage="50% (1/2)" />
                <line number="82" hits="0" branch="false" />
                <line number="83" hits="0" branch="false" />
                <line number="84" hits="0" branch="false" />
                <line number="85" hits="0" branch="false" />
                <line number="88" hits="2" branch="false" />
                <line number="89" hits="2" branch="false" />
                <line number="90" hits="1" branch="false" />
                <line number="91" hits="1" branch="false" />
                <line number="93" hits="1" branch="false" />
                <line number="95" hits="1" branch="true" condition-coverage="50% (1/2)" />
                <line number="96" hits="1" branch="false" />
                <line number="97" hits="1" branch="false" />
                <line number="101" hits="0" branch="false" />
                <line number="102" hits="1" branch="false" />
              </lines>
            </method>
            <method name=".ctor" signature="(...)" line-rate="1" branch-rate="1" complexity="1">
              <lines>
                <line number="15" hits="10" branch="false" />
                <line number="16" hits="10" branch="false" />
                <line number="17" hits="10" branch="false" />
                <line number="18" hits="10" branch="false" />
              </lines>
            </method>
          </methods>
          <lines>
            <line number="15" hits="10" branch="false" />
            <line number="16" hits="10" branch="false" />
            <line number="17" hits="10" branch="false" />
            <line number="18" hits="10" branch="false" />
            <line number="20" hits="9" branch="false" />
            <line number="21" hits="9" branch="false" />
            <line number="23" hits="9" branch="true" condition-coverage="100% (2/2)" />
            <line number="24" hits="8" branch="false" />
            <line number="25" hits="8" branch="false" />
            <line number="28" hits="1" branch="false" />
            <line number="30" hits="8" branch="false" />
            <line number="33" hits="2" branch="false" />
            <line number="36" hits="2" branch="false" />
            <line number="38" hits="2" branch="true" condition-coverage="100% (2/2)" />
            <line number="39" hits="1" branch="false" />
            <line number="40" hits="1" branch="false" />
            <line number="43" hits="1" branch="false" />
            <line number="44" hits="1" branch="false" />
            <line number="47" hits="4" branch="false" />
            <line number="48" hits="4" branch="false" />
            <line number="50" hits="18" branch="true" condition-coverage="100% (2/2)" />
            <line number="51" hits="4" branch="false" />
            <line number="52" hits="4" branch="true" condition-coverage="100% (2/2)" />
            <line number="53" hits="2" branch="false" />
            <line number="54" hits="2" branch="false" />
            <line number="57" hits="2" branch="false" />
            <line number="59" hits="2" branch="false" />
            <line number="60" hits="2" branch="false" />
            <line number="63" hits="2" branch="false" />
            <line number="66" hits="2" branch="false" />
            <line number="68" hits="2" branch="true" condition-coverage="100% (2/2)" />
            <line number="69" hits="1" branch="false" />
            <line number="70" hits="1" branch="false" />
            <line number="74" hits="1" branch="false" />
            <line number="75" hits="1" branch="false" />
            <line number="79" hits="2" branch="false" />
            <line number="81" hits="2" branch="true" condition-coverage="50% (1/2)" />
            <line number="82" hits="0" branch="false" />
            <line number="83" hits="0" branch="false" />
            <line number="84" hits="0" branch="false" />
            <line number="85" hits="0" branch="false" />
            <line number="88" hits="2" branch="false" />
            <line number="89" hits="2" branch="false" />
            <line number="90" hits="1" branch="false" />
            <line number="91" hits="1" branch="false" />
            <line number="93" hits="1" branch="false" />
            <line number="95" hits="1" branch="true" condition-coverage="50% (1/2)" />
            <line number="96" hits="1" branch="false" />
            <line number="97" hits="1" branch="false" />
            <line number="101" hits="0" branch="false" />
            <line number="102" hits="1" branch="false" />
          </lines>
        </class>
        <class name="RequestTrackerBLLibrary.DuplicateNameException" filename="C:\MyPersonalFiles\GensparkTraining\GitHub\Day10\ClinicAppointmentSolution\ClinicAppointmentBLLibrary\Exceptions\DuplicateNameException.cs" line-rate="1" branch-rate="1" complexity="2">
          <methods>
            <method name="get_Message" signature="()" line-rate="1" branch-rate="1" complexity="1">
              <lines>
                <line number="16" hits="2" branch="false" />
              </lines>
            </method>
            <method name=".ctor" signature="(...)" line-rate="1" branch-rate="1" complexity="1">
              <lines>
                <line number="12" hits="2" branch="false" />
                <line number="13" hits="2" branch="false" />
                <line number="14" hits="2" branch="false" />
                <line number="15" hits="2" branch="false" />
              </lines>
            </method>
          </methods>
          <lines>
            <line number="12" hits="2" branch="false" />
            <line number="13" hits="2" branch="false" />
            <line number="14" hits="2" branch="false" />
            <line number="15" hits="2" branch="false" />
            <line number="16" hits="2" branch="false" />
          </lines>
        </class>
        <class name="RequestTrackerBLLibrary.ElementNotFoundException" filename="C:\MyPersonalFiles\GensparkTraining\GitHub\Day10\ClinicAppointmentSolution\ClinicAppointmentBLLibrary\Exceptions\ElementNotFoundException.cs" line-rate="1" branch-rate="1" complexity="2">
          <methods>
            <method name="get_Message" signature="()" line-rate="1" branch-rate="1" complexity="1">
              <lines>
                <line number="18" hits="7" branch="false" />
              </lines>
            </method>
            <method name=".ctor" signature="(...)" line-rate="1" branch-rate="1" complexity="1">
              <lines>
                <line number="13" hits="7" branch="false" />
                <line number="14" hits="7" branch="false" />
                <line number="15" hits="7" branch="false" />
                <line number="16" hits="7" branch="false" />
              </lines>
            </method>
          </methods>
          <lines>
            <line number="13" hits="7" branch="false" />
            <line number="14" hits="7" branch="false" />
            <line number="15" hits="7" branch="false" />
            <line number="16" hits="7" branch="false" />
            <line number="18" hits="7" branch="false" />
          </lines>
        </class>
        <class name="RequestTrackerBLLibrary.EmptyListException" filename="C:\MyPersonalFiles\GensparkTraining\GitHub\Day10\ClinicAppointmentSolution\ClinicAppointmentBLLibrary\Exceptions\EmptyListException.cs" line-rate="1" branch-rate="1" complexity="2">
          <methods>
            <method name="get_Message" signature="()" line-rate="1" branch-rate="1" complexity="1">
              <lines>
                <line number="16" hits="3" branch="false" />
              </lines>
            </method>
            <method name=".ctor" signature="(...)" line-rate="1" branch-rate="1" complexity="1">
              <lines>
                <line number="12" hits="3" branch="false" />
                <line number="13" hits="3" branch="false" />
                <line number="14" hits="3" branch="false" />
                <line number="15" hits="3" branch="false" />
              </lines>
            </method>
          </methods>
          <lines>
            <line number="12" hits="3" branch="false" />
            <line number="13" hits="3" branch="false" />
            <line number="14" hits="3" branch="false" />
            <line number="15" hits="3" branch="false" />
            <line number="16" hits="3" branch="false" />
          </lines>
        </class>
      </classes>
    </package>
    <package name="ClinicAppointmentBLTest" line-rate="0.993333333333333" branch-rate="1" complexity="29">
      <classes>
        <class name="AutoGeneratedProgram" filename="C:\Users\VC\.nuget\packages\microsoft.net.test.sdk\17.5.0\build\netcoreapp3.1\Microsoft.NET.Test.Sdk.Program.cs" line-rate="0" branch-rate="1" complexity="1">
          <methods>
            <method name="Main" signature="(...)" line-rate="0" branch-rate="1" complexity="1">
              <lines>
                <line number="4" hits="0" branch="false" />
              </lines>
            </method>
          </methods>
          <lines>
            <line number="4" hits="0" branch="false" />
          </lines>
        </class>
        <class name="ClinicAppointmentBLTest.AppointmentBLTest" filename="C:\MyPersonalFiles\GensparkTraining\GitHub\Day10\ClinicAppointmentSolution\ClinicAppointmentBLTest\AppointmentBLTest.cs" line-rate="1" branch-rate="1" complexity="6">
          <methods>
            <method name="Setup" signature="()" line-rate="1" branch-rate="1" complexity="1">
              <lines>
                <line number="19" hits="5" branch="false" />
                <line number="20" hits="5" branch="false" />
                <line number="21" hits="5" branch="false" />
                <line number="23" hits="5" branch="false" />
              </lines>
            </method>
            <method name="AddAppointment" signature="()" line-rate="1" branch-rate="1" complexity="1">
              <lines>
                <line number="27" hits="1" branch="false" />
                <line number="28" hits="1" branch="false" />
                <line number="29" hits="1" branch="false" />
                <line number="31" hits="1" branch="false" />
                <line number="32" hits="1" branch="false" />
              </lines>
            </method>
            <method name="GetAllAppointmentsFail" signature="()" line-rate="1" branch-rate="1" complexity="1">
              <lines>
                <line number="37" hits="1" branch="false" />
                <line number="39" hits="2" branch="false" />
                <line number="40" hits="1" branch="false" />
                <line number="42" hits="1" branch="false" />
              </lines>
            </method>
            <method name="GetAllAppointments" signature="()" line-rate="1" branch-rate="1" complexity="1">
              <lines>
                <line number="46" hits="1" branch="false" />
                <line number="47" hits="1" branch="false" />
                <line number="48" hits="1" branch="false" />
                <line number="50" hits="1" branch="false" />
                <line number="51" hits="1" branch="false" />
                <line number="53" hits="1" branch="false" />
              </lines>
            </method>
            <method name="GetAppointmentById" signature="()" line-rate="1" branch-rate="1" complexity="1">
              <lines>
                <line number="58" hits="1" branch="false" />
                <line number="59" hits="1" branch="false" />
                <line number="60" hits="1" branch="false" />
                <line number="62" hits="1" branch="false" />
                <line number="63" hits="1" branch="false" />
                <line number="66" hits="1" branch="false" />
              </lines>
            </method>
            <method name="GetAppointmentByIdFail" signature="()" line-rate="1" branch-rate="1" complexity="1">
              <lines>
                <line number="70" hits="1" branch="false" />
                <line number="71" hits="2" branch="false" />
                <line number="73" hits="1" branch="false" />
                <line number="74" hits="1" branch="false" />
              </lines>
            </method>
          </methods>
          <lines>
            <line number="19" hits="5" branch="false" />
            <line number="20" hits="5" branch="false" />
            <line number="21" hits="5" branch="false" />
            <line number="23" hits="5" branch="false" />
            <line number="27" hits="1" branch="false" />
            <line number="28" hits="1" branch="false" />
            <line number="29" hits="1" branch="false" />
            <line number="31" hits="1" branch="false" />
            <line number="32" hits="1" branch="false" />
            <line number="37" hits="1" branch="false" />
            <line number="39" hits="2" branch="false" />
            <line number="40" hits="1" branch="false" />
            <line number="42" hits="1" branch="false" />
            <line number="46" hits="1" branch="false" />
            <line number="47" hits="1" branch="false" />
            <line number="48" hits="1" branch="false" />
            <line number="50" hits="1" branch="false" />
            <line number="51" hits="1" branch="false" />
            <line number="53" hits="1" branch="false" />
            <line number="58" hits="1" branch="false" />
            <line number="59" hits="1" branch="false" />
            <line number="60" hits="1" branch="false" />
            <line number="62" hits="1" branch="false" />
            <line number="63" hits="1" branch="false" />
            <line number="66" hits="1" branch="false" />
            <line number="70" hits="1" branch="false" />
            <line number="71" hits="2" branch="false" />
            <line number="73" hits="1" branch="false" />
            <line number="74" hits="1" branch="false" />
          </lines>
        </class>
        <class name="ClinicAppointmentBLTest.Test" filename="C:\MyPersonalFiles\GensparkTraining\GitHub\Day10\ClinicAppointmentSolution\ClinicAppointmentBLTest\PatientBLTest.cs" line-rate="1" branch-rate="1" complexity="11">
          <methods>
            <method name="Setup" signature="()" line-rate="1" branch-rate="1" complexity="1">
              <lines>
                <line number="14" hits="10" branch="false" />
                <line number="15" hits="10" branch="false" />
                <line number="16" hits="10" branch="false" />
                <line number="18" hits="10" branch="false" />
              </lines>
            </method>
            <method name="AddPatient" signature="()" line-rate="1" branch-rate="1" complexity="1">
              <lines>
                <line number="22" hits="1" branch="false" />
                <line number="23" hits="1" branch="false" />
                <line number="24" hits="1" branch="false" />
                <line number="26" hits="1" branch="false" />
                <line number="27" hits="1" branch="false" />
              </lines>
            </method>
            <method name="AddPatientFailTest" signature="()" line-rate="1" branch-rate="1" complexity="1">
              <lines>
                <line number="31" hits="1" branch="false" />
                <line number="32" hits="1" branch="false" />
                <line number="33" hits="1" branch="false" />
                <line number="34" hits="1" branch="false" />
                <line number="37" hits="2" branch="false" />
                <line number="39" hits="1" branch="false" />
                <line number="40" hits="1" branch="false" />
              </lines>
            </method>
            <method name="GetAllPatientsFail" signature="()" line-rate="1" branch-rate="1" complexity="1">
              <lines>
                <line number="44" hits="1" branch="false" />
                <line number="46" hits="2" branch="false" />
                <line number="47" hits="1" branch="false" />
                <line number="49" hits="1" branch="false" />
              </lines>
            </method>
            <method name="GetAllPatients" signature="()" line-rate="1" branch-rate="1" complexity="1">
              <lines>
                <line number="53" hits="1" branch="false" />
                <line number="54" hits="1" branch="false" />
                <line number="55" hits="1" branch="false" />
                <line number="57" hits="1" branch="false" />
                <line number="58" hits="1" branch="false" />
                <line number="60" hits="1" branch="false" />
              </lines>
            </method>
            <method name="GetPatientByName" signature="()" line-rate="1" branch-rate="1" complexity="1">
              <lines>
                <line number="64" hits="1" branch="false" />
                <line number="65" hits="1" branch="false" />
                <line number="66" hits="1" branch="false" />
                <line number="68" hits="1" branch="false" />
                <line number="69" hits="1" branch="false" />
                <line number="71" hits="1" branch="false" />
              </lines>
            </method>
            <method name="GetPatientByNameFail" signature="()" line-rate="1" branch-rate="1" complexity="1">
              <lines>
                <line number="75" hits="1" branch="false" />
                <line number="76" hits="1" branch="false" />
                <line number="77" hits="1" branch="false" />
                <line number="79" hits="2" branch="false" />
                <line number="81" hits="1" branch="false" />
                <line number="83" hits="1" branch="false" />
              </lines>
            </method>
            <method name="GetPatientById" signature="()" line-rate="1" branch-rate="1" complexity="1">
              <lines>
                <line number="87" hits="1" branch="false" />
                <line number="88" hits="1" branch="false" />
                <line number="89" hits="1" branch="false" />
                <line number="91" hits="1" branch="false" />
                <line number="92" hits="1" branch="false" />
                <line number="95" hits="1" branch="false" />
              </lines>
            </method>
            <method name="GetPatientByIdFail" signature="()" line-rate="1" branch-rate="1" complexity="1">
              <lines>
                <line number="99" hits="1" branch="false" />
                <line number="100" hits="2" branch="false" />
                <line number="102" hits="1" branch="false" />
                <line number="103" hits="1" branch="false" />
              </lines>
            </method>
            <method name="ChangePatientName" signature="()" line-rate="1" branch-rate="1" complexity="1">
              <lines>
                <line number="107" hits="1" branch="false" />
                <line number="108" hits="1" branch="false" />
                <line number="109" hits="1" branch="false" />
                <line number="111" hits="1" branch="false" />
                <line number="113" hits="1" branch="false" />
                <line number="115" hits="1" branch="false" />
              </lines>
            </method>
            <method name="ChangePatientNameFail" signature="()" line-rate="1" branch-rate="1" complexity="1">
              <lines>
                <line number="119" hits="1" branch="false" />
                <line number="120" hits="1" branch="false" />
                <line number="121" hits="1" branch="false" />
                <line number="123" hits="2" branch="false" />
                <line number="124" hits="1" branch="false" />
                <line number="127" hits="1" branch="false" />
              </lines>
            </method>
          </methods>
          <lines>
            <line number="14" hits="10" branch="false" />
            <line number="15" hits="10" branch="false" />
            <line number="16" hits="10" branch="false" />
            <line number="18" hits="10" branch="false" />
            <line number="22" hits="1" branch="false" />
            <line number="23" hits="1" branch="false" />
            <line number="24" hits="1" branch="false" />
            <line number="26" hits="1" branch="false" />
            <line number="27" hits="1" branch="false" />
            <line number="31" hits="1" branch="false" />
            <line number="32" hits="1" branch="false" />
            <line number="33" hits="1" branch="false" />
            <line number="34" hits="1" branch="false" />
            <line number="37" hits="2" branch="false" />
            <line number="39" hits="1" branch="false" />
            <line number="40" hits="1" branch="false" />
            <line number="44" hits="1" branch="false" />
            <line number="46" hits="2" branch="false" />
            <line number="47" hits="1" branch="false" />
            <line number="49" hits="1" branch="false" />
            <line number="53" hits="1" branch="false" />
            <line number="54" hits="1" branch="false" />
            <line number="55" hits="1" branch="false" />
            <line number="57" hits="1" branch="false" />
            <line number="58" hits="1" branch="false" />
            <line number="60" hits="1" branch="false" />
            <line number="64" hits="1" branch="false" />
            <line number="65" hits="1" branch="false" />
            <line number="66" hits="1" branch="false" />
            <line number="68" hits="1" branch="false" />
            <line number="69" hits="1" branch="false" />
            <line number="71" hits="1" branch="false" />
            <line number="75" hits="1" branch="false" />
            <line number="76" hits="1" branch="false" />
            <line number="77" hits="1" branch="false" />
            <line number="79" hits="2" branch="false" />
            <line number="81" hits="1" branch="false" />
            <line number="83" hits="1" branch="false" />
            <line number="87" hits="1" branch="false" />
            <line number="88" hits="1" branch="false" />
            <line number="89" hits="1" branch="false" />
            <line number="91" hits="1" branch="false" />
            <line number="92" hits="1" branch="false" />
            <line number="95" hits="1" branch="false" />
            <line number="99" hits="1" branch="false" />
            <line number="100" hits="2" branch="false" />
            <line number="102" hits="1" branch="false" />
            <line number="103" hits="1" branch="false" />
            <line number="107" hits="1" branch="false" />
            <line number="108" hits="1" branch="false" />
            <line number="109" hits="1" branch="false" />
            <line number="111" hits="1" branch="false" />
            <line number="113" hits="1" branch="false" />
            <line number="115" hits="1" branch="false" />
            <line number="119" hits="1" branch="false" />
            <line number="120" hits="1" branch="false" />
            <line number="121" hits="1" branch="false" />
            <line number="123" hits="2" branch="false" />
            <line number="124" hits="1" branch="false" />
            <line number="127" hits="1" branch="false" />
          </lines>
        </class>
        <class name="ClinicAppointmentBLTest.Tests" filename="C:\MyPersonalFiles\GensparkTraining\GitHub\Day10\ClinicAppointmentSolution\ClinicAppointmentBLTest\DoctorBLTest.cs" line-rate="1" branch-rate="1" complexity="11">
          <methods>
            <method name="Setup" signature="()" line-rate="1" branch-rate="1" complexity="1">
              <lines>
                <line number="14" hits="10" branch="false" />
                <line number="15" hits="10" branch="false" />
                <line number="16" hits="10" branch="false" />
                <line number="18" hits="10" branch="false" />
              </lines>
            </method>
            <method name="AddDoctor" signature="()" line-rate="1" branch-rate="1" complexity="1">
              <lines>
                <line number="22" hits="1" branch="false" />
                <line number="23" hits="1" branch="false" />
                <line number="24" hits="1" branch="false" />
                <line number="26" hits="1" branch="false" />
                <line number="27" hits="1" branch="false" />
              </lines>
            </method>
            <method name="AddDoctorFailTest" signature="()" line-rate="1" branch-rate="1" complexity="1">
              <lines>
                <line number="31" hits="1" branch="false" />
                <line number="32" hits="1" branch="false" />
                <line number="33" hits="1" branch="false" />
                <line number="34" hits="1" branch="false" />
                <line number="37" hits="2" branch="false" />
                <line number="39" hits="1" branch="false" />
                <line number="40" hits="1" branch="false" />
              </lines>
            </method>
            <method name="GetAllDoctorsFail" signature="()" line-rate="1" branch-rate="1" complexity="1">
              <lines>
                <line number="44" hits="1" branch="false" />
                <line number="46" hits="2" branch="false" />
                <line number="47" hits="1" branch="false" />
                <line number="49" hits="1" branch="false" />
              </lines>
            </method>
            <method name="GetAllDoctors" signature="()" line-rate="1" branch-rate="1" complexity="1">
              <lines>
                <line number="53" hits="1" branch="false" />
                <line number="54" hits="1" branch="false" />
                <line number="55" hits="1" branch="false" />
                <line number="57" hits="1" branch="false" />
                <line number="58" hits="1" branch="false" />
                <line number="60" hits="1" branch="false" />
              </lines>
            </method>
            <method name="GetDoctorByName" signature="()" line-rate="1" branch-rate="1" complexity="1">
              <lines>
                <line number="64" hits="1" branch="false" />
                <line number="65" hits="1" branch="false" />
                <line number="66" hits="1" branch="false" />
                <line number="68" hits="1" branch="false" />
                <line number="69" hits="1" branch="false" />
                <line number="71" hits="1" branch="false" />
              </lines>
            </method>
            <method name="GetDoctorByNameFail" signature="()" line-rate="1" branch-rate="1" complexity="1">
              <lines>
                <line number="75" hits="1" branch="false" />
                <line number="76" hits="1" branch="false" />
                <line number="77" hits="1" branch="false" />
                <line number="79" hits="2" branch="false" />
                <line number="81" hits="1" branch="false" />
                <line number="83" hits="1" branch="false" />
              </lines>
            </method>
            <method name="GetDoctorById" signature="()" line-rate="1" branch-rate="1" complexity="1">
              <lines>
                <line number="87" hits="1" branch="false" />
                <line number="88" hits="1" branch="false" />
                <line number="89" hits="1" branch="false" />
                <line number="91" hits="1" branch="false" />
                <line number="92" hits="1" branch="false" />
                <line number="95" hits="1" branch="false" />
              </lines>
            </method>
            <method name="GetDoctorByIdFail" signature="()" line-rate="1" branch-rate="1" complexity="1">
              <lines>
                <line number="98" hits="1" branch="false" />
                <line number="99" hits="2" branch="false" />
                <line number="101" hits="1" branch="false" />
                <line number="102" hits="1" branch="false" />
              </lines>
            </method>
            <method name="ChangeDoctorName" signature="()" line-rate="1" branch-rate="1" complexity="1">
              <lines>
                <line number="106" hits="1" branch="false" />
                <line number="107" hits="1" branch="false" />
                <line number="108" hits="1" branch="false" />
                <line number="110" hits="1" branch="false" />
                <line number="112" hits="1" branch="false" />
                <line number="114" hits="1" branch="false" />
              </lines>
            </method>
            <method name="ChangeDoctorNameFail" signature="()" line-rate="1" branch-rate="1" complexity="1">
              <lines>
                <line number="118" hits="1" branch="false" />
                <line number="119" hits="1" branch="false" />
                <line number="120" hits="1" branch="false" />
                <line number="122" hits="2" branch="false" />
                <line number="123" hits="1" branch="false" />
                <line number="126" hits="1" branch="false" />
              </lines>
            </method>
          </methods>
          <lines>
            <line number="14" hits="10" branch="false" />
            <line number="15" hits="10" branch="false" />
            <line number="16" hits="10" branch="false" />
            <line number="18" hits="10" branch="false" />
            <line number="22" hits="1" branch="false" />
            <line number="23" hits="1" branch="false" />
            <line number="24" hits="1" branch="false" />
            <line number="26" hits="1" branch="false" />
            <line number="27" hits="1" branch="false" />
            <line number="31" hits="1" branch="false" />
            <line number="32" hits="1" branch="false" />
            <line number="33" hits="1" branch="false" />
            <line number="34" hits="1" branch="false" />
            <line number="37" hits="2" branch="false" />
            <line number="39" hits="1" branch="false" />
            <line number="40" hits="1" branch="false" />
            <line number="44" hits="1" branch="false" />
            <line number="46" hits="2" branch="false" />
            <line number="47" hits="1" branch="false" />
            <line number="49" hits="1" branch="false" />
            <line number="53" hits="1" branch="false" />
            <line number="54" hits="1" branch="false" />
            <line number="55" hits="1" branch="false" />
            <line number="57" hits="1" branch="false" />
            <line number="58" hits="1" branch="false" />
            <line number="60" hits="1" branch="false" />
            <line number="64" hits="1" branch="false" />
            <line number="65" hits="1" branch="false" />
            <line number="66" hits="1" branch="false" />
            <line number="68" hits="1" branch="false" />
            <line number="69" hits="1" branch="false" />
            <line number="71" hits="1" branch="false" />
            <line number="75" hits="1" branch="false" />
            <line number="76" hits="1" branch="false" />
            <line number="77" hits="1" branch="false" />
            <line number="79" hits="2" branch="false" />
            <line number="81" hits="1" branch="false" />
            <line number="83" hits="1" branch="false" />
            <line number="87" hits="1" branch="false" />
            <line number="88" hits="1" branch="false" />
            <line number="89" hits="1" branch="false" />
            <line number="91" hits="1" branch="false" />
            <line number="92" hits="1" branch="false" />
            <line number="95" hits="1" branch="false" />
            <line number="98" hits="1" branch="false" />
            <line number="99" hits="2" branch="false" />
            <line number="101" hits="1" branch="false" />
            <line number="102" hits="1" branch="false" />
            <line number="106" hits="1" branch="false" />
            <line number="107" hits="1" branch="false" />
            <line number="108" hits="1" branch="false" />
            <line number="110" hits="1" branch="false" />
            <line number="112" hits="1" branch="false" />
            <line number="114" hits="1" branch="false" />
            <line number="118" hits="1" branch="false" />
            <line number="119" hits="1" branch="false" />
            <line number="120" hits="1" branch="false" />
            <line number="122" hits="2" branch="false" />
            <line number="123" hits="1" branch="false" />
            <line number="126" hits="1" branch="false" />
          </lines>
        </class>
      </classes>
    </package>
    <package name="ClinicAppointmentDALLibrary" line-rate="0.703703703703704" branch-rate="0.638888888888889" complexity="39">
      <classes>
        <class name="ClinicAppointmentDALLibrary.AppointmentRepository" filename="C:\MyPersonalFiles\GensparkTraining\GitHub\Day10\ClinicAppointmentSolution\ClinicAppointmentDALLibrary\AppointmentRepository.cs" line-rate="0.577777777777778" branch-rate="0.5" complexity="13">
          <methods>
            <method name="GenerateId" signature="()" line-rate="0.666666666666667" branch-rate="0.5" complexity="2">
              <lines>
                <line number="20" hits="6" branch="false" />
                <line number="21" hits="6" branch="true" condition-coverage="50% (1/2)" />
                <line number="22" hits="6" branch="false" />
                <line number="23" hits="0" branch="false" />
                <line number="24" hits="0" branch="false" />
                <line number="25" hits="6" branch="false" />
              </lines>
            </method>
            <method name="Add" signature="(...)" line-rate="0.75" branch-rate="0.5" complexity="2">
              <lines>
                <line number="28" hits="3" branch="false" />
                <line number="29" hits="3" branch="true" condition-coverage="50% (1/2)" />
                <line number="30" hits="0" branch="false" />
                <line number="31" hits="0" branch="false" />
                <line number="33" hits="3" branch="false" />
                <line number="34" hits="3" branch="false" />
                <line number="35" hits="3" branch="false" />
                <line number="36" hits="3" branch="false" />
              </lines>
            </method>
            <method name="Delete" signature="(...)" line-rate="0" branch-rate="0" complexity="2">
              <lines>
                <line number="39" hits="0" branch="false" />
                <line number="40" hits="0" branch="true" condition-coverage="0% (0/2)" />
                <line number="41" hits="0" branch="false" />
                <line number="42" hits="0" branch="false" />
                <line number="43" hits="0" branch="false" />
                <line number="44" hits="0" branch="false" />
                <line number="46" hits="0" branch="false" />
                <line number="47" hits="0" branch="false" />
              </lines>
            </method>
            <method name="Get" signature="(...)" line-rate="1" branch-rate="1" complexity="2">
              <lines>
                <line number="50" hits="2" branch="false" />
                <line number="51" hits="2" branch="true" condition-coverage="100% (2/2)" />
                <line number="52" hits="1" branch="false" />
                <line number="53" hits="1" branch="false" />
                <line number="55" hits="1" branch="false" />
                <line number="56" hits="2" branch="false" />
              </lines>
            </method>
            <method name="GetAll" signature="()" line-rate="1" branch-rate="1" complexity="2">
              <lines>
                <line number="59" hits="2" branch="false" />
                <line number="60" hits="2" branch="true" condition-coverage="100% (2/2)" />
                <line number="61" hits="1" branch="false" />
                <line number="62" hits="1" branch="false" />
                <line number="64" hits="1" branch="false" />
                <line number="65" hits="2" branch="false" />
              </lines>
            </method>
            <method name="Update" signature="(...)" line-rate="0" branch-rate="0" complexity="2">
              <lines>
                <line number="68" hits="0" branch="false" />
                <line number="69" hits="0" branch="true" condition-coverage="0% (0/2)" />
                <line number="70" hits="0" branch="false" />
                <line number="71" hits="0" branch="false" />
                <line number="74" hits="0" branch="false" />
                <line number="75" hits="0" branch="false" />
                <line number="76" hits="0" branch="false" />
              </lines>
            </method>
            <method name=".ctor" signature="()" line-rate="1" branch-rate="1" complexity="1">
              <lines>
                <line number="14" hits="5" branch="false" />
                <line number="15" hits="5" branch="false" />
                <line number="16" hits="5" branch="false" />
                <line number="17" hits="5" branch="false" />
              </lines>
            </method>
          </methods>
          <lines>
            <line number="14" hits="5" branch="false" />
            <line number="15" hits="5" branch="false" />
            <line number="16" hits="5" branch="false" />
            <line number="17" hits="5" branch="false" />
            <line number="20" hits="6" branch="false" />
            <line number="21" hits="6" branch="true" condition-coverage="50% (1/2)" />
            <line number="22" hits="6" branch="false" />
            <line number="23" hits="0" branch="false" />
            <line number="24" hits="0" branch="false" />
            <line number="25" hits="6" branch="false" />
            <line number="28" hits="3" branch="false" />
            <line number="29" hits="3" branch="true" condition-coverage="50% (1/2)" />
            <line number="30" hits="0" branch="false" />
            <line number="31" hits="0" branch="false" />
            <line number="33" hits="3" branch="false" />
            <line number="34" hits="3" branch="false" />
            <line number="35" hits="3" branch="false" />
            <line number="36" hits="3" branch="false" />
            <line number="39" hits="0" branch="false" />
            <line number="40" hits="0" branch="true" condition-coverage="0% (0/2)" />
            <line number="41" hits="0" branch="false" />
            <line number="42" hits="0" branch="false" />
            <line number="43" hits="0" branch="false" />
            <line number="44" hits="0" branch="false" />
            <line number="46" hits="0" branch="false" />
            <line number="47" hits="0" branch="false" />
            <line number="50" hits="2" branch="false" />
            <line number="51" hits="2" branch="true" condition-coverage="100% (2/2)" />
            <line number="52" hits="1" branch="false" />
            <line number="53" hits="1" branch="false" />
            <line number="55" hits="1" branch="false" />
            <line number="56" hits="2" branch="false" />
            <line number="59" hits="2" branch="false" />
            <line number="60" hits="2" branch="true" condition-coverage="100% (2/2)" />
            <line number="61" hits="1" branch="false" />
            <line number="62" hits="1" branch="false" />
            <line number="64" hits="1" branch="false" />
            <line number="65" hits="2" branch="false" />
            <line number="68" hits="0" branch="false" />
            <line number="69" hits="0" branch="true" condition-coverage="0% (0/2)" />
            <line number="70" hits="0" branch="false" />
            <line number="71" hits="0" branch="false" />
            <line number="74" hits="0" branch="false" />
            <line number="75" hits="0" branch="false" />
            <line number="76" hits="0" branch="false" />
          </lines>
        </class>
        <class name="ClinicAppointmentDALLibrary.DoctorRepository" filename="C:\MyPersonalFiles\GensparkTraining\GitHub\Day10\ClinicAppointmentSolution\ClinicAppointmentDALLibrary\DoctorRepository.cs" line-rate="0.8" branch-rate="0.75" complexity="13">
          <methods>
            <method name="GenerateId" signature="()" line-rate="1" branch-rate="1" complexity="2">
              <lines>
                <line number="16" hits="17" branch="false" />
                <line number="17" hits="17" branch="true" condition-coverage="100% (2/2)" />
                <line number="18" hits="16" branch="false" />
                <line number="19" hits="1" branch="false" />
                <line number="20" hits="1" branch="false" />
                <line number="21" hits="17" branch="false" />
              </lines>
            </method>
            <method name="Add" signature="(...)" line-rate="1" branch-rate="1" complexity="2">
              <lines>
                <line number="24" hits="9" branch="false" />
                <line number="25" hits="9" branch="false" />
                <line number="26" hits="9" branch="true" condition-coverage="100% (2/2)" />
                <line number="27" hits="1" branch="false" />
                <line number="28" hits="1" branch="false" />
                <line number="31" hits="8" branch="false" />
                <line number="32" hits="8" branch="false" />
                <line number="33" hits="9" branch="false" />
              </lines>
            </method>
            <method name="Delete" signature="(...)" line-rate="0" branch-rate="0" complexity="2">
              <lines>
                <line number="36" hits="0" branch="false" />
                <line number="37" hits="0" branch="true" condition-coverage="0% (0/2)" />
                <line number="38" hits="0" branch="false" />
                <line number="39" hits="0" branch="false" />
                <line number="40" hits="0" branch="false" />
                <line number="41" hits="0" branch="false" />
                <line number="43" hits="0" branch="false" />
                <line number="44" hits="0" branch="false" />
              </lines>
            </method>
            <method name="Get" signature="(...)" line-rate="1" branch-rate="1" complexity="2">
              <lines>
                <line number="47" hits="2" branch="false" />
                <line number="48" hits="2" branch="true" condition-coverage="100% (2/2)" />
                <line number="49" hits="1" branch="false" />
                <line number="50" hits="1" branch="false" />
                <line number="52" hits="1" branch="false" />
                <line number="53" hits="2" branch="false" />
              </lines>
            </method>
            <method name="GetAll" signature="()" line-rate="1" branch-rate="1" complexity="2">
              <lines>
                <line number="56" hits="6" branch="false" />
                <line number="57" hits="6" branch="true" condition-coverage="100% (2/2)" />
                <line number="58" hits="1" branch="false" />
                <line number="59" hits="1" branch="false" />
                <line number="61" hits="5" branch="false" />
                <line number="62" hits="6" branch="false" />
              </lines>
            </method>
            <method name="Update" signature="(...)" line-rate="0.857142857142857" branch-rate="0.5" complexity="2">
              <lines>
                <line number="65" hits="1" branch="false" />
                <line number="66" hits="1" branch="true" condition-coverage="50% (1/2)" />
                <line number="67" hits="1" branch="false" />
                <line number="68" hits="1" branch="false" />
                <line number="69" hits="1" branch="false" />
                <line number="73" hits="0" branch="false" />
                <line number="74" hits="1" branch="false" />
              </lines>
            </method>
            <method name=".ctor" signature="()" line-rate="1" branch-rate="1" complexity="1">
              <lines>
                <line number="10" hits="10" branch="false" />
                <line number="11" hits="10" branch="false" />
                <line number="12" hits="10" branch="false" />
                <line number="13" hits="10" branch="false" />
              </lines>
            </method>
          </methods>
          <lines>
            <line number="10" hits="10" branch="false" />
            <line number="11" hits="10" branch="false" />
            <line number="12" hits="10" branch="false" />
            <line number="13" hits="10" branch="false" />
            <line number="16" hits="17" branch="false" />
            <line number="17" hits="17" branch="true" condition-coverage="100% (2/2)" />
            <line number="18" hits="16" branch="false" />
            <line number="19" hits="1" branch="false" />
            <line number="20" hits="1" branch="false" />
            <line number="21" hits="17" branch="false" />
            <line number="24" hits="9" branch="false" />
            <line number="25" hits="9" branch="false" />
            <line number="26" hits="9" branch="true" condition-coverage="100% (2/2)" />
            <line number="27" hits="1" branch="false" />
            <line number="28" hits="1" branch="false" />
            <line number="31" hits="8" branch="false" />
            <line number="32" hits="8" branch="false" />
            <line number="33" hits="9" branch="false" />
            <line number="36" hits="0" branch="false" />
            <line number="37" hits="0" branch="true" condition-coverage="0% (0/2)" />
            <line number="38" hits="0" branch="false" />
            <line number="39" hits="0" branch="false" />
            <line number="40" hits="0" branch="false" />
            <line number="41" hits="0" branch="false" />
            <line number="43" hits="0" branch="false" />
            <line number="44" hits="0" branch="false" />
            <line number="47" hits="2" branch="false" />
            <line number="48" hits="2" branch="true" condition-coverage="100% (2/2)" />
            <line number="49" hits="1" branch="false" />
            <line number="50" hits="1" branch="false" />
            <line number="52" hits="1" branch="false" />
            <line number="53" hits="2" branch="false" />
            <line number="56" hits="6" branch="false" />
            <line number="57" hits="6" branch="true" condition-coverage="100% (2/2)" />
            <line number="58" hits="1" branch="false" />
            <line number="59" hits="1" branch="false" />
            <line number="61" hits="5" branch="false" />
            <line number="62" hits="6" branch="false" />
            <line number="65" hits="1" branch="false" />
            <line number="66" hits="1" branch="true" condition-coverage="50% (1/2)" />
            <line number="67" hits="1" branch="false" />
            <line number="68" hits="1" branch="false" />
            <line number="69" hits="1" branch="false" />
            <line number="73" hits="0" branch="false" />
            <line number="74" hits="1" branch="false" />
          </lines>
        </class>
        <class name="ClinicAppointmentDALLibrary.PatientRepository" filename="C:\MyPersonalFiles\GensparkTraining\GitHub\Day10\ClinicAppointmentSolution\ClinicAppointmentDALLibrary\PatientRepository.cs" line-rate="0.733333333333333" branch-rate="0.666666666666667" complexity="13">
          <methods>
            <method name="GenerateId" signature="()" line-rate="0.666666666666667" branch-rate="0.5" complexity="2">
              <lines>
                <line number="20" hits="16" branch="false" />
                <line number="21" hits="16" branch="true" condition-coverage="50% (1/2)" />
                <line number="22" hits="16" branch="false" />
                <line number="23" hits="0" branch="false" />
                <line number="24" hits="0" branch="false" />
                <line number="25" hits="16" branch="false" />
              </lines>
            </method>
            <method name="Add" signature="(...)" line-rate="1" branch-rate="1" complexity="2">
              <lines>
                <line number="28" hits="9" branch="false" />
                <line number="29" hits="9" branch="true" condition-coverage="100% (2/2)" />
                <line number="30" hits="1" branch="false" />
                <line number="31" hits="1" branch="false" />
                <line number="33" hits="8" branch="false" />
                <line number="34" hits="8" branch="false" />
                <line number="35" hits="8" branch="false" />
                <line number="36" hits="9" branch="false" />
              </lines>
            </method>
            <method name="Delete" signature="(...)" line-rate="0" branch-rate="0" complexity="2">
              <lines>
                <line number="39" hits="0" branch="false" />
                <line number="40" hits="0" branch="true" condition-coverage="0% (0/2)" />
                <line number="41" hits="0" branch="false" />
                <line number="42" hits="0" branch="false" />
                <line number="43" hits="0" branch="false" />
                <line number="44" hits="0" branch="false" />
                <line number="46" hits="0" branch="false" />
                <line number="47" hits="0" branch="false" />
              </lines>
            </method>
            <method name="Get" signature="(...)" line-rate="1" branch-rate="1" complexity="2">
              <lines>
                <line number="50" hits="2" branch="false" />
                <line number="51" hits="2" branch="true" condition-coverage="100% (2/2)" />
                <line number="52" hits="1" branch="false" />
                <line number="53" hits="1" branch="false" />
                <line number="55" hits="1" branch="false" />
                <line number="56" hits="2" branch="false" />
              </lines>
            </method>
            <method name="GetAll" signature="()" line-rate="1" branch-rate="1" complexity="2">
              <lines>
                <line number="59" hits="6" branch="false" />
                <line number="60" hits="6" branch="true" condition-coverage="100% (2/2)" />
                <line number="61" hits="1" branch="false" />
                <line number="62" hits="1" branch="false" />
                <line number="64" hits="5" branch="false" />
                <line number="65" hits="6" branch="false" />
              </lines>
            </method>
            <method name="Update" signature="(...)" line-rate="0.714285714285714" branch-rate="0.5" complexity="2">
              <lines>
                <line number="68" hits="1" branch="false" />
                <line number="69" hits="1" branch="true" condition-coverage="50% (1/2)" />
                <line number="70" hits="0" branch="false" />
                <line number="71" hits="0" branch="false" />
                <line number="74" hits="1" branch="false" />
                <line number="75" hits="1" branch="false" />
                <line number="76" hits="1" branch="false" />
              </lines>
            </method>
            <method name=".ctor" signature="()" line-rate="1" branch-rate="1" complexity="1">
              <lines>
                <line number="14" hits="10" branch="false" />
                <line number="15" hits="10" branch="false" />
                <line number="16" hits="10" branch="false" />
                <line number="17" hits="10" branch="false" />
              </lines>
            </method>
          </methods>
          <lines>
            <line number="14" hits="10" branch="false" />
            <line number="15" hits="10" branch="false" />
            <line number="16" hits="10" branch="false" />
            <line number="17" hits="10" branch="false" />
            <line number="20" hits="16" branch="false" />
            <line number="21" hits="16" branch="true" condition-coverage="50% (1/2)" />
            <line number="22" hits="16" branch="false" />
            <line number="23" hits="0" branch="false" />
            <line number="24" hits="0" branch="false" />
            <line number="25" hits="16" branch="false" />
            <line number="28" hits="9" branch="false" />
            <line number="29" hits="9" branch="true" condition-coverage="100% (2/2)" />
            <line number="30" hits="1" branch="false" />
            <line number="31" hits="1" branch="false" />
            <line number="33" hits="8" branch="false" />
            <line number="34" hits="8" branch="false" />
            <line number="35" hits="8" branch="false" />
            <line number="36" hits="9" branch="false" />
            <line number="39" hits="0" branch="false" />
            <line number="40" hits="0" branch="true" condition-coverage="0% (0/2)" />
            <line number="41" hits="0" branch="false" />
            <line number="42" hits="0" branch="false" />
            <line number="43" hits="0" branch="false" />
            <line number="44" hits="0" branch="false" />
            <line number="46" hits="0" branch="false" />
            <line number="47" hits="0" branch="false" />
            <line number="50" hits="2" branch="false" />
            <line number="51" hits="2" branch="true" condition-coverage="100% (2/2)" />
            <line number="52" hits="1" branch="false" />
            <line number="53" hits="1" branch="false" />
            <line number="55" hits="1" branch="false" />
            <line number="56" hits="2" branch="false" />
            <line number="59" hits="6" branch="false" />
            <line number="60" hits="6" branch="true" condition-coverage="100% (2/2)" />
            <line number="61" hits="1" branch="false" />
            <line number="62" hits="1" branch="false" />
            <line number="64" hits="5" branch="false" />
            <line number="65" hits="6" branch="false" />
            <line number="68" hits="1" branch="false" />
            <line number="69" hits="1" branch="true" condition-coverage="50% (1/2)" />
            <line number="70" hits="0" branch="false" />
            <line number="71" hits="0" branch="false" />
            <line number="74" hits="1" branch="false" />
            <line number="75" hits="1" branch="false" />
            <line number="76" hits="1" branch="false" />
          </lines>
        </class>
      </classes>
    </package>
    <package name="ClinicAppointmentModelLibrary" line-rate="0.384615384615385" branch-rate="0" complexity="33">
      <classes>
        <class name="ClinicAppointmentModelLibrary.Appointment" filename="C:\MyPersonalFiles\GensparkTraining\GitHub\Day10\ClinicAppointmentSolution\ClinicAppointmentModelLibrary\Appointment.cs" line-rate="0.65" branch-rate="1" complexity="9">
          <methods>
            <method name="get_Doctor" signature="()" line-rate="0" branch-rate="1" complexity="1">
              <lines>
                <line number="11" hits="0" branch="false" />
              </lines>
            </method>
            <method name="get_Patient" signature="()" line-rate="0" branch-rate="1" complexity="1">
              <lines>
                <line number="12" hits="0" branch="false" />
              </lines>
            </method>
            <method name="get_Id" signature="()" line-rate="1" branch-rate="1" complexity="1">
              <lines>
                <line number="13" hits="9" branch="false" />
              </lines>
            </method>
            <method name="get_Title" signature="()" line-rate="1" branch-rate="1" complexity="1">
              <lines>
                <line number="15" hits="3" branch="false" />
              </lines>
            </method>
            <method name="get_Description" signature="()" line-rate="1" branch-rate="1" complexity="1">
              <lines>
                <line number="17" hits="6" branch="false" />
              </lines>
            </method>
            <method name="get_Date" signature="()" line-rate="1" branch-rate="1" complexity="1">
              <lines>
                <line number="19" hits="3" branch="false" />
              </lines>
            </method>
            <method name="get_Status" signature="()" line-rate="1" branch-rate="1" complexity="1">
              <lines>
                <line number="21" hits="3" branch="false" />
              </lines>
            </method>
            <method name="Equals" signature="(...)" line-rate="0" branch-rate="1" complexity="1">
              <lines>
                <line number="33" hits="0" branch="false" />
                <line number="35" hits="0" branch="false" />
                <line number="37" hits="0" branch="false" />
                <line number="38" hits="0" branch="false" />
                <line number="39" hits="0" branch="false" />
              </lines>
            </method>
            <method name=".ctor" signature="()" line-rate="1" branch-rate="1" complexity="1">
              <lines>
                <line number="23" hits="3" branch="false" />
                <line number="24" hits="3" branch="false" />
                <line number="25" hits="3" branch="false" />
                <line number="26" hits="3" branch="false" />
                <line number="27" hits="3" branch="false" />
                <line number="28" hits="3" branch="false" />
                <line number="29" hits="3" branch="false" />
                <line number="30" hits="3" branch="false" />
              </lines>
            </method>
          </methods>
          <lines>
            <line number="11" hits="0" branch="false" />
            <line number="12" hits="0" branch="false" />
            <line number="13" hits="9" branch="false" />
            <line number="15" hits="3" branch="false" />
            <line number="17" hits="6" branch="false" />
            <line number="19" hits="3" branch="false" />
            <line number="21" hits="3" branch="false" />
            <line number="23" hits="3" branch="false" />
            <line number="24" hits="3" branch="false" />
            <line number="25" hits="3" branch="false" />
            <line number="26" hits="3" branch="false" />
            <line number="27" hits="3" branch="false" />
            <line number="28" hits="3" branch="false" />
            <line number="29" hits="3" branch="false" />
            <line number="30" hits="3" branch="false" />
            <line number="33" hits="0" branch="false" />
            <line number="35" hits="0" branch="false" />
            <line number="37" hits="0" branch="false" />
            <line number="38" hits="0" branch="false" />
            <line number="39" hits="0" branch="false" />
          </lines>
        </class>
        <class name="ClinicAppointmentModelLibrary.Doctor" filename="C:\MyPersonalFiles\GensparkTraining\GitHub\Day10\ClinicAppointmentSolution\ClinicAppointmentModelLibrary\Doctor.cs" line-rate="0.148148148148148" branch-rate="1" complexity="7">
          <methods>
            <method name="get_Qualification" signature="()" line-rate="0" branch-rate="1" complexity="1">
              <lines>
                <line number="9" hits="0" branch="false" />
              </lines>
            </method>
            <method name="get_Specialization" signature="()" line-rate="0" branch-rate="1" complexity="1">
              <lines>
                <line number="10" hits="0" branch="false" />
              </lines>
            </method>
            <method name="BuildUserFromConsole" signature="()" line-rate="0" branch-rate="1" complexity="1">
              <lines>
                <line number="30" hits="0" branch="false" />
                <line number="31" hits="0" branch="false" />
                <line number="32" hits="0" branch="false" />
                <line number="33" hits="0" branch="false" />
                <line number="34" hits="0" branch="false" />
                <line number="35" hits="0" branch="false" />
                <line number="37" hits="0" branch="false" />
              </lines>
            </method>
            <method name="PrintDetails" signature="()" line-rate="0" branch-rate="1" complexity="1">
              <lines>
                <line number="42" hits="0" branch="false" />
                <line number="43" hits="0" branch="false" />
                <line number="44" hits="0" branch="false" />
                <line number="45" hits="0" branch="false" />
                <line number="46" hits="0" branch="false" />
              </lines>
            </method>
            <method name=".ctor" signature="()" line-rate="1" branch-rate="1" complexity="1">
              <lines>
                <line number="12" hits="9" branch="false" />
                <line number="13" hits="9" branch="false" />
                <line number="14" hits="9" branch="false" />
                <line number="15" hits="9" branch="false" />
              </lines>
            </method>
            <method name=".ctor" signature="(...)" line-rate="0" branch-rate="1" complexity="1">
              <lines>
                <line number="16" hits="0" branch="false" />
                <line number="17" hits="0" branch="false" />
                <line number="18" hits="0" branch="false" />
                <line number="19" hits="0" branch="false" />
              </lines>
            </method>
            <method name=".ctor" signature="(...)" line-rate="0" branch-rate="1" complexity="1">
              <lines>
                <line number="21" hits="0" branch="false" />
                <line number="22" hits="0" branch="false" />
                <line number="24" hits="0" branch="false" />
                <line number="25" hits="0" branch="false" />
                <line number="26" hits="0" branch="false" />
              </lines>
            </method>
          </methods>
          <lines>
            <line number="9" hits="0" branch="false" />
            <line number="10" hits="0" branch="false" />
            <line number="12" hits="9" branch="false" />
            <line number="13" hits="9" branch="false" />
            <line number="14" hits="9" branch="false" />
            <line number="15" hits="9" branch="false" />
            <line number="16" hits="0" branch="false" />
            <line number="17" hits="0" branch="false" />
            <line number="18" hits="0" branch="false" />
            <line number="19" hits="0" branch="false" />
            <line number="21" hits="0" branch="false" />
            <line number="22" hits="0" branch="false" />
            <line number="24" hits="0" branch="false" />
            <line number="25" hits="0" branch="false" />
            <line number="26" hits="0" branch="false" />
            <line number="30" hits="0" branch="false" />
            <line number="31" hits="0" branch="false" />
            <line number="32" hits="0" branch="false" />
            <line number="33" hits="0" branch="false" />
            <line number="34" hits="0" branch="false" />
            <line number="35" hits="0" branch="false" />
            <line number="37" hits="0" branch="false" />
            <line number="42" hits="0" branch="false" />
            <line number="43" hits="0" branch="false" />
            <line number="44" hits="0" branch="false" />
            <line number="45" hits="0" branch="false" />
            <line number="46" hits="0" branch="false" />
          </lines>
        </class>
        <class name="ClinicAppointmentModelLibrary.Patient" filename="C:\MyPersonalFiles\GensparkTraining\GitHub\Day10\ClinicAppointmentSolution\ClinicAppointmentModelLibrary\Patient.cs" line-rate="0.176470588235294" branch-rate="1" complexity="5">
          <methods>
            <method name="get_Disease" signature="()" line-rate="0" branch-rate="1" complexity="1">
              <lines>
                <line number="12" hits="0" branch="false" />
              </lines>
            </method>
            <method name="BuildUserFromConsole" signature="()" line-rate="0" branch-rate="1" complexity="1">
              <lines>
                <line number="29" hits="0" branch="false" />
                <line number="30" hits="0" branch="false" />
                <line number="31" hits="0" branch="false" />
                <line number="32" hits="0" branch="false" />
                <line number="33" hits="0" branch="false" />
              </lines>
            </method>
            <method name=".ctor" signature="()" line-rate="1" branch-rate="1" complexity="1">
              <lines>
                <line number="13" hits="18" branch="false" />
                <line number="14" hits="9" branch="false" />
                <line number="15" hits="9" branch="false" />
              </lines>
            </method>
            <method name=".ctor" signature="(...)" line-rate="0" branch-rate="1" complexity="1">
              <lines>
                <line number="17" hits="0" branch="false" />
                <line number="18" hits="0" branch="false" />
                <line number="19" hits="0" branch="false" />
                <line number="20" hits="0" branch="false" />
              </lines>
            </method>
            <method name=".ctor" signature="(...)" line-rate="0" branch-rate="1" complexity="1">
              <lines>
                <line number="22" hits="0" branch="false" />
                <line number="23" hits="0" branch="false" />
                <line number="24" hits="0" branch="false" />
                <line number="25" hits="0" branch="false" />
              </lines>
            </method>
          </methods>
          <lines>
            <line number="12" hits="0" branch="false" />
            <line number="13" hits="18" branch="false" />
            <line number="14" hits="9" branch="false" />
            <line number="15" hits="9" branch="false" />
            <line number="17" hits="0" branch="false" />
            <line number="18" hits="0" branch="false" />
            <line number="19" hits="0" branch="false" />
            <line number="20" hits="0" branch="false" />
            <line number="22" hits="0" branch="false" />
            <line number="23" hits="0" branch="false" />
            <line number="24" hits="0" branch="false" />
            <line number="25" hits="0" branch="false" />
            <line number="29" hits="0" branch="false" />
            <line number="30" hits="0" branch="false" />
            <line number="31" hits="0" branch="false" />
            <line number="32" hits="0" branch="false" />
            <line number="33" hits="0" branch="false" />
          </lines>
        </class>
        <class name="ClinicAppointmentModelLibrary.User" filename="C:\MyPersonalFiles\GensparkTraining\GitHub\Day10\ClinicAppointmentSolution\ClinicAppointmentModelLibrary\User.cs" line-rate="0.5" branch-rate="0" complexity="12">
          <methods>
            <method name="get_Id" signature="()" line-rate="1" branch-rate="1" complexity="1">
              <lines>
                <line number="13" hits="55" branch="false" />
              </lines>
            </method>
            <method name="get_Name" signature="()" line-rate="1" branch-rate="1" complexity="1">
              <lines>
                <line number="14" hits="50" branch="false" />
              </lines>
            </method>
            <method name="get_Type" signature="()" line-rate="1" branch-rate="1" complexity="1">
              <lines>
                <line number="17" hits="36" branch="false" />
              </lines>
            </method>
            <method name="get_Dob" signature="()" line-rate="0" branch-rate="1" complexity="1">
              <lines>
                <line number="21" hits="0" branch="false" />
              </lines>
            </method>
            <method name="set_Dob" signature="(...)" line-rate="1" branch-rate="1" complexity="1">
              <lines>
                <line number="24" hits="18" branch="false" />
                <line number="26" hits="18" branch="false" />
                <line number="27" hits="18" branch="false" />
                <line number="29" hits="18" branch="false" />
              </lines>
            </method>
            <method name="get_Age" signature="()" line-rate="0" branch-rate="1" complexity="1">
              <lines>
                <line number="51" hits="0" branch="false" />
              </lines>
            </method>
            <method name="BuildUserFromConsole" signature="()" line-rate="0" branch-rate="0" complexity="2">
              <lines>
                <line number="54" hits="0" branch="false" />
                <line number="55" hits="0" branch="false" />
                <line number="56" hits="0" branch="true" condition-coverage="0% (0/2)" />
                <line number="57" hits="0" branch="false" />
                <line number="58" hits="0" branch="false" />
                <line number="60" hits="0" branch="false" />
              </lines>
            </method>
            <method name="PrintDetails" signature="()" line-rate="0" branch-rate="1" complexity="1">
              <lines>
                <line number="63" hits="0" branch="false" />
                <line number="65" hits="0" branch="false" />
                <line number="66" hits="0" branch="false" />
                <line number="67" hits="0" branch="false" />
                <line number="69" hits="0" branch="false" />
              </lines>
            </method>
            <method name="Equals" signature="(...)" line-rate="1" branch-rate="1" complexity="1">
              <lines>
                <line number="72" hits="2" branch="false" />
                <line number="74" hits="2" branch="false" />
                <line number="76" hits="2" branch="false" />
                <line number="77" hits="2" branch="false" />
                <line number="78" hits="2" branch="false" />
              </lines>
            </method>
            <method name=".ctor" signature="()" line-rate="1" branch-rate="1" complexity="1">
              <lines>
                <line number="32" hits="18" branch="false" />
                <line number="33" hits="18" branch="false" />
                <line number="34" hits="18" branch="false" />
                <line number="35" hits="18" branch="false" />
                <line number="36" hits="18" branch="false" />
                <line number="38" hits="18" branch="false" />
                <line number="39" hits="18" branch="false" />
                <line number="40" hits="18" branch="false" />
              </lines>
            </method>
            <method name=".ctor" signature="(...)" line-rate="0" branch-rate="1" complexity="1">
              <lines>
                <line number="43" hits="0" branch="false" />
                <line number="44" hits="0" branch="false" />
                <line number="45" hits="0" branch="false" />
                <line number="46" hits="0" branch="false" />
                <line number="47" hits="0" branch="false" />
                <line number="48" hits="0" branch="false" />
                <line number="49" hits="0" branch="false" />
              </lines>
            </method>
          </methods>
          <lines>
            <line number="13" hits="55" branch="false" />
            <line number="14" hits="50" branch="false" />
            <line number="17" hits="36" branch="false" />
            <line number="21" hits="0" branch="false" />
            <line number="24" hits="18" branch="false" />
            <line number="26" hits="18" branch="false" />
            <line number="27" hits="18" branch="false" />
            <line number="29" hits="18" branch="false" />
            <line number="32" hits="18" branch="false" />
            <line number="33" hits="18" branch="false" />
            <line number="34" hits="18" branch="false" />
            <line number="35" hits="18" branch="false" />
            <line number="36" hits="18" branch="false" />
            <line number="38" hits="18" branch="false" />
            <line number="39" hits="18" branch="false" />
            <line number="40" hits="18" branch="false" />
            <line number="43" hits="0" branch="false" />
            <line number="44" hits="0" branch="false" />
            <line number="45" hits="0" branch="false" />
            <line number="46" hits="0" branch="false" />
            <line number="47" hits="0" branch="false" />
            <line number="48" hits="0" branch="false" />
            <line number="49" hits="0" branch="false" />
            <line number="51" hits="0" branch="false" />
            <line number="54" hits="0" branch="false" />
            <line number="55" hits="0" branch="false" />
            <line number="56" hits="0" branch="true" condition-coverage="0% (0/2)" />
            <line number="57" hits="0" branch="false" />
            <line number="58" hits="0" branch="false" />
            <line number="60" hits="0" branch="false" />
            <line number="63" hits="0" branch="false" />
            <line number="65" hits="0" branch="false" />
            <line number="66" hits="0" branch="false" />
            <line number="67" hits="0" branch="false" />
            <line number="69" hits="0" branch="false" />
            <line number="72" hits="2" branch="false" />
            <line number="74" hits="2" branch="false" />
            <line number="76" hits="2" branch="false" />
            <line number="77" hits="2" branch="false" />
            <line number="78" hits="2" branch="false" />
          </lines>
        </class>
      </classes>
    </package>
  </packages>
</coverage>