TpTrace Verbose: 0 : 29160, 1, 2024/04/23, 22:32:27.522, 4765808061115, vstest.console.dll, Version: 17.9.0-release-24072-02 Current process architecture: X64
TpTrace Verbose: 0 : 29160, 1, 2024/04/23, 22:32:27.527, 4765808105950, vstest.console.dll, Runtime location: C:\Program Files\dotnet\shared\Microsoft.NETCore.App\8.0.3
TpTrace Verbose: 0 : 29160, 1, 2024/04/23, 22:32:27.530, 4765808141357, vstest.console.dll, ArtifactProcessingPostProcessModeProcessorExecutor.Initialize: ArtifactProcessingMode.Collect
TpTrace Verbose: 0 : 29160, 1, 2024/04/23, 22:32:27.531, 4765808144585, vstest.console.dll, TestSessionCorrelationIdProcessorModeProcessorExecutor.Initialize: TestSessionCorrelationId '35648_e34c5780-6bd5-4a29-9dca-90100ef90cbc'
TpTrace Information: 0 : 29160, 1, 2024/04/23, 22:32:27.542, 4765808261762, vstest.console.dll, FilePatternParser: The given file C:\MyPersonalFiles\GensparkTraining\GitHub\Day10\ClinicAppointmentSolution\ClinicAppointmentBLTest\bin\Debug\net6.0\fine-code-coverage\build-output\ClinicAppointmentBLTest.dll is a full path.
TpTrace Verbose: 0 : 29160, 1, 2024/04/23, 22:32:27.551, 4765808343791, vstest.console.dll, TestPluginCache.DiscoverTestExtensions: finding test extensions in assemblies ends with: RuntimeProvider.dll TPluginInfo: Microsoft.VisualStudio.TestPlatform.Common.ExtensionFramework.Utilities.TestRuntimePluginInformation TExtension: Microsoft.VisualStudio.TestPlatform.ObjectModel.Host.ITestRuntimeProvider
TpTrace Verbose: 0 : 29160, 1, 2024/04/23, 22:32:27.551, 4765808351844, vstest.console.dll, TestPluginCache.GetExtensionPaths: Filtered extension paths: 
TpTrace Verbose: 0 : 29160, 1, 2024/04/23, 22:32:27.552, 4765808353523, vstest.console.dll, TestPluginCache.GetExtensionPaths: Added default extension paths: C:\Program Files\dotnet\sdk\8.0.202\Extensions\Microsoft.Diagnostics.NETCore.Client.dll
C:\Program Files\dotnet\sdk\8.0.202\Extensions\Microsoft.TestPlatform.Extensions.BlameDataCollector.dll
C:\Program Files\dotnet\sdk\8.0.202\Extensions\Microsoft.TestPlatform.Extensions.EventLogCollector.dll
C:\Program Files\dotnet\sdk\8.0.202\Extensions\Microsoft.TestPlatform.TestHostRuntimeProvider.dll
C:\Program Files\dotnet\sdk\8.0.202\Extensions\Microsoft.VisualStudio.TestPlatform.Extensions.Html.TestLogger.dll
C:\Program Files\dotnet\sdk\8.0.202\Extensions\Microsoft.VisualStudio.TestPlatform.Extensions.Trx.TestLogger.dll
TpTrace Verbose: 0 : 29160, 1, 2024/04/23, 22:32:27.552, 4765808354937, vstest.console.dll, TestPluginCache.GetExtensionPaths: Added unfilterableExtensionPaths: 
TpTrace Information: 0 : 29160, 1, 2024/04/23, 22:32:27.553, 4765808363633, vstest.console.dll, AssemblyResolver.ctor: Creating AssemblyResolver with searchDirectories C:\Program Files\dotnet\sdk\8.0.202\Extensions,C:\Program Files\dotnet\sdk\8.0.202
TpTrace Verbose: 0 : 29160, 1, 2024/04/23, 22:32:27.554, 4765808382747, vstest.console.dll, TestPluginCache.DiscoverTestExtensions: Discovering the extensions using extension path.
TpTrace Verbose: 0 : 29160, 1, 2024/04/23, 22:32:27.555, 4765808384547, vstest.console.dll, TestPluginCache.GetExtensionPaths: Filtered extension paths: 
TpTrace Verbose: 0 : 29160, 1, 2024/04/23, 22:32:27.555, 4765808384990, vstest.console.dll, TestPluginCache.GetExtensionPaths: Added default extension paths: C:\Program Files\dotnet\sdk\8.0.202\Extensions\Microsoft.Diagnostics.NETCore.Client.dll
C:\Program Files\dotnet\sdk\8.0.202\Extensions\Microsoft.TestPlatform.Extensions.BlameDataCollector.dll
C:\Program Files\dotnet\sdk\8.0.202\Extensions\Microsoft.TestPlatform.Extensions.EventLogCollector.dll
C:\Program Files\dotnet\sdk\8.0.202\Extensions\Microsoft.TestPlatform.TestHostRuntimeProvider.dll
C:\Program Files\dotnet\sdk\8.0.202\Extensions\Microsoft.VisualStudio.TestPlatform.Extensions.Html.TestLogger.dll
C:\Program Files\dotnet\sdk\8.0.202\Extensions\Microsoft.VisualStudio.TestPlatform.Extensions.Trx.TestLogger.dll
TpTrace Verbose: 0 : 29160, 1, 2024/04/23, 22:32:27.555, 4765808385578, vstest.console.dll, TestPluginCache.GetExtensionPaths: Added unfilterableExtensionPaths: 
TpTrace Verbose: 0 : 29160, 1, 2024/04/23, 22:32:27.555, 4765808387206, vstest.console.dll, TestPluginCache.DiscoverTestExtensions: Discovering the extensions using allExtensionPaths: C:\Program Files\dotnet\sdk\8.0.202\Extensions\Microsoft.Diagnostics.NETCore.Client.dll
C:\Program Files\dotnet\sdk\8.0.202\Extensions\Microsoft.TestPlatform.Extensions.BlameDataCollector.dll
C:\Program Files\dotnet\sdk\8.0.202\Extensions\Microsoft.TestPlatform.Extensions.EventLogCollector.dll
C:\Program Files\dotnet\sdk\8.0.202\Extensions\Microsoft.TestPlatform.TestHostRuntimeProvider.dll
C:\Program Files\dotnet\sdk\8.0.202\Extensions\Microsoft.VisualStudio.TestPlatform.Extensions.Html.TestLogger.dll
C:\Program Files\dotnet\sdk\8.0.202\Extensions\Microsoft.VisualStudio.TestPlatform.Extensions.Trx.TestLogger.dll
TpTrace Information: 0 : 29160, 1, 2024/04/23, 22:32:27.555, 4765808388467, vstest.console.dll, AssemblyResolver.AddSearchDirectories: Adding more searchDirectories C:\Program Files\dotnet\sdk\8.0.202\Extensions,C:\Program Files\dotnet\sdk\8.0.202
TpTrace Information: 0 : 29160, 1, 2024/04/23, 22:32:27.555, 4765808389005, vstest.console.dll, AssemblyResolver.AddSearchDirectories: Adding more searchDirectories C:\Program Files\dotnet\sdk\8.0.202\Extensions,C:\Program Files\dotnet\sdk\8.0.202
TpTrace Information: 0 : 29160, 1, 2024/04/23, 22:32:27.555, 4765808389361, vstest.console.dll, AssemblyResolver.AddSearchDirectories: Adding more searchDirectories C:\Program Files\dotnet\sdk\8.0.202\Extensions,C:\Program Files\dotnet\sdk\8.0.202
TpTrace Information: 0 : 29160, 1, 2024/04/23, 22:32:27.555, 4765808389742, vstest.console.dll, AssemblyResolver.AddSearchDirectories: Adding more searchDirectories C:\Program Files\dotnet\sdk\8.0.202\Extensions,C:\Program Files\dotnet\sdk\8.0.202
TpTrace Information: 0 : 29160, 1, 2024/04/23, 22:32:27.555, 4765808390060, vstest.console.dll, AssemblyResolver.AddSearchDirectories: Adding more searchDirectories C:\Program Files\dotnet\sdk\8.0.202\Extensions,C:\Program Files\dotnet\sdk\8.0.202
TpTrace Information: 0 : 29160, 1, 2024/04/23, 22:32:27.555, 4765808390425, vstest.console.dll, AssemblyResolver.AddSearchDirectories: Adding more searchDirectories C:\Program Files\dotnet\sdk\8.0.202\Extensions,C:\Program Files\dotnet\sdk\8.0.202
TpTrace Information: 0 : 29160, 1, 2024/04/23, 22:32:27.556, 4765808397499, vstest.console.dll, AssemblyResolver.OnResolve: Microsoft.Diagnostics.NETCore.Client: Resolving assembly.
TpTrace Information: 0 : 29160, 1, 2024/04/23, 22:32:27.556, 4765808398871, vstest.console.dll, AssemblyResolver.OnResolve: Microsoft.Diagnostics.NETCore.Client: Searching in: 'C:\Program Files\dotnet\sdk\8.0.202\Extensions'.
TpTrace Information: 0 : 29160, 1, 2024/04/23, 22:32:27.565, 4765808486271, vstest.console.dll, AssemblyResolver.OnResolve: Microsoft.Diagnostics.NETCore.Client: Loading assembly 'C:\Program Files\dotnet\sdk\8.0.202\Extensions\Microsoft.Diagnostics.NETCore.Client.dll'.
TpTrace Information: 0 : 29160, 1, 2024/04/23, 22:32:27.566, 4765808495172, vstest.console.dll, AssemblyResolver.OnResolve: Resolved assembly: Microsoft.Diagnostics.NETCore.Client, from path: C:\Program Files\dotnet\sdk\8.0.202\Extensions\Microsoft.Diagnostics.NETCore.Client.dll
TpTrace Verbose: 0 : 29160, 1, 2024/04/23, 22:32:27.572, 4765808561032, vstest.console.dll, MetadataReaderExtensionsHelper: Discovering extensions inside assembly 'Microsoft.Diagnostics.NETCore.Client, Version=0.2.9.2401, Culture=neutral, PublicKeyToken=31bf3856ad364e35' file path 'C:\Program Files\dotnet\sdk\8.0.202\Extensions\Microsoft.Diagnostics.NETCore.Client.dll'
TpTrace Information: 0 : 29160, 1, 2024/04/23, 22:32:27.577, 4765808612384, vstest.console.dll, AssemblyResolver.OnResolve: Microsoft.Bcl.AsyncInterfaces: Resolving assembly.
TpTrace Information: 0 : 29160, 1, 2024/04/23, 22:32:27.578, 4765808613427, vstest.console.dll, AssemblyResolver.OnResolve: Microsoft.Bcl.AsyncInterfaces: Searching in: 'C:\Program Files\dotnet\sdk\8.0.202\Extensions'.
TpTrace Information: 0 : 29160, 1, 2024/04/23, 22:32:27.578, 4765808614531, vstest.console.dll, AssemblyResolver.OnResolve: Microsoft.Bcl.AsyncInterfaces: Assembly path does not exist: 'C:\Program Files\dotnet\sdk\8.0.202\Extensions\Microsoft.Bcl.AsyncInterfaces.dll', returning.
TpTrace Information: 0 : 29160, 1, 2024/04/23, 22:32:27.578, 4765808615656, vstest.console.dll, AssemblyResolver.OnResolve: Microsoft.Bcl.AsyncInterfaces: Assembly path does not exist: 'C:\Program Files\dotnet\sdk\8.0.202\Extensions\Microsoft.Bcl.AsyncInterfaces.exe', returning.
TpTrace Information: 0 : 29160, 1, 2024/04/23, 22:32:27.578, 4765808616037, vstest.console.dll, AssemblyResolver.OnResolve: Microsoft.Bcl.AsyncInterfaces: Searching in: 'C:\Program Files\dotnet\sdk\8.0.202'.
TpTrace Information: 0 : 29160, 1, 2024/04/23, 22:32:27.578, 4765808616836, vstest.console.dll, AssemblyResolver.OnResolve: Microsoft.Bcl.AsyncInterfaces: Assembly path does not exist: 'C:\Program Files\dotnet\sdk\8.0.202\Microsoft.Bcl.AsyncInterfaces.dll', returning.
TpTrace Information: 0 : 29160, 1, 2024/04/23, 22:32:27.578, 4765808617417, vstest.console.dll, AssemblyResolver.OnResolve: Microsoft.Bcl.AsyncInterfaces: Assembly path does not exist: 'C:\Program Files\dotnet\sdk\8.0.202\Microsoft.Bcl.AsyncInterfaces.exe', returning.
TpTrace Information: 0 : 29160, 1, 2024/04/23, 22:32:27.578, 4765808617739, vstest.console.dll, AssemblyResolver.OnResolve: Microsoft.Bcl.AsyncInterfaces: Failed to load assembly.
TpTrace Verbose: 0 : 29160, 1, 2024/04/23, 22:32:27.578, 4765808618232, vstest.console.dll, CurrentDomainAssemblyResolve: Resolving assembly 'Microsoft.Bcl.AsyncInterfaces'.
TpTrace Information: 0 : 29160, 1, 2024/04/23, 22:32:27.578, 4765808618806, vstest.console.dll, AssemblyResolver.OnResolve: Microsoft.Bcl.AsyncInterfaces: Resolving assembly.
TpTrace Information: 0 : 29160, 1, 2024/04/23, 22:32:27.578, 4765808619663, vstest.console.dll, AssemblyResolver.OnResolve: Microsoft.Bcl.AsyncInterfaces: Resolved from cache.
TpTrace Verbose: 0 : 29160, 1, 2024/04/23, 22:32:27.578, 4765808619973, vstest.console.dll, CurrentDomainAssemblyResolve: Resolving assembly 'Microsoft.Bcl.AsyncInterfaces'.
TpTrace Verbose: 0 : 29160, 1, 2024/04/23, 22:32:27.578, 4765808620336, vstest.console.dll, CurrentDomainAssemblyResolve: Failed to resolve assembly 'Microsoft.Bcl.AsyncInterfaces'.
TpTrace Verbose: 0 : 29160, 1, 2024/04/23, 22:32:27.579, 4765808628583, vstest.console.dll, CurrentDomainAssemblyResolve: Failed to resolve assembly 'Microsoft.Bcl.AsyncInterfaces'.
TpTrace Warning: 0 : 29160, 1, 2024/04/23, 22:32:27.590, 4765808734568, vstest.console.dll, TestPluginDiscoverer: Failed to get types from assembly 'Microsoft.Diagnostics.NETCore.Client, Version=0.2.9.2401, Culture=neutral, PublicKeyToken=31bf3856ad364e35'. Error: System.Reflection.ReflectionTypeLoadException: Unable to load one or more of the requested types.
Could not load file or assembly 'Microsoft.Bcl.AsyncInterfaces, Version=6.0.0.0, Culture=neutral, PublicKeyToken=cc7b13ffcd2ddd51'. The system cannot find the file specified.
   at System.Reflection.RuntimeModule.GetTypes(RuntimeModule module)
   at System.Reflection.RuntimeModule.GetTypes()
   at Microsoft.VisualStudio.TestPlatform.Common.ExtensionFramework.TestPluginDiscoverer.GetTestExtensionsFromAssembly[TPluginInfo,TExtension](Assembly assembly, Dictionary`2 pluginInfos, String filePath) in /_/src/Microsoft.TestPlatform.Common/ExtensionFramework/TestPluginDiscoverer.cs:line 158
System.IO.FileNotFoundException: Could not load file or assembly 'Microsoft.Bcl.AsyncInterfaces, Version=6.0.0.0, Culture=neutral, PublicKeyToken=cc7b13ffcd2ddd51'. The system cannot find the file specified.
File name: 'Microsoft.Bcl.AsyncInterfaces, Version=6.0.0.0, Culture=neutral, PublicKeyToken=cc7b13ffcd2ddd51'
 ---> System.IO.FileNotFoundException: Could not load file or assembly 'Microsoft.Bcl.AsyncInterfaces, Culture=neutral, PublicKeyToken=null'. The system cannot find the file specified.
File name: 'Microsoft.Bcl.AsyncInterfaces, Culture=neutral, PublicKeyToken=null'
   at System.Reflection.RuntimeAssembly.InternalLoad(AssemblyName assemblyName, StackCrawlMark& stackMark, AssemblyLoadContext assemblyLoadContext, RuntimeAssembly requestingAssembly, Boolean throwOnFileNotFound)
   at System.Reflection.Assembly.Load(AssemblyName assemblyRef)
   at Microsoft.VisualStudio.TestPlatform.Common.ExtensionFramework.TestPluginCache.CurrentDomainAssemblyResolve(Object sender, AssemblyResolveEventArgs args) in /_/src/Microsoft.TestPlatform.Common/ExtensionFramework/TestPluginCache.cs:line 513
   at System.Runtime.Loader.AssemblyLoadContext.GetFirstResolvedAssemblyFromResolvingEvent(AssemblyName assemblyName)
   at System.Runtime.Loader.AssemblyLoadContext.ResolveUsingEvent(AssemblyName assemblyName)
   at System.Runtime.Loader.AssemblyLoadContext.ResolveUsingResolvingEvent(IntPtr gchManagedAssemblyLoadContext, AssemblyName assemblyName)
TpTrace Warning: 0 : 29160, 1, 2024/04/23, 22:32:27.590, 4765808738864, vstest.console.dll, LoaderExceptions: System.IO.FileNotFoundException: Could not load file or assembly 'Microsoft.Bcl.AsyncInterfaces, Version=6.0.0.0, Culture=neutral, PublicKeyToken=cc7b13ffcd2ddd51'. The system cannot find the file specified.
File name: 'Microsoft.Bcl.AsyncInterfaces, Version=6.0.0.0, Culture=neutral, PublicKeyToken=cc7b13ffcd2ddd51'
 ---> System.IO.FileNotFoundException: Could not load file or assembly 'Microsoft.Bcl.AsyncInterfaces, Culture=neutral, PublicKeyToken=null'. The system cannot find the file specified.
File name: 'Microsoft.Bcl.AsyncInterfaces, Culture=neutral, PublicKeyToken=null'
   at System.Reflection.RuntimeAssembly.InternalLoad(AssemblyName assemblyName, StackCrawlMark& stackMark, AssemblyLoadContext assemblyLoadContext, RuntimeAssembly requestingAssembly, Boolean throwOnFileNotFound)
   at System.Reflection.Assembly.Load(AssemblyName assemblyRef)
   at Microsoft.VisualStudio.TestPlatform.Common.ExtensionFramework.TestPluginCache.CurrentDomainAssemblyResolve(Object sender, AssemblyResolveEventArgs args) in /_/src/Microsoft.TestPlatform.Common/ExtensionFramework/TestPluginCache.cs:line 513
   at System.Runtime.Loader.AssemblyLoadContext.GetFirstResolvedAssemblyFromResolvingEvent(AssemblyName assemblyName)
   at System.Runtime.Loader.AssemblyLoadContext.ResolveUsingEvent(AssemblyName assemblyName)
   at System.Runtime.Loader.AssemblyLoadContext.ResolveUsingResolvingEvent(IntPtr gchManagedAssemblyLoadContext, AssemblyName assemblyName)
TpTrace Information: 0 : 29160, 1, 2024/04/23, 22:32:27.590, 4765808741061, vstest.console.dll, AssemblyResolver.OnResolve: Microsoft.TestPlatform.Extensions.BlameDataCollector: Resolving assembly.
TpTrace Information: 0 : 29160, 1, 2024/04/23, 22:32:27.590, 4765808741836, vstest.console.dll, AssemblyResolver.OnResolve: Microsoft.TestPlatform.Extensions.BlameDataCollector: Searching in: 'C:\Program Files\dotnet\sdk\8.0.202\Extensions'.
TpTrace Information: 0 : 29160, 1, 2024/04/23, 22:32:27.591, 4765808746135, vstest.console.dll, AssemblyResolver.OnResolve: Microsoft.TestPlatform.Extensions.BlameDataCollector: Loading assembly 'C:\Program Files\dotnet\sdk\8.0.202\Extensions\Microsoft.TestPlatform.Extensions.BlameDataCollector.dll'.
TpTrace Information: 0 : 29160, 1, 2024/04/23, 22:32:27.592, 4765808760841, vstest.console.dll, AssemblyResolver.OnResolve: Resolved assembly: Microsoft.TestPlatform.Extensions.BlameDataCollector, from path: C:\Program Files\dotnet\sdk\8.0.202\Extensions\Microsoft.TestPlatform.Extensions.BlameDataCollector.dll
TpTrace Verbose: 0 : 29160, 1, 2024/04/23, 22:32:27.592, 4765808761814, vstest.console.dll, MetadataReaderExtensionsHelper: Discovering extensions inside assembly 'Microsoft.TestPlatform.Extensions.BlameDataCollector, Version=15.0.0.0, Culture=neutral, PublicKeyToken=b03f5f7f11d50a3a' file path 'C:\Program Files\dotnet\sdk\8.0.202\Extensions\Microsoft.TestPlatform.Extensions.BlameDataCollector.dll'
TpTrace Information: 0 : 29160, 1, 2024/04/23, 22:32:27.594, 4765808779063, vstest.console.dll, AssemblyResolver.OnResolve: Microsoft.TestPlatform.Extensions.EventLogCollector: Resolving assembly.
TpTrace Information: 0 : 29160, 1, 2024/04/23, 22:32:27.594, 4765808779999, vstest.console.dll, AssemblyResolver.OnResolve: Microsoft.TestPlatform.Extensions.EventLogCollector: Searching in: 'C:\Program Files\dotnet\sdk\8.0.202\Extensions'.
TpTrace Information: 0 : 29160, 1, 2024/04/23, 22:32:27.594, 4765808782791, vstest.console.dll, AssemblyResolver.OnResolve: Microsoft.TestPlatform.Extensions.EventLogCollector: Loading assembly 'C:\Program Files\dotnet\sdk\8.0.202\Extensions\Microsoft.TestPlatform.Extensions.EventLogCollector.dll'.
TpTrace Information: 0 : 29160, 1, 2024/04/23, 22:32:27.595, 4765808787420, vstest.console.dll, AssemblyResolver.OnResolve: Resolved assembly: Microsoft.TestPlatform.Extensions.EventLogCollector, from path: C:\Program Files\dotnet\sdk\8.0.202\Extensions\Microsoft.TestPlatform.Extensions.EventLogCollector.dll
TpTrace Verbose: 0 : 29160, 1, 2024/04/23, 22:32:27.595, 4765808788236, vstest.console.dll, MetadataReaderExtensionsHelper: Discovering extensions inside assembly 'Microsoft.TestPlatform.Extensions.EventLogCollector, Version=15.0.0.0, Culture=neutral, PublicKeyToken=b03f5f7f11d50a3a' file path 'C:\Program Files\dotnet\sdk\8.0.202\Extensions\Microsoft.TestPlatform.Extensions.EventLogCollector.dll'
TpTrace Information: 0 : 29160, 1, 2024/04/23, 22:32:27.597, 4765808805919, vstest.console.dll, AssemblyResolver.OnResolve: Microsoft.TestPlatform.TestHostRuntimeProvider: Resolving assembly.
TpTrace Information: 0 : 29160, 1, 2024/04/23, 22:32:27.597, 4765808806665, vstest.console.dll, AssemblyResolver.OnResolve: Microsoft.TestPlatform.TestHostRuntimeProvider: Searching in: 'C:\Program Files\dotnet\sdk\8.0.202\Extensions'.
TpTrace Information: 0 : 29160, 1, 2024/04/23, 22:32:27.597, 4765808808953, vstest.console.dll, AssemblyResolver.OnResolve: Microsoft.TestPlatform.TestHostRuntimeProvider: Loading assembly 'C:\Program Files\dotnet\sdk\8.0.202\Extensions\Microsoft.TestPlatform.TestHostRuntimeProvider.dll'.
TpTrace Information: 0 : 29160, 1, 2024/04/23, 22:32:27.598, 4765808814646, vstest.console.dll, AssemblyResolver.OnResolve: Resolved assembly: Microsoft.TestPlatform.TestHostRuntimeProvider, from path: C:\Program Files\dotnet\sdk\8.0.202\Extensions\Microsoft.TestPlatform.TestHostRuntimeProvider.dll
TpTrace Verbose: 0 : 29160, 1, 2024/04/23, 22:32:27.598, 4765808815411, vstest.console.dll, MetadataReaderExtensionsHelper: Discovering extensions inside assembly 'Microsoft.TestPlatform.TestHostRuntimeProvider, Version=15.0.0.0, Culture=neutral, PublicKeyToken=b03f5f7f11d50a3a' file path 'C:\Program Files\dotnet\sdk\8.0.202\Extensions\Microsoft.TestPlatform.TestHostRuntimeProvider.dll'
TpTrace Information: 0 : 29160, 1, 2024/04/23, 22:32:27.599, 4765808829356, vstest.console.dll, GetTestExtensionFromType: Register extension with identifier data 'HostProvider://DefaultTestHost' and type 'Microsoft.VisualStudio.TestPlatform.CrossPlatEngine.Hosting.DefaultTestHostManager, Microsoft.TestPlatform.TestHostRuntimeProvider, Version=15.0.0.0, Culture=neutral, PublicKeyToken=b03f5f7f11d50a3a' inside file 'C:\Program Files\dotnet\sdk\8.0.202\Extensions\Microsoft.TestPlatform.TestHostRuntimeProvider.dll'
TpTrace Information: 0 : 29160, 1, 2024/04/23, 22:32:27.599, 4765808831835, vstest.console.dll, GetTestExtensionFromType: Register extension with identifier data 'HostProvider://DotnetTestHost' and type 'Microsoft.VisualStudio.TestPlatform.CrossPlatEngine.Hosting.DotnetTestHostManager, Microsoft.TestPlatform.TestHostRuntimeProvider, Version=15.0.0.0, Culture=neutral, PublicKeyToken=b03f5f7f11d50a3a' inside file 'C:\Program Files\dotnet\sdk\8.0.202\Extensions\Microsoft.TestPlatform.TestHostRuntimeProvider.dll'
TpTrace Information: 0 : 29160, 1, 2024/04/23, 22:32:27.599, 4765808832564, vstest.console.dll, AssemblyResolver.OnResolve: Microsoft.VisualStudio.TestPlatform.Extensions.Html.TestLogger: Resolving assembly.
TpTrace Information: 0 : 29160, 1, 2024/04/23, 22:32:27.599, 4765808832943, vstest.console.dll, AssemblyResolver.OnResolve: Microsoft.VisualStudio.TestPlatform.Extensions.Html.TestLogger: Searching in: 'C:\Program Files\dotnet\sdk\8.0.202\Extensions'.
TpTrace Information: 0 : 29160, 1, 2024/04/23, 22:32:27.600, 4765808835727, vstest.console.dll, AssemblyResolver.OnResolve: Microsoft.VisualStudio.TestPlatform.Extensions.Html.TestLogger: Loading assembly 'C:\Program Files\dotnet\sdk\8.0.202\Extensions\Microsoft.VisualStudio.TestPlatform.Extensions.Html.TestLogger.dll'.
TpTrace Information: 0 : 29160, 1, 2024/04/23, 22:32:27.600, 4765808841115, vstest.console.dll, AssemblyResolver.OnResolve: Resolved assembly: Microsoft.VisualStudio.TestPlatform.Extensions.Html.TestLogger, from path: C:\Program Files\dotnet\sdk\8.0.202\Extensions\Microsoft.VisualStudio.TestPlatform.Extensions.Html.TestLogger.dll
TpTrace Verbose: 0 : 29160, 1, 2024/04/23, 22:32:27.600, 4765808841736, vstest.console.dll, MetadataReaderExtensionsHelper: Discovering extensions inside assembly 'Microsoft.VisualStudio.TestPlatform.Extensions.Html.TestLogger, Version=15.0.0.0, Culture=neutral, PublicKeyToken=b03f5f7f11d50a3a' file path 'C:\Program Files\dotnet\sdk\8.0.202\Extensions\Microsoft.VisualStudio.TestPlatform.Extensions.Html.TestLogger.dll'
TpTrace Information: 0 : 29160, 1, 2024/04/23, 22:32:27.601, 4765808847276, vstest.console.dll, AssemblyResolver.OnResolve: Microsoft.VisualStudio.TestPlatform.Extensions.Trx.TestLogger: Resolving assembly.
TpTrace Information: 0 : 29160, 1, 2024/04/23, 22:32:27.601, 4765808847860, vstest.console.dll, AssemblyResolver.OnResolve: Microsoft.VisualStudio.TestPlatform.Extensions.Trx.TestLogger: Searching in: 'C:\Program Files\dotnet\sdk\8.0.202\Extensions'.
TpTrace Information: 0 : 29160, 1, 2024/04/23, 22:32:27.601, 4765808849716, vstest.console.dll, AssemblyResolver.OnResolve: Microsoft.VisualStudio.TestPlatform.Extensions.Trx.TestLogger: Loading assembly 'C:\Program Files\dotnet\sdk\8.0.202\Extensions\Microsoft.VisualStudio.TestPlatform.Extensions.Trx.TestLogger.dll'.
TpTrace Information: 0 : 29160, 1, 2024/04/23, 22:32:27.602, 4765808854161, vstest.console.dll, AssemblyResolver.OnResolve: Resolved assembly: Microsoft.VisualStudio.TestPlatform.Extensions.Trx.TestLogger, from path: C:\Program Files\dotnet\sdk\8.0.202\Extensions\Microsoft.VisualStudio.TestPlatform.Extensions.Trx.TestLogger.dll
TpTrace Verbose: 0 : 29160, 1, 2024/04/23, 22:32:27.602, 4765808854900, vstest.console.dll, MetadataReaderExtensionsHelper: Discovering extensions inside assembly 'Microsoft.VisualStudio.TestPlatform.Extensions.Trx.TestLogger, Version=15.0.0.0, Culture=neutral, PublicKeyToken=b03f5f7f11d50a3a' file path 'C:\Program Files\dotnet\sdk\8.0.202\Extensions\Microsoft.VisualStudio.TestPlatform.Extensions.Trx.TestLogger.dll'
TpTrace Verbose: 0 : 29160, 1, 2024/04/23, 22:32:27.602, 4765808862207, vstest.console.dll, TestPluginCache: Discovered the extensions using extension path ''.
TpTrace Verbose: 0 : 29160, 1, 2024/04/23, 22:32:27.602, 4765808862709, vstest.console.dll, TestPluginCache: Discoverers are ''.
TpTrace Verbose: 0 : 29160, 1, 2024/04/23, 22:32:27.602, 4765808862920, vstest.console.dll, TestPluginCache: Executors are ''.
TpTrace Verbose: 0 : 29160, 1, 2024/04/23, 22:32:27.602, 4765808863115, vstest.console.dll, TestPluginCache: Executors2 are ''.
TpTrace Verbose: 0 : 29160, 1, 2024/04/23, 22:32:27.602, 4765808863310, vstest.console.dll, TestPluginCache: Setting providers are ''.
TpTrace Verbose: 0 : 29160, 1, 2024/04/23, 22:32:27.603, 4765808863503, vstest.console.dll, TestPluginCache: Loggers are ''.
TpTrace Verbose: 0 : 29160, 1, 2024/04/23, 22:32:27.603, 4765808864051, vstest.console.dll, TestPluginCache: TestHosts are 'HostProvider://DefaultTestHost,HostProvider://DotnetTestHost'.
TpTrace Verbose: 0 : 29160, 1, 2024/04/23, 22:32:27.603, 4765808864360, vstest.console.dll, TestPluginCache: DataCollectors are ''.
TpTrace Information: 0 : 29160, 1, 2024/04/23, 22:32:27.614, 4765808975542, vstest.console.dll, RunTestsArgumentProcessor:Execute: Test run is starting.
TpTrace Verbose: 0 : 29160, 1, 2024/04/23, 22:32:27.614, 4765808976499, vstest.console.dll, RunTestsArgumentProcessor:Execute: Queuing Test run.
TpTrace Information: 0 : 29160, 1, 2024/04/23, 22:32:27.614, 4765808978847, vstest.console.dll, TestRequestManager.RunTests: run tests started.
TpTrace Information: 0 : 29160, 1, 2024/04/23, 22:32:27.615, 4765808991083, vstest.console.dll, AssemblyMetadataProvider.GetFrameworkName: Determined framework:'.NETCoreApp,Version=v6.0' for source: 'C:\MyPersonalFiles\GensparkTraining\GitHub\Day10\ClinicAppointmentSolution\ClinicAppointmentBLTest\bin\Debug\net6.0\fine-code-coverage\build-output\ClinicAppointmentBLTest.dll'
TpTrace Information: 0 : 29160, 1, 2024/04/23, 22:32:27.615, 4765808993116, vstest.console.dll, Determined framework for all sources: .NETCoreApp,Version=v6.0
TpTrace Verbose: 0 : 29160, 1, 2024/04/23, 22:32:27.616, 4765808996005, vstest.console.dll, TestRequestManager.UpdateRunSettingsIfRequired: Default architecture: X64 IsDefaultTargetArchitecture: True, Current process architecture: X64 OperatingSystem: Windows.
TpTrace Information: 0 : 29160, 1, 2024/04/23, 22:32:27.617, 4765809007992, vstest.console.dll, AssemblyMetadataProvider.GetArchitecture: Determined architecture:AnyCPU info for assembly: C:\MyPersonalFiles\GensparkTraining\GitHub\Day10\ClinicAppointmentSolution\ClinicAppointmentBLTest\bin\Debug\net6.0\fine-code-coverage\build-output\ClinicAppointmentBLTest.dll
TpTrace Information: 0 : 29160, 1, 2024/04/23, 22:32:27.617, 4765809008551, vstest.console.dll, Determined platform for source 'C:\MyPersonalFiles\GensparkTraining\GitHub\Day10\ClinicAppointmentSolution\ClinicAppointmentBLTest\bin\Debug\net6.0\fine-code-coverage\build-output\ClinicAppointmentBLTest.dll' was AnyCPU and it will use the default plaform X64.
TpTrace Information: 0 : 29160, 1, 2024/04/23, 22:32:27.617, 4765809008785, vstest.console.dll, None of the sources provided any runnable platform, using the default platform: X64
TpTrace Information: 0 : 29160, 1, 2024/04/23, 22:32:27.617, 4765809009511, vstest.console.dll, Platform was updated to 'X64'.
TpTrace Information: 0 : 29160, 1, 2024/04/23, 22:32:27.620, 4765809036056, vstest.console.dll, InferRunSettingsHelper.IsTestSettingsEnabled: Unable to navigate to RunSettings/MSTest. Current node: RunSettings
TpTrace Information: 0 : 29160, 1, 2024/04/23, 22:32:27.620, 4765809041983, vstest.console.dll, AssemblyResolver.OnResolve: Microsoft.VisualStudio.TestPlatform.Fakes: Resolving assembly.
TpTrace Information: 0 : 29160, 1, 2024/04/23, 22:32:27.620, 4765809043278, vstest.console.dll, AssemblyResolver.OnResolve: Microsoft.VisualStudio.TestPlatform.Fakes: Searching in: 'C:\Program Files\dotnet\sdk\8.0.202\Extensions'.
TpTrace Information: 0 : 29160, 1, 2024/04/23, 22:32:27.621, 4765809044358, vstest.console.dll, AssemblyResolver.OnResolve: Microsoft.VisualStudio.TestPlatform.Fakes: Assembly path does not exist: 'C:\Program Files\dotnet\sdk\8.0.202\Extensions\Microsoft.VisualStudio.TestPlatform.Fakes.dll', returning.
TpTrace Information: 0 : 29160, 1, 2024/04/23, 22:32:27.621, 4765809044832, vstest.console.dll, AssemblyResolver.OnResolve: Microsoft.VisualStudio.TestPlatform.Fakes: Assembly path does not exist: 'C:\Program Files\dotnet\sdk\8.0.202\Extensions\Microsoft.VisualStudio.TestPlatform.Fakes.exe', returning.
TpTrace Information: 0 : 29160, 1, 2024/04/23, 22:32:27.621, 4765809045121, vstest.console.dll, AssemblyResolver.OnResolve: Microsoft.VisualStudio.TestPlatform.Fakes: Searching in: 'C:\Program Files\dotnet\sdk\8.0.202'.
TpTrace Information: 0 : 29160, 1, 2024/04/23, 22:32:27.621, 4765809045577, vstest.console.dll, AssemblyResolver.OnResolve: Microsoft.VisualStudio.TestPlatform.Fakes: Assembly path does not exist: 'C:\Program Files\dotnet\sdk\8.0.202\Microsoft.VisualStudio.TestPlatform.Fakes.dll', returning.
TpTrace Information: 0 : 29160, 1, 2024/04/23, 22:32:27.621, 4765809045969, vstest.console.dll, AssemblyResolver.OnResolve: Microsoft.VisualStudio.TestPlatform.Fakes: Assembly path does not exist: 'C:\Program Files\dotnet\sdk\8.0.202\Microsoft.VisualStudio.TestPlatform.Fakes.exe', returning.
TpTrace Information: 0 : 29160, 1, 2024/04/23, 22:32:27.621, 4765809046201, vstest.console.dll, AssemblyResolver.OnResolve: Microsoft.VisualStudio.TestPlatform.Fakes: Failed to load assembly.
TpTrace Information: 0 : 29160, 1, 2024/04/23, 22:32:27.621, 4765809048606, vstest.console.dll, Failed to load assembly Microsoft.VisualStudio.TestPlatform.Fakes, Version=17.0.0.0, Culture=neutral. Reason:System.IO.FileNotFoundException: Could not load file or assembly 'Microsoft.VisualStudio.TestPlatform.Fakes, Version=17.0.0.0, Culture=neutral, PublicKeyToken=null'. The system cannot find the file specified.
File name: 'Microsoft.VisualStudio.TestPlatform.Fakes, Version=17.0.0.0, Culture=neutral, PublicKeyToken=null'
   at System.Reflection.RuntimeAssembly.InternalLoad(AssemblyName assemblyName, StackCrawlMark& stackMark, AssemblyLoadContext assemblyLoadContext, RuntimeAssembly requestingAssembly, Boolean throwOnFileNotFound)
   at System.Reflection.Assembly.Load(AssemblyName assemblyRef)
   at Microsoft.VisualStudio.TestPlatform.Common.Utilities.FakesUtilities.LoadTestPlatformAssembly() in /_/src/Microsoft.TestPlatform.Common/Utilities/FakesUtilities.cs:line 272
TpTrace Verbose: 0 : 29160, 1, 2024/04/23, 22:32:27.624, 4765809080395, vstest.console.dll, TestPluginCache.DiscoverTestExtensions: finding test extensions in assemblies ends with: TestLogger.dll TPluginInfo: Microsoft.VisualStudio.TestPlatform.Common.ExtensionFramework.Utilities.TestLoggerPluginInformation TExtension: Microsoft.VisualStudio.TestPlatform.ObjectModel.Client.ITestLogger
TpTrace Verbose: 0 : 29160, 1, 2024/04/23, 22:32:27.624, 4765809081770, vstest.console.dll, TestPluginCache.GetExtensionPaths: Filtered extension paths: 
TpTrace Verbose: 0 : 29160, 1, 2024/04/23, 22:32:27.624, 4765809082145, vstest.console.dll, TestPluginCache.GetExtensionPaths: Added default extension paths: C:\Program Files\dotnet\sdk\8.0.202\Extensions\Microsoft.Diagnostics.NETCore.Client.dll
C:\Program Files\dotnet\sdk\8.0.202\Extensions\Microsoft.TestPlatform.Extensions.BlameDataCollector.dll
C:\Program Files\dotnet\sdk\8.0.202\Extensions\Microsoft.TestPlatform.Extensions.EventLogCollector.dll
C:\Program Files\dotnet\sdk\8.0.202\Extensions\Microsoft.TestPlatform.TestHostRuntimeProvider.dll
C:\Program Files\dotnet\sdk\8.0.202\Extensions\Microsoft.VisualStudio.TestPlatform.Extensions.Html.TestLogger.dll
C:\Program Files\dotnet\sdk\8.0.202\Extensions\Microsoft.VisualStudio.TestPlatform.Extensions.Trx.TestLogger.dll
TpTrace Verbose: 0 : 29160, 1, 2024/04/23, 22:32:27.624, 4765809082479, vstest.console.dll, TestPluginCache.GetExtensionPaths: Added unfilterableExtensionPaths: 
TpTrace Information: 0 : 29160, 1, 2024/04/23, 22:32:27.625, 4765809084073, vstest.console.dll, AssemblyResolver.AddSearchDirectories: Adding more searchDirectories C:\Program Files\dotnet\sdk\8.0.202\Extensions,C:\Program Files\dotnet\sdk\8.0.202
TpTrace Verbose: 0 : 29160, 1, 2024/04/23, 22:32:27.625, 4765809084571, vstest.console.dll, TestPluginCache.DiscoverTestExtensions: Discovering the extensions using extension path.
TpTrace Verbose: 0 : 29160, 1, 2024/04/23, 22:32:27.625, 4765809084945, vstest.console.dll, TestPluginCache.GetExtensionPaths: Filtered extension paths: 
TpTrace Verbose: 0 : 29160, 1, 2024/04/23, 22:32:27.625, 4765809085370, vstest.console.dll, TestPluginCache.GetExtensionPaths: Added default extension paths: C:\Program Files\dotnet\sdk\8.0.202\Extensions\Microsoft.Diagnostics.NETCore.Client.dll
C:\Program Files\dotnet\sdk\8.0.202\Extensions\Microsoft.TestPlatform.Extensions.BlameDataCollector.dll
C:\Program Files\dotnet\sdk\8.0.202\Extensions\Microsoft.TestPlatform.Extensions.EventLogCollector.dll
C:\Program Files\dotnet\sdk\8.0.202\Extensions\Microsoft.TestPlatform.TestHostRuntimeProvider.dll
C:\Program Files\dotnet\sdk\8.0.202\Extensions\Microsoft.VisualStudio.TestPlatform.Extensions.Html.TestLogger.dll
C:\Program Files\dotnet\sdk\8.0.202\Extensions\Microsoft.VisualStudio.TestPlatform.Extensions.Trx.TestLogger.dll
TpTrace Verbose: 0 : 29160, 1, 2024/04/23, 22:32:27.625, 4765809085736, vstest.console.dll, TestPluginCache.GetExtensionPaths: Added unfilterableExtensionPaths: 
TpTrace Verbose: 0 : 29160, 1, 2024/04/23, 22:32:27.625, 4765809086182, vstest.console.dll, TestPluginCache.DiscoverTestExtensions: Discovering the extensions using allExtensionPaths: C:\Program Files\dotnet\sdk\8.0.202\Extensions\Microsoft.Diagnostics.NETCore.Client.dll
C:\Program Files\dotnet\sdk\8.0.202\Extensions\Microsoft.TestPlatform.Extensions.BlameDataCollector.dll
C:\Program Files\dotnet\sdk\8.0.202\Extensions\Microsoft.TestPlatform.Extensions.EventLogCollector.dll
C:\Program Files\dotnet\sdk\8.0.202\Extensions\Microsoft.TestPlatform.TestHostRuntimeProvider.dll
C:\Program Files\dotnet\sdk\8.0.202\Extensions\Microsoft.VisualStudio.TestPlatform.Extensions.Html.TestLogger.dll
C:\Program Files\dotnet\sdk\8.0.202\Extensions\Microsoft.VisualStudio.TestPlatform.Extensions.Trx.TestLogger.dll
TpTrace Information: 0 : 29160, 1, 2024/04/23, 22:32:27.625, 4765809086688, vstest.console.dll, AssemblyResolver.AddSearchDirectories: Adding more searchDirectories C:\Program Files\dotnet\sdk\8.0.202\Extensions,C:\Program Files\dotnet\sdk\8.0.202
TpTrace Information: 0 : 29160, 1, 2024/04/23, 22:32:27.625, 4765809087135, vstest.console.dll, AssemblyResolver.AddSearchDirectories: Adding more searchDirectories C:\Program Files\dotnet\sdk\8.0.202\Extensions,C:\Program Files\dotnet\sdk\8.0.202
TpTrace Information: 0 : 29160, 1, 2024/04/23, 22:32:27.625, 4765809087512, vstest.console.dll, AssemblyResolver.AddSearchDirectories: Adding more searchDirectories C:\Program Files\dotnet\sdk\8.0.202\Extensions,C:\Program Files\dotnet\sdk\8.0.202
TpTrace Information: 0 : 29160, 1, 2024/04/23, 22:32:27.625, 4765809087963, vstest.console.dll, AssemblyResolver.AddSearchDirectories: Adding more searchDirectories C:\Program Files\dotnet\sdk\8.0.202\Extensions,C:\Program Files\dotnet\sdk\8.0.202
TpTrace Information: 0 : 29160, 1, 2024/04/23, 22:32:27.625, 4765809088344, vstest.console.dll, AssemblyResolver.AddSearchDirectories: Adding more searchDirectories C:\Program Files\dotnet\sdk\8.0.202\Extensions,C:\Program Files\dotnet\sdk\8.0.202
TpTrace Information: 0 : 29160, 1, 2024/04/23, 22:32:27.625, 4765809088713, vstest.console.dll, AssemblyResolver.AddSearchDirectories: Adding more searchDirectories C:\Program Files\dotnet\sdk\8.0.202\Extensions,C:\Program Files\dotnet\sdk\8.0.202
TpTrace Verbose: 0 : 29160, 1, 2024/04/23, 22:32:27.625, 4765809089799, vstest.console.dll, MetadataReaderExtensionsHelper: Discovering extensions inside assembly 'Microsoft.Diagnostics.NETCore.Client, Version=0.2.9.2401, Culture=neutral, PublicKeyToken=31bf3856ad364e35' file path 'C:\Program Files\dotnet\sdk\8.0.202\Extensions\Microsoft.Diagnostics.NETCore.Client.dll'
TpTrace Information: 0 : 29160, 1, 2024/04/23, 22:32:27.626, 4765809098325, vstest.console.dll, AssemblyResolver.OnResolve: Microsoft.Bcl.AsyncInterfaces: Resolving assembly.
TpTrace Information: 0 : 29160, 1, 2024/04/23, 22:32:27.626, 4765809099109, vstest.console.dll, AssemblyResolver.OnResolve: Microsoft.Bcl.AsyncInterfaces: Resolved from cache.
TpTrace Verbose: 0 : 29160, 1, 2024/04/23, 22:32:27.626, 4765809099435, vstest.console.dll, CurrentDomainAssemblyResolve: Resolving assembly 'Microsoft.Bcl.AsyncInterfaces'.
TpTrace Information: 0 : 29160, 1, 2024/04/23, 22:32:27.626, 4765809100167, vstest.console.dll, AssemblyResolver.OnResolve: Microsoft.Bcl.AsyncInterfaces: Resolving assembly.
TpTrace Information: 0 : 29160, 1, 2024/04/23, 22:32:27.626, 4765809100702, vstest.console.dll, AssemblyResolver.OnResolve: Microsoft.Bcl.AsyncInterfaces: Resolved from cache.
TpTrace Verbose: 0 : 29160, 1, 2024/04/23, 22:32:27.626, 4765809101169, vstest.console.dll, CurrentDomainAssemblyResolve: Resolving assembly 'Microsoft.Bcl.AsyncInterfaces'.
TpTrace Verbose: 0 : 29160, 1, 2024/04/23, 22:32:27.626, 4765809101473, vstest.console.dll, CurrentDomainAssemblyResolve: Failed to resolve assembly 'Microsoft.Bcl.AsyncInterfaces'.
TpTrace Verbose: 0 : 29160, 1, 2024/04/23, 22:32:27.626, 4765809102920, vstest.console.dll, CurrentDomainAssemblyResolve: Failed to resolve assembly 'Microsoft.Bcl.AsyncInterfaces'.
TpTrace Warning: 0 : 29160, 1, 2024/04/23, 22:32:27.627, 4765809106261, vstest.console.dll, TestPluginDiscoverer: Failed to get types from assembly 'Microsoft.Diagnostics.NETCore.Client, Version=0.2.9.2401, Culture=neutral, PublicKeyToken=31bf3856ad364e35'. Error: System.Reflection.ReflectionTypeLoadException: Unable to load one or more of the requested types.
Could not load file or assembly 'Microsoft.Bcl.AsyncInterfaces, Version=6.0.0.0, Culture=neutral, PublicKeyToken=cc7b13ffcd2ddd51'. The system cannot find the file specified.
   at System.Reflection.RuntimeModule.GetTypes(RuntimeModule module)
   at System.Reflection.RuntimeModule.GetTypes()
   at Microsoft.VisualStudio.TestPlatform.Common.ExtensionFramework.TestPluginDiscoverer.GetTestExtensionsFromAssembly[TPluginInfo,TExtension](Assembly assembly, Dictionary`2 pluginInfos, String filePath) in /_/src/Microsoft.TestPlatform.Common/ExtensionFramework/TestPluginDiscoverer.cs:line 158
System.IO.FileNotFoundException: Could not load file or assembly 'Microsoft.Bcl.AsyncInterfaces, Version=6.0.0.0, Culture=neutral, PublicKeyToken=cc7b13ffcd2ddd51'. The system cannot find the file specified.
File name: 'Microsoft.Bcl.AsyncInterfaces, Version=6.0.0.0, Culture=neutral, PublicKeyToken=cc7b13ffcd2ddd51'
 ---> System.IO.FileNotFoundException: Could not load file or assembly 'Microsoft.Bcl.AsyncInterfaces, Culture=neutral, PublicKeyToken=null'. The system cannot find the file specified.
File name: 'Microsoft.Bcl.AsyncInterfaces, Culture=neutral, PublicKeyToken=null'
   at System.Reflection.RuntimeAssembly.InternalLoad(AssemblyName assemblyName, StackCrawlMark& stackMark, AssemblyLoadContext assemblyLoadContext, RuntimeAssembly requestingAssembly, Boolean throwOnFileNotFound)
   at System.Reflection.Assembly.Load(AssemblyName assemblyRef)
   at Microsoft.VisualStudio.TestPlatform.Common.ExtensionFramework.TestPluginCache.CurrentDomainAssemblyResolve(Object sender, AssemblyResolveEventArgs args) in /_/src/Microsoft.TestPlatform.Common/ExtensionFramework/TestPluginCache.cs:line 513
   at System.Runtime.Loader.AssemblyLoadContext.GetFirstResolvedAssemblyFromResolvingEvent(AssemblyName assemblyName)
   at System.Runtime.Loader.AssemblyLoadContext.ResolveUsingEvent(AssemblyName assemblyName)
   at System.Runtime.Loader.AssemblyLoadContext.ResolveUsingResolvingEvent(IntPtr gchManagedAssemblyLoadContext, AssemblyName assemblyName)
TpTrace Warning: 0 : 29160, 1, 2024/04/23, 22:32:27.627, 4765809108201, vstest.console.dll, LoaderExceptions: System.IO.FileNotFoundException: Could not load file or assembly 'Microsoft.Bcl.AsyncInterfaces, Version=6.0.0.0, Culture=neutral, PublicKeyToken=cc7b13ffcd2ddd51'. The system cannot find the file specified.
File name: 'Microsoft.Bcl.AsyncInterfaces, Version=6.0.0.0, Culture=neutral, PublicKeyToken=cc7b13ffcd2ddd51'
 ---> System.IO.FileNotFoundException: Could not load file or assembly 'Microsoft.Bcl.AsyncInterfaces, Culture=neutral, PublicKeyToken=null'. The system cannot find the file specified.
File name: 'Microsoft.Bcl.AsyncInterfaces, Culture=neutral, PublicKeyToken=null'
   at System.Reflection.RuntimeAssembly.InternalLoad(AssemblyName assemblyName, StackCrawlMark& stackMark, AssemblyLoadContext assemblyLoadContext, RuntimeAssembly requestingAssembly, Boolean throwOnFileNotFound)
   at System.Reflection.Assembly.Load(AssemblyName assemblyRef)
   at Microsoft.VisualStudio.TestPlatform.Common.ExtensionFramework.TestPluginCache.CurrentDomainAssemblyResolve(Object sender, AssemblyResolveEventArgs args) in /_/src/Microsoft.TestPlatform.Common/ExtensionFramework/TestPluginCache.cs:line 513
   at System.Runtime.Loader.AssemblyLoadContext.GetFirstResolvedAssemblyFromResolvingEvent(AssemblyName assemblyName)
   at System.Runtime.Loader.AssemblyLoadContext.ResolveUsingEvent(AssemblyName assemblyName)
   at System.Runtime.Loader.AssemblyLoadContext.ResolveUsingResolvingEvent(IntPtr gchManagedAssemblyLoadContext, AssemblyName assemblyName)
TpTrace Verbose: 0 : 29160, 1, 2024/04/23, 22:32:27.627, 4765809109397, vstest.console.dll, MetadataReaderExtensionsHelper: Discovering extensions inside assembly 'Microsoft.TestPlatform.Extensions.BlameDataCollector, Version=15.0.0.0, Culture=neutral, PublicKeyToken=b03f5f7f11d50a3a' file path 'C:\Program Files\dotnet\sdk\8.0.202\Extensions\Microsoft.TestPlatform.Extensions.BlameDataCollector.dll'
TpTrace Information: 0 : 29160, 1, 2024/04/23, 22:32:27.628, 4765809114306, vstest.console.dll, GetTestExtensionFromType: Register extension with identifier data 'logger://Microsoft/TestPlatform/Extensions/Blame/v1' and type 'Microsoft.TestPlatform.Extensions.BlameDataCollector.BlameLogger, Microsoft.TestPlatform.Extensions.BlameDataCollector, Version=15.0.0.0, Culture=neutral, PublicKeyToken=b03f5f7f11d50a3a' inside file 'C:\Program Files\dotnet\sdk\8.0.202\Extensions\Microsoft.TestPlatform.Extensions.BlameDataCollector.dll'
TpTrace Verbose: 0 : 29160, 1, 2024/04/23, 22:32:27.628, 4765809114977, vstest.console.dll, MetadataReaderExtensionsHelper: Discovering extensions inside assembly 'Microsoft.TestPlatform.Extensions.EventLogCollector, Version=15.0.0.0, Culture=neutral, PublicKeyToken=b03f5f7f11d50a3a' file path 'C:\Program Files\dotnet\sdk\8.0.202\Extensions\Microsoft.TestPlatform.Extensions.EventLogCollector.dll'
TpTrace Verbose: 0 : 29160, 1, 2024/04/23, 22:32:27.628, 4765809118477, vstest.console.dll, MetadataReaderExtensionsHelper: Discovering extensions inside assembly 'Microsoft.TestPlatform.TestHostRuntimeProvider, Version=15.0.0.0, Culture=neutral, PublicKeyToken=b03f5f7f11d50a3a' file path 'C:\Program Files\dotnet\sdk\8.0.202\Extensions\Microsoft.TestPlatform.TestHostRuntimeProvider.dll'
TpTrace Verbose: 0 : 29160, 1, 2024/04/23, 22:32:27.628, 4765809121367, vstest.console.dll, MetadataReaderExtensionsHelper: Discovering extensions inside assembly 'Microsoft.VisualStudio.TestPlatform.Extensions.Html.TestLogger, Version=15.0.0.0, Culture=neutral, PublicKeyToken=b03f5f7f11d50a3a' file path 'C:\Program Files\dotnet\sdk\8.0.202\Extensions\Microsoft.VisualStudio.TestPlatform.Extensions.Html.TestLogger.dll'
TpTrace Information: 0 : 29160, 1, 2024/04/23, 22:32:27.629, 4765809127315, vstest.console.dll, GetTestExtensionFromType: Register extension with identifier data 'logger://Microsoft/TestPlatform/HtmlLogger/v1' and type 'Microsoft.VisualStudio.TestPlatform.Extensions.HtmlLogger.HtmlLogger, Microsoft.VisualStudio.TestPlatform.Extensions.Html.TestLogger, Version=15.0.0.0, Culture=neutral, PublicKeyToken=b03f5f7f11d50a3a' inside file 'C:\Program Files\dotnet\sdk\8.0.202\Extensions\Microsoft.VisualStudio.TestPlatform.Extensions.Html.TestLogger.dll'
TpTrace Verbose: 0 : 29160, 1, 2024/04/23, 22:32:27.629, 4765809128079, vstest.console.dll, MetadataReaderExtensionsHelper: Discovering extensions inside assembly 'Microsoft.VisualStudio.TestPlatform.Extensions.Trx.TestLogger, Version=15.0.0.0, Culture=neutral, PublicKeyToken=b03f5f7f11d50a3a' file path 'C:\Program Files\dotnet\sdk\8.0.202\Extensions\Microsoft.VisualStudio.TestPlatform.Extensions.Trx.TestLogger.dll'
TpTrace Information: 0 : 29160, 1, 2024/04/23, 22:32:27.629, 4765809131211, vstest.console.dll, GetTestExtensionFromType: Register extension with identifier data 'logger://Microsoft/TestPlatform/TrxLogger/v1' and type 'Microsoft.VisualStudio.TestPlatform.Extensions.TrxLogger.TrxLogger, Microsoft.VisualStudio.TestPlatform.Extensions.Trx.TestLogger, Version=15.0.0.0, Culture=neutral, PublicKeyToken=b03f5f7f11d50a3a' inside file 'C:\Program Files\dotnet\sdk\8.0.202\Extensions\Microsoft.VisualStudio.TestPlatform.Extensions.Trx.TestLogger.dll'
TpTrace Verbose: 0 : 29160, 1, 2024/04/23, 22:32:27.629, 4765809131976, vstest.console.dll, TestPluginCache: Discovered the extensions using extension path ''.
TpTrace Verbose: 0 : 29160, 1, 2024/04/23, 22:32:27.629, 4765809132305, vstest.console.dll, TestPluginCache: Discoverers are ''.
TpTrace Verbose: 0 : 29160, 1, 2024/04/23, 22:32:27.629, 4765809132605, vstest.console.dll, TestPluginCache: Executors are ''.
TpTrace Verbose: 0 : 29160, 1, 2024/04/23, 22:32:27.629, 4765809133020, vstest.console.dll, TestPluginCache: Executors2 are ''.
TpTrace Verbose: 0 : 29160, 1, 2024/04/23, 22:32:27.630, 4765809133338, vstest.console.dll, TestPluginCache: Setting providers are ''.
TpTrace Verbose: 0 : 29160, 1, 2024/04/23, 22:32:27.630, 4765809134052, vstest.console.dll, TestPluginCache: Loggers are 'logger://Microsoft/TestPlatform/Extensions/Blame/v1,logger://Microsoft/TestPlatform/HtmlLogger/v1,logger://Microsoft/TestPlatform/TrxLogger/v1'.
TpTrace Verbose: 0 : 29160, 1, 2024/04/23, 22:32:27.630, 4765809134480, vstest.console.dll, TestPluginCache: TestHosts are 'HostProvider://DefaultTestHost,HostProvider://DotnetTestHost'.
TpTrace Verbose: 0 : 29160, 1, 2024/04/23, 22:32:27.630, 4765809134777, vstest.console.dll, TestPluginCache: DataCollectors are ''.
TpTrace Information: 0 : 29160, 1, 2024/04/23, 22:32:27.631, 4765809144088, vstest.console.dll, TestPluginManager.CreateTestExtension: Attempting to load test extension: Microsoft.TestPlatform.Extensions.BlameDataCollector.BlameLogger
TpTrace Verbose: 0 : 29160, 1, 2024/04/23, 22:32:27.638, 4765809213961, vstest.console.dll, TestEngine: Initializing Parallel Execution as MaxCpuCount is set to: 1
TpTrace Information: 0 : 29160, 1, 2024/04/23, 22:32:27.639, 4765809231209, vstest.console.dll, TestPluginManager.CreateTestExtension: Attempting to load test extension: Microsoft.VisualStudio.TestPlatform.CrossPlatEngine.Hosting.DefaultTestHostManager
TpTrace Information: 0 : 29160, 1, 2024/04/23, 22:32:27.640, 4765809241168, vstest.console.dll, TestPluginManager.CreateTestExtension: Attempting to load test extension: Microsoft.VisualStudio.TestPlatform.CrossPlatEngine.Hosting.DotnetTestHostManager
TpTrace Information: 0 : 29160, 1, 2024/04/23, 22:32:27.641, 4765809247191, vstest.console.dll, InferRunSettingsHelper.IsTestSettingsEnabled: Unable to navigate to RunSettings/MSTest. Current node: RunSettings
TpTrace Verbose: 0 : 29160, 1, 2024/04/23, 22:32:27.642, 4765809257585, vstest.console.dll, ParallelOperationManager.ClearSlots: Clearing all slots. Slots should accept more work: True
TpTrace Verbose: 0 : 29160, 1, 2024/04/23, 22:32:27.643, 4765809263536, vstest.console.dll, ParallelOperationManager.SetOccupiedSlotCount: Setting slot counts AvailableSlotCount = 1, OccupiedSlotCount = 0.
TpTrace Verbose: 0 : 29160, 1, 2024/04/23, 22:32:27.643, 4765809266533, vstest.console.dll, Occupied slots:

TpTrace Verbose: 0 : 29160, 1, 2024/04/23, 22:32:27.646, 4765809299175, vstest.console.dll, TestEngine.GetExecutionManager: Chosen execution manager 'Microsoft.VisualStudio.TestPlatform.CrossPlatEngine.Client.Parallel.ParallelProxyExecutionManager, Microsoft.TestPlatform.CrossPlatEngine, Version=15.0.0.0, Culture=neutral, PublicKeyToken=b03f5f7f11d50a3a' ParallelLevel '1'.
TpTrace Verbose: 0 : 29160, 1, 2024/04/23, 22:32:27.646, 4765809300540, vstest.console.dll, TestRunRequest.ExecuteAsync: Creating test run request.
TpTrace Verbose: 0 : 29160, 1, 2024/04/23, 22:32:27.646, 4765809302871, vstest.console.dll, TestRunRequest.ExecuteAsync: Starting.
TpTrace Information: 0 : 29160, 1, 2024/04/23, 22:32:27.648, 4765809314552, vstest.console.dll, TestRunRequest.ExecuteAsync: Starting run with settings:TestRunCriteria:
   KeepAlive=False,FrequencyOfRunStatsChangeEvent=10,RunStatsChangeEventTimeout=00:00:01.5000000,TestCaseFilter=,TestExecutorLauncher=
   Settingsxml=<RunSettings>
  <RunConfiguration>
    <ResultsDirectory>C:\MyPersonalFiles\GensparkTraining\GitHub\Day10\ClinicAppointmentSolution\ClinicAppointmentBLTest\bin\Debug\net6.0\fine-code-coverage\coverage-tool-output</ResultsDirectory>
    <TargetPlatform>X64</TargetPlatform>
    <TargetFrameworkVersion>.NETCoreApp,Version=v6.0</TargetFrameworkVersion>
    <DesignMode>False</DesignMode>
    <CollectSourceInformation>False</CollectSourceInformation>
  </RunConfiguration>
  <LoggerRunSettings>
    <Loggers>
      <Logger friendlyName="blame" enabled="True" />
      <Logger friendlyName="Console" uri="logger://microsoft/TestPlatform/ConsoleLogger/v1" assemblyQualifiedName="Microsoft.VisualStudio.TestPlatform.CommandLine.Internal.ConsoleLogger, vstest.console, Version=15.0.0.0, Culture=neutral, PublicKeyToken=b03f5f7f11d50a3a" codeBase="C:\Program Files\dotnet\sdk\8.0.202\vstest.console.dll" enabled="True" />
    </Loggers>
  </LoggerRunSettings>
  <DataCollectionRunSettings>
    <DataCollectors>
      <DataCollector friendlyName="blame" enabled="True">
        <Configuration>
          <ResultsDirectory>C:\MyPersonalFiles\GensparkTraining\GitHub\Day10\ClinicAppointmentSolution\ClinicAppointmentBLTest\bin\Debug\net6.0\fine-code-coverage\coverage-tool-output</ResultsDirectory>
        </Configuration>
      </DataCollector>
    </DataCollectors>
  </DataCollectionRunSettings>
</RunSettings>

TpTrace Verbose: 0 : 29160, 1, 2024/04/23, 22:32:27.648, 4765809315313, vstest.console.dll, TestRunRequest.ExecuteAsync: Wait for the first run request is over.
TpTrace Verbose: 0 : 29160, 1, 2024/04/23, 22:32:27.648, 4765809319139, vstest.console.dll, MulticastDelegateUtilities.SafeInvoke: TestRun.TestRunStart: Invoking callbacks was skipped because there are no subscribers.
TpTrace Verbose: 0 : 29160, 5, 2024/04/23, 22:32:27.648, 4765809322349, vstest.console.dll, MulticastDelegateUtilities.SafeInvoke: InternalTestLoggerEvents.SendTestRunStart: Invoking callback 1/1 for Microsoft.VisualStudio.TestPlatform.CommandLine.Internal.ConsoleLogger., took 0 ms.
TpTrace Verbose: 0 : 29160, 1, 2024/04/23, 22:32:27.649, 4765809330594, vstest.console.dll, ParallelProxyExecutionManager: Start execution. Total sources: 1
TpTrace Verbose: 0 : 29160, 1, 2024/04/23, 22:32:27.650, 4765809334233, vstest.console.dll, ParallelOperationManager.StartWork: Starting adding 1 workloads.
TpTrace Verbose: 0 : 29160, 1, 2024/04/23, 22:32:27.650, 4765809334924, vstest.console.dll, ParallelOperationManager.ClearSlots: Clearing all slots. Slots should accept more work: True
TpTrace Verbose: 0 : 29160, 1, 2024/04/23, 22:32:27.650, 4765809335719, vstest.console.dll, ParallelOperationManager.SetOccupiedSlotCount: Setting slot counts AvailableSlotCount = 1, OccupiedSlotCount = 0.
TpTrace Verbose: 0 : 29160, 1, 2024/04/23, 22:32:27.650, 4765809336128, vstest.console.dll, Occupied slots:

TpTrace Verbose: 0 : 29160, 1, 2024/04/23, 22:32:27.651, 4765809349568, vstest.console.dll, TestRequestSender is acting as server.
TpTrace Verbose: 0 : 29160, 1, 2024/04/23, 22:32:27.653, 4765809365853, vstest.console.dll, ParallelOperationManager.RunWorkInParallel: Adding 1 workload to slot, remaining workloads 0.
TpTrace Verbose: 0 : 29160, 1, 2024/04/23, 22:32:27.653, 4765809366493, vstest.console.dll, ParallelOperationManager.SetOccupiedSlotCount: Setting slot counts AvailableSlotCount = 0, OccupiedSlotCount = 1.
TpTrace Verbose: 0 : 29160, 1, 2024/04/23, 22:32:27.653, 4765809367516, vstest.console.dll, Occupied slots:
0: C:\MyPersonalFiles\GensparkTraining\GitHub\Day10\ClinicAppointmentSolution\ClinicAppointmentBLTest\bin\Debug\net6.0\fine-code-coverage\build-output\ClinicAppointmentBLTest.dll
TpTrace Verbose: 0 : 29160, 1, 2024/04/23, 22:32:27.654, 4765809378332, vstest.console.dll, ParallelOperationManager.RunWorkInParallel: Started host in slot number 0 for work (source): C:\MyPersonalFiles\GensparkTraining\GitHub\Day10\ClinicAppointmentSolution\ClinicAppointmentBLTest\bin\Debug\net6.0\fine-code-coverage\build-output\ClinicAppointmentBLTest.dll.
TpTrace Verbose: 0 : 29160, 1, 2024/04/23, 22:32:27.655, 4765809390539, vstest.console.dll, ParallelOperationManager.RunWorkInParallel: We started 1 work items, which is the max parallel level. Won't start more work.
TpTrace Verbose: 0 : 29160, 1, 2024/04/23, 22:32:27.655, 4765809391219, vstest.console.dll, ParallelOperationManager.RunWorkInParallel: We started 1 work items in here, returning True.
TpTrace Verbose: 0 : 29160, 6, 2024/04/23, 22:32:27.655, 4765809391401, vstest.console.dll, ParallelProxyExecutionManager.StartTestRunOnConcurrentManager: Initializing uninitialized client. Started clients: 0
TpTrace Information: 0 : 29160, 1, 2024/04/23, 22:32:27.656, 4765809393403, vstest.console.dll, TestRunRequest.ExecuteAsync: Started.
TpTrace Verbose: 0 : 29160, 6, 2024/04/23, 22:32:27.656, 4765809393720, vstest.console.dll, DataCollectionRequestSender.InitializeCommunication : Initialize communication. 
TpTrace Verbose: 0 : 29160, 1, 2024/04/23, 22:32:27.656, 4765809400164, vstest.console.dll, TestRunRequest.WaitForCompletion: Waiting with timeout -1.
TpTrace Information: 0 : 29160, 6, 2024/04/23, 22:32:27.664, 4765809477908, vstest.console.dll, Listening on Endpoint : 127.0.0.1:51791
TpTrace Verbose: 0 : 29160, 6, 2024/04/23, 22:32:27.672, 4765809557285, vstest.console.dll, DotnetDataCollectionLauncher: Adding  --runtimeconfig "C:\Program Files\dotnet\sdk\8.0.202\datacollector.runtimeconfig.json" in args
TpTrace Verbose: 0 : 29160, 6, 2024/04/23, 22:32:27.672, 4765809561018, vstest.console.dll, DotnetDataCollectionLauncher: Adding  --depsfile "C:\Program Files\dotnet\sdk\8.0.202\datacollector.deps.json" in args
TpTrace Verbose: 0 : 29160, 6, 2024/04/23, 22:32:27.673, 4765809568364, vstest.console.dll, DotnetDataCollectionLauncher: Full path of dotnet.exe is C:\Program Files\dotnet\dotnet.exe
TpTrace Information: 0 : 29160, 6, 2024/04/23, 22:32:27.680, 4765809639224, vstest.console.dll, ProxyDataCollectionManager.Initialize: Launched datacollector processId: 8676 port: 51791
TpTrace Information: 0 : 29160, 6, 2024/04/23, 22:32:27.680, 4765809640796, vstest.console.dll, ProxyDataCollectionManager.Initialize: waiting for connection with timeout: 90 seconds
TpTrace Verbose: 0 : 29160, 6, 2024/04/23, 22:32:27.680, 4765809641334, vstest.console.dll, DataCollectionRequestSender.WaitForRequestHandlerConnection : Waiting for connection with timeout: 90000
TpTrace Verbose: 0 : 29160, 6, 2024/04/23, 22:32:27.946, 4765812299959, vstest.console.dll, SocketCommunicationManager.WaitForClientConnection took: 265 ms, with 90000 ms timeout, and finished with True.
TpTrace Information: 0 : 29160, 8, 2024/04/23, 22:32:27.946, 4765812299960, vstest.console.dll, Using the buffer size of 16384 bytes
TpTrace Verbose: 0 : 29160, 6, 2024/04/23, 22:32:27.946, 4765812301788, vstest.console.dll, ProxyDataCollectionManager.InvokeDataCollectionServiceAction: Starting.
TpTrace Information: 0 : 29160, 8, 2024/04/23, 22:32:27.946, 4765812302449, vstest.console.dll, Accepted Client request and set the flag
TpTrace Information: 0 : 29160, 6, 2024/04/23, 22:32:27.946, 4765812302510, vstest.console.dll, ProxyDataCollectionManager.BeforeTestRunStart: Get environment variable and port for datacollector processId: 8676 port: 51791
TpTrace Verbose: 0 : 29160, 6, 2024/04/23, 22:32:27.947, 4765812304072, vstest.console.dll, DataCollectionRequestSender.SendBeforeTestRunStartAndGetResult: Send BeforeTestRunStart message with settingsXml <RunSettings><RunConfiguration><ResultsDirectory>C:\MyPersonalFiles\GensparkTraining\GitHub\Day10\ClinicAppointmentSolution\ClinicAppointmentBLTest\bin\Debug\net6.0\fine-code-coverage\coverage-tool-output</ResultsDirectory><TargetPlatform>X64</TargetPlatform><TargetFrameworkVersion>.NETCoreApp,Version=v6.0</TargetFrameworkVersion><DesignMode>False</DesignMode><CollectSourceInformation>False</CollectSourceInformation><TestAdaptersPaths>C:\Program Files\dotnet\sdk\8.0.202\Extensions</TestAdaptersPaths></RunConfiguration><LoggerRunSettings><Loggers><Logger friendlyName="blame" enabled="True" /><Logger friendlyName="Console" uri="logger://microsoft/TestPlatform/ConsoleLogger/v1" assemblyQualifiedName="Microsoft.VisualStudio.TestPlatform.CommandLine.Internal.ConsoleLogger, vstest.console, Version=15.0.0.0, Culture=neutral, PublicKeyToken=b03f5f7f11d50a3a" codeBase="C:\Program Files\dotnet\sdk\8.0.202\vstest.console.dll" enabled="True" /></Loggers></LoggerRunSettings><DataCollectionRunSettings><DataCollectors><DataCollector friendlyName="blame" enabled="True"><Configuration><ResultsDirectory>C:\MyPersonalFiles\GensparkTraining\GitHub\Day10\ClinicAppointmentSolution\ClinicAppointmentBLTest\bin\Debug\net6.0\fine-code-coverage\coverage-tool-output</ResultsDirectory></Configuration></DataCollector></DataCollectors></DataCollectionRunSettings></RunSettings> and sources System.Collections.Generic.List`1[System.String]: 
TpTrace Verbose: 0 : 29160, 6, 2024/04/23, 22:32:28.031, 4765813153277, vstest.console.dll, DataCollectionRequestSender.SendBeforeTestRunStartAndGetResult: Received message: (DataCollection.SendMessage) -> {"MessageType":"DataCollection.SendMessage","Payload":{"FriendlyName":null,"Uri":null,"TestCaseId":"00000000-0000-0000-0000-000000000000","Message":"Logging DataCollector Diagnostics in file: C:\\MyPersonalFiles\\GensparkTraining\\GitHub\\Day10\\ClinicAppointmentSolution\\ClinicAppointmentBLTest\\bin\\Debug\\net6.0\\fine-code-coverage\\coverage-tool-output\\diagnostics.datacollector.24-04-23_22-32-27_67209_6.log","Level":0}}
TpTrace Verbose: 0 : 29160, 6, 2024/04/23, 22:32:28.146, 4765814293682, vstest.console.dll, DataCollectionRequestSender.SendBeforeTestRunStartAndGetResult: Received message: (DataCollection.BeforeTestRunStartResult) -> {"MessageType":"DataCollection.BeforeTestRunStartResult","Payload":{"EnvironmentVariables":{},"DataCollectionEventsPort":51793}}
TpTrace Information: 0 : 29160, 6, 2024/04/23, 22:32:28.153, 4765814372440, vstest.console.dll, ProxyDataCollectionManager.BeforeTestRunStart: SendBeforeTestRunStartAndGetResult successful, env variable from datacollector:   and testhost port: 51793
TpTrace Information: 0 : 29160, 6, 2024/04/23, 22:32:28.154, 4765814374258, vstest.console.dll, ProxyDataCollectionManager.InvokeDataCollectionServiceAction: Completed.
TpTrace Verbose: 0 : 29160, 6, 2024/04/23, 22:32:28.154, 4765814374674, vstest.console.dll, ParallelProxyExecutionManager.StartTestRunOnConcurrentManager: Initializing test run. Started clients: 0
TpTrace Verbose: 0 : 29160, 6, 2024/04/23, 22:32:28.154, 4765814375515, vstest.console.dll, ProxyExecutionManager: Test host is always Lazy initialize.
TpTrace Verbose: 0 : 29160, 6, 2024/04/23, 22:32:28.154, 4765814377825, vstest.console.dll, TestRequestSender.InitializeCommunication: initialize communication. 
TpTrace Information: 0 : 29160, 6, 2024/04/23, 22:32:28.155, 4765814383793, vstest.console.dll, SocketServer.Start: Listening on endpoint : 127.0.0.1:51794
TpTrace Verbose: 0 : 29160, 6, 2024/04/23, 22:32:28.156, 4765814395062, vstest.console.dll, DotnetTestHostmanager.GetTestHostProcessStartInfo: Platform environment 'X64' target architecture 'X64' framework '.NETCoreApp,Version=v6.0' OS 'Windows'
TpTrace Verbose: 0 : 29160, 6, 2024/04/23, 22:32:28.156, 4765814399173, vstest.console.dll, DotnetTestHostmanager: Adding  --runtimeconfig "C:\MyPersonalFiles\GensparkTraining\GitHub\Day10\ClinicAppointmentSolution\ClinicAppointmentBLTest\bin\Debug\net6.0\fine-code-coverage\build-output\ClinicAppointmentBLTest.runtimeconfig.json" in args
TpTrace Verbose: 0 : 29160, 6, 2024/04/23, 22:32:28.156, 4765814400475, vstest.console.dll, DotnetTestHostmanager: Adding  --depsfile "C:\MyPersonalFiles\GensparkTraining\GitHub\Day10\ClinicAppointmentSolution\ClinicAppointmentBLTest\bin\Debug\net6.0\fine-code-coverage\build-output\ClinicAppointmentBLTest.deps.json" in args
TpTrace Verbose: 0 : 29160, 6, 2024/04/23, 22:32:28.156, 4765814403206, vstest.console.dll, DotnetTestHostmanager.IsWinOnArm: Current PROCESSOR_ARCHITECTURE from environment variable 'AMD64'
TpTrace Verbose: 0 : 29160, 6, 2024/04/23, 22:32:28.157, 4765814404055, vstest.console.dll, DotnetTestHostmanager.IsWinOnArm: Is Windows on ARM 'False'
TpTrace Verbose: 0 : 29160, 6, 2024/04/23, 22:32:28.157, 4765814405389, vstest.console.dll, DotnetTestHostManager: testhost.exe found at path: C:\MyPersonalFiles\GensparkTraining\GitHub\Day10\ClinicAppointmentSolution\ClinicAppointmentBLTest\bin\Debug\net6.0\fine-code-coverage\build-output\testhost.exe
TpTrace Verbose: 0 : 29160, 6, 2024/04/23, 22:32:28.157, 4765814405963, vstest.console.dll, DotnetTestHostmanager: Full path of host exe is C:\MyPersonalFiles\GensparkTraining\GitHub\Day10\ClinicAppointmentSolution\ClinicAppointmentBLTest\bin\Debug\net6.0\fine-code-coverage\build-output\testhost.exe
TpTrace Verbose: 0 : 29160, 6, 2024/04/23, 22:32:28.157, 4765814407762, vstest.console.dll, DotnetTestHostmanager.LaunchTestHostAsync: Found 'VSTEST_WINAPPHOST_DOTNET_ROOT' in env variables, value 'C:\Program Files\dotnet', forwarding to 'DOTNET_ROOT'
TpTrace Verbose: 0 : 29160, 6, 2024/04/23, 22:32:28.157, 4765814409986, vstest.console.dll, DotnetTestHostManager: Starting process 'C:\MyPersonalFiles\GensparkTraining\GitHub\Day10\ClinicAppointmentSolution\ClinicAppointmentBLTest\bin\Debug\net6.0\fine-code-coverage\build-output\testhost.exe' with command line ' --runtimeconfig "C:\MyPersonalFiles\GensparkTraining\GitHub\Day10\ClinicAppointmentSolution\ClinicAppointmentBLTest\bin\Debug\net6.0\fine-code-coverage\build-output\ClinicAppointmentBLTest.runtimeconfig.json" --depsfile "C:\MyPersonalFiles\GensparkTraining\GitHub\Day10\ClinicAppointmentSolution\ClinicAppointmentBLTest\bin\Debug\net6.0\fine-code-coverage\build-output\ClinicAppointmentBLTest.deps.json" --port 51794 --endpoint 127.0.0.1:051794 --role client --parentprocessid 29160 --diag "C:\MyPersonalFiles\GensparkTraining\GitHub\Day10\ClinicAppointmentSolution\ClinicAppointmentBLTest\bin\Debug\net6.0\fine-code-coverage\coverage-tool-output\diagnostics.host.24-04-23_22-32-28_15564_6.log" --tracelevel 4 --datacollectionport 51793 --telemetryoptedin false'
TpTrace Verbose: 0 : 29160, 6, 2024/04/23, 22:32:28.168, 4765814520755, vstest.console.dll, MulticastDelegateUtilities.SafeInvoke: HostProviderEvents.OnHostLaunched: Invoking callback 1/2 for Microsoft.VisualStudio.TestPlatform.CrossPlatEngine.Client.ProxyExecutionManagerWithDataCollection., took 1 ms.
TpTrace Verbose: 0 : 29160, 6, 2024/04/23, 22:32:28.169, 4765814525733, vstest.console.dll, Test Runtime launched
TpTrace Verbose: 0 : 29160, 6, 2024/04/23, 22:32:28.169, 4765814527035, vstest.console.dll, MulticastDelegateUtilities.SafeInvoke: HostProviderEvents.OnHostLaunched: Invoking callback 2/2 for Microsoft.VisualStudio.TestPlatform.CrossPlatEngine.Client.ProxyOperationManager., took 0 ms.
TpTrace Verbose: 0 : 29160, 6, 2024/04/23, 22:32:28.169, 4765814529082, vstest.console.dll, TestRequestSender.WaitForRequestHandlerConnection: waiting for connection with timeout: 90000.
TpTrace Verbose: 0 : 29160, 6, 2024/04/23, 22:32:28.442, 4765817262479, vstest.console.dll, TestRequestSender.WaitForRequestHandlerConnection: waiting took 273 ms, with timeout 90000 ms, and result 0, which is success.
TpTrace Verbose: 0 : 29160, 12, 2024/04/23, 22:32:28.442, 4765817262476, vstest.console.dll, MulticastDelegateUtilities.SafeInvoke: SocketServer: ClientConnected: Invoking callback 1/1 for Microsoft.VisualStudio.TestPlatform.CommunicationUtilities.TestRequestSender., took 0 ms.
TpTrace Verbose: 0 : 29160, 12, 2024/04/23, 22:32:28.443, 4765817265486, vstest.console.dll, SocketServer.OnClientConnected: Client connected for endPoint: 127.0.0.1:51794, starting MessageLoopAsync:
TpTrace Verbose: 0 : 29160, 14, 2024/04/23, 22:32:28.443, 4765817271800, vstest.console.dll, TcpClientExtensions.MessageLoopAsync: Polling on remoteEndPoint: 127.0.0.1:51795 localEndPoint: 127.0.0.1:51794 after 0 ms
TpTrace Verbose: 0 : 29160, 6, 2024/04/23, 22:32:28.444, 4765817277533, vstest.console.dll, TestRequestSender.CheckVersionWithTestHost: Sending check version message: {"MessageType":"ProtocolVersion","Payload":7}
TpTrace Verbose: 0 : 29160, 14, 2024/04/23, 22:32:28.567, 4765818511939, vstest.console.dll, TcpClientExtensions.MessageLoopAsync: NotifyDataAvailable remoteEndPoint: 127.0.0.1:51795 localEndPoint: 127.0.0.1:51794
TpTrace Verbose: 0 : 29160, 14, 2024/04/23, 22:32:28.568, 4765818516138, vstest.console.dll, TestRequestSender.CheckVersionWithTestHost: onMessageReceived received message: (ProtocolVersion) -> {"MessageType":"ProtocolVersion","Payload":7}
TpTrace Verbose: 0 : 29160, 14, 2024/04/23, 22:32:28.569, 4765818523667, vstest.console.dll, MulticastDelegateUtilities.SafeInvoke: LengthPrefixCommunicationChannel: MessageReceived: Invoking callback 1/1 for Microsoft.VisualStudio.TestPlatform.CommunicationUtilities.TestRequestSender+<>c__DisplayClass29_0., took 0 ms.
TpTrace Verbose: 0 : 29160, 14, 2024/04/23, 22:32:28.569, 4765818524840, vstest.console.dll, TcpClientExtensions.MessageLoopAsync: Polling on remoteEndPoint: 127.0.0.1:51795 localEndPoint: 127.0.0.1:51794 after 125 ms
TpTrace Verbose: 0 : 29160, 6, 2024/04/23, 22:32:28.569, 4765818525242, vstest.console.dll, TestPluginCache.GetExtensionPaths: Filtered extension paths: 
TpTrace Verbose: 0 : 29160, 6, 2024/04/23, 22:32:28.569, 4765818526840, vstest.console.dll, TestPluginCache.GetExtensionPaths: Added default extension paths: C:\Program Files\dotnet\sdk\8.0.202\Extensions\Microsoft.Diagnostics.NETCore.Client.dll
C:\Program Files\dotnet\sdk\8.0.202\Extensions\Microsoft.TestPlatform.Extensions.BlameDataCollector.dll
C:\Program Files\dotnet\sdk\8.0.202\Extensions\Microsoft.TestPlatform.Extensions.EventLogCollector.dll
C:\Program Files\dotnet\sdk\8.0.202\Extensions\Microsoft.TestPlatform.TestHostRuntimeProvider.dll
C:\Program Files\dotnet\sdk\8.0.202\Extensions\Microsoft.VisualStudio.TestPlatform.Extensions.Html.TestLogger.dll
C:\Program Files\dotnet\sdk\8.0.202\Extensions\Microsoft.VisualStudio.TestPlatform.Extensions.Trx.TestLogger.dll
TpTrace Verbose: 0 : 29160, 6, 2024/04/23, 22:32:28.569, 4765818527300, vstest.console.dll, TestPluginCache.GetExtensionPaths: Added unfilterableExtensionPaths: 
TpTrace Verbose: 0 : 29160, 14, 2024/04/23, 22:32:28.572, 4765818554974, vstest.console.dll, TcpClientExtensions.MessageLoopAsync: NotifyDataAvailable remoteEndPoint: 127.0.0.1:51795 localEndPoint: 127.0.0.1:51794
TpTrace Verbose: 0 : 29160, 6, 2024/04/23, 22:32:28.572, 4765818556807, vstest.console.dll, TestRequestSender.InitializeExecution: Sending initialize execution with message: {"Version":7,"MessageType":"TestExecution.Initialize","Payload":["C:\\MyPersonalFiles\\GensparkTraining\\GitHub\\Day10\\ClinicAppointmentSolution\\ClinicAppointmentBLTest\\bin\\Debug\\net6.0\\fine-code-coverage\\build-output\\NUnit3.TestAdapter.dll"]}
TpTrace Verbose: 0 : 29160, 6, 2024/04/23, 22:32:28.572, 4765818559360, vstest.console.dll, ParallelProxyExecutionManager.StartTestRunOnConcurrentManager: Execution starting. Started clients: 1
TpTrace Verbose: 0 : 29160, 6, 2024/04/23, 22:32:28.572, 4765818562313, vstest.console.dll, TestRunRequest:SendTestRunMessage: Starting.
TpTrace Verbose: 0 : 29160, 6, 2024/04/23, 22:32:28.573, 4765818564143, vstest.console.dll, MulticastDelegateUtilities.SafeInvoke: TestRun.LogMessages: Invoking callback 1/1 for Microsoft.VisualStudio.TestPlatform.CommandLine.TestRunResultAggregator., took 0 ms.
TpTrace Information: 0 : 29160, 6, 2024/04/23, 22:32:28.573, 4765818564814, vstest.console.dll, TestRunRequest:SendTestRunMessage: Completed.
TpTrace Verbose: 0 : 29160, 5, 2024/04/23, 22:32:28.573, 4765818567173, vstest.console.dll, MulticastDelegateUtilities.SafeInvoke: InternalTestLoggerEvents.SendTestRunMessage: Invoking callback 1/1 for Microsoft.VisualStudio.TestPlatform.CommandLine.Internal.ConsoleLogger., took 0 ms.
TpTrace Warning: 0 : 29160, 6, 2024/04/23, 22:32:28.573, 4765818569813, vstest.console.dll, InferRunSettingsHelper.MakeRunsettingsCompatible: Removing the following settings: TargetPlatform from RunSettings file. To use those settings please move to latest version of Microsoft.NET.Test.Sdk
TpTrace Verbose: 0 : 29160, 14, 2024/04/23, 22:32:28.574, 4765818577771, vstest.console.dll, TestRequestSender.OnExecutionMessageReceived: Received message: {"Version":7,"MessageType":"TestSession.Message","Payload":{"MessageLevel":0,"Message":"Logging TestHost Diagnostics in file: C:\\MyPersonalFiles\\GensparkTraining\\GitHub\\Day10\\ClinicAppointmentSolution\\ClinicAppointmentBLTest\\bin\\Debug\\net6.0\\fine-code-coverage\\coverage-tool-output\\diagnostics.host.24-04-23_22-32-28_15564_6.log"}}
TpTrace Verbose: 0 : 29160, 14, 2024/04/23, 22:32:28.576, 4765818601633, vstest.console.dll, TestRunRequest:SendTestRunMessage: Starting.
TpTrace Verbose: 0 : 29160, 14, 2024/04/23, 22:32:28.576, 4765818603254, vstest.console.dll, MulticastDelegateUtilities.SafeInvoke: TestRun.LogMessages: Invoking callback 1/1 for Microsoft.VisualStudio.TestPlatform.CommandLine.TestRunResultAggregator., took 0 ms.
TpTrace Information: 0 : 29160, 14, 2024/04/23, 22:32:28.577, 4765818603696, vstest.console.dll, TestRunRequest:SendTestRunMessage: Completed.
TpTrace Verbose: 0 : 29160, 14, 2024/04/23, 22:32:28.577, 4765818604150, vstest.console.dll, MulticastDelegateUtilities.SafeInvoke: LengthPrefixCommunicationChannel: MessageReceived: Invoking callback 1/1 for Microsoft.VisualStudio.TestPlatform.CommunicationUtilities.TestRequestSender+<>c__DisplayClass34_0., took 2 ms.
TpTrace Verbose: 0 : 29160, 5, 2024/04/23, 22:32:28.577, 4765818604428, vstest.console.dll, MulticastDelegateUtilities.SafeInvoke: InternalTestLoggerEvents.SendTestRunMessage: Invoking callback 1/1 for Microsoft.VisualStudio.TestPlatform.CommandLine.Internal.ConsoleLogger., took 0 ms.
TpTrace Verbose: 0 : 29160, 14, 2024/04/23, 22:32:28.577, 4765818604667, vstest.console.dll, TcpClientExtensions.MessageLoopAsync: Polling on remoteEndPoint: 127.0.0.1:51795 localEndPoint: 127.0.0.1:51794 after 7 ms
TpTrace Verbose: 0 : 29160, 6, 2024/04/23, 22:32:28.579, 4765818631158, vstest.console.dll, TestRequestSender.StartTestRun: Sending test run with message: {"Version":7,"MessageType":"TestExecution.StartWithSources","Payload":{"AdapterSourceMap":{"_none_":["C:\\MyPersonalFiles\\GensparkTraining\\GitHub\\Day10\\ClinicAppointmentSolution\\ClinicAppointmentBLTest\\bin\\Debug\\net6.0\\fine-code-coverage\\build-output\\ClinicAppointmentBLTest.dll"]},"RunSettings":"<RunSettings>\r\n  <RunConfiguration>\r\n    <ResultsDirectory>C:\\MyPersonalFiles\\GensparkTraining\\GitHub\\Day10\\ClinicAppointmentSolution\\ClinicAppointmentBLTest\\bin\\Debug\\net6.0\\fine-code-coverage\\coverage-tool-output</ResultsDirectory>\r\n    <TargetFrameworkVersion>.NETCoreApp,Version=v6.0</TargetFrameworkVersion>\r\n    <DesignMode>False</DesignMode>\r\n    <CollectSourceInformation>False</CollectSourceInformation>\r\n  </RunConfiguration>\r\n  <LoggerRunSettings>\r\n    <Loggers>\r\n      <Logger friendlyName=\"blame\" enabled=\"True\" />\r\n      <Logger friendlyName=\"Console\" uri=\"logger://microsoft/TestPlatform/ConsoleLogger/v1\" assemblyQualifiedName=\"Microsoft.VisualStudio.TestPlatform.CommandLine.Internal.ConsoleLogger, vstest.console, Version=15.0.0.0, Culture=neutral, PublicKeyToken=b03f5f7f11d50a3a\" codeBase=\"C:\\Program Files\\dotnet\\sdk\\8.0.202\\vstest.console.dll\" enabled=\"True\" />\r\n    </Loggers>\r\n  </LoggerRunSettings>\r\n  <DataCollectionRunSettings>\r\n    <DataCollectors>\r\n      <DataCollector friendlyName=\"blame\" enabled=\"True\">\r\n        <Configuration>\r\n          <ResultsDirectory>C:\\MyPersonalFiles\\GensparkTraining\\GitHub\\Day10\\ClinicAppointmentSolution\\ClinicAppointmentBLTest\\bin\\Debug\\net6.0\\fine-code-coverage\\coverage-tool-output</ResultsDirectory>\r\n        </Configuration>\r\n      </DataCollector>\r\n    </DataCollectors>\r\n  </DataCollectionRunSettings>\r\n</RunSettings>","TestExecutionContext":{"FrequencyOfRunStatsChangeEvent":10,"RunStatsChangeEventTimeout":"00:00:01.5000000","InIsolation":false,"KeepAlive":false,"AreTestCaseLevelEventsRequired":false,"IsDebug":false,"TestCaseFilter":null,"FilterOptions":null},"Package":null}}
TpTrace Verbose: 0 : 29160, 6, 2024/04/23, 22:32:28.580, 4765818634202, vstest.console.dll, ParallelProxyExecutionManager.StartTestRunOnConcurrentManager: Execution started. Started clients: 1
TpTrace Verbose: 0 : 29160, 14, 2024/04/23, 22:32:28.747, 4765820310842, vstest.console.dll, TcpClientExtensions.MessageLoopAsync: NotifyDataAvailable remoteEndPoint: 127.0.0.1:51795 localEndPoint: 127.0.0.1:51794
TpTrace Verbose: 0 : 29160, 14, 2024/04/23, 22:32:28.747, 4765820312866, vstest.console.dll, TestRequestSender.OnExecutionMessageReceived: Received message: {"Version":7,"MessageType":"TestSession.Message","Payload":{"MessageLevel":0,"Message":"NUnit Adapter 4.4.0.0: Test execution started"}}
TpTrace Verbose: 0 : 29160, 14, 2024/04/23, 22:32:28.748, 4765820314932, vstest.console.dll, TestRunRequest:SendTestRunMessage: Starting.
TpTrace Verbose: 0 : 29160, 14, 2024/04/23, 22:32:28.748, 4765820315679, vstest.console.dll, MulticastDelegateUtilities.SafeInvoke: TestRun.LogMessages: Invoking callback 1/1 for Microsoft.VisualStudio.TestPlatform.CommandLine.TestRunResultAggregator., took 0 ms.
TpTrace Information: 0 : 29160, 14, 2024/04/23, 22:32:28.748, 4765820316071, vstest.console.dll, TestRunRequest:SendTestRunMessage: Completed.
TpTrace Verbose: 0 : 29160, 5, 2024/04/23, 22:32:28.748, 4765820316113, vstest.console.dll, MulticastDelegateUtilities.SafeInvoke: InternalTestLoggerEvents.SendTestRunMessage: Invoking callback 1/1 for Microsoft.VisualStudio.TestPlatform.CommandLine.Internal.ConsoleLogger., took 0 ms.
TpTrace Verbose: 0 : 29160, 14, 2024/04/23, 22:32:28.748, 4765820316539, vstest.console.dll, MulticastDelegateUtilities.SafeInvoke: LengthPrefixCommunicationChannel: MessageReceived: Invoking callback 1/1 for Microsoft.VisualStudio.TestPlatform.CommunicationUtilities.TestRequestSender+<>c__DisplayClass34_0., took 0 ms.
TpTrace Verbose: 0 : 29160, 14, 2024/04/23, 22:32:28.748, 4765820318122, vstest.console.dll, TcpClientExtensions.MessageLoopAsync: Polling on remoteEndPoint: 127.0.0.1:51795 localEndPoint: 127.0.0.1:51794 after 171 ms
TpTrace Verbose: 0 : 29160, 14, 2024/04/23, 22:32:28.782, 4765820656542, vstest.console.dll, TcpClientExtensions.MessageLoopAsync: NotifyDataAvailable remoteEndPoint: 127.0.0.1:51795 localEndPoint: 127.0.0.1:51794
TpTrace Verbose: 0 : 29160, 14, 2024/04/23, 22:32:28.782, 4765820659013, vstest.console.dll, TestRequestSender.OnExecutionMessageReceived: Received message: {"Version":7,"MessageType":"TestSession.Message","Payload":{"MessageLevel":0,"Message":"Running all tests in C:\\MyPersonalFiles\\GensparkTraining\\GitHub\\Day10\\ClinicAppointmentSolution\\ClinicAppointmentBLTest\\bin\\Debug\\net6.0\\fine-code-coverage\\build-output\\ClinicAppointmentBLTest.dll"}}
TpTrace Verbose: 0 : 29160, 14, 2024/04/23, 22:32:28.782, 4765820660449, vstest.console.dll, TestRunRequest:SendTestRunMessage: Starting.
TpTrace Verbose: 0 : 29160, 14, 2024/04/23, 22:32:28.782, 4765820661045, vstest.console.dll, MulticastDelegateUtilities.SafeInvoke: TestRun.LogMessages: Invoking callback 1/1 for Microsoft.VisualStudio.TestPlatform.CommandLine.TestRunResultAggregator., took 0 ms.
TpTrace Information: 0 : 29160, 14, 2024/04/23, 22:32:28.782, 4765820661347, vstest.console.dll, TestRunRequest:SendTestRunMessage: Completed.
TpTrace Verbose: 0 : 29160, 14, 2024/04/23, 22:32:28.782, 4765820661646, vstest.console.dll, MulticastDelegateUtilities.SafeInvoke: LengthPrefixCommunicationChannel: MessageReceived: Invoking callback 1/1 for Microsoft.VisualStudio.TestPlatform.CommunicationUtilities.TestRequestSender+<>c__DisplayClass34_0., took 0 ms.
TpTrace Verbose: 0 : 29160, 14, 2024/04/23, 22:32:28.782, 4765820662039, vstest.console.dll, TcpClientExtensions.MessageLoopAsync: Polling on remoteEndPoint: 127.0.0.1:51795 localEndPoint: 127.0.0.1:51794 after 34 ms
TpTrace Verbose: 0 : 29160, 5, 2024/04/23, 22:32:28.782, 4765820662406, vstest.console.dll, MulticastDelegateUtilities.SafeInvoke: InternalTestLoggerEvents.SendTestRunMessage: Invoking callback 1/1 for Microsoft.VisualStudio.TestPlatform.CommandLine.Internal.ConsoleLogger., took 0 ms.
TpTrace Verbose: 0 : 29160, 14, 2024/04/23, 22:32:28.941, 4765822250817, vstest.console.dll, TcpClientExtensions.MessageLoopAsync: NotifyDataAvailable remoteEndPoint: 127.0.0.1:51795 localEndPoint: 127.0.0.1:51794
TpTrace Verbose: 0 : 29160, 14, 2024/04/23, 22:32:28.941, 4765822252924, vstest.console.dll, TestRequestSender.OnExecutionMessageReceived: Received message: {"Version":7,"MessageType":"TestSession.Message","Payload":{"MessageLevel":0,"Message":"   NUnit3TestExecutor discovered 25 of 25 NUnit test cases using Current Discovery mode, Non-Explicit run"}}
TpTrace Verbose: 0 : 29160, 14, 2024/04/23, 22:32:28.942, 4765822254475, vstest.console.dll, TestRunRequest:SendTestRunMessage: Starting.
TpTrace Verbose: 0 : 29160, 14, 2024/04/23, 22:32:28.942, 4765822255255, vstest.console.dll, MulticastDelegateUtilities.SafeInvoke: TestRun.LogMessages: Invoking callback 1/1 for Microsoft.VisualStudio.TestPlatform.CommandLine.TestRunResultAggregator., took 0 ms.
TpTrace Verbose: 0 : 29160, 5, 2024/04/23, 22:32:28.942, 4765822255657, vstest.console.dll, MulticastDelegateUtilities.SafeInvoke: InternalTestLoggerEvents.SendTestRunMessage: Invoking callback 1/1 for Microsoft.VisualStudio.TestPlatform.CommandLine.Internal.ConsoleLogger., took 0 ms.
TpTrace Information: 0 : 29160, 14, 2024/04/23, 22:32:28.942, 4765822255721, vstest.console.dll, TestRunRequest:SendTestRunMessage: Completed.
TpTrace Verbose: 0 : 29160, 14, 2024/04/23, 22:32:28.942, 4765822257845, vstest.console.dll, MulticastDelegateUtilities.SafeInvoke: LengthPrefixCommunicationChannel: MessageReceived: Invoking callback 1/1 for Microsoft.VisualStudio.TestPlatform.CommunicationUtilities.TestRequestSender+<>c__DisplayClass34_0., took 0 ms.
TpTrace Verbose: 0 : 29160, 14, 2024/04/23, 22:32:28.942, 4765822258355, vstest.console.dll, TcpClientExtensions.MessageLoopAsync: Polling on remoteEndPoint: 127.0.0.1:51795 localEndPoint: 127.0.0.1:51794 after 159 ms
TpTrace Verbose: 0 : 29160, 14, 2024/04/23, 22:32:29.061, 4765823452454, vstest.console.dll, TcpClientExtensions.MessageLoopAsync: NotifyDataAvailable remoteEndPoint: 127.0.0.1:51795 localEndPoint: 127.0.0.1:51794
TpTrace Verbose: 0 : 29160, 14, 2024/04/23, 22:32:29.062, 4765823453945, vstest.console.dll, TestRequestSender.OnExecutionMessageReceived: Received message: {"Version":7,"MessageType":"TestSession.Message","Payload":{"MessageLevel":1,"Message":"Employee class default constructor\r\n"}}
TpTrace Verbose: 0 : 29160, 14, 2024/04/23, 22:32:29.062, 4765823455288, vstest.console.dll, TestRunRequest:SendTestRunMessage: Starting.
TpTrace Verbose: 0 : 29160, 14, 2024/04/23, 22:32:29.062, 4765823455954, vstest.console.dll, MulticastDelegateUtilities.SafeInvoke: TestRun.LogMessages: Invoking callback 1/1 for Microsoft.VisualStudio.TestPlatform.CommandLine.TestRunResultAggregator., took 0 ms.
TpTrace Information: 0 : 29160, 14, 2024/04/23, 22:32:29.062, 4765823456402, vstest.console.dll, TestRunRequest:SendTestRunMessage: Completed.
TpTrace Verbose: 0 : 29160, 14, 2024/04/23, 22:32:29.062, 4765823456796, vstest.console.dll, MulticastDelegateUtilities.SafeInvoke: LengthPrefixCommunicationChannel: MessageReceived: Invoking callback 1/1 for Microsoft.VisualStudio.TestPlatform.CommunicationUtilities.TestRequestSender+<>c__DisplayClass34_0., took 0 ms.
TpTrace Verbose: 0 : 29160, 14, 2024/04/23, 22:32:29.062, 4765823457287, vstest.console.dll, TcpClientExtensions.MessageLoopAsync: Polling on remoteEndPoint: 127.0.0.1:51795 localEndPoint: 127.0.0.1:51794 after 119 ms
TpTrace Verbose: 0 : 29160, 5, 2024/04/23, 22:32:29.062, 4765823458303, vstest.console.dll, MulticastDelegateUtilities.SafeInvoke: InternalTestLoggerEvents.SendTestRunMessage: Invoking callback 1/1 for Microsoft.VisualStudio.TestPlatform.CommandLine.Internal.ConsoleLogger., took 0 ms.
TpTrace Verbose: 0 : 29160, 14, 2024/04/23, 22:32:29.082, 4765823663132, vstest.console.dll, TcpClientExtensions.MessageLoopAsync: NotifyDataAvailable remoteEndPoint: 127.0.0.1:51795 localEndPoint: 127.0.0.1:51794
TpTrace Verbose: 0 : 29160, 14, 2024/04/23, 22:32:29.083, 4765823665191, vstest.console.dll, TestRequestSender.OnExecutionMessageReceived: Received message: {"Version":7,"MessageType":"TestSession.Message","Payload":{"MessageLevel":1,"Message":"Employee class default constructor\r\nEmployee class default constructor\r\n"}}
TpTrace Verbose: 0 : 29160, 14, 2024/04/23, 22:32:29.083, 4765823666902, vstest.console.dll, TestRunRequest:SendTestRunMessage: Starting.
TpTrace Verbose: 0 : 29160, 14, 2024/04/23, 22:32:29.083, 4765823667624, vstest.console.dll, MulticastDelegateUtilities.SafeInvoke: TestRun.LogMessages: Invoking callback 1/1 for Microsoft.VisualStudio.TestPlatform.CommandLine.TestRunResultAggregator., took 0 ms.
TpTrace Information: 0 : 29160, 14, 2024/04/23, 22:32:29.083, 4765823668057, vstest.console.dll, TestRunRequest:SendTestRunMessage: Completed.
TpTrace Verbose: 0 : 29160, 14, 2024/04/23, 22:32:29.083, 4765823668520, vstest.console.dll, MulticastDelegateUtilities.SafeInvoke: LengthPrefixCommunicationChannel: MessageReceived: Invoking callback 1/1 for Microsoft.VisualStudio.TestPlatform.CommunicationUtilities.TestRequestSender+<>c__DisplayClass34_0., took 0 ms.
TpTrace Verbose: 0 : 29160, 5, 2024/04/23, 22:32:29.083, 4765823668868, vstest.console.dll, MulticastDelegateUtilities.SafeInvoke: InternalTestLoggerEvents.SendTestRunMessage: Invoking callback 1/1 for Microsoft.VisualStudio.TestPlatform.CommandLine.Internal.ConsoleLogger., took 0 ms.
TpTrace Verbose: 0 : 29160, 14, 2024/04/23, 22:32:29.083, 4765823669056, vstest.console.dll, TcpClientExtensions.MessageLoopAsync: Polling on remoteEndPoint: 127.0.0.1:51795 localEndPoint: 127.0.0.1:51794 after 21 ms
TpTrace Verbose: 0 : 29160, 14, 2024/04/23, 22:32:29.086, 4765823695495, vstest.console.dll, TcpClientExtensions.MessageLoopAsync: NotifyDataAvailable remoteEndPoint: 127.0.0.1:51795 localEndPoint: 127.0.0.1:51794
TpTrace Verbose: 0 : 29160, 14, 2024/04/23, 22:32:29.086, 4765823696894, vstest.console.dll, TestRequestSender.OnExecutionMessageReceived: Received message: {"Version":7,"MessageType":"TestSession.Message","Payload":{"MessageLevel":1,"Message":"Employee class default constructor\r\n"}}
TpTrace Verbose: 0 : 29160, 14, 2024/04/23, 22:32:29.086, 4765823698064, vstest.console.dll, TestRunRequest:SendTestRunMessage: Starting.
TpTrace Verbose: 0 : 29160, 14, 2024/04/23, 22:32:29.086, 4765823698791, vstest.console.dll, MulticastDelegateUtilities.SafeInvoke: TestRun.LogMessages: Invoking callback 1/1 for Microsoft.VisualStudio.TestPlatform.CommandLine.TestRunResultAggregator., took 0 ms.
TpTrace Information: 0 : 29160, 14, 2024/04/23, 22:32:29.086, 4765823699265, vstest.console.dll, TestRunRequest:SendTestRunMessage: Completed.
TpTrace Verbose: 0 : 29160, 14, 2024/04/23, 22:32:29.086, 4765823699713, vstest.console.dll, MulticastDelegateUtilities.SafeInvoke: LengthPrefixCommunicationChannel: MessageReceived: Invoking callback 1/1 for Microsoft.VisualStudio.TestPlatform.CommunicationUtilities.TestRequestSender+<>c__DisplayClass34_0., took 0 ms.
TpTrace Verbose: 0 : 29160, 5, 2024/04/23, 22:32:29.086, 4765823699788, vstest.console.dll, MulticastDelegateUtilities.SafeInvoke: InternalTestLoggerEvents.SendTestRunMessage: Invoking callback 1/1 for Microsoft.VisualStudio.TestPlatform.CommandLine.Internal.ConsoleLogger., took 0 ms.
TpTrace Verbose: 0 : 29160, 14, 2024/04/23, 22:32:29.086, 4765823700550, vstest.console.dll, TcpClientExtensions.MessageLoopAsync: Polling on remoteEndPoint: 127.0.0.1:51795 localEndPoint: 127.0.0.1:51794 after 3 ms
TpTrace Verbose: 0 : 29160, 14, 2024/04/23, 22:32:29.091, 4765823743407, vstest.console.dll, TcpClientExtensions.MessageLoopAsync: NotifyDataAvailable remoteEndPoint: 127.0.0.1:51795 localEndPoint: 127.0.0.1:51794
TpTrace Verbose: 0 : 29160, 14, 2024/04/23, 22:32:29.091, 4765823746648, vstest.console.dll, TestRequestSender.OnExecutionMessageReceived: Received message: {"Version":7,"MessageType":"TestSession.Message","Payload":{"MessageLevel":1,"Message":"Employee class default constructor\r\n"}}
TpTrace Verbose: 0 : 29160, 14, 2024/04/23, 22:32:29.091, 4765823748965, vstest.console.dll, TestRunRequest:SendTestRunMessage: Starting.
TpTrace Verbose: 0 : 29160, 14, 2024/04/23, 22:32:29.091, 4765823750175, vstest.console.dll, MulticastDelegateUtilities.SafeInvoke: TestRun.LogMessages: Invoking callback 1/1 for Microsoft.VisualStudio.TestPlatform.CommandLine.TestRunResultAggregator., took 0 ms.
TpTrace Information: 0 : 29160, 14, 2024/04/23, 22:32:29.091, 4765823750849, vstest.console.dll, TestRunRequest:SendTestRunMessage: Completed.
TpTrace Verbose: 0 : 29160, 5, 2024/04/23, 22:32:29.091, 4765823751353, vstest.console.dll, MulticastDelegateUtilities.SafeInvoke: InternalTestLoggerEvents.SendTestRunMessage: Invoking callback 1/1 for Microsoft.VisualStudio.TestPlatform.CommandLine.Internal.ConsoleLogger., took 0 ms.
TpTrace Verbose: 0 : 29160, 14, 2024/04/23, 22:32:29.091, 4765823751605, vstest.console.dll, MulticastDelegateUtilities.SafeInvoke: LengthPrefixCommunicationChannel: MessageReceived: Invoking callback 1/1 for Microsoft.VisualStudio.TestPlatform.CommunicationUtilities.TestRequestSender+<>c__DisplayClass34_0., took 0 ms.
TpTrace Verbose: 0 : 29160, 14, 2024/04/23, 22:32:29.091, 4765823753099, vstest.console.dll, TcpClientExtensions.MessageLoopAsync: Polling on remoteEndPoint: 127.0.0.1:51795 localEndPoint: 127.0.0.1:51794 after 5 ms
TpTrace Verbose: 0 : 29160, 14, 2024/04/23, 22:32:29.124, 4765824082755, vstest.console.dll, TcpClientExtensions.MessageLoopAsync: NotifyDataAvailable remoteEndPoint: 127.0.0.1:51795 localEndPoint: 127.0.0.1:51794
TpTrace Verbose: 0 : 29160, 14, 2024/04/23, 22:32:29.125, 4765824086863, vstest.console.dll, TestRequestSender.OnExecutionMessageReceived: Received message: {"Version":7,"MessageType":"TestExecution.StatsChange","Payload":{"NewTestResults":[{"TestCase":{"Id":"9e643169-afab-b8f3-a560-6252e5405db6","FullyQualifiedName":"ClinicAppointmentBLTest.AppointmentBLTest.AddAppointment","DisplayName":"AddAppointment","ExecutorUri":"executor://NUnit3TestExecutor","Source":"C:\\MyPersonalFiles\\GensparkTraining\\GitHub\\Day10\\ClinicAppointmentSolution\\ClinicAppointmentBLTest\\bin\\Debug\\net6.0\\fine-code-coverage\\build-output\\ClinicAppointmentBLTest.dll","CodeFilePath":null,"LineNumber":0,"Properties":[{"Key":{"Id":"NUnit.Seed","Label":"Seed","Category":"","Description":"","Attributes":0,"ValueType":"System.String"},"Value":"1773113795"}]},"Attachments":[],"Outcome":1,"ErrorMessage":null,"ErrorStackTrace":null,"DisplayName":"AddAppointment","Messages":[],"ComputerName":"4N8CBX3","Duration":"00:00:00.0198130","StartTime":"2024-04-23T17:02:28.9729491+00:00","EndTime":"2024-04-23T17:02:28.9926844+00:00","Properties":[{"Key":{"Id":"NUnit.Seed","Label":"Seed","Category":"","Description":"","Attributes":0,"ValueType":"System.String"},"Value":"1773113795"}]},{"TestCase":{"Id":"382e5543-1b75-792f-7e6f-b8beab688334","FullyQualifiedName":"ClinicAppointmentBLTest.AppointmentBLTest.GetAllAppointments","DisplayName":"GetAllAppointments","ExecutorUri":"executor://NUnit3TestExecutor","Source":"C:\\MyPersonalFiles\\GensparkTraining\\GitHub\\Day10\\ClinicAppointmentSolution\\ClinicAppointmentBLTest\\bin\\Debug\\net6.0\\fine-code-coverage\\build-output\\ClinicAppointmentBLTest.dll","CodeFilePath":null,"LineNumber":0,"Properties":[{"Key":{"Id":"NUnit.Seed","Label":"Seed","Category":"","Description":"","Attributes":0,"ValueType":"System.String"},"Value":"49226657"}]},"Attachments":[],"Outcome":1,"ErrorMessage":null,"ErrorStackTrace":null,"DisplayName":"GetAllAppointments","Messages":[],"ComputerName":"4N8CBX3","Duration":"00:00:00.0012230","StartTime":"2024-04-23T17:02:28.9951791+00:00","EndTime":"2024-04-23T17:02:28.9964024+00:00","Properties":[{"Key":{"Id":"NUnit.Seed","Label":"Seed","Category":"","Description":"","Attributes":0,"ValueType":"System.String"},"Value":"49226657"}]},{"TestCase":{"Id":"6e8a2575-9690-2c53-322e-75e4af1274b8","FullyQualifiedName":"ClinicAppointmentBLTest.AppointmentBLTest.GetAllAppointmentsFail","DisplayName":"GetAllAppointmentsFail","ExecutorUri":"executor://NUnit3TestExecutor","Source":"C:\\MyPersonalFiles\\GensparkTraining\\GitHub\\Day10\\ClinicAppointmentSolution\\ClinicAppointmentBLTest\\bin\\Debug\\net6.0\\fine-code-coverage\\build-output\\ClinicAppointmentBLTest.dll","CodeFilePath":null,"LineNumber":0,"Properties":[{"Key":{"Id":"NUnit.Seed","Label":"Seed","Category":"","Description":"","Attributes":0,"ValueType":"System.String"},"Value":"1116501123"}]},"Attachments":[],"Outcome":1,"ErrorMessage":null,"ErrorStackTrace":null,"DisplayName":"GetAllAppointmentsFail","Messages":[],"ComputerName":"4N8CBX3","Duration":"00:00:00.0054540","StartTime":"2024-04-23T17:02:28.9964413+00:00","EndTime":"2024-04-23T17:02:29.0018949+00:00","Properties":[{"Key":{"Id":"NUnit.Seed","Label":"Seed","Category":"","Description":"","Attributes":0,"ValueType":"System.String"},"Value":"1116501123"}]},{"TestCase":{"Id":"4509c91e-d4ba-6987-5c19-dfb7d6c08fb5","FullyQualifiedName":"ClinicAppointmentBLTest.AppointmentBLTest.GetAppointmentById","DisplayName":"GetAppointmentById","ExecutorUri":"executor://NUnit3TestExecutor","Source":"C:\\MyPersonalFiles\\GensparkTraining\\GitHub\\Day10\\ClinicAppointmentSolution\\ClinicAppointmentBLTest\\bin\\Debug\\net6.0\\fine-code-coverage\\build-output\\ClinicAppointmentBLTest.dll","CodeFilePath":null,"LineNumber":0,"Properties":[{"Key":{"Id":"NUnit.Seed","Label":"Seed","Category":"","Description":"","Attributes":0,"ValueType":"System.String"},"Value":"522438686"}]},"Attachments":[],"Outcome":1,"ErrorMessage":null,"ErrorStackTrace":null,"DisplayName":"GetAppointmentById","Messages":[],"ComputerName":"4N8CBX3","Duration":"00:00:00.0019780","StartTime":"2024-04-23T17:02:29.0019162+00:00","EndTime":"2024-04-23T17:02:29.0038938+00:00","Properties":[{"Key":{"Id":"NUnit.Seed","Label":"Seed","Category":"","Description":"","Attributes":0,"ValueType":"System.String"},"Value":"522438686"}]},{"TestCase":{"Id":"35e96573-4220-6c6a-21c4-7e9c243e805d","FullyQualifiedName":"ClinicAppointmentBLTest.AppointmentBLTest.GetAppointmentByIdFail","DisplayName":"GetAppointmentByIdFail","ExecutorUri":"executor://NUnit3TestExecutor","Source":"C:\\MyPersonalFiles\\GensparkTraining\\GitHub\\Day10\\ClinicAppointmentSolution\\ClinicAppointmentBLTest\\bin\\Debug\\net6.0\\fine-code-coverage\\build-output\\ClinicAppointmentBLTest.dll","CodeFilePath":null,"LineNumber":0,"Properties":[{"Key":{"Id":"NUnit.Seed","Label":"Seed","Category":"","Description":"","Attributes":0,"ValueType":"System.String"},"Value":"543897968"}]},"Attachments":[],"Outcome":1,"ErrorMessage":null,"ErrorStackTrace":null,"DisplayName":"GetAppointmentByIdFail","Messages":[],"ComputerName":"4N8CBX3","Duration":"00:00:00.0003490","StartTime":"2024-04-23T17:02:29.0039139+00:00","EndTime":"2024-04-23T17:02:29.0042632+00:00","Properties":[{"Key":{"Id":"NUnit.Seed","Label":"Seed","Category":"","Description":"","Attributes":0,"ValueType":"System.String"},"Value":"543897968"}]},{"TestCase":{"Id":"567145cd-b1d9-45c3-1118-fa83bbb89972","FullyQualifiedName":"ClinicAppointmentBLTest.Test.AddPatient","DisplayName":"AddPatient","ExecutorUri":"executor://NUnit3TestExecutor","Source":"C:\\MyPersonalFiles\\GensparkTraining\\GitHub\\Day10\\ClinicAppointmentSolution\\ClinicAppointmentBLTest\\bin\\Debug\\net6.0\\fine-code-coverage\\build-output\\ClinicAppointmentBLTest.dll","CodeFilePath":null,"LineNumber":0,"Properties":[{"Key":{"Id":"NUnit.Seed","Label":"Seed","Category":"","Description":"","Attributes":0,"ValueType":"System.String"},"Value":"212636695"}]},"Attachments":[],"Outcome":1,"ErrorMessage":null,"ErrorStackTrace":null,"DisplayName":"AddPatient","Messages":[{"Category":"StdOutMsgs","Text":"Employee class default constructor\r\n"}],"ComputerName":"4N8CBX3","Duration":"00:00:00.0018520","StartTime":"2024-04-23T17:02:29.0068269+00:00","EndTime":"2024-04-23T17:02:29.0086783+00:00","Properties":[{"Key":{"Id":"NUnit.Seed","Label":"Seed","Category":"","Description":"","Attributes":0,"ValueType":"System.String"},"Value":"212636695"}]},{"TestCase":{"Id":"e7fbee6c-dd5d-7baf-cda9-aceac53d3e92","FullyQualifiedName":"ClinicAppointmentBLTest.Test.AddPatientFailTest","DisplayName":"AddPatientFailTest","ExecutorUri":"executor://NUnit3TestExecutor","Source":"C:\\MyPersonalFiles\\GensparkTraining\\GitHub\\Day10\\ClinicAppointmentSolution\\ClinicAppointmentBLTest\\bin\\Debug\\net6.0\\fine-code-coverage\\build-output\\ClinicAppointmentBLTest.dll","CodeFilePath":null,"LineNumber":0,"Properties":[{"Key":{"Id":"NUnit.Seed","Label":"Seed","Category":"","Description":"","Attributes":0,"ValueType":"System.String"},"Value":"2133468065"}]},"Attachments":[],"Outcome":1,"ErrorMessage":null,"ErrorStackTrace":null,"DisplayName":"AddPatientFailTest","Messages":[{"Category":"StdOutMsgs","Text":"Employee class default constructor\r\nEmployee class default constructor\r\n"}],"ComputerName":"4N8CBX3","Duration":"00:00:00.0011470","StartTime":"2024-04-23T17:02:29.0087077+00:00","EndTime":"2024-04-23T17:02:29.009854+00:00","Properties":[{"Key":{"Id":"NUnit.Seed","Label":"Seed","Category":"","Description":"","Attributes":0,"ValueType":"System.String"},"Value":"2133468065"}]},{"TestCase":{"Id":"7589f92e-ba06-ef7d-f5a8-e6d95fe279e1","FullyQualifiedName":"ClinicAppointmentBLTest.Test.ChangePatientName","DisplayName":"ChangePatientName","ExecutorUri":"executor://NUnit3TestExecutor","Source":"C:\\MyPersonalFiles\\GensparkTraining\\GitHub\\Day10\\ClinicAppointmentSolution\\ClinicAppointmentBLTest\\bin\\Debug\\net6.0\\fine-code-coverage\\build-output\\ClinicAppointmentBLTest.dll","CodeFilePath":null,"LineNumber":0,"Properties":[{"Key":{"Id":"NUnit.Seed","Label":"Seed","Category":"","Description":"","Attributes":0,"ValueType":"System.String"},"Value":"1385631737"}]},"Attachments":[],"Outcome":1,"ErrorMessage":null,"ErrorStackTrace":null,"DisplayName":"ChangePatientName","Messages":[{"Category":"StdOutMsgs","Text":"Employee class default constructor\r\n"}],"ComputerName":"4N8CBX3","Duration":"00:00:00.0011730","StartTime":"2024-04-23T17:02:29.0098768+00:00","EndTime":"2024-04-23T17:02:29.0110495+00:00","Properties":[{"Key":{"Id":"NUnit.Seed","Label":"Seed","Category":"","Description":"","Attributes":0,"ValueType":"System.String"},"Value":"1385631737"}]},{"TestCase":{"Id":"c2b44288-b037-9d3b-97aa-a8414da9f3e0","FullyQualifiedName":"ClinicAppointmentBLTest.Test.ChangePatientNameFail","DisplayName":"ChangePatientNameFail","ExecutorUri":"executor://NUnit3TestExecutor","Source":"C:\\MyPersonalFiles\\GensparkTraining\\GitHub\\Day10\\ClinicAppointmentSolution\\ClinicAppointmentBLTest\\bin\\Debug\\net6.0\\fine-code-coverage\\build-output\\ClinicAppointmentBLTest.dll","CodeFilePath":null,"LineNumber":0,"Properties":[{"Key":{"Id":"NUnit.Seed","Label":"Seed","Category":"","Description":"","Attributes":0,"ValueType":"System.String"},"Value":"660545652"}]},"Attachments":[],"Outcome":1,"ErrorMessage":null,"ErrorStackTrace":null,"DisplayName":"ChangePatientNameFail","Messages":[{"Category":"StdOutMsgs","Text":"Employee class default constructor\r\n"}],"ComputerName":"4N8CBX3","Duration":"00:00:00.0003880","StartTime":"2024-04-23T17:02:29.0110683+00:00","EndTime":"2024-04-23T17:02:29.0114558+00:00","Properties":[{"Key":{"Id":"NUnit.Seed","Label":"Seed","Category":"","Description":"","Attributes":0,"ValueType":"System.String"},"Value":"660545652"}]}],"TestRunStatistics":{"ExecutedTests":9,"Stats":{"Passed":9}},"ActiveTests":[{"Id":"4a3555a0-b677-9a9e-07a8-47df10b37cd3","FullyQualifiedName":"ClinicAppointmentBLTest.Test.GetAllPatients","DisplayName":"GetAllPatients","ExecutorUri":"executor://NUnit3TestExecutor","Source":"C:\\MyPersonalFiles\\GensparkTraining\\GitHub\\Day10\\ClinicAppointmentSolution\\ClinicAppointmentBLTest\\bin\\Debug\\net6.0\\fine-code-coverage\\build-output\\ClinicAppointmentBLTest.dll","CodeFilePath":null,"LineNumber":0,"Properties":[{"Key":{"Id":"NUnit.Seed","Label":"Seed","Category":"","Description":"","Attributes":0,"ValueType":"System.String"},"Value":"1657717322"}]}]}}
TpTrace Verbose: 0 : 29160, 14, 2024/04/23, 22:32:29.153, 4765824368856, vstest.console.dll, TestRunRequest:SendTestRunStatsChange: Starting.
TpTrace Verbose: 0 : 29160, 14, 2024/04/23, 22:32:29.153, 4765824371609, vstest.console.dll, InProgress is GetAllPatients
TpTrace Verbose: 0 : 29160, 14, 2024/04/23, 22:32:29.154, 4765824374929, vstest.console.dll, MulticastDelegateUtilities.SafeInvoke: TestRun.RunStatsChanged: Invoking callbacks was skipped because there are no subscribers.
TpTrace Information: 0 : 29160, 14, 2024/04/23, 22:32:29.154, 4765824375748, vstest.console.dll, TestRunRequest:SendTestRunStatsChange: Completed.
TpTrace Verbose: 0 : 29160, 14, 2024/04/23, 22:32:29.154, 4765824376300, vstest.console.dll, MulticastDelegateUtilities.SafeInvoke: LengthPrefixCommunicationChannel: MessageReceived: Invoking callback 1/1 for Microsoft.VisualStudio.TestPlatform.CommunicationUtilities.TestRequestSender+<>c__DisplayClass34_0., took 28 ms.
TpTrace Verbose: 0 : 29160, 14, 2024/04/23, 22:32:29.154, 4765824376946, vstest.console.dll, TcpClientExtensions.MessageLoopAsync: Polling on remoteEndPoint: 127.0.0.1:51795 localEndPoint: 127.0.0.1:51794 after 62 ms
TpTrace Verbose: 0 : 29160, 14, 2024/04/23, 22:32:29.154, 4765824377871, vstest.console.dll, TcpClientExtensions.MessageLoopAsync: NotifyDataAvailable remoteEndPoint: 127.0.0.1:51795 localEndPoint: 127.0.0.1:51794
TpTrace Verbose: 0 : 29160, 14, 2024/04/23, 22:32:29.154, 4765824379469, vstest.console.dll, TestRequestSender.OnExecutionMessageReceived: Received message: {"Version":7,"MessageType":"TestSession.Message","Payload":{"MessageLevel":1,"Message":"Employee class default constructor\r\n"}}
TpTrace Verbose: 0 : 29160, 14, 2024/04/23, 22:32:29.154, 4765824380823, vstest.console.dll, TestRunRequest:SendTestRunMessage: Starting.
TpTrace Verbose: 0 : 29160, 14, 2024/04/23, 22:32:29.154, 4765824381556, vstest.console.dll, MulticastDelegateUtilities.SafeInvoke: TestRun.LogMessages: Invoking callback 1/1 for Microsoft.VisualStudio.TestPlatform.CommandLine.TestRunResultAggregator., took 0 ms.
TpTrace Information: 0 : 29160, 14, 2024/04/23, 22:32:29.154, 4765824382039, vstest.console.dll, TestRunRequest:SendTestRunMessage: Completed.
TpTrace Verbose: 0 : 29160, 14, 2024/04/23, 22:32:29.154, 4765824382517, vstest.console.dll, MulticastDelegateUtilities.SafeInvoke: LengthPrefixCommunicationChannel: MessageReceived: Invoking callback 1/1 for Microsoft.VisualStudio.TestPlatform.CommunicationUtilities.TestRequestSender+<>c__DisplayClass34_0., took 0 ms.
TpTrace Verbose: 0 : 29160, 14, 2024/04/23, 22:32:29.154, 4765824383083, vstest.console.dll, TcpClientExtensions.MessageLoopAsync: Polling on remoteEndPoint: 127.0.0.1:51795 localEndPoint: 127.0.0.1:51794 after 0 ms
TpTrace Verbose: 0 : 29160, 14, 2024/04/23, 22:32:29.155, 4765824383639, vstest.console.dll, TcpClientExtensions.MessageLoopAsync: NotifyDataAvailable remoteEndPoint: 127.0.0.1:51795 localEndPoint: 127.0.0.1:51794
TpTrace Verbose: 0 : 29160, 14, 2024/04/23, 22:32:29.155, 4765824384352, vstest.console.dll, TestRequestSender.OnExecutionMessageReceived: Received message: {"Version":7,"MessageType":"TestSession.Message","Payload":{"MessageLevel":1,"Message":"Employee class default constructor\r\n"}}
TpTrace Verbose: 0 : 29160, 14, 2024/04/23, 22:32:29.155, 4765824385133, vstest.console.dll, TestRunRequest:SendTestRunMessage: Starting.
TpTrace Verbose: 0 : 29160, 14, 2024/04/23, 22:32:29.155, 4765824385766, vstest.console.dll, MulticastDelegateUtilities.SafeInvoke: TestRun.LogMessages: Invoking callback 1/1 for Microsoft.VisualStudio.TestPlatform.CommandLine.TestRunResultAggregator., took 0 ms.
TpTrace Information: 0 : 29160, 14, 2024/04/23, 22:32:29.155, 4765824386243, vstest.console.dll, TestRunRequest:SendTestRunMessage: Completed.
TpTrace Verbose: 0 : 29160, 14, 2024/04/23, 22:32:29.155, 4765824386715, vstest.console.dll, MulticastDelegateUtilities.SafeInvoke: LengthPrefixCommunicationChannel: MessageReceived: Invoking callback 1/1 for Microsoft.VisualStudio.TestPlatform.CommunicationUtilities.TestRequestSender+<>c__DisplayClass34_0., took 0 ms.
TpTrace Verbose: 0 : 29160, 14, 2024/04/23, 22:32:29.155, 4765824387270, vstest.console.dll, TcpClientExtensions.MessageLoopAsync: Polling on remoteEndPoint: 127.0.0.1:51795 localEndPoint: 127.0.0.1:51794 after 0 ms
TpTrace Verbose: 0 : 29160, 14, 2024/04/23, 22:32:29.155, 4765824387804, vstest.console.dll, TcpClientExtensions.MessageLoopAsync: NotifyDataAvailable remoteEndPoint: 127.0.0.1:51795 localEndPoint: 127.0.0.1:51794
TpTrace Verbose: 0 : 29160, 14, 2024/04/23, 22:32:29.155, 4765824388519, vstest.console.dll, TestRequestSender.OnExecutionMessageReceived: Received message: {"Version":7,"MessageType":"TestSession.Message","Payload":{"MessageLevel":1,"Message":"Employee class default constructor\r\n"}}
TpTrace Verbose: 0 : 29160, 14, 2024/04/23, 22:32:29.155, 4765824389333, vstest.console.dll, TestRunRequest:SendTestRunMessage: Starting.
TpTrace Verbose: 0 : 29160, 14, 2024/04/23, 22:32:29.155, 4765824390228, vstest.console.dll, MulticastDelegateUtilities.SafeInvoke: TestRun.LogMessages: Invoking callback 1/1 for Microsoft.VisualStudio.TestPlatform.CommandLine.TestRunResultAggregator., took 0 ms.
TpTrace Information: 0 : 29160, 14, 2024/04/23, 22:32:29.155, 4765824390739, vstest.console.dll, TestRunRequest:SendTestRunMessage: Completed.
TpTrace Verbose: 0 : 29160, 14, 2024/04/23, 22:32:29.155, 4765824391241, vstest.console.dll, MulticastDelegateUtilities.SafeInvoke: LengthPrefixCommunicationChannel: MessageReceived: Invoking callback 1/1 for Microsoft.VisualStudio.TestPlatform.CommunicationUtilities.TestRequestSender+<>c__DisplayClass34_0., took 0 ms.
TpTrace Verbose: 0 : 29160, 14, 2024/04/23, 22:32:29.155, 4765824391885, vstest.console.dll, TcpClientExtensions.MessageLoopAsync: Polling on remoteEndPoint: 127.0.0.1:51795 localEndPoint: 127.0.0.1:51794 after 0 ms
TpTrace Verbose: 0 : 29160, 14, 2024/04/23, 22:32:29.155, 4765824392471, vstest.console.dll, TcpClientExtensions.MessageLoopAsync: NotifyDataAvailable remoteEndPoint: 127.0.0.1:51795 localEndPoint: 127.0.0.1:51794
TpTrace Verbose: 0 : 29160, 14, 2024/04/23, 22:32:29.156, 4765824393640, vstest.console.dll, TestRequestSender.OnExecutionMessageReceived: Received message: {"Version":7,"MessageType":"TestSession.Message","Payload":{"MessageLevel":1,"Message":"Employee class default constructor\r\n"}}
TpTrace Verbose: 0 : 29160, 14, 2024/04/23, 22:32:29.156, 4765824394444, vstest.console.dll, TestRunRequest:SendTestRunMessage: Starting.
TpTrace Verbose: 0 : 29160, 14, 2024/04/23, 22:32:29.156, 4765824395087, vstest.console.dll, MulticastDelegateUtilities.SafeInvoke: TestRun.LogMessages: Invoking callback 1/1 for Microsoft.VisualStudio.TestPlatform.CommandLine.TestRunResultAggregator., took 0 ms.
TpTrace Information: 0 : 29160, 14, 2024/04/23, 22:32:29.156, 4765824395562, vstest.console.dll, TestRunRequest:SendTestRunMessage: Completed.
TpTrace Verbose: 0 : 29160, 14, 2024/04/23, 22:32:29.156, 4765824396030, vstest.console.dll, MulticastDelegateUtilities.SafeInvoke: LengthPrefixCommunicationChannel: MessageReceived: Invoking callback 1/1 for Microsoft.VisualStudio.TestPlatform.CommunicationUtilities.TestRequestSender+<>c__DisplayClass34_0., took 0 ms.
TpTrace Verbose: 0 : 29160, 14, 2024/04/23, 22:32:29.156, 4765824396545, vstest.console.dll, TcpClientExtensions.MessageLoopAsync: Polling on remoteEndPoint: 127.0.0.1:51795 localEndPoint: 127.0.0.1:51794 after 0 ms
TpTrace Verbose: 0 : 29160, 14, 2024/04/23, 22:32:29.156, 4765824397074, vstest.console.dll, TcpClientExtensions.MessageLoopAsync: NotifyDataAvailable remoteEndPoint: 127.0.0.1:51795 localEndPoint: 127.0.0.1:51794
TpTrace Verbose: 0 : 29160, 14, 2024/04/23, 22:32:29.156, 4765824397762, vstest.console.dll, TestRequestSender.OnExecutionMessageReceived: Received message: {"Version":7,"MessageType":"TestSession.Message","Payload":{"MessageLevel":1,"Message":"Employee class default constructor\r\n"}}
TpTrace Verbose: 0 : 29160, 14, 2024/04/23, 22:32:29.156, 4765824398514, vstest.console.dll, TestRunRequest:SendTestRunMessage: Starting.
TpTrace Verbose: 0 : 29160, 14, 2024/04/23, 22:32:29.156, 4765824399136, vstest.console.dll, MulticastDelegateUtilities.SafeInvoke: TestRun.LogMessages: Invoking callback 1/1 for Microsoft.VisualStudio.TestPlatform.CommandLine.TestRunResultAggregator., took 0 ms.
TpTrace Information: 0 : 29160, 14, 2024/04/23, 22:32:29.156, 4765824400087, vstest.console.dll, TestRunRequest:SendTestRunMessage: Completed.
TpTrace Verbose: 0 : 29160, 5, 2024/04/23, 22:32:29.156, 4765824400252, vstest.console.dll, MulticastDelegateUtilities.SafeInvoke: InternalTestLoggerEvents.SendTestResult: Invoking callback 1/1 for Microsoft.VisualStudio.TestPlatform.CommandLine.Internal.ConsoleLogger., took 2 ms.
TpTrace Verbose: 0 : 29160, 14, 2024/04/23, 22:32:29.156, 4765824402254, vstest.console.dll, MulticastDelegateUtilities.SafeInvoke: LengthPrefixCommunicationChannel: MessageReceived: Invoking callback 1/1 for Microsoft.VisualStudio.TestPlatform.CommunicationUtilities.TestRequestSender+<>c__DisplayClass34_0., took 0 ms.
TpTrace Verbose: 0 : 29160, 14, 2024/04/23, 22:32:29.157, 4765824403359, vstest.console.dll, TcpClientExtensions.MessageLoopAsync: Polling on remoteEndPoint: 127.0.0.1:51795 localEndPoint: 127.0.0.1:51794 after 0 ms
TpTrace Verbose: 0 : 29160, 14, 2024/04/23, 22:32:29.157, 4765824404055, vstest.console.dll, TcpClientExtensions.MessageLoopAsync: NotifyDataAvailable remoteEndPoint: 127.0.0.1:51795 localEndPoint: 127.0.0.1:51794
TpTrace Verbose: 0 : 29160, 14, 2024/04/23, 22:32:29.157, 4765824405034, vstest.console.dll, TestRequestSender.OnExecutionMessageReceived: Received message: {"Version":7,"MessageType":"TestSession.Message","Payload":{"MessageLevel":1,"Message":"Employee class default constructor\r\nEmployee class default constructor\r\n"}}
TpTrace Verbose: 0 : 29160, 5, 2024/04/23, 22:32:29.157, 4765824405336, vstest.console.dll, MulticastDelegateUtilities.SafeInvoke: InternalTestLoggerEvents.SendTestResult: Invoking callback 1/1 for Microsoft.VisualStudio.TestPlatform.CommandLine.Internal.ConsoleLogger., took 0 ms.
TpTrace Verbose: 0 : 29160, 5, 2024/04/23, 22:32:29.157, 4765824406819, vstest.console.dll, MulticastDelegateUtilities.SafeInvoke: InternalTestLoggerEvents.SendTestResult: Invoking callback 1/1 for Microsoft.VisualStudio.TestPlatform.CommandLine.Internal.ConsoleLogger., took 0 ms.
TpTrace Verbose: 0 : 29160, 5, 2024/04/23, 22:32:29.157, 4765824407525, vstest.console.dll, MulticastDelegateUtilities.SafeInvoke: InternalTestLoggerEvents.SendTestResult: Invoking callback 1/1 for Microsoft.VisualStudio.TestPlatform.CommandLine.Internal.ConsoleLogger., took 0 ms.
TpTrace Verbose: 0 : 29160, 14, 2024/04/23, 22:32:29.157, 4765824407600, vstest.console.dll, TestRunRequest:SendTestRunMessage: Starting.
TpTrace Verbose: 0 : 29160, 5, 2024/04/23, 22:32:29.157, 4765824408168, vstest.console.dll, MulticastDelegateUtilities.SafeInvoke: InternalTestLoggerEvents.SendTestResult: Invoking callback 1/1 for Microsoft.VisualStudio.TestPlatform.CommandLine.Internal.ConsoleLogger., took 0 ms.
TpTrace Verbose: 0 : 29160, 14, 2024/04/23, 22:32:29.157, 4765824411161, vstest.console.dll, MulticastDelegateUtilities.SafeInvoke: TestRun.LogMessages: Invoking callback 1/1 for Microsoft.VisualStudio.TestPlatform.CommandLine.TestRunResultAggregator., took 0 ms.
TpTrace Verbose: 0 : 29160, 5, 2024/04/23, 22:32:29.157, 4765824411633, vstest.console.dll, MulticastDelegateUtilities.SafeInvoke: InternalTestLoggerEvents.SendTestResult: Invoking callback 1/1 for Microsoft.VisualStudio.TestPlatform.CommandLine.Internal.ConsoleLogger., took 0 ms.
TpTrace Verbose: 0 : 29160, 5, 2024/04/23, 22:32:29.157, 4765824413177, vstest.console.dll, MulticastDelegateUtilities.SafeInvoke: InternalTestLoggerEvents.SendTestResult: Invoking callback 1/1 for Microsoft.VisualStudio.TestPlatform.CommandLine.Internal.ConsoleLogger., took 0 ms.
TpTrace Information: 0 : 29160, 14, 2024/04/23, 22:32:29.157, 4765824412043, vstest.console.dll, TestRunRequest:SendTestRunMessage: Completed.
TpTrace Verbose: 0 : 29160, 14, 2024/04/23, 22:32:29.158, 4765824415367, vstest.console.dll, MulticastDelegateUtilities.SafeInvoke: LengthPrefixCommunicationChannel: MessageReceived: Invoking callback 1/1 for Microsoft.VisualStudio.TestPlatform.CommunicationUtilities.TestRequestSender+<>c__DisplayClass34_0., took 1 ms.
TpTrace Verbose: 0 : 29160, 5, 2024/04/23, 22:32:29.158, 4765824416131, vstest.console.dll, MulticastDelegateUtilities.SafeInvoke: InternalTestLoggerEvents.SendTestResult: Invoking callback 1/1 for Microsoft.VisualStudio.TestPlatform.CommandLine.Internal.ConsoleLogger., took 0 ms.
TpTrace Verbose: 0 : 29160, 14, 2024/04/23, 22:32:29.158, 4765824416232, vstest.console.dll, TcpClientExtensions.MessageLoopAsync: Polling on remoteEndPoint: 127.0.0.1:51795 localEndPoint: 127.0.0.1:51794 after 1 ms
TpTrace Verbose: 0 : 29160, 5, 2024/04/23, 22:32:29.158, 4765824417295, vstest.console.dll, MulticastDelegateUtilities.SafeInvoke: InternalTestLoggerEvents.SendTestResult: Invoking callback 1/1 for Microsoft.VisualStudio.TestPlatform.CommandLine.Internal.ConsoleLogger., took 0 ms.
TpTrace Verbose: 0 : 29160, 14, 2024/04/23, 22:32:29.158, 4765824417943, vstest.console.dll, TcpClientExtensions.MessageLoopAsync: NotifyDataAvailable remoteEndPoint: 127.0.0.1:51795 localEndPoint: 127.0.0.1:51794
TpTrace Verbose: 0 : 29160, 5, 2024/04/23, 22:32:29.158, 4765824419413, vstest.console.dll, MulticastDelegateUtilities.SafeInvoke: InternalTestLoggerEvents.SendTestRunMessage: Invoking callback 1/1 for Microsoft.VisualStudio.TestPlatform.CommandLine.Internal.ConsoleLogger., took 0 ms.
TpTrace Verbose: 0 : 29160, 14, 2024/04/23, 22:32:29.158, 4765824419716, vstest.console.dll, TestRequestSender.OnExecutionMessageReceived: Received message: {"Version":7,"MessageType":"TestSession.Message","Payload":{"MessageLevel":1,"Message":"Employee class default constructor\r\n"}}
TpTrace Verbose: 0 : 29160, 14, 2024/04/23, 22:32:29.158, 4765824421276, vstest.console.dll, TestRunRequest:SendTestRunMessage: Starting.
TpTrace Verbose: 0 : 29160, 5, 2024/04/23, 22:32:29.158, 4765824421684, vstest.console.dll, MulticastDelegateUtilities.SafeInvoke: InternalTestLoggerEvents.SendTestRunMessage: Invoking callback 1/1 for Microsoft.VisualStudio.TestPlatform.CommandLine.Internal.ConsoleLogger., took 0 ms.
TpTrace Verbose: 0 : 29160, 5, 2024/04/23, 22:32:29.159, 4765824423537, vstest.console.dll, MulticastDelegateUtilities.SafeInvoke: InternalTestLoggerEvents.SendTestRunMessage: Invoking callback 1/1 for Microsoft.VisualStudio.TestPlatform.CommandLine.Internal.ConsoleLogger., took 0 ms.
TpTrace Verbose: 0 : 29160, 14, 2024/04/23, 22:32:29.159, 4765824424584, vstest.console.dll, MulticastDelegateUtilities.SafeInvoke: TestRun.LogMessages: Invoking callback 1/1 for Microsoft.VisualStudio.TestPlatform.CommandLine.TestRunResultAggregator., took 0 ms.
TpTrace Verbose: 0 : 29160, 5, 2024/04/23, 22:32:29.159, 4765824425108, vstest.console.dll, MulticastDelegateUtilities.SafeInvoke: InternalTestLoggerEvents.SendTestRunMessage: Invoking callback 1/1 for Microsoft.VisualStudio.TestPlatform.CommandLine.Internal.ConsoleLogger., took 0 ms.
TpTrace Information: 0 : 29160, 14, 2024/04/23, 22:32:29.159, 4765824426228, vstest.console.dll, TestRunRequest:SendTestRunMessage: Completed.
TpTrace Verbose: 0 : 29160, 5, 2024/04/23, 22:32:29.159, 4765824426808, vstest.console.dll, MulticastDelegateUtilities.SafeInvoke: InternalTestLoggerEvents.SendTestRunMessage: Invoking callback 1/1 for Microsoft.VisualStudio.TestPlatform.CommandLine.Internal.ConsoleLogger., took 0 ms.
TpTrace Verbose: 0 : 29160, 14, 2024/04/23, 22:32:29.159, 4765824427077, vstest.console.dll, MulticastDelegateUtilities.SafeInvoke: LengthPrefixCommunicationChannel: MessageReceived: Invoking callback 1/1 for Microsoft.VisualStudio.TestPlatform.CommunicationUtilities.TestRequestSender+<>c__DisplayClass34_0., took 0 ms.
TpTrace Verbose: 0 : 29160, 5, 2024/04/23, 22:32:29.159, 4765824428544, vstest.console.dll, MulticastDelegateUtilities.SafeInvoke: InternalTestLoggerEvents.SendTestRunMessage: Invoking callback 1/1 for Microsoft.VisualStudio.TestPlatform.CommandLine.Internal.ConsoleLogger., took 0 ms.
TpTrace Verbose: 0 : 29160, 14, 2024/04/23, 22:32:29.159, 4765824428763, vstest.console.dll, TcpClientExtensions.MessageLoopAsync: Polling on remoteEndPoint: 127.0.0.1:51795 localEndPoint: 127.0.0.1:51794 after 1 ms
TpTrace Verbose: 0 : 29160, 5, 2024/04/23, 22:32:29.159, 4765824430667, vstest.console.dll, MulticastDelegateUtilities.SafeInvoke: InternalTestLoggerEvents.SendTestRunMessage: Invoking callback 1/1 for Microsoft.VisualStudio.TestPlatform.CommandLine.Internal.ConsoleLogger., took 0 ms.
TpTrace Verbose: 0 : 29160, 14, 2024/04/23, 22:32:29.159, 4765824431772, vstest.console.dll, TcpClientExtensions.MessageLoopAsync: NotifyDataAvailable remoteEndPoint: 127.0.0.1:51795 localEndPoint: 127.0.0.1:51794
TpTrace Verbose: 0 : 29160, 14, 2024/04/23, 22:32:29.160, 4765824436117, vstest.console.dll, TestRequestSender.OnExecutionMessageReceived: Received message: {"Version":7,"MessageType":"TestExecution.StatsChange","Payload":{"NewTestResults":[{"TestCase":{"Id":"4a3555a0-b677-9a9e-07a8-47df10b37cd3","FullyQualifiedName":"ClinicAppointmentBLTest.Test.GetAllPatients","DisplayName":"GetAllPatients","ExecutorUri":"executor://NUnit3TestExecutor","Source":"C:\\MyPersonalFiles\\GensparkTraining\\GitHub\\Day10\\ClinicAppointmentSolution\\ClinicAppointmentBLTest\\bin\\Debug\\net6.0\\fine-code-coverage\\build-output\\ClinicAppointmentBLTest.dll","CodeFilePath":null,"LineNumber":0,"Properties":[{"Key":{"Id":"NUnit.Seed","Label":"Seed","Category":"","Description":"","Attributes":0,"ValueType":"System.String"},"Value":"1657717322"}]},"Attachments":[],"Outcome":1,"ErrorMessage":null,"ErrorStackTrace":null,"DisplayName":"GetAllPatients","Messages":[{"Category":"StdOutMsgs","Text":"Employee class default constructor\r\n"}],"ComputerName":"4N8CBX3","Duration":"00:00:00.0003289","StartTime":"2024-04-23T17:02:29.0114685+00:00","EndTime":"2024-04-23T17:02:29.0117975+00:00","Properties":[{"Key":{"Id":"NUnit.Seed","Label":"Seed","Category":"","Description":"","Attributes":0,"ValueType":"System.String"},"Value":"1657717322"}]},{"TestCase":{"Id":"8ebd319a-b387-905f-971d-7a02d8a4ce37","FullyQualifiedName":"ClinicAppointmentBLTest.Test.GetAllPatientsFail","DisplayName":"GetAllPatientsFail","ExecutorUri":"executor://NUnit3TestExecutor","Source":"C:\\MyPersonalFiles\\GensparkTraining\\GitHub\\Day10\\ClinicAppointmentSolution\\ClinicAppointmentBLTest\\bin\\Debug\\net6.0\\fine-code-coverage\\build-output\\ClinicAppointmentBLTest.dll","CodeFilePath":null,"LineNumber":0,"Properties":[{"Key":{"Id":"NUnit.Seed","Label":"Seed","Category":"","Description":"","Attributes":0,"ValueType":"System.String"},"Value":"1850515224"}]},"Attachments":[],"Outcome":1,"ErrorMessage":null,"ErrorStackTrace":null,"DisplayName":"GetAllPatientsFail","Messages":[],"ComputerName":"4N8CBX3","Duration":"00:00:00.0004400","StartTime":"2024-04-23T17:02:29.0118104+00:00","EndTime":"2024-04-23T17:02:29.0122504+00:00","Properties":[{"Key":{"Id":"NUnit.Seed","Label":"Seed","Category":"","Description":"","Attributes":0,"ValueType":"System.String"},"Value":"1850515224"}]},{"TestCase":{"Id":"4bc99360-bec8-c232-256b-d745d081b0b5","FullyQualifiedName":"ClinicAppointmentBLTest.Test.GetPatientById","DisplayName":"GetPatientById","ExecutorUri":"executor://NUnit3TestExecutor","Source":"C:\\MyPersonalFiles\\GensparkTraining\\GitHub\\Day10\\ClinicAppointmentSolution\\ClinicAppointmentBLTest\\bin\\Debug\\net6.0\\fine-code-coverage\\build-output\\ClinicAppointmentBLTest.dll","CodeFilePath":null,"LineNumber":0,"Properties":[{"Key":{"Id":"NUnit.Seed","Label":"Seed","Category":"","Description":"","Attributes":0,"ValueType":"System.String"},"Value":"1794770515"}]},"Attachments":[],"Outcome":1,"ErrorMessage":null,"ErrorStackTrace":null,"DisplayName":"GetPatientById","Messages":[{"Category":"StdOutMsgs","Text":"Employee class default constructor\r\n"}],"ComputerName":"4N8CBX3","Duration":"00:00:00.0004720","StartTime":"2024-04-23T17:02:29.012262+00:00","EndTime":"2024-04-23T17:02:29.0127339+00:00","Properties":[{"Key":{"Id":"NUnit.Seed","Label":"Seed","Category":"","Description":"","Attributes":0,"ValueType":"System.String"},"Value":"1794770515"}]},{"TestCase":{"Id":"a72dbede-547a-a069-c880-6d197d92f455","FullyQualifiedName":"ClinicAppointmentBLTest.Test.GetPatientByIdFail","DisplayName":"GetPatientByIdFail","ExecutorUri":"executor://NUnit3TestExecutor","Source":"C:\\MyPersonalFiles\\GensparkTraining\\GitHub\\Day10\\ClinicAppointmentSolution\\ClinicAppointmentBLTest\\bin\\Debug\\net6.0\\fine-code-coverage\\build-output\\ClinicAppointmentBLTest.dll","CodeFilePath":null,"LineNumber":0,"Properties":[{"Key":{"Id":"NUnit.Seed","Label":"Seed","Category":"","Description":"","Attributes":0,"ValueType":"System.String"},"Value":"1767789297"}]},"Attachments":[],"Outcome":1,"ErrorMessage":null,"ErrorStackTrace":null,"DisplayName":"GetPatientByIdFail","Messages":[],"ComputerName":"4N8CBX3","Duration":"00:00:00.0002509","StartTime":"2024-04-23T17:02:29.0127485+00:00","EndTime":"2024-04-23T17:02:29.0129991+00:00","Properties":[{"Key":{"Id":"NUnit.Seed","Label":"Seed","Category":"","Description":"","Attributes":0,"ValueType":"System.String"},"Value":"1767789297"}]},{"TestCase":{"Id":"2d7c29f3-3362-789b-99e6-1e767e0d6c7e","FullyQualifiedName":"ClinicAppointmentBLTest.Test.GetPatientByName","DisplayName":"GetPatientByName","ExecutorUri":"executor://NUnit3TestExecutor","Source":"C:\\MyPersonalFiles\\GensparkTraining\\GitHub\\Day10\\ClinicAppointmentSolution\\ClinicAppointmentBLTest\\bin\\Debug\\net6.0\\fine-code-coverage\\build-output\\ClinicAppointmentBLTest.dll","CodeFilePath":null,"LineNumber":0,"Properties":[{"Key":{"Id":"NUnit.Seed","Label":"Seed","Category":"","Description":"","Attributes":0,"ValueType":"System.String"},"Value":"1251745167"}]},"Attachments":[],"Outcome":1,"ErrorMessage":null,"ErrorStackTrace":null,"DisplayName":"GetPatientByName","Messages":[{"Category":"StdOutMsgs","Text":"Employee class default constructor\r\n"}],"ComputerName":"4N8CBX3","Duration":"00:00:00.0001350","StartTime":"2024-04-23T17:02:29.0130116+00:00","EndTime":"2024-04-23T17:02:29.013147+00:00","Properties":[{"Key":{"Id":"NUnit.Seed","Label":"Seed","Category":"","Description":"","Attributes":0,"ValueType":"System.String"},"Value":"1251745167"}]},{"TestCase":{"Id":"121475d5-c1f4-5ced-21a7-01361ef9d662","FullyQualifiedName":"ClinicAppointmentBLTest.Test.GetPatientByNameFail","DisplayName":"GetPatientByNameFail","ExecutorUri":"executor://NUnit3TestExecutor","Source":"C:\\MyPersonalFiles\\GensparkTraining\\GitHub\\Day10\\ClinicAppointmentSolution\\ClinicAppointmentBLTest\\bin\\Debug\\net6.0\\fine-code-coverage\\build-output\\ClinicAppointmentBLTest.dll","CodeFilePath":null,"LineNumber":0,"Properties":[{"Key":{"Id":"NUnit.Seed","Label":"Seed","Category":"","Description":"","Attributes":0,"ValueType":"System.String"},"Value":"1955164026"}]},"Attachments":[],"Outcome":1,"ErrorMessage":null,"ErrorStackTrace":null,"DisplayName":"GetPatientByNameFail","Messages":[{"Category":"StdOutMsgs","Text":"Employee class default constructor\r\n"}],"ComputerName":"4N8CBX3","Duration":"00:00:00.0003450","StartTime":"2024-04-23T17:02:29.0131574+00:00","EndTime":"2024-04-23T17:02:29.0135023+00:00","Properties":[{"Key":{"Id":"NUnit.Seed","Label":"Seed","Category":"","Description":"","Attributes":0,"ValueType":"System.String"},"Value":"1955164026"}]},{"TestCase":{"Id":"2048a04b-5fcd-fbe8-00b4-469b2a5ad3a7","FullyQualifiedName":"ClinicAppointmentBLTest.Tests.AddDoctor","DisplayName":"AddDoctor","ExecutorUri":"executor://NUnit3TestExecutor","Source":"C:\\MyPersonalFiles\\GensparkTraining\\GitHub\\Day10\\ClinicAppointmentSolution\\ClinicAppointmentBLTest\\bin\\Debug\\net6.0\\fine-code-coverage\\build-output\\ClinicAppointmentBLTest.dll","CodeFilePath":null,"LineNumber":0,"Properties":[{"Key":{"Id":"NUnit.Seed","Label":"Seed","Category":"","Description":"","Attributes":0,"ValueType":"System.String"},"Value":"265901604"}]},"Attachments":[],"Outcome":1,"ErrorMessage":null,"ErrorStackTrace":null,"DisplayName":"AddDoctor","Messages":[{"Category":"StdOutMsgs","Text":"Employee class default constructor\r\n"}],"ComputerName":"4N8CBX3","Duration":"00:00:00.0012940","StartTime":"2024-04-23T17:02:29.0139235+00:00","EndTime":"2024-04-23T17:02:29.0152169+00:00","Properties":[{"Key":{"Id":"NUnit.Seed","Label":"Seed","Category":"","Description":"","Attributes":0,"ValueType":"System.String"},"Value":"265901604"}]},{"TestCase":{"Id":"e291016e-042b-5750-770f-bbdb928af4c3","FullyQualifiedName":"ClinicAppointmentBLTest.Tests.AddDoctorFailTest","DisplayName":"AddDoctorFailTest","ExecutorUri":"executor://NUnit3TestExecutor","Source":"C:\\MyPersonalFiles\\GensparkTraining\\GitHub\\Day10\\ClinicAppointmentSolution\\ClinicAppointmentBLTest\\bin\\Debug\\net6.0\\fine-code-coverage\\build-output\\ClinicAppointmentBLTest.dll","CodeFilePath":null,"LineNumber":0,"Properties":[{"Key":{"Id":"NUnit.Seed","Label":"Seed","Category":"","Description":"","Attributes":0,"ValueType":"System.String"},"Value":"1344466773"}]},"Attachments":[],"Outcome":1,"ErrorMessage":null,"ErrorStackTrace":null,"DisplayName":"AddDoctorFailTest","Messages":[{"Category":"StdOutMsgs","Text":"Employee class default constructor\r\nEmployee class default constructor\r\n"}],"ComputerName":"4N8CBX3","Duration":"00:00:00.0004460","StartTime":"2024-04-23T17:02:29.0152338+00:00","EndTime":"2024-04-23T17:02:29.0156799+00:00","Properties":[{"Key":{"Id":"NUnit.Seed","Label":"Seed","Category":"","Description":"","Attributes":0,"ValueType":"System.String"},"Value":"1344466773"}]},{"TestCase":{"Id":"cee57e05-6370-dc8b-afd2-cd2bc36171f8","FullyQualifiedName":"ClinicAppointmentBLTest.Tests.ChangeDoctorName","DisplayName":"ChangeDoctorName","ExecutorUri":"executor://NUnit3TestExecutor","Source":"C:\\MyPersonalFiles\\GensparkTraining\\GitHub\\Day10\\ClinicAppointmentSolution\\ClinicAppointmentBLTest\\bin\\Debug\\net6.0\\fine-code-coverage\\build-output\\ClinicAppointmentBLTest.dll","CodeFilePath":null,"LineNumber":0,"Properties":[{"Key":{"Id":"NUnit.Seed","Label":"Seed","Category":"","Description":"","Attributes":0,"ValueType":"System.String"},"Value":"1848895170"}]},"Attachments":[],"Outcome":1,"ErrorMessage":null,"ErrorStackTrace":null,"DisplayName":"ChangeDoctorName","Messages":[{"Category":"StdOutMsgs","Text":"Employee class default constructor\r\n"}],"ComputerName":"4N8CBX3","Duration":"00:00:00.0009980","StartTime":"2024-04-23T17:02:29.0156923+00:00","EndTime":"2024-04-23T17:02:29.0166898+00:00","Properties":[{"Key":{"Id":"NUnit.Seed","Label":"Seed","Category":"","Description":"","Attributes":0,"ValueType":"System.String"},"Value":"1848895170"}]}],"TestRunStatistics":{"ExecutedTests":18,"Stats":{"Passed":18}},"ActiveTests":[{"Id":"bdbed19b-f6ec-92f8-6e28-2c837e9d7fc0","FullyQualifiedName":"ClinicAppointmentBLTest.Tests.ChangeDoctorNameFail","DisplayName":"ChangeDoctorNameFail","ExecutorUri":"executor://NUnit3TestExecutor","Source":"C:\\MyPersonalFiles\\GensparkTraining\\GitHub\\Day10\\ClinicAppointmentSolution\\ClinicAppointmentBLTest\\bin\\Debug\\net6.0\\fine-code-coverage\\build-output\\ClinicAppointmentBLTest.dll","CodeFilePath":null,"LineNumber":0,"Properties":[{"Key":{"Id":"NUnit.Seed","Label":"Seed","Category":"","Description":"","Attributes":0,"ValueType":"System.String"},"Value":"248062826"}]}]}}
TpTrace Verbose: 0 : 29160, 14, 2024/04/23, 22:32:29.162, 4765824461656, vstest.console.dll, TestRunRequest:SendTestRunStatsChange: Starting.
TpTrace Verbose: 0 : 29160, 14, 2024/04/23, 22:32:29.162, 4765824462677, vstest.console.dll, InProgress is ChangeDoctorNameFail
TpTrace Verbose: 0 : 29160, 14, 2024/04/23, 22:32:29.163, 4765824463593, vstest.console.dll, MulticastDelegateUtilities.SafeInvoke: TestRun.RunStatsChanged: Invoking callbacks was skipped because there are no subscribers.
TpTrace Information: 0 : 29160, 14, 2024/04/23, 22:32:29.163, 4765824464027, vstest.console.dll, TestRunRequest:SendTestRunStatsChange: Completed.
TpTrace Verbose: 0 : 29160, 5, 2024/04/23, 22:32:29.163, 4765824464397, vstest.console.dll, MulticastDelegateUtilities.SafeInvoke: InternalTestLoggerEvents.SendTestResult: Invoking callback 1/1 for Microsoft.VisualStudio.TestPlatform.CommandLine.Internal.ConsoleLogger., took 0 ms.
TpTrace Verbose: 0 : 29160, 5, 2024/04/23, 22:32:29.163, 4765824465846, vstest.console.dll, MulticastDelegateUtilities.SafeInvoke: InternalTestLoggerEvents.SendTestResult: Invoking callback 1/1 for Microsoft.VisualStudio.TestPlatform.CommandLine.Internal.ConsoleLogger., took 0 ms.
TpTrace Verbose: 0 : 29160, 5, 2024/04/23, 22:32:29.163, 4765824466935, vstest.console.dll, MulticastDelegateUtilities.SafeInvoke: InternalTestLoggerEvents.SendTestResult: Invoking callback 1/1 for Microsoft.VisualStudio.TestPlatform.CommandLine.Internal.ConsoleLogger., took 0 ms.
TpTrace Verbose: 0 : 29160, 14, 2024/04/23, 22:32:29.163, 4765824464481, vstest.console.dll, MulticastDelegateUtilities.SafeInvoke: LengthPrefixCommunicationChannel: MessageReceived: Invoking callback 1/1 for Microsoft.VisualStudio.TestPlatform.CommunicationUtilities.TestRequestSender+<>c__DisplayClass34_0., took 2 ms.
TpTrace Verbose: 0 : 29160, 5, 2024/04/23, 22:32:29.163, 4765824467835, vstest.console.dll, MulticastDelegateUtilities.SafeInvoke: InternalTestLoggerEvents.SendTestResult: Invoking callback 1/1 for Microsoft.VisualStudio.TestPlatform.CommandLine.Internal.ConsoleLogger., took 0 ms.
TpTrace Verbose: 0 : 29160, 14, 2024/04/23, 22:32:29.163, 4765824468605, vstest.console.dll, TcpClientExtensions.MessageLoopAsync: Polling on remoteEndPoint: 127.0.0.1:51795 localEndPoint: 127.0.0.1:51794 after 3 ms
TpTrace Verbose: 0 : 29160, 5, 2024/04/23, 22:32:29.163, 4765824470065, vstest.console.dll, MulticastDelegateUtilities.SafeInvoke: InternalTestLoggerEvents.SendTestResult: Invoking callback 1/1 for Microsoft.VisualStudio.TestPlatform.CommandLine.Internal.ConsoleLogger., took 0 ms.
TpTrace Verbose: 0 : 29160, 14, 2024/04/23, 22:32:29.163, 4765824471054, vstest.console.dll, TcpClientExtensions.MessageLoopAsync: NotifyDataAvailable remoteEndPoint: 127.0.0.1:51795 localEndPoint: 127.0.0.1:51794
TpTrace Verbose: 0 : 29160, 5, 2024/04/23, 22:32:29.163, 4765824472459, vstest.console.dll, MulticastDelegateUtilities.SafeInvoke: InternalTestLoggerEvents.SendTestResult: Invoking callback 1/1 for Microsoft.VisualStudio.TestPlatform.CommandLine.Internal.ConsoleLogger., took 0 ms.
TpTrace Verbose: 0 : 29160, 14, 2024/04/23, 22:32:29.164, 4765824473816, vstest.console.dll, TestRequestSender.OnExecutionMessageReceived: Received message: {"Version":7,"MessageType":"TestSession.Message","Payload":{"MessageLevel":1,"Message":"Employee class default constructor\r\n"}}
TpTrace Verbose: 0 : 29160, 5, 2024/04/23, 22:32:29.164, 4765824474514, vstest.console.dll, MulticastDelegateUtilities.SafeInvoke: InternalTestLoggerEvents.SendTestResult: Invoking callback 1/1 for Microsoft.VisualStudio.TestPlatform.CommandLine.Internal.ConsoleLogger., took 0 ms.
TpTrace Verbose: 0 : 29160, 14, 2024/04/23, 22:32:29.164, 4765824475125, vstest.console.dll, TestRunRequest:SendTestRunMessage: Starting.
TpTrace Verbose: 0 : 29160, 5, 2024/04/23, 22:32:29.164, 4765824475582, vstest.console.dll, MulticastDelegateUtilities.SafeInvoke: InternalTestLoggerEvents.SendTestResult: Invoking callback 1/1 for Microsoft.VisualStudio.TestPlatform.CommandLine.Internal.ConsoleLogger., took 0 ms.
TpTrace Verbose: 0 : 29160, 14, 2024/04/23, 22:32:29.164, 4765824475957, vstest.console.dll, MulticastDelegateUtilities.SafeInvoke: TestRun.LogMessages: Invoking callback 1/1 for Microsoft.VisualStudio.TestPlatform.CommandLine.TestRunResultAggregator., took 0 ms.
TpTrace Verbose: 0 : 29160, 5, 2024/04/23, 22:32:29.164, 4765824476766, vstest.console.dll, MulticastDelegateUtilities.SafeInvoke: InternalTestLoggerEvents.SendTestResult: Invoking callback 1/1 for Microsoft.VisualStudio.TestPlatform.CommandLine.Internal.ConsoleLogger., took 0 ms.
TpTrace Information: 0 : 29160, 14, 2024/04/23, 22:32:29.164, 4765824477626, vstest.console.dll, TestRunRequest:SendTestRunMessage: Completed.
TpTrace Verbose: 0 : 29160, 14, 2024/04/23, 22:32:29.164, 4765824478351, vstest.console.dll, MulticastDelegateUtilities.SafeInvoke: LengthPrefixCommunicationChannel: MessageReceived: Invoking callback 1/1 for Microsoft.VisualStudio.TestPlatform.CommunicationUtilities.TestRequestSender+<>c__DisplayClass34_0., took 0 ms.
TpTrace Verbose: 0 : 29160, 5, 2024/04/23, 22:32:29.164, 4765824478658, vstest.console.dll, MulticastDelegateUtilities.SafeInvoke: InternalTestLoggerEvents.SendTestRunMessage: Invoking callback 1/1 for Microsoft.VisualStudio.TestPlatform.CommandLine.Internal.ConsoleLogger., took 0 ms.
TpTrace Verbose: 0 : 29160, 14, 2024/04/23, 22:32:29.164, 4765824479750, vstest.console.dll, TcpClientExtensions.MessageLoopAsync: Polling on remoteEndPoint: 127.0.0.1:51795 localEndPoint: 127.0.0.1:51794 after 0 ms
TpTrace Verbose: 0 : 29160, 14, 2024/04/23, 22:32:29.165, 4765824488506, vstest.console.dll, TcpClientExtensions.MessageLoopAsync: NotifyDataAvailable remoteEndPoint: 127.0.0.1:51795 localEndPoint: 127.0.0.1:51794
TpTrace Verbose: 0 : 29160, 14, 2024/04/23, 22:32:29.165, 4765824490268, vstest.console.dll, TestRequestSender.OnExecutionMessageReceived: Received message: {"Version":7,"MessageType":"TestSession.Message","Payload":{"MessageLevel":1,"Message":"Employee class default constructor\r\n"}}
TpTrace Verbose: 0 : 29160, 14, 2024/04/23, 22:32:29.165, 4765824491578, vstest.console.dll, TestRunRequest:SendTestRunMessage: Starting.
TpTrace Verbose: 0 : 29160, 14, 2024/04/23, 22:32:29.165, 4765824493057, vstest.console.dll, MulticastDelegateUtilities.SafeInvoke: TestRun.LogMessages: Invoking callback 1/1 for Microsoft.VisualStudio.TestPlatform.CommandLine.TestRunResultAggregator., took 0 ms.
TpTrace Information: 0 : 29160, 14, 2024/04/23, 22:32:29.166, 4765824493659, vstest.console.dll, TestRunRequest:SendTestRunMessage: Completed.
TpTrace Verbose: 0 : 29160, 5, 2024/04/23, 22:32:29.166, 4765824494185, vstest.console.dll, MulticastDelegateUtilities.SafeInvoke: InternalTestLoggerEvents.SendTestRunMessage: Invoking callback 1/1 for Microsoft.VisualStudio.TestPlatform.CommandLine.Internal.ConsoleLogger., took 0 ms.
TpTrace Verbose: 0 : 29160, 14, 2024/04/23, 22:32:29.166, 4765824494278, vstest.console.dll, MulticastDelegateUtilities.SafeInvoke: LengthPrefixCommunicationChannel: MessageReceived: Invoking callback 1/1 for Microsoft.VisualStudio.TestPlatform.CommunicationUtilities.TestRequestSender+<>c__DisplayClass34_0., took 0 ms.
TpTrace Verbose: 0 : 29160, 14, 2024/04/23, 22:32:29.166, 4765824496663, vstest.console.dll, TcpClientExtensions.MessageLoopAsync: Polling on remoteEndPoint: 127.0.0.1:51795 localEndPoint: 127.0.0.1:51794 after 1 ms
TpTrace Verbose: 0 : 29160, 14, 2024/04/23, 22:32:29.172, 4765824559593, vstest.console.dll, TcpClientExtensions.MessageLoopAsync: NotifyDataAvailable remoteEndPoint: 127.0.0.1:51795 localEndPoint: 127.0.0.1:51794
TpTrace Verbose: 0 : 29160, 14, 2024/04/23, 22:32:29.172, 4765824561673, vstest.console.dll, TestRequestSender.OnExecutionMessageReceived: Received message: {"Version":7,"MessageType":"TestSession.Message","Payload":{"MessageLevel":1,"Message":"Employee class default constructor\r\n"}}
TpTrace Verbose: 0 : 29160, 14, 2024/04/23, 22:32:29.173, 4765824563717, vstest.console.dll, TestRunRequest:SendTestRunMessage: Starting.
TpTrace Verbose: 0 : 29160, 14, 2024/04/23, 22:32:29.173, 4765824564498, vstest.console.dll, MulticastDelegateUtilities.SafeInvoke: TestRun.LogMessages: Invoking callback 1/1 for Microsoft.VisualStudio.TestPlatform.CommandLine.TestRunResultAggregator., took 0 ms.
TpTrace Information: 0 : 29160, 14, 2024/04/23, 22:32:29.173, 4765824564936, vstest.console.dll, TestRunRequest:SendTestRunMessage: Completed.
TpTrace Verbose: 0 : 29160, 14, 2024/04/23, 22:32:29.173, 4765824565373, vstest.console.dll, MulticastDelegateUtilities.SafeInvoke: LengthPrefixCommunicationChannel: MessageReceived: Invoking callback 1/1 for Microsoft.VisualStudio.TestPlatform.CommunicationUtilities.TestRequestSender+<>c__DisplayClass34_0., took 0 ms.
TpTrace Verbose: 0 : 29160, 14, 2024/04/23, 22:32:29.173, 4765824565831, vstest.console.dll, TcpClientExtensions.MessageLoopAsync: Polling on remoteEndPoint: 127.0.0.1:51795 localEndPoint: 127.0.0.1:51794 after 6 ms
TpTrace Verbose: 0 : 29160, 5, 2024/04/23, 22:32:29.173, 4765824566473, vstest.console.dll, MulticastDelegateUtilities.SafeInvoke: InternalTestLoggerEvents.SendTestRunMessage: Invoking callback 1/1 for Microsoft.VisualStudio.TestPlatform.CommandLine.Internal.ConsoleLogger., took 0 ms.
TpTrace Verbose: 0 : 29160, 14, 2024/04/23, 22:32:29.180, 4765824639763, vstest.console.dll, TcpClientExtensions.MessageLoopAsync: NotifyDataAvailable remoteEndPoint: 127.0.0.1:51795 localEndPoint: 127.0.0.1:51794
TpTrace Verbose: 0 : 29160, 14, 2024/04/23, 22:32:29.180, 4765824641953, vstest.console.dll, TestRequestSender.OnExecutionMessageReceived: Received message: {"Version":7,"MessageType":"TestSession.Message","Payload":{"MessageLevel":1,"Message":"Employee class default constructor\r\n"}}
TpTrace Verbose: 0 : 29160, 14, 2024/04/23, 22:32:29.181, 4765824644135, vstest.console.dll, TestRunRequest:SendTestRunMessage: Starting.
TpTrace Verbose: 0 : 29160, 14, 2024/04/23, 22:32:29.181, 4765824645077, vstest.console.dll, MulticastDelegateUtilities.SafeInvoke: TestRun.LogMessages: Invoking callback 1/1 for Microsoft.VisualStudio.TestPlatform.CommandLine.TestRunResultAggregator., took 0 ms.
TpTrace Information: 0 : 29160, 14, 2024/04/23, 22:32:29.181, 4765824646597, vstest.console.dll, TestRunRequest:SendTestRunMessage: Completed.
TpTrace Verbose: 0 : 29160, 5, 2024/04/23, 22:32:29.181, 4765824647158, vstest.console.dll, MulticastDelegateUtilities.SafeInvoke: InternalTestLoggerEvents.SendTestRunMessage: Invoking callback 1/1 for Microsoft.VisualStudio.TestPlatform.CommandLine.Internal.ConsoleLogger., took 0 ms.
TpTrace Verbose: 0 : 29160, 14, 2024/04/23, 22:32:29.181, 4765824647261, vstest.console.dll, MulticastDelegateUtilities.SafeInvoke: LengthPrefixCommunicationChannel: MessageReceived: Invoking callback 1/1 for Microsoft.VisualStudio.TestPlatform.CommunicationUtilities.TestRequestSender+<>c__DisplayClass34_0., took 0 ms.
TpTrace Verbose: 0 : 29160, 14, 2024/04/23, 22:32:29.181, 4765824648909, vstest.console.dll, TcpClientExtensions.MessageLoopAsync: Polling on remoteEndPoint: 127.0.0.1:51795 localEndPoint: 127.0.0.1:51794 after 8 ms
TpTrace Verbose: 0 : 29160, 14, 2024/04/23, 22:32:29.184, 4765824674483, vstest.console.dll, TcpClientExtensions.MessageLoopAsync: NotifyDataAvailable remoteEndPoint: 127.0.0.1:51795 localEndPoint: 127.0.0.1:51794
TpTrace Verbose: 0 : 29160, 14, 2024/04/23, 22:32:29.184, 4765824676231, vstest.console.dll, TestRequestSender.OnExecutionMessageReceived: Received message: {"Version":7,"MessageType":"TestSession.Message","Payload":{"MessageLevel":1,"Message":"Employee class default constructor\r\n"}}
TpTrace Verbose: 0 : 29160, 14, 2024/04/23, 22:32:29.184, 4765824677666, vstest.console.dll, TestRunRequest:SendTestRunMessage: Starting.
TpTrace Verbose: 0 : 29160, 14, 2024/04/23, 22:32:29.184, 4765824678471, vstest.console.dll, MulticastDelegateUtilities.SafeInvoke: TestRun.LogMessages: Invoking callback 1/1 for Microsoft.VisualStudio.TestPlatform.CommandLine.TestRunResultAggregator., took 0 ms.
TpTrace Information: 0 : 29160, 14, 2024/04/23, 22:32:29.184, 4765824679036, vstest.console.dll, TestRunRequest:SendTestRunMessage: Completed.
TpTrace Verbose: 0 : 29160, 5, 2024/04/23, 22:32:29.184, 4765824679444, vstest.console.dll, MulticastDelegateUtilities.SafeInvoke: InternalTestLoggerEvents.SendTestRunMessage: Invoking callback 1/1 for Microsoft.VisualStudio.TestPlatform.CommandLine.Internal.ConsoleLogger., took 0 ms.
TpTrace Verbose: 0 : 29160, 14, 2024/04/23, 22:32:29.184, 4765824679630, vstest.console.dll, MulticastDelegateUtilities.SafeInvoke: LengthPrefixCommunicationChannel: MessageReceived: Invoking callback 1/1 for Microsoft.VisualStudio.TestPlatform.CommunicationUtilities.TestRequestSender+<>c__DisplayClass34_0., took 0 ms.
TpTrace Verbose: 0 : 29160, 14, 2024/04/23, 22:32:29.184, 4765824680930, vstest.console.dll, TcpClientExtensions.MessageLoopAsync: Polling on remoteEndPoint: 127.0.0.1:51795 localEndPoint: 127.0.0.1:51794 after 3 ms
TpTrace Verbose: 0 : 29160, 14, 2024/04/23, 22:32:29.193, 4765824767021, vstest.console.dll, TcpClientExtensions.MessageLoopAsync: NotifyDataAvailable remoteEndPoint: 127.0.0.1:51795 localEndPoint: 127.0.0.1:51794
TpTrace Verbose: 0 : 29160, 14, 2024/04/23, 22:32:29.193, 4765824769676, vstest.console.dll, TestRequestSender.OnExecutionMessageReceived: Received message: {"Version":7,"MessageType":"TestSession.Message","Payload":{"MessageLevel":0,"Message":"NUnit Adapter 4.4.0.0: Test execution complete"}}
TpTrace Verbose: 0 : 29160, 14, 2024/04/23, 22:32:29.193, 4765824771961, vstest.console.dll, TestRunRequest:SendTestRunMessage: Starting.
TpTrace Verbose: 0 : 29160, 14, 2024/04/23, 22:32:29.194, 4765824773533, vstest.console.dll, MulticastDelegateUtilities.SafeInvoke: TestRun.LogMessages: Invoking callback 1/1 for Microsoft.VisualStudio.TestPlatform.CommandLine.TestRunResultAggregator., took 0 ms.
TpTrace Verbose: 0 : 29160, 5, 2024/04/23, 22:32:29.194, 4765824773647, vstest.console.dll, MulticastDelegateUtilities.SafeInvoke: InternalTestLoggerEvents.SendTestRunMessage: Invoking callback 1/1 for Microsoft.VisualStudio.TestPlatform.CommandLine.Internal.ConsoleLogger., took 0 ms.
TpTrace Information: 0 : 29160, 14, 2024/04/23, 22:32:29.194, 4765824774135, vstest.console.dll, TestRunRequest:SendTestRunMessage: Completed.
TpTrace Verbose: 0 : 29160, 14, 2024/04/23, 22:32:29.194, 4765824775847, vstest.console.dll, MulticastDelegateUtilities.SafeInvoke: LengthPrefixCommunicationChannel: MessageReceived: Invoking callback 1/1 for Microsoft.VisualStudio.TestPlatform.CommunicationUtilities.TestRequestSender+<>c__DisplayClass34_0., took 0 ms.
TpTrace Verbose: 0 : 29160, 14, 2024/04/23, 22:32:29.194, 4765824776401, vstest.console.dll, TcpClientExtensions.MessageLoopAsync: Polling on remoteEndPoint: 127.0.0.1:51795 localEndPoint: 127.0.0.1:51794 after 9 ms
TpTrace Verbose: 0 : 29160, 14, 2024/04/23, 22:32:29.217, 4765825005163, vstest.console.dll, TcpClientExtensions.MessageLoopAsync: NotifyDataAvailable remoteEndPoint: 127.0.0.1:51795 localEndPoint: 127.0.0.1:51794
TpTrace Verbose: 0 : 29160, 14, 2024/04/23, 22:32:29.217, 4765825008612, vstest.console.dll, TestRequestSender.OnExecutionMessageReceived: Received message: {"Version":7,"MessageType":"TestExecution.Completed","Payload":{"TestRunCompleteArgs":{"TestRunStatistics":{"ExecutedTests":25,"Stats":{"Passed":25}},"IsCanceled":false,"IsAborted":false,"Error":null,"AttachmentSets":[],"InvokedDataCollectors":[],"ElapsedTimeInRunningTests":"00:00:00.4827265","Metrics":{},"DiscoveredExtensions":{"TestDiscoverers":["NUnit.VisualStudio.TestAdapter.NUnit3TestDiscoverer, NUnit3.TestAdapter, Version=4.4.0.0, Culture=neutral, PublicKeyToken=4cb40d35494691ac"],"TestExecutors":["executor://NUnit3TestExecutor"],"TestExecutors2":[],"TestSettingsProviders":[]}},"LastRunTests":{"NewTestResults":[{"TestCase":{"Id":"bdbed19b-f6ec-92f8-6e28-2c837e9d7fc0","FullyQualifiedName":"ClinicAppointmentBLTest.Tests.ChangeDoctorNameFail","DisplayName":"ChangeDoctorNameFail","ExecutorUri":"executor://NUnit3TestExecutor","Source":"C:\\MyPersonalFiles\\GensparkTraining\\GitHub\\Day10\\ClinicAppointmentSolution\\ClinicAppointmentBLTest\\bin\\Debug\\net6.0\\fine-code-coverage\\build-output\\ClinicAppointmentBLTest.dll","CodeFilePath":null,"LineNumber":0,"Properties":[{"Key":{"Id":"NUnit.Seed","Label":"Seed","Category":"","Description":"","Attributes":0,"ValueType":"System.String"},"Value":"248062826"}]},"Attachments":[],"Outcome":1,"ErrorMessage":null,"ErrorStackTrace":null,"DisplayName":"ChangeDoctorNameFail","Messages":[{"Category":"StdOutMsgs","Text":"Employee class default constructor\r\n"}],"ComputerName":"4N8CBX3","Duration":"00:00:00.0003869","StartTime":"2024-04-23T17:02:29.0167044+00:00","EndTime":"2024-04-23T17:02:29.017091+00:00","Properties":[{"Key":{"Id":"NUnit.Seed","Label":"Seed","Category":"","Description":"","Attributes":0,"ValueType":"System.String"},"Value":"248062826"}]},{"TestCase":{"Id":"dc0b704e-8221-184e-5add-766dab82059a","FullyQualifiedName":"ClinicAppointmentBLTest.Tests.GetAllDoctors","DisplayName":"GetAllDoctors","ExecutorUri":"executor://NUnit3TestExecutor","Source":"C:\\MyPersonalFiles\\GensparkTraining\\GitHub\\Day10\\ClinicAppointmentSolution\\ClinicAppointmentBLTest\\bin\\Debug\\net6.0\\fine-code-coverage\\build-output\\ClinicAppointmentBLTest.dll","CodeFilePath":null,"LineNumber":0,"Properties":[{"Key":{"Id":"NUnit.Seed","Label":"Seed","Category":"","Description":"","Attributes":0,"ValueType":"System.String"},"Value":"1767471247"}]},"Attachments":[],"Outcome":1,"ErrorMessage":null,"ErrorStackTrace":null,"DisplayName":"GetAllDoctors","Messages":[{"Category":"StdOutMsgs","Text":"Employee class default constructor\r\n"}],"ComputerName":"4N8CBX3","Duration":"00:00:00.0003100","StartTime":"2024-04-23T17:02:29.0171052+00:00","EndTime":"2024-04-23T17:02:29.0174153+00:00","Properties":[{"Key":{"Id":"NUnit.Seed","Label":"Seed","Category":"","Description":"","Attributes":0,"ValueType":"System.String"},"Value":"1767471247"}]},{"TestCase":{"Id":"7e218c69-c613-4031-6a6c-4e3a33d6b436","FullyQualifiedName":"ClinicAppointmentBLTest.Tests.GetAllDoctorsFail","DisplayName":"GetAllDoctorsFail","ExecutorUri":"executor://NUnit3TestExecutor","Source":"C:\\MyPersonalFiles\\GensparkTraining\\GitHub\\Day10\\ClinicAppointmentSolution\\ClinicAppointmentBLTest\\bin\\Debug\\net6.0\\fine-code-coverage\\build-output\\ClinicAppointmentBLTest.dll","CodeFilePath":null,"LineNumber":0,"Properties":[{"Key":{"Id":"NUnit.Seed","Label":"Seed","Category":"","Description":"","Attributes":0,"ValueType":"System.String"},"Value":"922875778"}]},"Attachments":[],"Outcome":1,"ErrorMessage":null,"ErrorStackTrace":null,"DisplayName":"GetAllDoctorsFail","Messages":[],"ComputerName":"4N8CBX3","Duration":"00:00:00.0002230","StartTime":"2024-04-23T17:02:29.0174267+00:00","EndTime":"2024-04-23T17:02:29.0176495+00:00","Properties":[{"Key":{"Id":"NUnit.Seed","Label":"Seed","Category":"","Description":"","Attributes":0,"ValueType":"System.String"},"Value":"922875778"}]},{"TestCase":{"Id":"0cc77484-8bae-4232-d3b5-3b16a4cc997a","FullyQualifiedName":"ClinicAppointmentBLTest.Tests.GetDoctorById","DisplayName":"GetDoctorById","ExecutorUri":"executor://NUnit3TestExecutor","Source":"C:\\MyPersonalFiles\\GensparkTraining\\GitHub\\Day10\\ClinicAppointmentSolution\\ClinicAppointmentBLTest\\bin\\Debug\\net6.0\\fine-code-coverage\\build-output\\ClinicAppointmentBLTest.dll","CodeFilePath":null,"LineNumber":0,"Properties":[{"Key":{"Id":"NUnit.Seed","Label":"Seed","Category":"","Description":"","Attributes":0,"ValueType":"System.String"},"Value":"2034144731"}]},"Attachments":[],"Outcome":1,"ErrorMessage":null,"ErrorStackTrace":null,"DisplayName":"GetDoctorById","Messages":[{"Category":"StdOutMsgs","Text":"Employee class default constructor\r\n"}],"ComputerName":"4N8CBX3","Duration":"00:00:00.0003840","StartTime":"2024-04-23T17:02:29.0176604+00:00","EndTime":"2024-04-23T17:02:29.0180447+00:00","Properties":[{"Key":{"Id":"NUnit.Seed","Label":"Seed","Category":"","Description":"","Attributes":0,"ValueType":"System.String"},"Value":"2034144731"}]},{"TestCase":{"Id":"15f72953-5c4e-08b0-f5a3-3aca7a2e32ac","FullyQualifiedName":"ClinicAppointmentBLTest.Tests.GetDoctorByIdFail","DisplayName":"GetDoctorByIdFail","ExecutorUri":"executor://NUnit3TestExecutor","Source":"C:\\MyPersonalFiles\\GensparkTraining\\GitHub\\Day10\\ClinicAppointmentSolution\\ClinicAppointmentBLTest\\bin\\Debug\\net6.0\\fine-code-coverage\\build-output\\ClinicAppointmentBLTest.dll","CodeFilePath":null,"LineNumber":0,"Properties":[{"Key":{"Id":"NUnit.Seed","Label":"Seed","Category":"","Description":"","Attributes":0,"ValueType":"System.String"},"Value":"2054200611"}]},"Attachments":[],"Outcome":1,"ErrorMessage":null,"ErrorStackTrace":null,"DisplayName":"GetDoctorByIdFail","Messages":[],"ComputerName":"4N8CBX3","Duration":"00:00:00.0002360","StartTime":"2024-04-23T17:02:29.0180892+00:00","EndTime":"2024-04-23T17:02:29.0183251+00:00","Properties":[{"Key":{"Id":"NUnit.Seed","Label":"Seed","Category":"","Description":"","Attributes":0,"ValueType":"System.String"},"Value":"2054200611"}]},{"TestCase":{"Id":"42618d83-a8c8-d88c-9c96-8292f830a108","FullyQualifiedName":"ClinicAppointmentBLTest.Tests.GetDoctorByName","DisplayName":"GetDoctorByName","ExecutorUri":"executor://NUnit3TestExecutor","Source":"C:\\MyPersonalFiles\\GensparkTraining\\GitHub\\Day10\\ClinicAppointmentSolution\\ClinicAppointmentBLTest\\bin\\Debug\\net6.0\\fine-code-coverage\\build-output\\ClinicAppointmentBLTest.dll","CodeFilePath":null,"LineNumber":0,"Properties":[{"Key":{"Id":"NUnit.Seed","Label":"Seed","Category":"","Description":"","Attributes":0,"ValueType":"System.String"},"Value":"922857316"}]},"Attachments":[],"Outcome":1,"ErrorMessage":null,"ErrorStackTrace":null,"DisplayName":"GetDoctorByName","Messages":[{"Category":"StdOutMsgs","Text":"Employee class default constructor\r\n"}],"ComputerName":"4N8CBX3","Duration":"00:00:00.0001270","StartTime":"2024-04-23T17:02:29.0183353+00:00","EndTime":"2024-04-23T17:02:29.0184623+00:00","Properties":[{"Key":{"Id":"NUnit.Seed","Label":"Seed","Category":"","Description":"","Attributes":0,"ValueType":"System.String"},"Value":"922857316"}]},{"TestCase":{"Id":"4444cfab-7823-ef82-b5fe-290f0451b1c7","FullyQualifiedName":"ClinicAppointmentBLTest.Tests.GetDoctorByNameFail","DisplayName":"GetDoctorByNameFail","ExecutorUri":"executor://NUnit3TestExecutor","Source":"C:\\MyPersonalFiles\\GensparkTraining\\GitHub\\Day10\\ClinicAppointmentSolution\\ClinicAppointmentBLTest\\bin\\Debug\\net6.0\\fine-code-coverage\\build-output\\ClinicAppointmentBLTest.dll","CodeFilePath":null,"LineNumber":0,"Properties":[{"Key":{"Id":"NUnit.Seed","Label":"Seed","Category":"","Description":"","Attributes":0,"ValueType":"System.String"},"Value":"448444477"}]},"Attachments":[],"Outcome":1,"ErrorMessage":null,"ErrorStackTrace":null,"DisplayName":"GetDoctorByNameFail","Messages":[{"Category":"StdOutMsgs","Text":"Employee class default constructor\r\n"}],"ComputerName":"4N8CBX3","Duration":"00:00:00.0002330","StartTime":"2024-04-23T17:02:29.0184721+00:00","EndTime":"2024-04-23T17:02:29.0187045+00:00","Properties":[{"Key":{"Id":"NUnit.Seed","Label":"Seed","Category":"","Description":"","Attributes":0,"ValueType":"System.String"},"Value":"448444477"}]}],"TestRunStatistics":{"ExecutedTests":25,"Stats":{"Passed":25}},"ActiveTests":[]},"RunAttachments":[],"ExecutorUris":["executor://nunit3testexecutor/"]}}
TpTrace Verbose: 0 : 29160, 14, 2024/04/23, 22:32:29.217, 4765825010926, vstest.console.dll, TestRequestSender.EndSession: Sending end session.
TpTrace Verbose: 0 : 29160, 14, 2024/04/23, 22:32:29.217, 4765825012744, vstest.console.dll, ProxyOperationManager.Close: waiting for test host to exit for 100 ms
TpTrace Verbose: 0 : 29160, 8, 2024/04/23, 22:32:29.249, 4765825329267, vstest.console.dll, TestHostManagerCallbacks.ctor: Experimental forwarding output is disabled.
TpTrace Warning: 0 : 29160, 8, 2024/04/23, 22:32:29.249, 4765825330731, vstest.console.dll, TestHostManagerCallbacks.ErrorReceivedCallback Test host standard error line: 
TpTrace Verbose: 0 : 29160, 8, 2024/04/23, 22:32:29.256, 4765825395518, vstest.console.dll, TestHostProvider.ExitCallBack: Host exited starting callback.
TpTrace Information: 0 : 29160, 8, 2024/04/23, 22:32:29.256, 4765825398124, vstest.console.dll, TestHostManagerCallbacks.ExitCallBack: Testhost processId: 31124 exited with exitcode: 0 error: ''
TpTrace Verbose: 0 : 29160, 8, 2024/04/23, 22:32:29.256, 4765825398641, vstest.console.dll, DotnetTestHostManager.OnHostExited: invoking OnHostExited callback
TpTrace Verbose: 0 : 29160, 8, 2024/04/23, 22:32:29.256, 4765825399215, vstest.console.dll, CrossPlatEngine.TestHostManagerHostExited: calling on client process exit callback.
TpTrace Information: 0 : 29160, 8, 2024/04/23, 22:32:29.256, 4765825399777, vstest.console.dll, TestRequestSender.OnClientProcessExit: Test host process exited. Standard error: 
TpTrace Information: 0 : 29160, 8, 2024/04/23, 22:32:29.256, 4765825400210, vstest.console.dll, SocketServer.Stop: Stop server endPoint: 127.0.0.1:51794
TpTrace Information: 0 : 29160, 14, 2024/04/23, 22:32:29.256, 4765825400150, vstest.console.dll, SocketServer.Stop: Stop server endPoint: 127.0.0.1:51794
TpTrace Information: 0 : 29160, 8, 2024/04/23, 22:32:29.256, 4765825400546, vstest.console.dll, SocketServer.Stop: Cancellation requested. Stopping message loop.
TpTrace Information: 0 : 29160, 14, 2024/04/23, 22:32:29.256, 4765825401391, vstest.console.dll, SocketServer.Stop: Cancellation requested. Stopping message loop.
TpTrace Information: 0 : 29160, 14, 2024/04/23, 22:32:29.256, 4765825402366, vstest.console.dll, Closing the connection
TpTrace Verbose: 0 : 29160, 8, 2024/04/23, 22:32:29.256, 4765825402614, vstest.console.dll, MulticastDelegateUtilities.SafeInvoke: HostProviderEvents.OnHostExited: Invoking callback 1/1 for Microsoft.VisualStudio.TestPlatform.CrossPlatEngine.Client.ProxyOperationManager., took 0 ms.
TpTrace Verbose: 0 : 29160, 14, 2024/04/23, 22:32:29.257, 4765825404630, vstest.console.dll, ProxyDataCollectionManager.InvokeDataCollectionServiceAction: Starting.
TpTrace Information: 0 : 29160, 14, 2024/04/23, 22:32:29.257, 4765825405121, vstest.console.dll, ProxyDataCollectionManager.AfterTestRunEnd: Get attachment set and invoked data collectors processId: 8676 port: 51791
TpTrace Verbose: 0 : 29160, 14, 2024/04/23, 22:32:29.257, 4765825405526, vstest.console.dll, DataCollectionRequestSender.SendAfterTestRunStartAndGetResult: Send AfterTestRunEnd message with isCancelled: False
TpTrace Verbose: 0 : 29160, 14, 2024/04/23, 22:32:29.263, 4765825467141, vstest.console.dll, DataCollectionRequestSender.SendAfterTestRunStartAndGetResult: Received message: (DataCollection.AfterTestRunEndResult) -> {"MessageType":"DataCollection.AfterTestRunEndResult","Payload":{"AttachmentSets":[],"InvokedDataCollectors":[{"Uri":"datacollector://Microsoft/TestPlatform/Extensions/Blame/v1","FriendlyName":"Blame","AssemblyQualifiedName":"Microsoft.TestPlatform.Extensions.BlameDataCollector.BlameCollector, Microsoft.TestPlatform.Extensions.BlameDataCollector, Version=15.0.0.0, Culture=neutral, PublicKeyToken=b03f5f7f11d50a3a","FilePath":"C:\\Program Files\\dotnet\\sdk\\8.0.202\\Extensions\\Microsoft.TestPlatform.Extensions.BlameDataCollector.dll","HasAttachmentProcessor":false}],"Metrics":{}}}
TpTrace Warning: 0 : 29160, 11, 2024/04/23, 22:32:29.269, 4765825527600, vstest.console.dll, DataCollectionLauncher.ErrorReceivedCallback datacollector standard error line: 
TpTrace Information: 0 : 29160, 14, 2024/04/23, 22:32:29.269, 4765825532812, vstest.console.dll, ProxyDataCollectionManager.InvokeDataCollectionServiceAction: Completed.
TpTrace Information: 0 : 29160, 11, 2024/04/23, 22:32:29.276, 4765825600865, vstest.console.dll, DataCollectionLauncher.ExitCallBack: Data collector exited with exitcode: 0 error: ''
TpTrace Verbose: 0 : 29160, 14, 2024/04/23, 22:32:29.305, 4765825885784, vstest.console.dll, TestRunRequest:SendTestRunStatsChange: Starting.
TpTrace Verbose: 0 : 29160, 14, 2024/04/23, 22:32:29.305, 4765825887432, vstest.console.dll, MulticastDelegateUtilities.SafeInvoke: TestRun.RunStatsChanged: Invoking callbacks was skipped because there are no subscribers.
TpTrace Information: 0 : 29160, 14, 2024/04/23, 22:32:29.305, 4765825887747, vstest.console.dll, TestRunRequest:SendTestRunStatsChange: Completed.
TpTrace Verbose: 0 : 29160, 5, 2024/04/23, 22:32:29.305, 4765825888438, vstest.console.dll, MulticastDelegateUtilities.SafeInvoke: InternalTestLoggerEvents.SendTestResult: Invoking callback 1/1 for Microsoft.VisualStudio.TestPlatform.CommandLine.Internal.ConsoleLogger., took 0 ms.
TpTrace Verbose: 0 : 29160, 5, 2024/04/23, 22:32:29.305, 4765825889377, vstest.console.dll, MulticastDelegateUtilities.SafeInvoke: InternalTestLoggerEvents.SendTestResult: Invoking callback 1/1 for Microsoft.VisualStudio.TestPlatform.CommandLine.Internal.ConsoleLogger., took 0 ms.
TpTrace Verbose: 0 : 29160, 5, 2024/04/23, 22:32:29.305, 4765825889762, vstest.console.dll, MulticastDelegateUtilities.SafeInvoke: InternalTestLoggerEvents.SendTestResult: Invoking callback 1/1 for Microsoft.VisualStudio.TestPlatform.CommandLine.Internal.ConsoleLogger., took 0 ms.
TpTrace Verbose: 0 : 29160, 5, 2024/04/23, 22:32:29.305, 4765825890137, vstest.console.dll, MulticastDelegateUtilities.SafeInvoke: InternalTestLoggerEvents.SendTestResult: Invoking callback 1/1 for Microsoft.VisualStudio.TestPlatform.CommandLine.Internal.ConsoleLogger., took 0 ms.
TpTrace Verbose: 0 : 29160, 5, 2024/04/23, 22:32:29.305, 4765825890523, vstest.console.dll, MulticastDelegateUtilities.SafeInvoke: InternalTestLoggerEvents.SendTestResult: Invoking callback 1/1 for Microsoft.VisualStudio.TestPlatform.CommandLine.Internal.ConsoleLogger., took 0 ms.
TpTrace Verbose: 0 : 29160, 14, 2024/04/23, 22:32:29.305, 4765825890693, vstest.console.dll, ParallelProxyExecutionManager: HandlePartialRunComplete: Total workloads = 1, Total started clients = 1 Total completed clients = 1, Run complete = True, Run canceled: False.
TpTrace Verbose: 0 : 29160, 14, 2024/04/23, 22:32:29.305, 4765825891156, vstest.console.dll, ParallelProxyExecutionManager: HandlePartialRunComplete: All runs completed stopping all managers.
TpTrace Verbose: 0 : 29160, 14, 2024/04/23, 22:32:29.305, 4765825891932, vstest.console.dll, ParallelOperationManager.StopAllManagers: Stopping all managers.
TpTrace Verbose: 0 : 29160, 14, 2024/04/23, 22:32:29.305, 4765825892284, vstest.console.dll, ParallelOperationManager.ClearSlots: Clearing all slots. Slots should accept more work: False
TpTrace Verbose: 0 : 29160, 14, 2024/04/23, 22:32:29.306, 4765825893354, vstest.console.dll, ParallelOperationManager.SetOccupiedSlotCount: Setting slot counts AvailableSlotCount = 1, OccupiedSlotCount = 0.
TpTrace Verbose: 0 : 29160, 14, 2024/04/23, 22:32:29.306, 4765825893904, vstest.console.dll, Occupied slots:

TpTrace Verbose: 0 : 29160, 5, 2024/04/23, 22:32:29.306, 4765825899576, vstest.console.dll, MulticastDelegateUtilities.SafeInvoke: InternalTestLoggerEvents.SendTestResult: Invoking callback 1/1 for Microsoft.VisualStudio.TestPlatform.CommandLine.Internal.ConsoleLogger., took 0 ms.
TpTrace Verbose: 0 : 29160, 5, 2024/04/23, 22:32:29.306, 4765825900685, vstest.console.dll, MulticastDelegateUtilities.SafeInvoke: InternalTestLoggerEvents.SendTestResult: Invoking callback 1/1 for Microsoft.VisualStudio.TestPlatform.CommandLine.Internal.ConsoleLogger., took 0 ms.
TpTrace Verbose: 0 : 29160, 5, 2024/04/23, 22:32:29.312, 4765825960063, vstest.console.dll, MulticastDelegateUtilities.SafeInvoke: InternalTestLoggerEvents.SendTestRunComplete: Invoking callback 1/2 for Microsoft.TestPlatform.Extensions.BlameDataCollector.BlameLogger., took 0 ms.
TpTrace Verbose: 0 : 29160, 5, 2024/04/23, 22:32:29.317, 4765826005245, vstest.console.dll, MulticastDelegateUtilities.SafeInvoke: InternalTestLoggerEvents.SendTestRunComplete: Invoking callback 2/2 for Microsoft.VisualStudio.TestPlatform.CommandLine.Internal.ConsoleLogger., took 4 ms.
TpTrace Verbose: 0 : 29160, 14, 2024/04/23, 22:32:29.317, 4765826008242, vstest.console.dll, TestRunRequest:TestRunComplete: Starting. IsAborted:False IsCanceled:False.
TpTrace Verbose: 0 : 29160, 14, 2024/04/23, 22:32:29.317, 4765826009606, vstest.console.dll, ParallelOperationManager.DoActionOnAllManagers: Calling an action on all managers.
TpTrace Verbose: 0 : 29160, 14, 2024/04/23, 22:32:29.318, 4765826019393, vstest.console.dll, TestLoggerManager.HandleTestRunComplete: Ignoring as the object is disposed.
TpTrace Verbose: 0 : 29160, 14, 2024/04/23, 22:32:29.318, 4765826021567, vstest.console.dll, MulticastDelegateUtilities.SafeInvoke: TestRun.TestRunComplete: Invoking callback 1/2 for Microsoft.VisualStudio.TestPlatform.CommandLine.TestRunResultAggregator., took 0 ms.
TpTrace Verbose: 0 : 29160, 14, 2024/04/23, 22:32:29.318, 4765826022701, vstest.console.dll, MulticastDelegateUtilities.SafeInvoke: TestRun.TestRunComplete: Invoking callback 2/2 for Microsoft.VisualStudio.TestPlatform.CommandLine.Processors.RunTestsArgumentExecutor+TestRunRequestEventsRegistrar., took 0 ms.
TpTrace Information: 0 : 29160, 14, 2024/04/23, 22:32:29.319, 4765826023559, vstest.console.dll, TestRunRequest:TestRunComplete: Completed.
TpTrace Verbose: 0 : 29160, 14, 2024/04/23, 22:32:29.319, 4765826023921, vstest.console.dll, TestRequestSender.SetOperationComplete: Setting operation complete.
TpTrace Information: 0 : 29160, 14, 2024/04/23, 22:32:29.319, 4765826024192, vstest.console.dll, SocketServer.Stop: Stop server endPoint: 127.0.0.1:51794
TpTrace Information: 0 : 29160, 14, 2024/04/23, 22:32:29.319, 4765826024479, vstest.console.dll, SocketServer.Stop: Cancellation requested. Stopping message loop.
TpTrace Verbose: 0 : 29160, 14, 2024/04/23, 22:32:29.319, 4765826024805, vstest.console.dll, MulticastDelegateUtilities.SafeInvoke: LengthPrefixCommunicationChannel: MessageReceived: Invoking callback 1/1 for Microsoft.VisualStudio.TestPlatform.CommunicationUtilities.TestRequestSender+<>c__DisplayClass34_0., took 101 ms.
TpTrace Verbose: 0 : 29160, 1, 2024/04/23, 22:32:29.319, 4765826024743, vstest.console.dll, TestRunRequest.Dispose: Starting.
TpTrace Information: 0 : 29160, 14, 2024/04/23, 22:32:29.319, 4765826025190, vstest.console.dll, SocketServer.PrivateStop: Stopping server endPoint: 127.0.0.1:51794 error: 
TpTrace Information: 0 : 29160, 1, 2024/04/23, 22:32:29.319, 4765826025737, vstest.console.dll, TestRunRequest.Dispose: Completed.
TpTrace Information: 0 : 29160, 1, 2024/04/23, 22:32:29.319, 4765826026337, vstest.console.dll, TestRequestManager.RunTests: run tests completed.
TpTrace Information: 0 : 29160, 1, 2024/04/23, 22:32:29.319, 4765826027642, vstest.console.dll, RunTestsArgumentProcessor:Execute: Test run is completed.
TpTrace Verbose: 0 : 29160, 14, 2024/04/23, 22:32:29.319, 4765826029752, vstest.console.dll, LengthPrefixCommunicationChannel.Dispose: Dispose reader and writer.
TpTrace Verbose: 0 : 29160, 1, 2024/04/23, 22:32:29.319, 4765826029950, vstest.console.dll, Executor.Execute: Exiting with exit code of 0
TpTrace Information: 0 : 29160, 14, 2024/04/23, 22:32:29.319, 4765826030510, vstest.console.dll, SocketServer.Stop: Raise disconnected event endPoint: 127.0.0.1:51794 error: 
TpTrace Verbose: 0 : 29160, 14, 2024/04/23, 22:32:29.319, 4765826031281, vstest.console.dll, TestRequestSender: OnTestRunAbort: Operation is already complete. Skip error message.
TpTrace Verbose: 0 : 29160, 14, 2024/04/23, 22:32:29.319, 4765826031656, vstest.console.dll, MulticastDelegateUtilities.SafeInvoke: SocketServer: ClientDisconnected: Invoking callback 1/1 for Microsoft.VisualStudio.TestPlatform.CommunicationUtilities.TestRequestSender., took 0 ms.
TpTrace Verbose: 0 : 29160, 14, 2024/04/23, 22:32:29.319, 4765826031934, vstest.console.dll, TcpClientExtensions.MessageLoopAsync: exiting MessageLoopAsync remoteEndPoint: 127.0.0.1:51795 localEndPoint: 127.0.0.1:51794
